[2023-08-10T10:54:18.904+0000] {processor.py:157} INFO - Started process (PID=39) to work on /home/airflow/.local/lib/python3.7/site-packages/airflow/example_dags/example_sensor_decorator.py
[2023-08-10T10:54:18.905+0000] {processor.py:826} INFO - Processing file /home/airflow/.local/lib/python3.7/site-packages/airflow/example_dags/example_sensor_decorator.py for tasks to queue
[2023-08-10T10:54:18.906+0000] {logging_mixin.py:150} INFO - [2023-08-10T10:54:18.906+0000] {dagbag.py:541} INFO - Filling up the DagBag from /home/airflow/.local/lib/python3.7/site-packages/airflow/example_dags/example_sensor_decorator.py
[2023-08-10T10:54:18.912+0000] {processor.py:836} INFO - DAG(s) dict_keys(['example_sensor_decorator']) retrieved from /home/airflow/.local/lib/python3.7/site-packages/airflow/example_dags/example_sensor_decorator.py
[2023-08-10T10:54:18.973+0000] {logging_mixin.py:150} INFO - [2023-08-10T10:54:18.973+0000] {manager.py:504} INFO - Created Permission View: can delete on DAG:example_sensor_decorator
[2023-08-10T10:54:18.982+0000] {logging_mixin.py:150} INFO - [2023-08-10T10:54:18.982+0000] {manager.py:504} INFO - Created Permission View: can edit on DAG:example_sensor_decorator
[2023-08-10T10:54:18.986+0000] {logging_mixin.py:150} INFO - [2023-08-10T10:54:18.986+0000] {manager.py:504} INFO - Created Permission View: can read on DAG:example_sensor_decorator
[2023-08-10T10:54:18.995+0000] {logging_mixin.py:150} INFO - [2023-08-10T10:54:18.995+0000] {dag.py:2742} INFO - Sync 1 DAGs
[2023-08-10T10:54:19.003+0000] {logging_mixin.py:150} INFO - [2023-08-10T10:54:19.003+0000] {dag.py:2763} INFO - Creating ORM DAG for example_sensor_decorator
[2023-08-10T10:54:19.009+0000] {logging_mixin.py:150} INFO - [2023-08-10T10:54:19.009+0000] {dag.py:3508} INFO - Setting next_dagrun for example_sensor_decorator to None, run_after=None
[2023-08-10T10:54:19.019+0000] {processor.py:179} INFO - Processing /home/airflow/.local/lib/python3.7/site-packages/airflow/example_dags/example_sensor_decorator.py took 0.117 seconds
[2023-08-10T10:54:49.044+0000] {processor.py:157} INFO - Started process (PID=98) to work on /home/airflow/.local/lib/python3.7/site-packages/airflow/example_dags/example_sensor_decorator.py
[2023-08-10T10:54:49.045+0000] {processor.py:826} INFO - Processing file /home/airflow/.local/lib/python3.7/site-packages/airflow/example_dags/example_sensor_decorator.py for tasks to queue
[2023-08-10T10:54:49.045+0000] {logging_mixin.py:150} INFO - [2023-08-10T10:54:49.045+0000] {dagbag.py:541} INFO - Filling up the DagBag from /home/airflow/.local/lib/python3.7/site-packages/airflow/example_dags/example_sensor_decorator.py
[2023-08-10T10:54:49.050+0000] {processor.py:836} INFO - DAG(s) dict_keys(['example_sensor_decorator']) retrieved from /home/airflow/.local/lib/python3.7/site-packages/airflow/example_dags/example_sensor_decorator.py
[2023-08-10T10:54:49.066+0000] {logging_mixin.py:150} INFO - [2023-08-10T10:54:49.066+0000] {dag.py:2742} INFO - Sync 1 DAGs
[2023-08-10T10:54:49.079+0000] {logging_mixin.py:150} INFO - [2023-08-10T10:54:49.079+0000] {dag.py:3508} INFO - Setting next_dagrun for example_sensor_decorator to None, run_after=None
[2023-08-10T10:54:49.089+0000] {processor.py:179} INFO - Processing /home/airflow/.local/lib/python3.7/site-packages/airflow/example_dags/example_sensor_decorator.py took 0.048 seconds
[2023-08-10T10:57:14.436+0000] {processor.py:157} INFO - Started process (PID=38) to work on /home/airflow/.local/lib/python3.7/site-packages/airflow/example_dags/example_sensor_decorator.py
[2023-08-10T10:57:14.436+0000] {processor.py:826} INFO - Processing file /home/airflow/.local/lib/python3.7/site-packages/airflow/example_dags/example_sensor_decorator.py for tasks to queue
[2023-08-10T10:57:14.437+0000] {logging_mixin.py:150} INFO - [2023-08-10T10:57:14.437+0000] {dagbag.py:541} INFO - Filling up the DagBag from /home/airflow/.local/lib/python3.7/site-packages/airflow/example_dags/example_sensor_decorator.py
[2023-08-10T10:57:14.443+0000] {processor.py:836} INFO - DAG(s) dict_keys(['example_sensor_decorator']) retrieved from /home/airflow/.local/lib/python3.7/site-packages/airflow/example_dags/example_sensor_decorator.py
[2023-08-10T10:57:14.454+0000] {logging_mixin.py:150} INFO - [2023-08-10T10:57:14.454+0000] {dag.py:2742} INFO - Sync 1 DAGs
[2023-08-10T10:57:14.467+0000] {logging_mixin.py:150} INFO - [2023-08-10T10:57:14.467+0000] {dag.py:3508} INFO - Setting next_dagrun for example_sensor_decorator to None, run_after=None
[2023-08-10T10:57:14.477+0000] {processor.py:179} INFO - Processing /home/airflow/.local/lib/python3.7/site-packages/airflow/example_dags/example_sensor_decorator.py took 0.044 seconds
[2023-08-10T10:57:44.989+0000] {processor.py:157} INFO - Started process (PID=97) to work on /home/airflow/.local/lib/python3.7/site-packages/airflow/example_dags/example_sensor_decorator.py
[2023-08-10T10:57:44.990+0000] {processor.py:826} INFO - Processing file /home/airflow/.local/lib/python3.7/site-packages/airflow/example_dags/example_sensor_decorator.py for tasks to queue
[2023-08-10T10:57:44.991+0000] {logging_mixin.py:150} INFO - [2023-08-10T10:57:44.991+0000] {dagbag.py:541} INFO - Filling up the DagBag from /home/airflow/.local/lib/python3.7/site-packages/airflow/example_dags/example_sensor_decorator.py
[2023-08-10T10:57:44.996+0000] {processor.py:836} INFO - DAG(s) dict_keys(['example_sensor_decorator']) retrieved from /home/airflow/.local/lib/python3.7/site-packages/airflow/example_dags/example_sensor_decorator.py
[2023-08-10T10:57:45.014+0000] {logging_mixin.py:150} INFO - [2023-08-10T10:57:45.014+0000] {dag.py:2742} INFO - Sync 1 DAGs
[2023-08-10T10:57:45.029+0000] {logging_mixin.py:150} INFO - [2023-08-10T10:57:45.029+0000] {dag.py:3508} INFO - Setting next_dagrun for example_sensor_decorator to None, run_after=None
[2023-08-10T10:57:45.040+0000] {processor.py:179} INFO - Processing /home/airflow/.local/lib/python3.7/site-packages/airflow/example_dags/example_sensor_decorator.py took 0.054 seconds
[2023-08-10T11:02:14.395+0000] {processor.py:157} INFO - Started process (PID=39) to work on /home/airflow/.local/lib/python3.7/site-packages/airflow/example_dags/example_sensor_decorator.py
[2023-08-10T11:02:14.395+0000] {processor.py:826} INFO - Processing file /home/airflow/.local/lib/python3.7/site-packages/airflow/example_dags/example_sensor_decorator.py for tasks to queue
[2023-08-10T11:02:14.396+0000] {logging_mixin.py:150} INFO - [2023-08-10T11:02:14.396+0000] {dagbag.py:541} INFO - Filling up the DagBag from /home/airflow/.local/lib/python3.7/site-packages/airflow/example_dags/example_sensor_decorator.py
[2023-08-10T11:02:14.403+0000] {processor.py:836} INFO - DAG(s) dict_keys(['example_sensor_decorator']) retrieved from /home/airflow/.local/lib/python3.7/site-packages/airflow/example_dags/example_sensor_decorator.py
[2023-08-10T11:02:14.415+0000] {logging_mixin.py:150} INFO - [2023-08-10T11:02:14.415+0000] {dag.py:2742} INFO - Sync 1 DAGs
[2023-08-10T11:02:14.433+0000] {logging_mixin.py:150} INFO - [2023-08-10T11:02:14.433+0000] {dag.py:3508} INFO - Setting next_dagrun for example_sensor_decorator to None, run_after=None
[2023-08-10T11:02:14.443+0000] {processor.py:179} INFO - Processing /home/airflow/.local/lib/python3.7/site-packages/airflow/example_dags/example_sensor_decorator.py took 0.051 seconds
[2023-08-10T11:02:45.169+0000] {processor.py:157} INFO - Started process (PID=98) to work on /home/airflow/.local/lib/python3.7/site-packages/airflow/example_dags/example_sensor_decorator.py
[2023-08-10T11:02:45.170+0000] {processor.py:826} INFO - Processing file /home/airflow/.local/lib/python3.7/site-packages/airflow/example_dags/example_sensor_decorator.py for tasks to queue
[2023-08-10T11:02:45.170+0000] {logging_mixin.py:150} INFO - [2023-08-10T11:02:45.170+0000] {dagbag.py:541} INFO - Filling up the DagBag from /home/airflow/.local/lib/python3.7/site-packages/airflow/example_dags/example_sensor_decorator.py
[2023-08-10T11:02:45.175+0000] {processor.py:836} INFO - DAG(s) dict_keys(['example_sensor_decorator']) retrieved from /home/airflow/.local/lib/python3.7/site-packages/airflow/example_dags/example_sensor_decorator.py
[2023-08-10T11:02:45.192+0000] {logging_mixin.py:150} INFO - [2023-08-10T11:02:45.192+0000] {dag.py:2742} INFO - Sync 1 DAGs
[2023-08-10T11:02:45.207+0000] {logging_mixin.py:150} INFO - [2023-08-10T11:02:45.207+0000] {dag.py:3508} INFO - Setting next_dagrun for example_sensor_decorator to None, run_after=None
[2023-08-10T11:02:45.217+0000] {processor.py:179} INFO - Processing /home/airflow/.local/lib/python3.7/site-packages/airflow/example_dags/example_sensor_decorator.py took 0.051 seconds
[2023-08-10T11:03:15.432+0000] {processor.py:157} INFO - Started process (PID=157) to work on /home/airflow/.local/lib/python3.7/site-packages/airflow/example_dags/example_sensor_decorator.py
[2023-08-10T11:03:15.433+0000] {processor.py:826} INFO - Processing file /home/airflow/.local/lib/python3.7/site-packages/airflow/example_dags/example_sensor_decorator.py for tasks to queue
[2023-08-10T11:03:15.434+0000] {logging_mixin.py:150} INFO - [2023-08-10T11:03:15.433+0000] {dagbag.py:541} INFO - Filling up the DagBag from /home/airflow/.local/lib/python3.7/site-packages/airflow/example_dags/example_sensor_decorator.py
[2023-08-10T11:03:15.438+0000] {processor.py:836} INFO - DAG(s) dict_keys(['example_sensor_decorator']) retrieved from /home/airflow/.local/lib/python3.7/site-packages/airflow/example_dags/example_sensor_decorator.py
[2023-08-10T11:03:15.456+0000] {logging_mixin.py:150} INFO - [2023-08-10T11:03:15.456+0000] {dag.py:2742} INFO - Sync 1 DAGs
[2023-08-10T11:03:15.470+0000] {logging_mixin.py:150} INFO - [2023-08-10T11:03:15.470+0000] {dag.py:3508} INFO - Setting next_dagrun for example_sensor_decorator to None, run_after=None
[2023-08-10T11:03:15.480+0000] {processor.py:179} INFO - Processing /home/airflow/.local/lib/python3.7/site-packages/airflow/example_dags/example_sensor_decorator.py took 0.050 seconds
[2023-08-10T11:03:45.614+0000] {processor.py:157} INFO - Started process (PID=216) to work on /home/airflow/.local/lib/python3.7/site-packages/airflow/example_dags/example_sensor_decorator.py
[2023-08-10T11:03:45.615+0000] {processor.py:826} INFO - Processing file /home/airflow/.local/lib/python3.7/site-packages/airflow/example_dags/example_sensor_decorator.py for tasks to queue
[2023-08-10T11:03:45.616+0000] {logging_mixin.py:150} INFO - [2023-08-10T11:03:45.616+0000] {dagbag.py:541} INFO - Filling up the DagBag from /home/airflow/.local/lib/python3.7/site-packages/airflow/example_dags/example_sensor_decorator.py
[2023-08-10T11:03:45.621+0000] {processor.py:836} INFO - DAG(s) dict_keys(['example_sensor_decorator']) retrieved from /home/airflow/.local/lib/python3.7/site-packages/airflow/example_dags/example_sensor_decorator.py
[2023-08-10T11:03:45.638+0000] {logging_mixin.py:150} INFO - [2023-08-10T11:03:45.638+0000] {dag.py:2742} INFO - Sync 1 DAGs
[2023-08-10T11:03:45.652+0000] {logging_mixin.py:150} INFO - [2023-08-10T11:03:45.652+0000] {dag.py:3508} INFO - Setting next_dagrun for example_sensor_decorator to None, run_after=None
[2023-08-10T11:03:45.661+0000] {processor.py:179} INFO - Processing /home/airflow/.local/lib/python3.7/site-packages/airflow/example_dags/example_sensor_decorator.py took 0.050 seconds
[2023-08-10T11:04:15.698+0000] {processor.py:157} INFO - Started process (PID=275) to work on /home/airflow/.local/lib/python3.7/site-packages/airflow/example_dags/example_sensor_decorator.py
[2023-08-10T11:04:15.698+0000] {processor.py:826} INFO - Processing file /home/airflow/.local/lib/python3.7/site-packages/airflow/example_dags/example_sensor_decorator.py for tasks to queue
[2023-08-10T11:04:15.699+0000] {logging_mixin.py:150} INFO - [2023-08-10T11:04:15.699+0000] {dagbag.py:541} INFO - Filling up the DagBag from /home/airflow/.local/lib/python3.7/site-packages/airflow/example_dags/example_sensor_decorator.py
[2023-08-10T11:04:15.703+0000] {processor.py:836} INFO - DAG(s) dict_keys(['example_sensor_decorator']) retrieved from /home/airflow/.local/lib/python3.7/site-packages/airflow/example_dags/example_sensor_decorator.py
[2023-08-10T11:04:15.720+0000] {logging_mixin.py:150} INFO - [2023-08-10T11:04:15.720+0000] {dag.py:2742} INFO - Sync 1 DAGs
[2023-08-10T11:04:15.734+0000] {logging_mixin.py:150} INFO - [2023-08-10T11:04:15.734+0000] {dag.py:3508} INFO - Setting next_dagrun for example_sensor_decorator to None, run_after=None
[2023-08-10T11:04:15.744+0000] {processor.py:179} INFO - Processing /home/airflow/.local/lib/python3.7/site-packages/airflow/example_dags/example_sensor_decorator.py took 0.048 seconds
[2023-08-10T11:04:45.866+0000] {processor.py:157} INFO - Started process (PID=334) to work on /home/airflow/.local/lib/python3.7/site-packages/airflow/example_dags/example_sensor_decorator.py
[2023-08-10T11:04:45.867+0000] {processor.py:826} INFO - Processing file /home/airflow/.local/lib/python3.7/site-packages/airflow/example_dags/example_sensor_decorator.py for tasks to queue
[2023-08-10T11:04:45.868+0000] {logging_mixin.py:150} INFO - [2023-08-10T11:04:45.868+0000] {dagbag.py:541} INFO - Filling up the DagBag from /home/airflow/.local/lib/python3.7/site-packages/airflow/example_dags/example_sensor_decorator.py
[2023-08-10T11:04:45.873+0000] {processor.py:836} INFO - DAG(s) dict_keys(['example_sensor_decorator']) retrieved from /home/airflow/.local/lib/python3.7/site-packages/airflow/example_dags/example_sensor_decorator.py
[2023-08-10T11:04:45.891+0000] {logging_mixin.py:150} INFO - [2023-08-10T11:04:45.891+0000] {dag.py:2742} INFO - Sync 1 DAGs
[2023-08-10T11:04:45.904+0000] {logging_mixin.py:150} INFO - [2023-08-10T11:04:45.904+0000] {dag.py:3508} INFO - Setting next_dagrun for example_sensor_decorator to None, run_after=None
[2023-08-10T11:04:45.916+0000] {processor.py:179} INFO - Processing /home/airflow/.local/lib/python3.7/site-packages/airflow/example_dags/example_sensor_decorator.py took 0.052 seconds
