[2023-08-10T10:54:21.293+0000] {processor.py:157} INFO - Started process (PID=60) to work on /home/airflow/.local/lib/python3.7/site-packages/airflow/example_dags/example_bash_operator.py
[2023-08-10T10:54:21.295+0000] {processor.py:826} INFO - Processing file /home/airflow/.local/lib/python3.7/site-packages/airflow/example_dags/example_bash_operator.py for tasks to queue
[2023-08-10T10:54:21.297+0000] {logging_mixin.py:150} INFO - [2023-08-10T10:54:21.296+0000] {dagbag.py:541} INFO - Filling up the DagBag from /home/airflow/.local/lib/python3.7/site-packages/airflow/example_dags/example_bash_operator.py
[2023-08-10T10:54:21.315+0000] {processor.py:836} INFO - DAG(s) dict_keys(['example_bash_operator']) retrieved from /home/airflow/.local/lib/python3.7/site-packages/airflow/example_dags/example_bash_operator.py
[2023-08-10T10:54:21.430+0000] {logging_mixin.py:150} INFO - [2023-08-10T10:54:21.430+0000] {manager.py:504} INFO - Created Permission View: can delete on DAG:example_bash_operator
[2023-08-10T10:54:21.438+0000] {logging_mixin.py:150} INFO - [2023-08-10T10:54:21.438+0000] {manager.py:504} INFO - Created Permission View: can edit on DAG:example_bash_operator
[2023-08-10T10:54:21.445+0000] {logging_mixin.py:150} INFO - [2023-08-10T10:54:21.444+0000] {manager.py:504} INFO - Created Permission View: can read on DAG:example_bash_operator
[2023-08-10T10:54:21.460+0000] {logging_mixin.py:150} INFO - [2023-08-10T10:54:21.459+0000] {dag.py:2742} INFO - Sync 1 DAGs
[2023-08-10T10:54:21.471+0000] {logging_mixin.py:150} INFO - [2023-08-10T10:54:21.471+0000] {dag.py:2763} INFO - Creating ORM DAG for example_bash_operator
[2023-08-10T10:54:21.483+0000] {logging_mixin.py:150} INFO - [2023-08-10T10:54:21.483+0000] {dag.py:3508} INFO - Setting next_dagrun for example_bash_operator to 2023-08-09T00:00:00+00:00, run_after=2023-08-10T00:00:00+00:00
[2023-08-10T10:54:21.508+0000] {processor.py:179} INFO - Processing /home/airflow/.local/lib/python3.7/site-packages/airflow/example_dags/example_bash_operator.py took 0.218 seconds
[2023-08-10T10:54:52.003+0000] {processor.py:157} INFO - Started process (PID=119) to work on /home/airflow/.local/lib/python3.7/site-packages/airflow/example_dags/example_bash_operator.py
[2023-08-10T10:54:52.004+0000] {processor.py:826} INFO - Processing file /home/airflow/.local/lib/python3.7/site-packages/airflow/example_dags/example_bash_operator.py for tasks to queue
[2023-08-10T10:54:52.005+0000] {logging_mixin.py:150} INFO - [2023-08-10T10:54:52.004+0000] {dagbag.py:541} INFO - Filling up the DagBag from /home/airflow/.local/lib/python3.7/site-packages/airflow/example_dags/example_bash_operator.py
[2023-08-10T10:54:52.014+0000] {processor.py:836} INFO - DAG(s) dict_keys(['example_bash_operator']) retrieved from /home/airflow/.local/lib/python3.7/site-packages/airflow/example_dags/example_bash_operator.py
[2023-08-10T10:54:52.035+0000] {logging_mixin.py:150} INFO - [2023-08-10T10:54:52.035+0000] {dag.py:2742} INFO - Sync 1 DAGs
[2023-08-10T10:54:52.050+0000] {logging_mixin.py:150} INFO - [2023-08-10T10:54:52.050+0000] {dag.py:3508} INFO - Setting next_dagrun for example_bash_operator to 2023-08-09T00:00:00+00:00, run_after=2023-08-10T00:00:00+00:00
[2023-08-10T10:54:52.060+0000] {processor.py:179} INFO - Processing /home/airflow/.local/lib/python3.7/site-packages/airflow/example_dags/example_bash_operator.py took 0.060 seconds
[2023-08-10T10:57:15.881+0000] {processor.py:157} INFO - Started process (PID=59) to work on /home/airflow/.local/lib/python3.7/site-packages/airflow/example_dags/example_bash_operator.py
[2023-08-10T10:57:15.882+0000] {processor.py:826} INFO - Processing file /home/airflow/.local/lib/python3.7/site-packages/airflow/example_dags/example_bash_operator.py for tasks to queue
[2023-08-10T10:57:15.885+0000] {logging_mixin.py:150} INFO - [2023-08-10T10:57:15.884+0000] {dagbag.py:541} INFO - Filling up the DagBag from /home/airflow/.local/lib/python3.7/site-packages/airflow/example_dags/example_bash_operator.py
[2023-08-10T10:57:15.895+0000] {processor.py:836} INFO - DAG(s) dict_keys(['example_bash_operator']) retrieved from /home/airflow/.local/lib/python3.7/site-packages/airflow/example_dags/example_bash_operator.py
[2023-08-10T10:57:15.907+0000] {logging_mixin.py:150} INFO - [2023-08-10T10:57:15.906+0000] {dag.py:2742} INFO - Sync 1 DAGs
[2023-08-10T10:57:15.925+0000] {logging_mixin.py:150} INFO - [2023-08-10T10:57:15.925+0000] {dag.py:3508} INFO - Setting next_dagrun for example_bash_operator to 2023-08-09T00:00:00+00:00, run_after=2023-08-10T00:00:00+00:00
[2023-08-10T10:57:15.936+0000] {processor.py:179} INFO - Processing /home/airflow/.local/lib/python3.7/site-packages/airflow/example_dags/example_bash_operator.py took 0.057 seconds
[2023-08-10T10:57:46.986+0000] {processor.py:157} INFO - Started process (PID=118) to work on /home/airflow/.local/lib/python3.7/site-packages/airflow/example_dags/example_bash_operator.py
[2023-08-10T10:57:46.987+0000] {processor.py:826} INFO - Processing file /home/airflow/.local/lib/python3.7/site-packages/airflow/example_dags/example_bash_operator.py for tasks to queue
[2023-08-10T10:57:46.988+0000] {logging_mixin.py:150} INFO - [2023-08-10T10:57:46.988+0000] {dagbag.py:541} INFO - Filling up the DagBag from /home/airflow/.local/lib/python3.7/site-packages/airflow/example_dags/example_bash_operator.py
[2023-08-10T10:57:46.997+0000] {processor.py:836} INFO - DAG(s) dict_keys(['example_bash_operator']) retrieved from /home/airflow/.local/lib/python3.7/site-packages/airflow/example_dags/example_bash_operator.py
[2023-08-10T10:57:47.019+0000] {logging_mixin.py:150} INFO - [2023-08-10T10:57:47.019+0000] {dag.py:2742} INFO - Sync 1 DAGs
[2023-08-10T10:57:47.034+0000] {logging_mixin.py:150} INFO - [2023-08-10T10:57:47.034+0000] {dag.py:3508} INFO - Setting next_dagrun for example_bash_operator to 2023-08-09T00:00:00+00:00, run_after=2023-08-10T00:00:00+00:00
[2023-08-10T10:57:47.044+0000] {processor.py:179} INFO - Processing /home/airflow/.local/lib/python3.7/site-packages/airflow/example_dags/example_bash_operator.py took 0.059 seconds
[2023-08-10T11:02:15.841+0000] {processor.py:157} INFO - Started process (PID=60) to work on /home/airflow/.local/lib/python3.7/site-packages/airflow/example_dags/example_bash_operator.py
[2023-08-10T11:02:15.842+0000] {processor.py:826} INFO - Processing file /home/airflow/.local/lib/python3.7/site-packages/airflow/example_dags/example_bash_operator.py for tasks to queue
[2023-08-10T11:02:15.844+0000] {logging_mixin.py:150} INFO - [2023-08-10T11:02:15.843+0000] {dagbag.py:541} INFO - Filling up the DagBag from /home/airflow/.local/lib/python3.7/site-packages/airflow/example_dags/example_bash_operator.py
[2023-08-10T11:02:15.867+0000] {processor.py:836} INFO - DAG(s) dict_keys(['example_bash_operator']) retrieved from /home/airflow/.local/lib/python3.7/site-packages/airflow/example_dags/example_bash_operator.py
[2023-08-10T11:02:15.890+0000] {logging_mixin.py:150} INFO - [2023-08-10T11:02:15.890+0000] {dag.py:2742} INFO - Sync 1 DAGs
[2023-08-10T11:02:15.909+0000] {logging_mixin.py:150} INFO - [2023-08-10T11:02:15.909+0000] {dag.py:3508} INFO - Setting next_dagrun for example_bash_operator to 2023-08-09T00:00:00+00:00, run_after=2023-08-10T00:00:00+00:00
[2023-08-10T11:02:15.919+0000] {processor.py:179} INFO - Processing /home/airflow/.local/lib/python3.7/site-packages/airflow/example_dags/example_bash_operator.py took 0.084 seconds
[2023-08-10T11:02:46.052+0000] {processor.py:157} INFO - Started process (PID=119) to work on /home/airflow/.local/lib/python3.7/site-packages/airflow/example_dags/example_bash_operator.py
[2023-08-10T11:02:46.052+0000] {processor.py:826} INFO - Processing file /home/airflow/.local/lib/python3.7/site-packages/airflow/example_dags/example_bash_operator.py for tasks to queue
[2023-08-10T11:02:46.053+0000] {logging_mixin.py:150} INFO - [2023-08-10T11:02:46.053+0000] {dagbag.py:541} INFO - Filling up the DagBag from /home/airflow/.local/lib/python3.7/site-packages/airflow/example_dags/example_bash_operator.py
[2023-08-10T11:02:46.063+0000] {processor.py:836} INFO - DAG(s) dict_keys(['example_bash_operator']) retrieved from /home/airflow/.local/lib/python3.7/site-packages/airflow/example_dags/example_bash_operator.py
[2023-08-10T11:02:46.085+0000] {logging_mixin.py:150} INFO - [2023-08-10T11:02:46.085+0000] {dag.py:2742} INFO - Sync 1 DAGs
[2023-08-10T11:02:46.100+0000] {logging_mixin.py:150} INFO - [2023-08-10T11:02:46.100+0000] {dag.py:3508} INFO - Setting next_dagrun for example_bash_operator to 2023-08-09T00:00:00+00:00, run_after=2023-08-10T00:00:00+00:00
[2023-08-10T11:02:46.109+0000] {processor.py:179} INFO - Processing /home/airflow/.local/lib/python3.7/site-packages/airflow/example_dags/example_bash_operator.py took 0.060 seconds
[2023-08-10T11:03:16.355+0000] {processor.py:157} INFO - Started process (PID=178) to work on /home/airflow/.local/lib/python3.7/site-packages/airflow/example_dags/example_bash_operator.py
[2023-08-10T11:03:16.356+0000] {processor.py:826} INFO - Processing file /home/airflow/.local/lib/python3.7/site-packages/airflow/example_dags/example_bash_operator.py for tasks to queue
[2023-08-10T11:03:16.357+0000] {logging_mixin.py:150} INFO - [2023-08-10T11:03:16.357+0000] {dagbag.py:541} INFO - Filling up the DagBag from /home/airflow/.local/lib/python3.7/site-packages/airflow/example_dags/example_bash_operator.py
[2023-08-10T11:03:16.366+0000] {processor.py:836} INFO - DAG(s) dict_keys(['example_bash_operator']) retrieved from /home/airflow/.local/lib/python3.7/site-packages/airflow/example_dags/example_bash_operator.py
[2023-08-10T11:03:16.387+0000] {logging_mixin.py:150} INFO - [2023-08-10T11:03:16.387+0000] {dag.py:2742} INFO - Sync 1 DAGs
[2023-08-10T11:03:16.403+0000] {logging_mixin.py:150} INFO - [2023-08-10T11:03:16.403+0000] {dag.py:3508} INFO - Setting next_dagrun for example_bash_operator to 2023-08-09T00:00:00+00:00, run_after=2023-08-10T00:00:00+00:00
[2023-08-10T11:03:16.412+0000] {processor.py:179} INFO - Processing /home/airflow/.local/lib/python3.7/site-packages/airflow/example_dags/example_bash_operator.py took 0.060 seconds
[2023-08-10T11:03:47.503+0000] {processor.py:157} INFO - Started process (PID=237) to work on /home/airflow/.local/lib/python3.7/site-packages/airflow/example_dags/example_bash_operator.py
[2023-08-10T11:03:47.504+0000] {processor.py:826} INFO - Processing file /home/airflow/.local/lib/python3.7/site-packages/airflow/example_dags/example_bash_operator.py for tasks to queue
[2023-08-10T11:03:47.505+0000] {logging_mixin.py:150} INFO - [2023-08-10T11:03:47.504+0000] {dagbag.py:541} INFO - Filling up the DagBag from /home/airflow/.local/lib/python3.7/site-packages/airflow/example_dags/example_bash_operator.py
[2023-08-10T11:03:47.514+0000] {processor.py:836} INFO - DAG(s) dict_keys(['example_bash_operator']) retrieved from /home/airflow/.local/lib/python3.7/site-packages/airflow/example_dags/example_bash_operator.py
[2023-08-10T11:03:47.538+0000] {logging_mixin.py:150} INFO - [2023-08-10T11:03:47.538+0000] {dag.py:2742} INFO - Sync 1 DAGs
[2023-08-10T11:03:47.553+0000] {logging_mixin.py:150} INFO - [2023-08-10T11:03:47.553+0000] {dag.py:3508} INFO - Setting next_dagrun for example_bash_operator to 2023-08-09T00:00:00+00:00, run_after=2023-08-10T00:00:00+00:00
[2023-08-10T11:03:47.563+0000] {processor.py:179} INFO - Processing /home/airflow/.local/lib/python3.7/site-packages/airflow/example_dags/example_bash_operator.py took 0.063 seconds
[2023-08-10T11:04:17.685+0000] {processor.py:157} INFO - Started process (PID=296) to work on /home/airflow/.local/lib/python3.7/site-packages/airflow/example_dags/example_bash_operator.py
[2023-08-10T11:04:17.686+0000] {processor.py:826} INFO - Processing file /home/airflow/.local/lib/python3.7/site-packages/airflow/example_dags/example_bash_operator.py for tasks to queue
[2023-08-10T11:04:17.686+0000] {logging_mixin.py:150} INFO - [2023-08-10T11:04:17.686+0000] {dagbag.py:541} INFO - Filling up the DagBag from /home/airflow/.local/lib/python3.7/site-packages/airflow/example_dags/example_bash_operator.py
[2023-08-10T11:04:17.696+0000] {processor.py:836} INFO - DAG(s) dict_keys(['example_bash_operator']) retrieved from /home/airflow/.local/lib/python3.7/site-packages/airflow/example_dags/example_bash_operator.py
[2023-08-10T11:04:17.718+0000] {logging_mixin.py:150} INFO - [2023-08-10T11:04:17.718+0000] {dag.py:2742} INFO - Sync 1 DAGs
[2023-08-10T11:04:17.733+0000] {logging_mixin.py:150} INFO - [2023-08-10T11:04:17.733+0000] {dag.py:3508} INFO - Setting next_dagrun for example_bash_operator to 2023-08-09T00:00:00+00:00, run_after=2023-08-10T00:00:00+00:00
[2023-08-10T11:04:17.742+0000] {processor.py:179} INFO - Processing /home/airflow/.local/lib/python3.7/site-packages/airflow/example_dags/example_bash_operator.py took 0.060 seconds
[2023-08-10T11:04:48.889+0000] {processor.py:157} INFO - Started process (PID=355) to work on /home/airflow/.local/lib/python3.7/site-packages/airflow/example_dags/example_bash_operator.py
[2023-08-10T11:04:48.890+0000] {processor.py:826} INFO - Processing file /home/airflow/.local/lib/python3.7/site-packages/airflow/example_dags/example_bash_operator.py for tasks to queue
[2023-08-10T11:04:48.891+0000] {logging_mixin.py:150} INFO - [2023-08-10T11:04:48.891+0000] {dagbag.py:541} INFO - Filling up the DagBag from /home/airflow/.local/lib/python3.7/site-packages/airflow/example_dags/example_bash_operator.py
[2023-08-10T11:04:48.900+0000] {processor.py:836} INFO - DAG(s) dict_keys(['example_bash_operator']) retrieved from /home/airflow/.local/lib/python3.7/site-packages/airflow/example_dags/example_bash_operator.py
[2023-08-10T11:04:48.922+0000] {logging_mixin.py:150} INFO - [2023-08-10T11:04:48.922+0000] {dag.py:2742} INFO - Sync 1 DAGs
[2023-08-10T11:04:48.937+0000] {logging_mixin.py:150} INFO - [2023-08-10T11:04:48.936+0000] {dag.py:3508} INFO - Setting next_dagrun for example_bash_operator to 2023-08-09T00:00:00+00:00, run_after=2023-08-10T00:00:00+00:00
[2023-08-10T11:04:48.945+0000] {processor.py:179} INFO - Processing /home/airflow/.local/lib/python3.7/site-packages/airflow/example_dags/example_bash_operator.py took 0.058 seconds
