[2023-08-10T10:54:18.239+0000] {processor.py:157} INFO - Started process (PID=33) to work on /home/airflow/.local/lib/python3.7/site-packages/airflow/example_dags/example_datasets.py
[2023-08-10T10:54:18.240+0000] {processor.py:826} INFO - Processing file /home/airflow/.local/lib/python3.7/site-packages/airflow/example_dags/example_datasets.py for tasks to queue
[2023-08-10T10:54:18.241+0000] {logging_mixin.py:150} INFO - [2023-08-10T10:54:18.240+0000] {dagbag.py:541} INFO - Filling up the DagBag from /home/airflow/.local/lib/python3.7/site-packages/airflow/example_dags/example_datasets.py
[2023-08-10T10:54:18.253+0000] {processor.py:836} INFO - DAG(s) dict_keys(['dataset_consumes_1_never_scheduled', 'dataset_consumes_1_and_2', 'dataset_produces_2', 'dataset_consumes_1', 'dataset_produces_1', 'dataset_consumes_unknown_never_scheduled']) retrieved from /home/airflow/.local/lib/python3.7/site-packages/airflow/example_dags/example_datasets.py
[2023-08-10T10:54:18.398+0000] {logging_mixin.py:150} INFO - [2023-08-10T10:54:18.398+0000] {manager.py:504} INFO - Created Permission View: can delete on DAG:dataset_consumes_1_never_scheduled
[2023-08-10T10:54:18.404+0000] {logging_mixin.py:150} INFO - [2023-08-10T10:54:18.403+0000] {manager.py:504} INFO - Created Permission View: can edit on DAG:dataset_consumes_1_never_scheduled
[2023-08-10T10:54:18.407+0000] {logging_mixin.py:150} INFO - [2023-08-10T10:54:18.407+0000] {manager.py:504} INFO - Created Permission View: can read on DAG:dataset_consumes_1_never_scheduled
[2023-08-10T10:54:18.422+0000] {logging_mixin.py:150} INFO - [2023-08-10T10:54:18.422+0000] {manager.py:504} INFO - Created Permission View: can delete on DAG:dataset_consumes_1_and_2
[2023-08-10T10:54:18.426+0000] {logging_mixin.py:150} INFO - [2023-08-10T10:54:18.426+0000] {manager.py:504} INFO - Created Permission View: can edit on DAG:dataset_consumes_1_and_2
[2023-08-10T10:54:18.429+0000] {logging_mixin.py:150} INFO - [2023-08-10T10:54:18.429+0000] {manager.py:504} INFO - Created Permission View: can read on DAG:dataset_consumes_1_and_2
[2023-08-10T10:54:18.439+0000] {logging_mixin.py:150} INFO - [2023-08-10T10:54:18.439+0000] {manager.py:504} INFO - Created Permission View: can delete on DAG:dataset_produces_2
[2023-08-10T10:54:18.442+0000] {logging_mixin.py:150} INFO - [2023-08-10T10:54:18.442+0000] {manager.py:504} INFO - Created Permission View: can edit on DAG:dataset_produces_2
[2023-08-10T10:54:18.446+0000] {logging_mixin.py:150} INFO - [2023-08-10T10:54:18.446+0000] {manager.py:504} INFO - Created Permission View: can read on DAG:dataset_produces_2
[2023-08-10T10:54:18.455+0000] {logging_mixin.py:150} INFO - [2023-08-10T10:54:18.455+0000] {manager.py:504} INFO - Created Permission View: can delete on DAG:dataset_consumes_1
[2023-08-10T10:54:18.458+0000] {logging_mixin.py:150} INFO - [2023-08-10T10:54:18.458+0000] {manager.py:504} INFO - Created Permission View: can edit on DAG:dataset_consumes_1
[2023-08-10T10:54:18.461+0000] {logging_mixin.py:150} INFO - [2023-08-10T10:54:18.461+0000] {manager.py:504} INFO - Created Permission View: can read on DAG:dataset_consumes_1
[2023-08-10T10:54:18.471+0000] {logging_mixin.py:150} INFO - [2023-08-10T10:54:18.471+0000] {manager.py:504} INFO - Created Permission View: can delete on DAG:dataset_produces_1
[2023-08-10T10:54:18.474+0000] {logging_mixin.py:150} INFO - [2023-08-10T10:54:18.474+0000] {manager.py:504} INFO - Created Permission View: can edit on DAG:dataset_produces_1
[2023-08-10T10:54:18.478+0000] {logging_mixin.py:150} INFO - [2023-08-10T10:54:18.477+0000] {manager.py:504} INFO - Created Permission View: can read on DAG:dataset_produces_1
[2023-08-10T10:54:18.487+0000] {logging_mixin.py:150} INFO - [2023-08-10T10:54:18.487+0000] {manager.py:504} INFO - Created Permission View: can delete on DAG:dataset_consumes_unknown_never_scheduled
[2023-08-10T10:54:18.490+0000] {logging_mixin.py:150} INFO - [2023-08-10T10:54:18.490+0000] {manager.py:504} INFO - Created Permission View: can edit on DAG:dataset_consumes_unknown_never_scheduled
[2023-08-10T10:54:18.495+0000] {logging_mixin.py:150} INFO - [2023-08-10T10:54:18.495+0000] {manager.py:504} INFO - Created Permission View: can read on DAG:dataset_consumes_unknown_never_scheduled
[2023-08-10T10:54:18.499+0000] {logging_mixin.py:150} INFO - [2023-08-10T10:54:18.499+0000] {dag.py:2742} INFO - Sync 6 DAGs
[2023-08-10T10:54:18.511+0000] {logging_mixin.py:150} INFO - [2023-08-10T10:54:18.511+0000] {dag.py:2763} INFO - Creating ORM DAG for dataset_consumes_unknown_never_scheduled
[2023-08-10T10:54:18.512+0000] {logging_mixin.py:150} INFO - [2023-08-10T10:54:18.512+0000] {dag.py:2763} INFO - Creating ORM DAG for dataset_consumes_1_and_2
[2023-08-10T10:54:18.512+0000] {logging_mixin.py:150} INFO - [2023-08-10T10:54:18.512+0000] {dag.py:2763} INFO - Creating ORM DAG for dataset_produces_1
[2023-08-10T10:54:18.513+0000] {logging_mixin.py:150} INFO - [2023-08-10T10:54:18.513+0000] {dag.py:2763} INFO - Creating ORM DAG for dataset_produces_2
[2023-08-10T10:54:18.513+0000] {logging_mixin.py:150} INFO - [2023-08-10T10:54:18.513+0000] {dag.py:2763} INFO - Creating ORM DAG for dataset_consumes_1
[2023-08-10T10:54:18.514+0000] {logging_mixin.py:150} INFO - [2023-08-10T10:54:18.514+0000] {dag.py:2763} INFO - Creating ORM DAG for dataset_consumes_1_never_scheduled
[2023-08-10T10:54:18.519+0000] {logging_mixin.py:150} INFO - [2023-08-10T10:54:18.519+0000] {dag.py:3508} INFO - Setting next_dagrun for dataset_consumes_1 to None, run_after=None
[2023-08-10T10:54:18.520+0000] {logging_mixin.py:150} INFO - [2023-08-10T10:54:18.520+0000] {dag.py:3508} INFO - Setting next_dagrun for dataset_consumes_1_and_2 to None, run_after=None
[2023-08-10T10:54:18.520+0000] {logging_mixin.py:150} INFO - [2023-08-10T10:54:18.520+0000] {dag.py:3508} INFO - Setting next_dagrun for dataset_consumes_1_never_scheduled to None, run_after=None
[2023-08-10T10:54:18.521+0000] {logging_mixin.py:150} INFO - [2023-08-10T10:54:18.521+0000] {dag.py:3508} INFO - Setting next_dagrun for dataset_consumes_unknown_never_scheduled to None, run_after=None
[2023-08-10T10:54:18.522+0000] {logging_mixin.py:150} INFO - [2023-08-10T10:54:18.522+0000] {dag.py:3508} INFO - Setting next_dagrun for dataset_produces_1 to 2023-08-09T00:00:00+00:00, run_after=2023-08-10T00:00:00+00:00
[2023-08-10T10:54:18.525+0000] {logging_mixin.py:150} INFO - [2023-08-10T10:54:18.525+0000] {dag.py:3508} INFO - Setting next_dagrun for dataset_produces_2 to None, run_after=None
[2023-08-10T10:54:18.549+0000] {processor.py:179} INFO - Processing /home/airflow/.local/lib/python3.7/site-packages/airflow/example_dags/example_datasets.py took 0.313 seconds
[2023-08-10T10:54:48.671+0000] {processor.py:157} INFO - Started process (PID=92) to work on /home/airflow/.local/lib/python3.7/site-packages/airflow/example_dags/example_datasets.py
[2023-08-10T10:54:48.673+0000] {processor.py:826} INFO - Processing file /home/airflow/.local/lib/python3.7/site-packages/airflow/example_dags/example_datasets.py for tasks to queue
[2023-08-10T10:54:48.673+0000] {logging_mixin.py:150} INFO - [2023-08-10T10:54:48.673+0000] {dagbag.py:541} INFO - Filling up the DagBag from /home/airflow/.local/lib/python3.7/site-packages/airflow/example_dags/example_datasets.py
[2023-08-10T10:54:48.681+0000] {processor.py:836} INFO - DAG(s) dict_keys(['dataset_produces_2', 'dataset_produces_1', 'dataset_consumes_1_never_scheduled', 'dataset_consumes_1_and_2', 'dataset_consumes_1', 'dataset_consumes_unknown_never_scheduled']) retrieved from /home/airflow/.local/lib/python3.7/site-packages/airflow/example_dags/example_datasets.py
[2023-08-10T10:54:48.708+0000] {logging_mixin.py:150} INFO - [2023-08-10T10:54:48.708+0000] {dag.py:2742} INFO - Sync 6 DAGs
[2023-08-10T10:54:48.724+0000] {logging_mixin.py:150} INFO - [2023-08-10T10:54:48.724+0000] {dag.py:3508} INFO - Setting next_dagrun for dataset_consumes_1 to None, run_after=None
[2023-08-10T10:54:48.727+0000] {logging_mixin.py:150} INFO - [2023-08-10T10:54:48.727+0000] {dag.py:3508} INFO - Setting next_dagrun for dataset_consumes_1_and_2 to None, run_after=None
[2023-08-10T10:54:48.728+0000] {logging_mixin.py:150} INFO - [2023-08-10T10:54:48.728+0000] {dag.py:3508} INFO - Setting next_dagrun for dataset_consumes_1_never_scheduled to None, run_after=None
[2023-08-10T10:54:48.729+0000] {logging_mixin.py:150} INFO - [2023-08-10T10:54:48.729+0000] {dag.py:3508} INFO - Setting next_dagrun for dataset_consumes_unknown_never_scheduled to None, run_after=None
[2023-08-10T10:54:48.731+0000] {logging_mixin.py:150} INFO - [2023-08-10T10:54:48.731+0000] {dag.py:3508} INFO - Setting next_dagrun for dataset_produces_1 to 2023-08-09T00:00:00+00:00, run_after=2023-08-10T00:00:00+00:00
[2023-08-10T10:54:48.732+0000] {logging_mixin.py:150} INFO - [2023-08-10T10:54:48.732+0000] {dag.py:3508} INFO - Setting next_dagrun for dataset_produces_2 to None, run_after=None
[2023-08-10T10:54:48.749+0000] {processor.py:179} INFO - Processing /home/airflow/.local/lib/python3.7/site-packages/airflow/example_dags/example_datasets.py took 0.081 seconds
[2023-08-10T10:57:14.115+0000] {processor.py:157} INFO - Started process (PID=32) to work on /home/airflow/.local/lib/python3.7/site-packages/airflow/example_dags/example_datasets.py
[2023-08-10T10:57:14.117+0000] {processor.py:826} INFO - Processing file /home/airflow/.local/lib/python3.7/site-packages/airflow/example_dags/example_datasets.py for tasks to queue
[2023-08-10T10:57:14.118+0000] {logging_mixin.py:150} INFO - [2023-08-10T10:57:14.118+0000] {dagbag.py:541} INFO - Filling up the DagBag from /home/airflow/.local/lib/python3.7/site-packages/airflow/example_dags/example_datasets.py
[2023-08-10T10:57:14.128+0000] {processor.py:836} INFO - DAG(s) dict_keys(['dataset_consumes_1_never_scheduled', 'dataset_consumes_unknown_never_scheduled', 'dataset_consumes_1', 'dataset_consumes_1_and_2', 'dataset_produces_1', 'dataset_produces_2']) retrieved from /home/airflow/.local/lib/python3.7/site-packages/airflow/example_dags/example_datasets.py
[2023-08-10T10:57:14.143+0000] {logging_mixin.py:150} INFO - [2023-08-10T10:57:14.143+0000] {dag.py:2742} INFO - Sync 6 DAGs
[2023-08-10T10:57:14.157+0000] {logging_mixin.py:150} INFO - [2023-08-10T10:57:14.157+0000] {dag.py:3508} INFO - Setting next_dagrun for dataset_consumes_1 to None, run_after=None
[2023-08-10T10:57:14.160+0000] {logging_mixin.py:150} INFO - [2023-08-10T10:57:14.159+0000] {dag.py:3508} INFO - Setting next_dagrun for dataset_consumes_1_and_2 to None, run_after=None
[2023-08-10T10:57:14.160+0000] {logging_mixin.py:150} INFO - [2023-08-10T10:57:14.160+0000] {dag.py:3508} INFO - Setting next_dagrun for dataset_consumes_1_never_scheduled to None, run_after=None
[2023-08-10T10:57:14.161+0000] {logging_mixin.py:150} INFO - [2023-08-10T10:57:14.161+0000] {dag.py:3508} INFO - Setting next_dagrun for dataset_consumes_unknown_never_scheduled to None, run_after=None
[2023-08-10T10:57:14.163+0000] {logging_mixin.py:150} INFO - [2023-08-10T10:57:14.163+0000] {dag.py:3508} INFO - Setting next_dagrun for dataset_produces_1 to 2023-08-09T00:00:00+00:00, run_after=2023-08-10T00:00:00+00:00
[2023-08-10T10:57:14.163+0000] {logging_mixin.py:150} INFO - [2023-08-10T10:57:14.163+0000] {dag.py:3508} INFO - Setting next_dagrun for dataset_produces_2 to None, run_after=None
[2023-08-10T10:57:14.180+0000] {processor.py:179} INFO - Processing /home/airflow/.local/lib/python3.7/site-packages/airflow/example_dags/example_datasets.py took 0.069 seconds
[2023-08-10T10:57:44.603+0000] {processor.py:157} INFO - Started process (PID=91) to work on /home/airflow/.local/lib/python3.7/site-packages/airflow/example_dags/example_datasets.py
[2023-08-10T10:57:44.606+0000] {processor.py:826} INFO - Processing file /home/airflow/.local/lib/python3.7/site-packages/airflow/example_dags/example_datasets.py for tasks to queue
[2023-08-10T10:57:44.608+0000] {logging_mixin.py:150} INFO - [2023-08-10T10:57:44.608+0000] {dagbag.py:541} INFO - Filling up the DagBag from /home/airflow/.local/lib/python3.7/site-packages/airflow/example_dags/example_datasets.py
[2023-08-10T10:57:44.625+0000] {processor.py:836} INFO - DAG(s) dict_keys(['dataset_consumes_1_and_2', 'dataset_consumes_1', 'dataset_consumes_1_never_scheduled', 'dataset_produces_2', 'dataset_produces_1', 'dataset_consumes_unknown_never_scheduled']) retrieved from /home/airflow/.local/lib/python3.7/site-packages/airflow/example_dags/example_datasets.py
[2023-08-10T10:57:44.659+0000] {logging_mixin.py:150} INFO - [2023-08-10T10:57:44.659+0000] {dag.py:2742} INFO - Sync 6 DAGs
[2023-08-10T10:57:44.682+0000] {logging_mixin.py:150} INFO - [2023-08-10T10:57:44.682+0000] {dag.py:3508} INFO - Setting next_dagrun for dataset_consumes_1 to None, run_after=None
[2023-08-10T10:57:44.685+0000] {logging_mixin.py:150} INFO - [2023-08-10T10:57:44.685+0000] {dag.py:3508} INFO - Setting next_dagrun for dataset_consumes_1_and_2 to None, run_after=None
[2023-08-10T10:57:44.686+0000] {logging_mixin.py:150} INFO - [2023-08-10T10:57:44.686+0000] {dag.py:3508} INFO - Setting next_dagrun for dataset_consumes_1_never_scheduled to None, run_after=None
[2023-08-10T10:57:44.688+0000] {logging_mixin.py:150} INFO - [2023-08-10T10:57:44.688+0000] {dag.py:3508} INFO - Setting next_dagrun for dataset_consumes_unknown_never_scheduled to None, run_after=None
[2023-08-10T10:57:44.694+0000] {logging_mixin.py:150} INFO - [2023-08-10T10:57:44.694+0000] {dag.py:3508} INFO - Setting next_dagrun for dataset_produces_1 to 2023-08-09T00:00:00+00:00, run_after=2023-08-10T00:00:00+00:00
[2023-08-10T10:57:44.695+0000] {logging_mixin.py:150} INFO - [2023-08-10T10:57:44.695+0000] {dag.py:3508} INFO - Setting next_dagrun for dataset_produces_2 to None, run_after=None
[2023-08-10T10:57:44.717+0000] {processor.py:179} INFO - Processing /home/airflow/.local/lib/python3.7/site-packages/airflow/example_dags/example_datasets.py took 0.117 seconds
[2023-08-10T10:58:15.003+0000] {processor.py:157} INFO - Started process (PID=150) to work on /home/airflow/.local/lib/python3.7/site-packages/airflow/example_dags/example_datasets.py
[2023-08-10T10:58:15.008+0000] {processor.py:826} INFO - Processing file /home/airflow/.local/lib/python3.7/site-packages/airflow/example_dags/example_datasets.py for tasks to queue
[2023-08-10T10:58:15.012+0000] {logging_mixin.py:150} INFO - [2023-08-10T10:58:15.011+0000] {dagbag.py:541} INFO - Filling up the DagBag from /home/airflow/.local/lib/python3.7/site-packages/airflow/example_dags/example_datasets.py
[2023-08-10T10:58:15.022+0000] {processor.py:836} INFO - DAG(s) dict_keys(['dataset_produces_2', 'dataset_consumes_1_and_2', 'dataset_consumes_1', 'dataset_consumes_1_never_scheduled', 'dataset_produces_1', 'dataset_consumes_unknown_never_scheduled']) retrieved from /home/airflow/.local/lib/python3.7/site-packages/airflow/example_dags/example_datasets.py
[2023-08-10T10:58:15.077+0000] {logging_mixin.py:150} INFO - [2023-08-10T10:58:15.077+0000] {dag.py:2742} INFO - Sync 6 DAGs
[2023-08-10T10:58:15.096+0000] {logging_mixin.py:150} INFO - [2023-08-10T10:58:15.095+0000] {dag.py:3508} INFO - Setting next_dagrun for dataset_consumes_1 to None, run_after=None
[2023-08-10T10:58:15.099+0000] {logging_mixin.py:150} INFO - [2023-08-10T10:58:15.099+0000] {dag.py:3508} INFO - Setting next_dagrun for dataset_consumes_1_and_2 to None, run_after=None
[2023-08-10T10:58:15.101+0000] {logging_mixin.py:150} INFO - [2023-08-10T10:58:15.100+0000] {dag.py:3508} INFO - Setting next_dagrun for dataset_consumes_1_never_scheduled to None, run_after=None
[2023-08-10T10:58:15.102+0000] {logging_mixin.py:150} INFO - [2023-08-10T10:58:15.101+0000] {dag.py:3508} INFO - Setting next_dagrun for dataset_consumes_unknown_never_scheduled to None, run_after=None
[2023-08-10T10:58:15.111+0000] {logging_mixin.py:150} INFO - [2023-08-10T10:58:15.111+0000] {dag.py:3508} INFO - Setting next_dagrun for dataset_produces_1 to 2023-08-09T00:00:00+00:00, run_after=2023-08-10T00:00:00+00:00
[2023-08-10T10:58:15.113+0000] {logging_mixin.py:150} INFO - [2023-08-10T10:58:15.113+0000] {dag.py:3508} INFO - Setting next_dagrun for dataset_produces_2 to None, run_after=None
[2023-08-10T10:58:15.140+0000] {processor.py:179} INFO - Processing /home/airflow/.local/lib/python3.7/site-packages/airflow/example_dags/example_datasets.py took 0.146 seconds
[2023-08-10T11:02:14.060+0000] {processor.py:157} INFO - Started process (PID=33) to work on /home/airflow/.local/lib/python3.7/site-packages/airflow/example_dags/example_datasets.py
[2023-08-10T11:02:14.062+0000] {processor.py:826} INFO - Processing file /home/airflow/.local/lib/python3.7/site-packages/airflow/example_dags/example_datasets.py for tasks to queue
[2023-08-10T11:02:14.064+0000] {logging_mixin.py:150} INFO - [2023-08-10T11:02:14.063+0000] {dagbag.py:541} INFO - Filling up the DagBag from /home/airflow/.local/lib/python3.7/site-packages/airflow/example_dags/example_datasets.py
[2023-08-10T11:02:14.073+0000] {processor.py:836} INFO - DAG(s) dict_keys(['dataset_produces_2', 'dataset_consumes_1_never_scheduled', 'dataset_consumes_1_and_2', 'dataset_consumes_1', 'dataset_consumes_unknown_never_scheduled', 'dataset_produces_1']) retrieved from /home/airflow/.local/lib/python3.7/site-packages/airflow/example_dags/example_datasets.py
[2023-08-10T11:02:14.087+0000] {logging_mixin.py:150} INFO - [2023-08-10T11:02:14.087+0000] {dag.py:2742} INFO - Sync 6 DAGs
[2023-08-10T11:02:14.107+0000] {logging_mixin.py:150} INFO - [2023-08-10T11:02:14.107+0000] {dag.py:3508} INFO - Setting next_dagrun for dataset_consumes_1 to None, run_after=None
[2023-08-10T11:02:14.110+0000] {logging_mixin.py:150} INFO - [2023-08-10T11:02:14.110+0000] {dag.py:3508} INFO - Setting next_dagrun for dataset_consumes_1_and_2 to None, run_after=None
[2023-08-10T11:02:14.112+0000] {logging_mixin.py:150} INFO - [2023-08-10T11:02:14.112+0000] {dag.py:3508} INFO - Setting next_dagrun for dataset_consumes_1_never_scheduled to None, run_after=None
[2023-08-10T11:02:14.113+0000] {logging_mixin.py:150} INFO - [2023-08-10T11:02:14.113+0000] {dag.py:3508} INFO - Setting next_dagrun for dataset_consumes_unknown_never_scheduled to None, run_after=None
[2023-08-10T11:02:14.115+0000] {logging_mixin.py:150} INFO - [2023-08-10T11:02:14.115+0000] {dag.py:3508} INFO - Setting next_dagrun for dataset_produces_1 to 2023-08-09T00:00:00+00:00, run_after=2023-08-10T00:00:00+00:00
[2023-08-10T11:02:14.116+0000] {logging_mixin.py:150} INFO - [2023-08-10T11:02:14.116+0000] {dag.py:3508} INFO - Setting next_dagrun for dataset_produces_2 to None, run_after=None
[2023-08-10T11:02:14.145+0000] {processor.py:179} INFO - Processing /home/airflow/.local/lib/python3.7/site-packages/airflow/example_dags/example_datasets.py took 0.089 seconds
[2023-08-10T11:02:44.916+0000] {processor.py:157} INFO - Started process (PID=92) to work on /home/airflow/.local/lib/python3.7/site-packages/airflow/example_dags/example_datasets.py
[2023-08-10T11:02:44.917+0000] {processor.py:826} INFO - Processing file /home/airflow/.local/lib/python3.7/site-packages/airflow/example_dags/example_datasets.py for tasks to queue
[2023-08-10T11:02:44.917+0000] {logging_mixin.py:150} INFO - [2023-08-10T11:02:44.917+0000] {dagbag.py:541} INFO - Filling up the DagBag from /home/airflow/.local/lib/python3.7/site-packages/airflow/example_dags/example_datasets.py
[2023-08-10T11:02:44.924+0000] {processor.py:836} INFO - DAG(s) dict_keys(['dataset_consumes_1_and_2', 'dataset_consumes_unknown_never_scheduled', 'dataset_consumes_1_never_scheduled', 'dataset_produces_2', 'dataset_consumes_1', 'dataset_produces_1']) retrieved from /home/airflow/.local/lib/python3.7/site-packages/airflow/example_dags/example_datasets.py
[2023-08-10T11:02:44.948+0000] {logging_mixin.py:150} INFO - [2023-08-10T11:02:44.948+0000] {dag.py:2742} INFO - Sync 6 DAGs
[2023-08-10T11:02:44.963+0000] {logging_mixin.py:150} INFO - [2023-08-10T11:02:44.963+0000] {dag.py:3508} INFO - Setting next_dagrun for dataset_consumes_1 to None, run_after=None
[2023-08-10T11:02:44.965+0000] {logging_mixin.py:150} INFO - [2023-08-10T11:02:44.965+0000] {dag.py:3508} INFO - Setting next_dagrun for dataset_consumes_1_and_2 to None, run_after=None
[2023-08-10T11:02:44.966+0000] {logging_mixin.py:150} INFO - [2023-08-10T11:02:44.966+0000] {dag.py:3508} INFO - Setting next_dagrun for dataset_consumes_1_never_scheduled to None, run_after=None
[2023-08-10T11:02:44.967+0000] {logging_mixin.py:150} INFO - [2023-08-10T11:02:44.967+0000] {dag.py:3508} INFO - Setting next_dagrun for dataset_consumes_unknown_never_scheduled to None, run_after=None
[2023-08-10T11:02:44.969+0000] {logging_mixin.py:150} INFO - [2023-08-10T11:02:44.969+0000] {dag.py:3508} INFO - Setting next_dagrun for dataset_produces_1 to 2023-08-09T00:00:00+00:00, run_after=2023-08-10T00:00:00+00:00
[2023-08-10T11:02:44.970+0000] {logging_mixin.py:150} INFO - [2023-08-10T11:02:44.969+0000] {dag.py:3508} INFO - Setting next_dagrun for dataset_produces_2 to None, run_after=None
[2023-08-10T11:02:44.986+0000] {processor.py:179} INFO - Processing /home/airflow/.local/lib/python3.7/site-packages/airflow/example_dags/example_datasets.py took 0.073 seconds
[2023-08-10T11:03:15.185+0000] {processor.py:157} INFO - Started process (PID=151) to work on /home/airflow/.local/lib/python3.7/site-packages/airflow/example_dags/example_datasets.py
[2023-08-10T11:03:15.186+0000] {processor.py:826} INFO - Processing file /home/airflow/.local/lib/python3.7/site-packages/airflow/example_dags/example_datasets.py for tasks to queue
[2023-08-10T11:03:15.187+0000] {logging_mixin.py:150} INFO - [2023-08-10T11:03:15.187+0000] {dagbag.py:541} INFO - Filling up the DagBag from /home/airflow/.local/lib/python3.7/site-packages/airflow/example_dags/example_datasets.py
[2023-08-10T11:03:15.194+0000] {processor.py:836} INFO - DAG(s) dict_keys(['dataset_consumes_1', 'dataset_produces_2', 'dataset_produces_1', 'dataset_consumes_unknown_never_scheduled', 'dataset_consumes_1_never_scheduled', 'dataset_consumes_1_and_2']) retrieved from /home/airflow/.local/lib/python3.7/site-packages/airflow/example_dags/example_datasets.py
[2023-08-10T11:03:15.218+0000] {logging_mixin.py:150} INFO - [2023-08-10T11:03:15.218+0000] {dag.py:2742} INFO - Sync 6 DAGs
[2023-08-10T11:03:15.232+0000] {logging_mixin.py:150} INFO - [2023-08-10T11:03:15.232+0000] {dag.py:3508} INFO - Setting next_dagrun for dataset_consumes_1 to None, run_after=None
[2023-08-10T11:03:15.234+0000] {logging_mixin.py:150} INFO - [2023-08-10T11:03:15.234+0000] {dag.py:3508} INFO - Setting next_dagrun for dataset_consumes_1_and_2 to None, run_after=None
[2023-08-10T11:03:15.235+0000] {logging_mixin.py:150} INFO - [2023-08-10T11:03:15.235+0000] {dag.py:3508} INFO - Setting next_dagrun for dataset_consumes_1_never_scheduled to None, run_after=None
[2023-08-10T11:03:15.236+0000] {logging_mixin.py:150} INFO - [2023-08-10T11:03:15.236+0000] {dag.py:3508} INFO - Setting next_dagrun for dataset_consumes_unknown_never_scheduled to None, run_after=None
[2023-08-10T11:03:15.238+0000] {logging_mixin.py:150} INFO - [2023-08-10T11:03:15.238+0000] {dag.py:3508} INFO - Setting next_dagrun for dataset_produces_1 to 2023-08-09T00:00:00+00:00, run_after=2023-08-10T00:00:00+00:00
[2023-08-10T11:03:15.239+0000] {logging_mixin.py:150} INFO - [2023-08-10T11:03:15.239+0000] {dag.py:3508} INFO - Setting next_dagrun for dataset_produces_2 to None, run_after=None
[2023-08-10T11:03:15.255+0000] {processor.py:179} INFO - Processing /home/airflow/.local/lib/python3.7/site-packages/airflow/example_dags/example_datasets.py took 0.072 seconds
[2023-08-10T11:03:45.357+0000] {processor.py:157} INFO - Started process (PID=210) to work on /home/airflow/.local/lib/python3.7/site-packages/airflow/example_dags/example_datasets.py
[2023-08-10T11:03:45.358+0000] {processor.py:826} INFO - Processing file /home/airflow/.local/lib/python3.7/site-packages/airflow/example_dags/example_datasets.py for tasks to queue
[2023-08-10T11:03:45.359+0000] {logging_mixin.py:150} INFO - [2023-08-10T11:03:45.359+0000] {dagbag.py:541} INFO - Filling up the DagBag from /home/airflow/.local/lib/python3.7/site-packages/airflow/example_dags/example_datasets.py
[2023-08-10T11:03:45.366+0000] {processor.py:836} INFO - DAG(s) dict_keys(['dataset_consumes_1_never_scheduled', 'dataset_consumes_1_and_2', 'dataset_consumes_1', 'dataset_produces_2', 'dataset_produces_1', 'dataset_consumes_unknown_never_scheduled']) retrieved from /home/airflow/.local/lib/python3.7/site-packages/airflow/example_dags/example_datasets.py
[2023-08-10T11:03:45.392+0000] {logging_mixin.py:150} INFO - [2023-08-10T11:03:45.392+0000] {dag.py:2742} INFO - Sync 6 DAGs
[2023-08-10T11:03:45.409+0000] {logging_mixin.py:150} INFO - [2023-08-10T11:03:45.409+0000] {dag.py:3508} INFO - Setting next_dagrun for dataset_consumes_1 to None, run_after=None
[2023-08-10T11:03:45.411+0000] {logging_mixin.py:150} INFO - [2023-08-10T11:03:45.411+0000] {dag.py:3508} INFO - Setting next_dagrun for dataset_consumes_1_and_2 to None, run_after=None
[2023-08-10T11:03:45.412+0000] {logging_mixin.py:150} INFO - [2023-08-10T11:03:45.412+0000] {dag.py:3508} INFO - Setting next_dagrun for dataset_consumes_1_never_scheduled to None, run_after=None
[2023-08-10T11:03:45.413+0000] {logging_mixin.py:150} INFO - [2023-08-10T11:03:45.413+0000] {dag.py:3508} INFO - Setting next_dagrun for dataset_consumes_unknown_never_scheduled to None, run_after=None
[2023-08-10T11:03:45.415+0000] {logging_mixin.py:150} INFO - [2023-08-10T11:03:45.415+0000] {dag.py:3508} INFO - Setting next_dagrun for dataset_produces_1 to 2023-08-09T00:00:00+00:00, run_after=2023-08-10T00:00:00+00:00
[2023-08-10T11:03:45.416+0000] {logging_mixin.py:150} INFO - [2023-08-10T11:03:45.416+0000] {dag.py:3508} INFO - Setting next_dagrun for dataset_produces_2 to None, run_after=None
[2023-08-10T11:03:45.433+0000] {processor.py:179} INFO - Processing /home/airflow/.local/lib/python3.7/site-packages/airflow/example_dags/example_datasets.py took 0.079 seconds
[2023-08-10T11:04:15.476+0000] {processor.py:157} INFO - Started process (PID=269) to work on /home/airflow/.local/lib/python3.7/site-packages/airflow/example_dags/example_datasets.py
[2023-08-10T11:04:15.477+0000] {processor.py:826} INFO - Processing file /home/airflow/.local/lib/python3.7/site-packages/airflow/example_dags/example_datasets.py for tasks to queue
[2023-08-10T11:04:15.478+0000] {logging_mixin.py:150} INFO - [2023-08-10T11:04:15.478+0000] {dagbag.py:541} INFO - Filling up the DagBag from /home/airflow/.local/lib/python3.7/site-packages/airflow/example_dags/example_datasets.py
[2023-08-10T11:04:15.484+0000] {processor.py:836} INFO - DAG(s) dict_keys(['dataset_consumes_1_and_2', 'dataset_produces_2', 'dataset_consumes_1', 'dataset_consumes_1_never_scheduled', 'dataset_consumes_unknown_never_scheduled', 'dataset_produces_1']) retrieved from /home/airflow/.local/lib/python3.7/site-packages/airflow/example_dags/example_datasets.py
[2023-08-10T11:04:15.508+0000] {logging_mixin.py:150} INFO - [2023-08-10T11:04:15.508+0000] {dag.py:2742} INFO - Sync 6 DAGs
[2023-08-10T11:04:15.523+0000] {logging_mixin.py:150} INFO - [2023-08-10T11:04:15.523+0000] {dag.py:3508} INFO - Setting next_dagrun for dataset_consumes_1 to None, run_after=None
[2023-08-10T11:04:15.525+0000] {logging_mixin.py:150} INFO - [2023-08-10T11:04:15.525+0000] {dag.py:3508} INFO - Setting next_dagrun for dataset_consumes_1_and_2 to None, run_after=None
[2023-08-10T11:04:15.526+0000] {logging_mixin.py:150} INFO - [2023-08-10T11:04:15.526+0000] {dag.py:3508} INFO - Setting next_dagrun for dataset_consumes_1_never_scheduled to None, run_after=None
[2023-08-10T11:04:15.527+0000] {logging_mixin.py:150} INFO - [2023-08-10T11:04:15.527+0000] {dag.py:3508} INFO - Setting next_dagrun for dataset_consumes_unknown_never_scheduled to None, run_after=None
[2023-08-10T11:04:15.529+0000] {logging_mixin.py:150} INFO - [2023-08-10T11:04:15.529+0000] {dag.py:3508} INFO - Setting next_dagrun for dataset_produces_1 to 2023-08-09T00:00:00+00:00, run_after=2023-08-10T00:00:00+00:00
[2023-08-10T11:04:15.530+0000] {logging_mixin.py:150} INFO - [2023-08-10T11:04:15.530+0000] {dag.py:3508} INFO - Setting next_dagrun for dataset_produces_2 to None, run_after=None
[2023-08-10T11:04:15.546+0000] {processor.py:179} INFO - Processing /home/airflow/.local/lib/python3.7/site-packages/airflow/example_dags/example_datasets.py took 0.072 seconds
[2023-08-10T11:04:45.631+0000] {processor.py:157} INFO - Started process (PID=328) to work on /home/airflow/.local/lib/python3.7/site-packages/airflow/example_dags/example_datasets.py
[2023-08-10T11:04:45.632+0000] {processor.py:826} INFO - Processing file /home/airflow/.local/lib/python3.7/site-packages/airflow/example_dags/example_datasets.py for tasks to queue
[2023-08-10T11:04:45.633+0000] {logging_mixin.py:150} INFO - [2023-08-10T11:04:45.633+0000] {dagbag.py:541} INFO - Filling up the DagBag from /home/airflow/.local/lib/python3.7/site-packages/airflow/example_dags/example_datasets.py
[2023-08-10T11:04:45.639+0000] {processor.py:836} INFO - DAG(s) dict_keys(['dataset_consumes_1', 'dataset_produces_1', 'dataset_consumes_1_never_scheduled', 'dataset_consumes_unknown_never_scheduled', 'dataset_produces_2', 'dataset_consumes_1_and_2']) retrieved from /home/airflow/.local/lib/python3.7/site-packages/airflow/example_dags/example_datasets.py
[2023-08-10T11:04:45.663+0000] {logging_mixin.py:150} INFO - [2023-08-10T11:04:45.663+0000] {dag.py:2742} INFO - Sync 6 DAGs
[2023-08-10T11:04:45.679+0000] {logging_mixin.py:150} INFO - [2023-08-10T11:04:45.679+0000] {dag.py:3508} INFO - Setting next_dagrun for dataset_consumes_1 to None, run_after=None
[2023-08-10T11:04:45.681+0000] {logging_mixin.py:150} INFO - [2023-08-10T11:04:45.681+0000] {dag.py:3508} INFO - Setting next_dagrun for dataset_consumes_1_and_2 to None, run_after=None
[2023-08-10T11:04:45.682+0000] {logging_mixin.py:150} INFO - [2023-08-10T11:04:45.682+0000] {dag.py:3508} INFO - Setting next_dagrun for dataset_consumes_1_never_scheduled to None, run_after=None
[2023-08-10T11:04:45.683+0000] {logging_mixin.py:150} INFO - [2023-08-10T11:04:45.683+0000] {dag.py:3508} INFO - Setting next_dagrun for dataset_consumes_unknown_never_scheduled to None, run_after=None
[2023-08-10T11:04:45.686+0000] {logging_mixin.py:150} INFO - [2023-08-10T11:04:45.686+0000] {dag.py:3508} INFO - Setting next_dagrun for dataset_produces_1 to 2023-08-09T00:00:00+00:00, run_after=2023-08-10T00:00:00+00:00
[2023-08-10T11:04:45.688+0000] {logging_mixin.py:150} INFO - [2023-08-10T11:04:45.688+0000] {dag.py:3508} INFO - Setting next_dagrun for dataset_produces_2 to None, run_after=None
[2023-08-10T11:04:45.707+0000] {processor.py:179} INFO - Processing /home/airflow/.local/lib/python3.7/site-packages/airflow/example_dags/example_datasets.py took 0.078 seconds
