[2023-08-10T10:54:21.261+0000] {processor.py:157} INFO - Started process (PID=59) to work on /home/airflow/.local/lib/python3.7/site-packages/airflow/example_dags/example_trigger_target_dag.py
[2023-08-10T10:54:21.262+0000] {processor.py:826} INFO - Processing file /home/airflow/.local/lib/python3.7/site-packages/airflow/example_dags/example_trigger_target_dag.py for tasks to queue
[2023-08-10T10:54:21.263+0000] {logging_mixin.py:150} INFO - [2023-08-10T10:54:21.263+0000] {dagbag.py:541} INFO - Filling up the DagBag from /home/airflow/.local/lib/python3.7/site-packages/airflow/example_dags/example_trigger_target_dag.py
[2023-08-10T10:54:21.268+0000] {processor.py:836} INFO - DAG(s) dict_keys(['example_trigger_target_dag']) retrieved from /home/airflow/.local/lib/python3.7/site-packages/airflow/example_dags/example_trigger_target_dag.py
[2023-08-10T10:54:21.426+0000] {logging_mixin.py:150} INFO - [2023-08-10T10:54:21.426+0000] {manager.py:504} INFO - Created Permission View: can delete on DAG:example_trigger_target_dag
[2023-08-10T10:54:21.438+0000] {logging_mixin.py:150} INFO - [2023-08-10T10:54:21.438+0000] {manager.py:504} INFO - Created Permission View: can edit on DAG:example_trigger_target_dag
[2023-08-10T10:54:21.443+0000] {logging_mixin.py:150} INFO - [2023-08-10T10:54:21.443+0000] {manager.py:504} INFO - Created Permission View: can read on DAG:example_trigger_target_dag
[2023-08-10T10:54:21.459+0000] {logging_mixin.py:150} INFO - [2023-08-10T10:54:21.458+0000] {dag.py:2742} INFO - Sync 1 DAGs
[2023-08-10T10:54:21.472+0000] {logging_mixin.py:150} INFO - [2023-08-10T10:54:21.472+0000] {dag.py:2763} INFO - Creating ORM DAG for example_trigger_target_dag
[2023-08-10T10:54:21.482+0000] {logging_mixin.py:150} INFO - [2023-08-10T10:54:21.482+0000] {dag.py:3508} INFO - Setting next_dagrun for example_trigger_target_dag to None, run_after=None
[2023-08-10T10:54:21.513+0000] {processor.py:179} INFO - Processing /home/airflow/.local/lib/python3.7/site-packages/airflow/example_dags/example_trigger_target_dag.py took 0.255 seconds
[2023-08-10T10:54:51.993+0000] {processor.py:157} INFO - Started process (PID=118) to work on /home/airflow/.local/lib/python3.7/site-packages/airflow/example_dags/example_trigger_target_dag.py
[2023-08-10T10:54:51.994+0000] {processor.py:826} INFO - Processing file /home/airflow/.local/lib/python3.7/site-packages/airflow/example_dags/example_trigger_target_dag.py for tasks to queue
[2023-08-10T10:54:51.995+0000] {logging_mixin.py:150} INFO - [2023-08-10T10:54:51.995+0000] {dagbag.py:541} INFO - Filling up the DagBag from /home/airflow/.local/lib/python3.7/site-packages/airflow/example_dags/example_trigger_target_dag.py
[2023-08-10T10:54:52.000+0000] {processor.py:836} INFO - DAG(s) dict_keys(['example_trigger_target_dag']) retrieved from /home/airflow/.local/lib/python3.7/site-packages/airflow/example_dags/example_trigger_target_dag.py
[2023-08-10T10:54:52.015+0000] {logging_mixin.py:150} INFO - [2023-08-10T10:54:52.015+0000] {dag.py:2742} INFO - Sync 1 DAGs
[2023-08-10T10:54:52.029+0000] {logging_mixin.py:150} INFO - [2023-08-10T10:54:52.029+0000] {dag.py:3508} INFO - Setting next_dagrun for example_trigger_target_dag to None, run_after=None
[2023-08-10T10:54:52.039+0000] {processor.py:179} INFO - Processing /home/airflow/.local/lib/python3.7/site-packages/airflow/example_dags/example_trigger_target_dag.py took 0.049 seconds
[2023-08-10T10:57:15.805+0000] {processor.py:157} INFO - Started process (PID=58) to work on /home/airflow/.local/lib/python3.7/site-packages/airflow/example_dags/example_trigger_target_dag.py
[2023-08-10T10:57:15.806+0000] {processor.py:826} INFO - Processing file /home/airflow/.local/lib/python3.7/site-packages/airflow/example_dags/example_trigger_target_dag.py for tasks to queue
[2023-08-10T10:57:15.807+0000] {logging_mixin.py:150} INFO - [2023-08-10T10:57:15.806+0000] {dagbag.py:541} INFO - Filling up the DagBag from /home/airflow/.local/lib/python3.7/site-packages/airflow/example_dags/example_trigger_target_dag.py
[2023-08-10T10:57:15.813+0000] {processor.py:836} INFO - DAG(s) dict_keys(['example_trigger_target_dag']) retrieved from /home/airflow/.local/lib/python3.7/site-packages/airflow/example_dags/example_trigger_target_dag.py
[2023-08-10T10:57:15.827+0000] {logging_mixin.py:150} INFO - [2023-08-10T10:57:15.827+0000] {dag.py:2742} INFO - Sync 1 DAGs
[2023-08-10T10:57:15.843+0000] {logging_mixin.py:150} INFO - [2023-08-10T10:57:15.843+0000] {dag.py:3508} INFO - Setting next_dagrun for example_trigger_target_dag to None, run_after=None
[2023-08-10T10:57:15.863+0000] {processor.py:179} INFO - Processing /home/airflow/.local/lib/python3.7/site-packages/airflow/example_dags/example_trigger_target_dag.py took 0.062 seconds
[2023-08-10T10:57:46.973+0000] {processor.py:157} INFO - Started process (PID=117) to work on /home/airflow/.local/lib/python3.7/site-packages/airflow/example_dags/example_trigger_target_dag.py
[2023-08-10T10:57:46.974+0000] {processor.py:826} INFO - Processing file /home/airflow/.local/lib/python3.7/site-packages/airflow/example_dags/example_trigger_target_dag.py for tasks to queue
[2023-08-10T10:57:46.975+0000] {logging_mixin.py:150} INFO - [2023-08-10T10:57:46.975+0000] {dagbag.py:541} INFO - Filling up the DagBag from /home/airflow/.local/lib/python3.7/site-packages/airflow/example_dags/example_trigger_target_dag.py
[2023-08-10T10:57:46.979+0000] {processor.py:836} INFO - DAG(s) dict_keys(['example_trigger_target_dag']) retrieved from /home/airflow/.local/lib/python3.7/site-packages/airflow/example_dags/example_trigger_target_dag.py
[2023-08-10T10:57:46.995+0000] {logging_mixin.py:150} INFO - [2023-08-10T10:57:46.995+0000] {dag.py:2742} INFO - Sync 1 DAGs
[2023-08-10T10:57:47.008+0000] {logging_mixin.py:150} INFO - [2023-08-10T10:57:47.008+0000] {dag.py:3508} INFO - Setting next_dagrun for example_trigger_target_dag to None, run_after=None
[2023-08-10T10:57:47.018+0000] {processor.py:179} INFO - Processing /home/airflow/.local/lib/python3.7/site-packages/airflow/example_dags/example_trigger_target_dag.py took 0.048 seconds
[2023-08-10T11:02:15.773+0000] {processor.py:157} INFO - Started process (PID=59) to work on /home/airflow/.local/lib/python3.7/site-packages/airflow/example_dags/example_trigger_target_dag.py
[2023-08-10T11:02:15.774+0000] {processor.py:826} INFO - Processing file /home/airflow/.local/lib/python3.7/site-packages/airflow/example_dags/example_trigger_target_dag.py for tasks to queue
[2023-08-10T11:02:15.775+0000] {logging_mixin.py:150} INFO - [2023-08-10T11:02:15.775+0000] {dagbag.py:541} INFO - Filling up the DagBag from /home/airflow/.local/lib/python3.7/site-packages/airflow/example_dags/example_trigger_target_dag.py
[2023-08-10T11:02:15.782+0000] {processor.py:836} INFO - DAG(s) dict_keys(['example_trigger_target_dag']) retrieved from /home/airflow/.local/lib/python3.7/site-packages/airflow/example_dags/example_trigger_target_dag.py
[2023-08-10T11:02:15.801+0000] {logging_mixin.py:150} INFO - [2023-08-10T11:02:15.801+0000] {dag.py:2742} INFO - Sync 1 DAGs
[2023-08-10T11:02:15.819+0000] {logging_mixin.py:150} INFO - [2023-08-10T11:02:15.819+0000] {dag.py:3508} INFO - Setting next_dagrun for example_trigger_target_dag to None, run_after=None
[2023-08-10T11:02:15.830+0000] {processor.py:179} INFO - Processing /home/airflow/.local/lib/python3.7/site-packages/airflow/example_dags/example_trigger_target_dag.py took 0.066 seconds
[2023-08-10T11:02:46.024+0000] {processor.py:157} INFO - Started process (PID=118) to work on /home/airflow/.local/lib/python3.7/site-packages/airflow/example_dags/example_trigger_target_dag.py
[2023-08-10T11:02:46.024+0000] {processor.py:826} INFO - Processing file /home/airflow/.local/lib/python3.7/site-packages/airflow/example_dags/example_trigger_target_dag.py for tasks to queue
[2023-08-10T11:02:46.025+0000] {logging_mixin.py:150} INFO - [2023-08-10T11:02:46.025+0000] {dagbag.py:541} INFO - Filling up the DagBag from /home/airflow/.local/lib/python3.7/site-packages/airflow/example_dags/example_trigger_target_dag.py
[2023-08-10T11:02:46.030+0000] {processor.py:836} INFO - DAG(s) dict_keys(['example_trigger_target_dag']) retrieved from /home/airflow/.local/lib/python3.7/site-packages/airflow/example_dags/example_trigger_target_dag.py
[2023-08-10T11:02:46.047+0000] {logging_mixin.py:150} INFO - [2023-08-10T11:02:46.047+0000] {dag.py:2742} INFO - Sync 1 DAGs
[2023-08-10T11:02:46.061+0000] {logging_mixin.py:150} INFO - [2023-08-10T11:02:46.061+0000] {dag.py:3508} INFO - Setting next_dagrun for example_trigger_target_dag to None, run_after=None
[2023-08-10T11:02:46.070+0000] {processor.py:179} INFO - Processing /home/airflow/.local/lib/python3.7/site-packages/airflow/example_dags/example_trigger_target_dag.py took 0.049 seconds
[2023-08-10T11:03:16.337+0000] {processor.py:157} INFO - Started process (PID=177) to work on /home/airflow/.local/lib/python3.7/site-packages/airflow/example_dags/example_trigger_target_dag.py
[2023-08-10T11:03:16.338+0000] {processor.py:826} INFO - Processing file /home/airflow/.local/lib/python3.7/site-packages/airflow/example_dags/example_trigger_target_dag.py for tasks to queue
[2023-08-10T11:03:16.339+0000] {logging_mixin.py:150} INFO - [2023-08-10T11:03:16.339+0000] {dagbag.py:541} INFO - Filling up the DagBag from /home/airflow/.local/lib/python3.7/site-packages/airflow/example_dags/example_trigger_target_dag.py
[2023-08-10T11:03:16.344+0000] {processor.py:836} INFO - DAG(s) dict_keys(['example_trigger_target_dag']) retrieved from /home/airflow/.local/lib/python3.7/site-packages/airflow/example_dags/example_trigger_target_dag.py
[2023-08-10T11:03:16.361+0000] {logging_mixin.py:150} INFO - [2023-08-10T11:03:16.361+0000] {dag.py:2742} INFO - Sync 1 DAGs
[2023-08-10T11:03:16.375+0000] {logging_mixin.py:150} INFO - [2023-08-10T11:03:16.375+0000] {dag.py:3508} INFO - Setting next_dagrun for example_trigger_target_dag to None, run_after=None
[2023-08-10T11:03:16.385+0000] {processor.py:179} INFO - Processing /home/airflow/.local/lib/python3.7/site-packages/airflow/example_dags/example_trigger_target_dag.py took 0.050 seconds
[2023-08-10T11:03:47.488+0000] {processor.py:157} INFO - Started process (PID=236) to work on /home/airflow/.local/lib/python3.7/site-packages/airflow/example_dags/example_trigger_target_dag.py
[2023-08-10T11:03:47.490+0000] {processor.py:826} INFO - Processing file /home/airflow/.local/lib/python3.7/site-packages/airflow/example_dags/example_trigger_target_dag.py for tasks to queue
[2023-08-10T11:03:47.491+0000] {logging_mixin.py:150} INFO - [2023-08-10T11:03:47.490+0000] {dagbag.py:541} INFO - Filling up the DagBag from /home/airflow/.local/lib/python3.7/site-packages/airflow/example_dags/example_trigger_target_dag.py
[2023-08-10T11:03:47.495+0000] {processor.py:836} INFO - DAG(s) dict_keys(['example_trigger_target_dag']) retrieved from /home/airflow/.local/lib/python3.7/site-packages/airflow/example_dags/example_trigger_target_dag.py
[2023-08-10T11:03:47.513+0000] {logging_mixin.py:150} INFO - [2023-08-10T11:03:47.512+0000] {dag.py:2742} INFO - Sync 1 DAGs
[2023-08-10T11:03:47.528+0000] {logging_mixin.py:150} INFO - [2023-08-10T11:03:47.528+0000] {dag.py:3508} INFO - Setting next_dagrun for example_trigger_target_dag to None, run_after=None
[2023-08-10T11:03:47.539+0000] {processor.py:179} INFO - Processing /home/airflow/.local/lib/python3.7/site-packages/airflow/example_dags/example_trigger_target_dag.py took 0.053 seconds
[2023-08-10T11:04:17.657+0000] {processor.py:157} INFO - Started process (PID=295) to work on /home/airflow/.local/lib/python3.7/site-packages/airflow/example_dags/example_trigger_target_dag.py
[2023-08-10T11:04:17.658+0000] {processor.py:826} INFO - Processing file /home/airflow/.local/lib/python3.7/site-packages/airflow/example_dags/example_trigger_target_dag.py for tasks to queue
[2023-08-10T11:04:17.658+0000] {logging_mixin.py:150} INFO - [2023-08-10T11:04:17.658+0000] {dagbag.py:541} INFO - Filling up the DagBag from /home/airflow/.local/lib/python3.7/site-packages/airflow/example_dags/example_trigger_target_dag.py
[2023-08-10T11:04:17.663+0000] {processor.py:836} INFO - DAG(s) dict_keys(['example_trigger_target_dag']) retrieved from /home/airflow/.local/lib/python3.7/site-packages/airflow/example_dags/example_trigger_target_dag.py
[2023-08-10T11:04:17.680+0000] {logging_mixin.py:150} INFO - [2023-08-10T11:04:17.680+0000] {dag.py:2742} INFO - Sync 1 DAGs
[2023-08-10T11:04:17.694+0000] {logging_mixin.py:150} INFO - [2023-08-10T11:04:17.694+0000] {dag.py:3508} INFO - Setting next_dagrun for example_trigger_target_dag to None, run_after=None
[2023-08-10T11:04:17.703+0000] {processor.py:179} INFO - Processing /home/airflow/.local/lib/python3.7/site-packages/airflow/example_dags/example_trigger_target_dag.py took 0.049 seconds
[2023-08-10T11:04:48.871+0000] {processor.py:157} INFO - Started process (PID=354) to work on /home/airflow/.local/lib/python3.7/site-packages/airflow/example_dags/example_trigger_target_dag.py
[2023-08-10T11:04:48.872+0000] {processor.py:826} INFO - Processing file /home/airflow/.local/lib/python3.7/site-packages/airflow/example_dags/example_trigger_target_dag.py for tasks to queue
[2023-08-10T11:04:48.872+0000] {logging_mixin.py:150} INFO - [2023-08-10T11:04:48.872+0000] {dagbag.py:541} INFO - Filling up the DagBag from /home/airflow/.local/lib/python3.7/site-packages/airflow/example_dags/example_trigger_target_dag.py
[2023-08-10T11:04:48.877+0000] {processor.py:836} INFO - DAG(s) dict_keys(['example_trigger_target_dag']) retrieved from /home/airflow/.local/lib/python3.7/site-packages/airflow/example_dags/example_trigger_target_dag.py
[2023-08-10T11:04:48.893+0000] {logging_mixin.py:150} INFO - [2023-08-10T11:04:48.893+0000] {dag.py:2742} INFO - Sync 1 DAGs
[2023-08-10T11:04:48.907+0000] {logging_mixin.py:150} INFO - [2023-08-10T11:04:48.907+0000] {dag.py:3508} INFO - Setting next_dagrun for example_trigger_target_dag to None, run_after=None
[2023-08-10T11:04:48.916+0000] {processor.py:179} INFO - Processing /home/airflow/.local/lib/python3.7/site-packages/airflow/example_dags/example_trigger_target_dag.py took 0.048 seconds
