[2023-08-10T10:54:21.881+0000] {processor.py:157} INFO - Started process (PID=64) to work on /home/airflow/.local/lib/python3.7/site-packages/airflow/example_dags/example_params_ui_tutorial.py
[2023-08-10T10:54:21.882+0000] {processor.py:826} INFO - Processing file /home/airflow/.local/lib/python3.7/site-packages/airflow/example_dags/example_params_ui_tutorial.py for tasks to queue
[2023-08-10T10:54:21.882+0000] {logging_mixin.py:150} INFO - [2023-08-10T10:54:21.882+0000] {dagbag.py:541} INFO - Filling up the DagBag from /home/airflow/.local/lib/python3.7/site-packages/airflow/example_dags/example_params_ui_tutorial.py
[2023-08-10T10:54:21.906+0000] {processor.py:836} INFO - DAG(s) dict_keys(['example_params_ui_tutorial']) retrieved from /home/airflow/.local/lib/python3.7/site-packages/airflow/example_dags/example_params_ui_tutorial.py
[2023-08-10T10:54:21.980+0000] {logging_mixin.py:150} INFO - [2023-08-10T10:54:21.980+0000] {manager.py:504} INFO - Created Permission View: can delete on DAG:example_params_ui_tutorial
[2023-08-10T10:54:21.985+0000] {logging_mixin.py:150} INFO - [2023-08-10T10:54:21.985+0000] {manager.py:504} INFO - Created Permission View: can edit on DAG:example_params_ui_tutorial
[2023-08-10T10:54:21.988+0000] {logging_mixin.py:150} INFO - [2023-08-10T10:54:21.988+0000] {manager.py:504} INFO - Created Permission View: can read on DAG:example_params_ui_tutorial
[2023-08-10T10:54:21.994+0000] {logging_mixin.py:150} INFO - [2023-08-10T10:54:21.994+0000] {dag.py:2742} INFO - Sync 1 DAGs
[2023-08-10T10:54:22.001+0000] {logging_mixin.py:150} INFO - [2023-08-10T10:54:22.000+0000] {dag.py:2763} INFO - Creating ORM DAG for example_params_ui_tutorial
[2023-08-10T10:54:22.006+0000] {logging_mixin.py:150} INFO - [2023-08-10T10:54:22.006+0000] {dag.py:3508} INFO - Setting next_dagrun for example_params_ui_tutorial to None, run_after=None
[2023-08-10T10:54:22.015+0000] {processor.py:179} INFO - Processing /home/airflow/.local/lib/python3.7/site-packages/airflow/example_dags/example_params_ui_tutorial.py took 0.137 seconds
[2023-08-10T10:54:52.164+0000] {processor.py:157} INFO - Started process (PID=123) to work on /home/airflow/.local/lib/python3.7/site-packages/airflow/example_dags/example_params_ui_tutorial.py
[2023-08-10T10:54:52.165+0000] {processor.py:826} INFO - Processing file /home/airflow/.local/lib/python3.7/site-packages/airflow/example_dags/example_params_ui_tutorial.py for tasks to queue
[2023-08-10T10:54:52.166+0000] {logging_mixin.py:150} INFO - [2023-08-10T10:54:52.165+0000] {dagbag.py:541} INFO - Filling up the DagBag from /home/airflow/.local/lib/python3.7/site-packages/airflow/example_dags/example_params_ui_tutorial.py
[2023-08-10T10:54:52.189+0000] {processor.py:836} INFO - DAG(s) dict_keys(['example_params_ui_tutorial']) retrieved from /home/airflow/.local/lib/python3.7/site-packages/airflow/example_dags/example_params_ui_tutorial.py
[2023-08-10T10:54:52.223+0000] {logging_mixin.py:150} INFO - [2023-08-10T10:54:52.223+0000] {dag.py:2742} INFO - Sync 1 DAGs
[2023-08-10T10:54:52.237+0000] {logging_mixin.py:150} INFO - [2023-08-10T10:54:52.237+0000] {dag.py:3508} INFO - Setting next_dagrun for example_params_ui_tutorial to None, run_after=None
[2023-08-10T10:54:52.246+0000] {processor.py:179} INFO - Processing /home/airflow/.local/lib/python3.7/site-packages/airflow/example_dags/example_params_ui_tutorial.py took 0.085 seconds
[2023-08-10T10:57:16.046+0000] {processor.py:157} INFO - Started process (PID=63) to work on /home/airflow/.local/lib/python3.7/site-packages/airflow/example_dags/example_params_ui_tutorial.py
[2023-08-10T10:57:16.047+0000] {processor.py:826} INFO - Processing file /home/airflow/.local/lib/python3.7/site-packages/airflow/example_dags/example_params_ui_tutorial.py for tasks to queue
[2023-08-10T10:57:16.048+0000] {logging_mixin.py:150} INFO - [2023-08-10T10:57:16.048+0000] {dagbag.py:541} INFO - Filling up the DagBag from /home/airflow/.local/lib/python3.7/site-packages/airflow/example_dags/example_params_ui_tutorial.py
[2023-08-10T10:57:16.078+0000] {processor.py:836} INFO - DAG(s) dict_keys(['example_params_ui_tutorial']) retrieved from /home/airflow/.local/lib/python3.7/site-packages/airflow/example_dags/example_params_ui_tutorial.py
[2023-08-10T10:57:16.094+0000] {logging_mixin.py:150} INFO - [2023-08-10T10:57:16.094+0000] {dag.py:2742} INFO - Sync 1 DAGs
[2023-08-10T10:57:16.128+0000] {logging_mixin.py:150} INFO - [2023-08-10T10:57:16.128+0000] {dag.py:3508} INFO - Setting next_dagrun for example_params_ui_tutorial to None, run_after=None
[2023-08-10T10:57:16.150+0000] {processor.py:179} INFO - Processing /home/airflow/.local/lib/python3.7/site-packages/airflow/example_dags/example_params_ui_tutorial.py took 0.107 seconds
[2023-08-10T10:57:47.138+0000] {processor.py:157} INFO - Started process (PID=122) to work on /home/airflow/.local/lib/python3.7/site-packages/airflow/example_dags/example_params_ui_tutorial.py
[2023-08-10T10:57:47.139+0000] {processor.py:826} INFO - Processing file /home/airflow/.local/lib/python3.7/site-packages/airflow/example_dags/example_params_ui_tutorial.py for tasks to queue
[2023-08-10T10:57:47.140+0000] {logging_mixin.py:150} INFO - [2023-08-10T10:57:47.140+0000] {dagbag.py:541} INFO - Filling up the DagBag from /home/airflow/.local/lib/python3.7/site-packages/airflow/example_dags/example_params_ui_tutorial.py
[2023-08-10T10:57:47.162+0000] {processor.py:836} INFO - DAG(s) dict_keys(['example_params_ui_tutorial']) retrieved from /home/airflow/.local/lib/python3.7/site-packages/airflow/example_dags/example_params_ui_tutorial.py
[2023-08-10T10:57:47.195+0000] {logging_mixin.py:150} INFO - [2023-08-10T10:57:47.195+0000] {dag.py:2742} INFO - Sync 1 DAGs
[2023-08-10T10:57:47.209+0000] {logging_mixin.py:150} INFO - [2023-08-10T10:57:47.209+0000] {dag.py:3508} INFO - Setting next_dagrun for example_params_ui_tutorial to None, run_after=None
[2023-08-10T10:57:47.219+0000] {processor.py:179} INFO - Processing /home/airflow/.local/lib/python3.7/site-packages/airflow/example_dags/example_params_ui_tutorial.py took 0.084 seconds
[2023-08-10T11:02:16.047+0000] {processor.py:157} INFO - Started process (PID=64) to work on /home/airflow/.local/lib/python3.7/site-packages/airflow/example_dags/example_params_ui_tutorial.py
[2023-08-10T11:02:16.048+0000] {processor.py:826} INFO - Processing file /home/airflow/.local/lib/python3.7/site-packages/airflow/example_dags/example_params_ui_tutorial.py for tasks to queue
[2023-08-10T11:02:16.049+0000] {logging_mixin.py:150} INFO - [2023-08-10T11:02:16.049+0000] {dagbag.py:541} INFO - Filling up the DagBag from /home/airflow/.local/lib/python3.7/site-packages/airflow/example_dags/example_params_ui_tutorial.py
[2023-08-10T11:02:16.077+0000] {processor.py:836} INFO - DAG(s) dict_keys(['example_params_ui_tutorial']) retrieved from /home/airflow/.local/lib/python3.7/site-packages/airflow/example_dags/example_params_ui_tutorial.py
[2023-08-10T11:02:16.090+0000] {logging_mixin.py:150} INFO - [2023-08-10T11:02:16.090+0000] {dag.py:2742} INFO - Sync 1 DAGs
[2023-08-10T11:02:16.118+0000] {logging_mixin.py:150} INFO - [2023-08-10T11:02:16.118+0000] {dag.py:3508} INFO - Setting next_dagrun for example_params_ui_tutorial to None, run_after=None
[2023-08-10T11:02:16.135+0000] {processor.py:179} INFO - Processing /home/airflow/.local/lib/python3.7/site-packages/airflow/example_dags/example_params_ui_tutorial.py took 0.090 seconds
[2023-08-10T11:02:46.197+0000] {processor.py:157} INFO - Started process (PID=123) to work on /home/airflow/.local/lib/python3.7/site-packages/airflow/example_dags/example_params_ui_tutorial.py
[2023-08-10T11:02:46.197+0000] {processor.py:826} INFO - Processing file /home/airflow/.local/lib/python3.7/site-packages/airflow/example_dags/example_params_ui_tutorial.py for tasks to queue
[2023-08-10T11:02:46.198+0000] {logging_mixin.py:150} INFO - [2023-08-10T11:02:46.198+0000] {dagbag.py:541} INFO - Filling up the DagBag from /home/airflow/.local/lib/python3.7/site-packages/airflow/example_dags/example_params_ui_tutorial.py
[2023-08-10T11:02:46.221+0000] {processor.py:836} INFO - DAG(s) dict_keys(['example_params_ui_tutorial']) retrieved from /home/airflow/.local/lib/python3.7/site-packages/airflow/example_dags/example_params_ui_tutorial.py
[2023-08-10T11:02:46.254+0000] {logging_mixin.py:150} INFO - [2023-08-10T11:02:46.254+0000] {dag.py:2742} INFO - Sync 1 DAGs
[2023-08-10T11:02:46.268+0000] {logging_mixin.py:150} INFO - [2023-08-10T11:02:46.268+0000] {dag.py:3508} INFO - Setting next_dagrun for example_params_ui_tutorial to None, run_after=None
[2023-08-10T11:02:46.278+0000] {processor.py:179} INFO - Processing /home/airflow/.local/lib/python3.7/site-packages/airflow/example_dags/example_params_ui_tutorial.py took 0.083 seconds
[2023-08-10T11:03:16.567+0000] {processor.py:157} INFO - Started process (PID=182) to work on /home/airflow/.local/lib/python3.7/site-packages/airflow/example_dags/example_params_ui_tutorial.py
[2023-08-10T11:03:16.568+0000] {processor.py:826} INFO - Processing file /home/airflow/.local/lib/python3.7/site-packages/airflow/example_dags/example_params_ui_tutorial.py for tasks to queue
[2023-08-10T11:03:16.568+0000] {logging_mixin.py:150} INFO - [2023-08-10T11:03:16.568+0000] {dagbag.py:541} INFO - Filling up the DagBag from /home/airflow/.local/lib/python3.7/site-packages/airflow/example_dags/example_params_ui_tutorial.py
[2023-08-10T11:03:16.592+0000] {processor.py:836} INFO - DAG(s) dict_keys(['example_params_ui_tutorial']) retrieved from /home/airflow/.local/lib/python3.7/site-packages/airflow/example_dags/example_params_ui_tutorial.py
[2023-08-10T11:03:16.625+0000] {logging_mixin.py:150} INFO - [2023-08-10T11:03:16.625+0000] {dag.py:2742} INFO - Sync 1 DAGs
[2023-08-10T11:03:16.639+0000] {logging_mixin.py:150} INFO - [2023-08-10T11:03:16.639+0000] {dag.py:3508} INFO - Setting next_dagrun for example_params_ui_tutorial to None, run_after=None
[2023-08-10T11:03:16.659+0000] {processor.py:179} INFO - Processing /home/airflow/.local/lib/python3.7/site-packages/airflow/example_dags/example_params_ui_tutorial.py took 0.094 seconds
[2023-08-10T11:03:47.665+0000] {processor.py:157} INFO - Started process (PID=241) to work on /home/airflow/.local/lib/python3.7/site-packages/airflow/example_dags/example_params_ui_tutorial.py
[2023-08-10T11:03:47.666+0000] {processor.py:826} INFO - Processing file /home/airflow/.local/lib/python3.7/site-packages/airflow/example_dags/example_params_ui_tutorial.py for tasks to queue
[2023-08-10T11:03:47.666+0000] {logging_mixin.py:150} INFO - [2023-08-10T11:03:47.666+0000] {dagbag.py:541} INFO - Filling up the DagBag from /home/airflow/.local/lib/python3.7/site-packages/airflow/example_dags/example_params_ui_tutorial.py
[2023-08-10T11:03:47.688+0000] {processor.py:836} INFO - DAG(s) dict_keys(['example_params_ui_tutorial']) retrieved from /home/airflow/.local/lib/python3.7/site-packages/airflow/example_dags/example_params_ui_tutorial.py
[2023-08-10T11:03:47.723+0000] {logging_mixin.py:150} INFO - [2023-08-10T11:03:47.723+0000] {dag.py:2742} INFO - Sync 1 DAGs
[2023-08-10T11:03:47.738+0000] {logging_mixin.py:150} INFO - [2023-08-10T11:03:47.738+0000] {dag.py:3508} INFO - Setting next_dagrun for example_params_ui_tutorial to None, run_after=None
[2023-08-10T11:03:47.748+0000] {processor.py:179} INFO - Processing /home/airflow/.local/lib/python3.7/site-packages/airflow/example_dags/example_params_ui_tutorial.py took 0.085 seconds
[2023-08-10T11:04:17.891+0000] {processor.py:157} INFO - Started process (PID=300) to work on /home/airflow/.local/lib/python3.7/site-packages/airflow/example_dags/example_params_ui_tutorial.py
[2023-08-10T11:04:17.892+0000] {processor.py:826} INFO - Processing file /home/airflow/.local/lib/python3.7/site-packages/airflow/example_dags/example_params_ui_tutorial.py for tasks to queue
[2023-08-10T11:04:17.893+0000] {logging_mixin.py:150} INFO - [2023-08-10T11:04:17.893+0000] {dagbag.py:541} INFO - Filling up the DagBag from /home/airflow/.local/lib/python3.7/site-packages/airflow/example_dags/example_params_ui_tutorial.py
[2023-08-10T11:04:17.915+0000] {processor.py:836} INFO - DAG(s) dict_keys(['example_params_ui_tutorial']) retrieved from /home/airflow/.local/lib/python3.7/site-packages/airflow/example_dags/example_params_ui_tutorial.py
[2023-08-10T11:04:17.950+0000] {logging_mixin.py:150} INFO - [2023-08-10T11:04:17.950+0000] {dag.py:2742} INFO - Sync 1 DAGs
[2023-08-10T11:04:17.964+0000] {logging_mixin.py:150} INFO - [2023-08-10T11:04:17.964+0000] {dag.py:3508} INFO - Setting next_dagrun for example_params_ui_tutorial to None, run_after=None
[2023-08-10T11:04:17.974+0000] {processor.py:179} INFO - Processing /home/airflow/.local/lib/python3.7/site-packages/airflow/example_dags/example_params_ui_tutorial.py took 0.086 seconds
[2023-08-10T11:04:49.105+0000] {processor.py:157} INFO - Started process (PID=359) to work on /home/airflow/.local/lib/python3.7/site-packages/airflow/example_dags/example_params_ui_tutorial.py
[2023-08-10T11:04:49.106+0000] {processor.py:826} INFO - Processing file /home/airflow/.local/lib/python3.7/site-packages/airflow/example_dags/example_params_ui_tutorial.py for tasks to queue
[2023-08-10T11:04:49.107+0000] {logging_mixin.py:150} INFO - [2023-08-10T11:04:49.107+0000] {dagbag.py:541} INFO - Filling up the DagBag from /home/airflow/.local/lib/python3.7/site-packages/airflow/example_dags/example_params_ui_tutorial.py
[2023-08-10T11:04:49.130+0000] {processor.py:836} INFO - DAG(s) dict_keys(['example_params_ui_tutorial']) retrieved from /home/airflow/.local/lib/python3.7/site-packages/airflow/example_dags/example_params_ui_tutorial.py
[2023-08-10T11:04:49.164+0000] {logging_mixin.py:150} INFO - [2023-08-10T11:04:49.164+0000] {dag.py:2742} INFO - Sync 1 DAGs
[2023-08-10T11:04:49.179+0000] {logging_mixin.py:150} INFO - [2023-08-10T11:04:49.179+0000] {dag.py:3508} INFO - Setting next_dagrun for example_params_ui_tutorial to None, run_after=None
[2023-08-10T11:04:49.188+0000] {processor.py:179} INFO - Processing /home/airflow/.local/lib/python3.7/site-packages/airflow/example_dags/example_params_ui_tutorial.py took 0.086 seconds
