[2023-08-10T10:54:19.520+0000] {processor.py:157} INFO - Started process (PID=48) to work on /home/airflow/.local/lib/python3.7/site-packages/airflow/example_dags/example_kubernetes_executor.py
[2023-08-10T10:54:19.521+0000] {processor.py:826} INFO - Processing file /home/airflow/.local/lib/python3.7/site-packages/airflow/example_dags/example_kubernetes_executor.py for tasks to queue
[2023-08-10T10:54:19.523+0000] {logging_mixin.py:150} INFO - [2023-08-10T10:54:19.523+0000] {dagbag.py:541} INFO - Filling up the DagBag from /home/airflow/.local/lib/python3.7/site-packages/airflow/example_dags/example_kubernetes_executor.py
[2023-08-10T10:54:20.223+0000] {processor.py:836} INFO - DAG(s) dict_keys(['example_kubernetes_executor']) retrieved from /home/airflow/.local/lib/python3.7/site-packages/airflow/example_dags/example_kubernetes_executor.py
[2023-08-10T10:54:20.320+0000] {logging_mixin.py:150} INFO - [2023-08-10T10:54:20.320+0000] {manager.py:504} INFO - Created Permission View: can delete on DAG:example_kubernetes_executor
[2023-08-10T10:54:20.327+0000] {logging_mixin.py:150} INFO - [2023-08-10T10:54:20.327+0000] {manager.py:504} INFO - Created Permission View: can edit on DAG:example_kubernetes_executor
[2023-08-10T10:54:20.331+0000] {logging_mixin.py:150} INFO - [2023-08-10T10:54:20.331+0000] {manager.py:504} INFO - Created Permission View: can read on DAG:example_kubernetes_executor
[2023-08-10T10:54:20.341+0000] {logging_mixin.py:150} INFO - [2023-08-10T10:54:20.341+0000] {dag.py:2742} INFO - Sync 1 DAGs
[2023-08-10T10:54:20.351+0000] {logging_mixin.py:150} INFO - [2023-08-10T10:54:20.351+0000] {dag.py:2763} INFO - Creating ORM DAG for example_kubernetes_executor
[2023-08-10T10:54:20.361+0000] {logging_mixin.py:150} INFO - [2023-08-10T10:54:20.361+0000] {dag.py:3508} INFO - Setting next_dagrun for example_kubernetes_executor to None, run_after=None
[2023-08-10T10:54:20.376+0000] {processor.py:179} INFO - Processing /home/airflow/.local/lib/python3.7/site-packages/airflow/example_dags/example_kubernetes_executor.py took 0.860 seconds
[2023-08-10T10:54:50.528+0000] {processor.py:157} INFO - Started process (PID=110) to work on /home/airflow/.local/lib/python3.7/site-packages/airflow/example_dags/example_kubernetes_executor.py
[2023-08-10T10:54:50.530+0000] {processor.py:826} INFO - Processing file /home/airflow/.local/lib/python3.7/site-packages/airflow/example_dags/example_kubernetes_executor.py for tasks to queue
[2023-08-10T10:54:50.530+0000] {logging_mixin.py:150} INFO - [2023-08-10T10:54:50.530+0000] {dagbag.py:541} INFO - Filling up the DagBag from /home/airflow/.local/lib/python3.7/site-packages/airflow/example_dags/example_kubernetes_executor.py
[2023-08-10T10:54:50.721+0000] {processor.py:836} INFO - DAG(s) dict_keys(['example_kubernetes_executor']) retrieved from /home/airflow/.local/lib/python3.7/site-packages/airflow/example_dags/example_kubernetes_executor.py
[2023-08-10T10:54:50.746+0000] {logging_mixin.py:150} INFO - [2023-08-10T10:54:50.745+0000] {dag.py:2742} INFO - Sync 1 DAGs
[2023-08-10T10:54:50.760+0000] {logging_mixin.py:150} INFO - [2023-08-10T10:54:50.760+0000] {dag.py:3508} INFO - Setting next_dagrun for example_kubernetes_executor to None, run_after=None
[2023-08-10T10:54:50.769+0000] {processor.py:179} INFO - Processing /home/airflow/.local/lib/python3.7/site-packages/airflow/example_dags/example_kubernetes_executor.py took 0.243 seconds
[2023-08-10T10:57:14.839+0000] {processor.py:157} INFO - Started process (PID=47) to work on /home/airflow/.local/lib/python3.7/site-packages/airflow/example_dags/example_kubernetes_executor.py
[2023-08-10T10:57:14.840+0000] {processor.py:826} INFO - Processing file /home/airflow/.local/lib/python3.7/site-packages/airflow/example_dags/example_kubernetes_executor.py for tasks to queue
[2023-08-10T10:57:14.841+0000] {logging_mixin.py:150} INFO - [2023-08-10T10:57:14.841+0000] {dagbag.py:541} INFO - Filling up the DagBag from /home/airflow/.local/lib/python3.7/site-packages/airflow/example_dags/example_kubernetes_executor.py
[2023-08-10T10:57:15.451+0000] {processor.py:836} INFO - DAG(s) dict_keys(['example_kubernetes_executor']) retrieved from /home/airflow/.local/lib/python3.7/site-packages/airflow/example_dags/example_kubernetes_executor.py
[2023-08-10T10:57:15.463+0000] {logging_mixin.py:150} INFO - [2023-08-10T10:57:15.463+0000] {dag.py:2742} INFO - Sync 1 DAGs
[2023-08-10T10:57:15.480+0000] {logging_mixin.py:150} INFO - [2023-08-10T10:57:15.480+0000] {dag.py:3508} INFO - Setting next_dagrun for example_kubernetes_executor to None, run_after=None
[2023-08-10T10:57:15.504+0000] {processor.py:179} INFO - Processing /home/airflow/.local/lib/python3.7/site-packages/airflow/example_dags/example_kubernetes_executor.py took 0.667 seconds
[2023-08-10T10:57:46.505+0000] {processor.py:157} INFO - Started process (PID=110) to work on /home/airflow/.local/lib/python3.7/site-packages/airflow/example_dags/example_kubernetes_executor.py
[2023-08-10T10:57:46.508+0000] {processor.py:826} INFO - Processing file /home/airflow/.local/lib/python3.7/site-packages/airflow/example_dags/example_kubernetes_executor.py for tasks to queue
[2023-08-10T10:57:46.510+0000] {logging_mixin.py:150} INFO - [2023-08-10T10:57:46.510+0000] {dagbag.py:541} INFO - Filling up the DagBag from /home/airflow/.local/lib/python3.7/site-packages/airflow/example_dags/example_kubernetes_executor.py
[2023-08-10T10:57:46.695+0000] {processor.py:836} INFO - DAG(s) dict_keys(['example_kubernetes_executor']) retrieved from /home/airflow/.local/lib/python3.7/site-packages/airflow/example_dags/example_kubernetes_executor.py
[2023-08-10T10:57:46.723+0000] {logging_mixin.py:150} INFO - [2023-08-10T10:57:46.723+0000] {dag.py:2742} INFO - Sync 1 DAGs
[2023-08-10T10:57:46.736+0000] {logging_mixin.py:150} INFO - [2023-08-10T10:57:46.735+0000] {dag.py:3508} INFO - Setting next_dagrun for example_kubernetes_executor to None, run_after=None
[2023-08-10T10:57:46.745+0000] {processor.py:179} INFO - Processing /home/airflow/.local/lib/python3.7/site-packages/airflow/example_dags/example_kubernetes_executor.py took 0.246 seconds
[2023-08-10T11:02:14.683+0000] {processor.py:157} INFO - Started process (PID=48) to work on /home/airflow/.local/lib/python3.7/site-packages/airflow/example_dags/example_kubernetes_executor.py
[2023-08-10T11:02:14.684+0000] {processor.py:826} INFO - Processing file /home/airflow/.local/lib/python3.7/site-packages/airflow/example_dags/example_kubernetes_executor.py for tasks to queue
[2023-08-10T11:02:14.685+0000] {logging_mixin.py:150} INFO - [2023-08-10T11:02:14.685+0000] {dagbag.py:541} INFO - Filling up the DagBag from /home/airflow/.local/lib/python3.7/site-packages/airflow/example_dags/example_kubernetes_executor.py
[2023-08-10T11:02:15.306+0000] {processor.py:836} INFO - DAG(s) dict_keys(['example_kubernetes_executor']) retrieved from /home/airflow/.local/lib/python3.7/site-packages/airflow/example_dags/example_kubernetes_executor.py
[2023-08-10T11:02:15.337+0000] {logging_mixin.py:150} INFO - [2023-08-10T11:02:15.337+0000] {dag.py:2742} INFO - Sync 1 DAGs
[2023-08-10T11:02:15.355+0000] {logging_mixin.py:150} INFO - [2023-08-10T11:02:15.355+0000] {dag.py:3508} INFO - Setting next_dagrun for example_kubernetes_executor to None, run_after=None
[2023-08-10T11:02:15.428+0000] {processor.py:179} INFO - Processing /home/airflow/.local/lib/python3.7/site-packages/airflow/example_dags/example_kubernetes_executor.py took 0.748 seconds
[2023-08-10T11:02:45.561+0000] {processor.py:157} INFO - Started process (PID=109) to work on /home/airflow/.local/lib/python3.7/site-packages/airflow/example_dags/example_kubernetes_executor.py
[2023-08-10T11:02:45.562+0000] {processor.py:826} INFO - Processing file /home/airflow/.local/lib/python3.7/site-packages/airflow/example_dags/example_kubernetes_executor.py for tasks to queue
[2023-08-10T11:02:45.562+0000] {logging_mixin.py:150} INFO - [2023-08-10T11:02:45.562+0000] {dagbag.py:541} INFO - Filling up the DagBag from /home/airflow/.local/lib/python3.7/site-packages/airflow/example_dags/example_kubernetes_executor.py
[2023-08-10T11:02:45.760+0000] {processor.py:836} INFO - DAG(s) dict_keys(['example_kubernetes_executor']) retrieved from /home/airflow/.local/lib/python3.7/site-packages/airflow/example_dags/example_kubernetes_executor.py
[2023-08-10T11:02:45.790+0000] {logging_mixin.py:150} INFO - [2023-08-10T11:02:45.789+0000] {dag.py:2742} INFO - Sync 1 DAGs
[2023-08-10T11:02:45.803+0000] {logging_mixin.py:150} INFO - [2023-08-10T11:02:45.803+0000] {dag.py:3508} INFO - Setting next_dagrun for example_kubernetes_executor to None, run_after=None
[2023-08-10T11:02:45.814+0000] {processor.py:179} INFO - Processing /home/airflow/.local/lib/python3.7/site-packages/airflow/example_dags/example_kubernetes_executor.py took 0.256 seconds
[2023-08-10T11:03:15.934+0000] {processor.py:157} INFO - Started process (PID=170) to work on /home/airflow/.local/lib/python3.7/site-packages/airflow/example_dags/example_kubernetes_executor.py
[2023-08-10T11:03:15.935+0000] {processor.py:826} INFO - Processing file /home/airflow/.local/lib/python3.7/site-packages/airflow/example_dags/example_kubernetes_executor.py for tasks to queue
[2023-08-10T11:03:15.936+0000] {logging_mixin.py:150} INFO - [2023-08-10T11:03:15.936+0000] {dagbag.py:541} INFO - Filling up the DagBag from /home/airflow/.local/lib/python3.7/site-packages/airflow/example_dags/example_kubernetes_executor.py
[2023-08-10T11:03:16.040+0000] {processor.py:836} INFO - DAG(s) dict_keys(['example_kubernetes_executor']) retrieved from /home/airflow/.local/lib/python3.7/site-packages/airflow/example_dags/example_kubernetes_executor.py
[2023-08-10T11:03:16.065+0000] {logging_mixin.py:150} INFO - [2023-08-10T11:03:16.065+0000] {dag.py:2742} INFO - Sync 1 DAGs
[2023-08-10T11:03:16.080+0000] {logging_mixin.py:150} INFO - [2023-08-10T11:03:16.080+0000] {dag.py:3508} INFO - Setting next_dagrun for example_kubernetes_executor to None, run_after=None
[2023-08-10T11:03:16.091+0000] {processor.py:179} INFO - Processing /home/airflow/.local/lib/python3.7/site-packages/airflow/example_dags/example_kubernetes_executor.py took 0.160 seconds
[2023-08-10T11:03:47.092+0000] {processor.py:157} INFO - Started process (PID=229) to work on /home/airflow/.local/lib/python3.7/site-packages/airflow/example_dags/example_kubernetes_executor.py
[2023-08-10T11:03:47.094+0000] {processor.py:826} INFO - Processing file /home/airflow/.local/lib/python3.7/site-packages/airflow/example_dags/example_kubernetes_executor.py for tasks to queue
[2023-08-10T11:03:47.096+0000] {logging_mixin.py:150} INFO - [2023-08-10T11:03:47.095+0000] {dagbag.py:541} INFO - Filling up the DagBag from /home/airflow/.local/lib/python3.7/site-packages/airflow/example_dags/example_kubernetes_executor.py
[2023-08-10T11:03:47.205+0000] {processor.py:836} INFO - DAG(s) dict_keys(['example_kubernetes_executor']) retrieved from /home/airflow/.local/lib/python3.7/site-packages/airflow/example_dags/example_kubernetes_executor.py
[2023-08-10T11:03:47.228+0000] {logging_mixin.py:150} INFO - [2023-08-10T11:03:47.228+0000] {dag.py:2742} INFO - Sync 1 DAGs
[2023-08-10T11:03:47.242+0000] {logging_mixin.py:150} INFO - [2023-08-10T11:03:47.242+0000] {dag.py:3508} INFO - Setting next_dagrun for example_kubernetes_executor to None, run_after=None
[2023-08-10T11:03:47.251+0000] {processor.py:179} INFO - Processing /home/airflow/.local/lib/python3.7/site-packages/airflow/example_dags/example_kubernetes_executor.py took 0.165 seconds
[2023-08-10T11:04:17.333+0000] {processor.py:157} INFO - Started process (PID=289) to work on /home/airflow/.local/lib/python3.7/site-packages/airflow/example_dags/example_kubernetes_executor.py
[2023-08-10T11:04:17.334+0000] {processor.py:826} INFO - Processing file /home/airflow/.local/lib/python3.7/site-packages/airflow/example_dags/example_kubernetes_executor.py for tasks to queue
[2023-08-10T11:04:17.335+0000] {logging_mixin.py:150} INFO - [2023-08-10T11:04:17.334+0000] {dagbag.py:541} INFO - Filling up the DagBag from /home/airflow/.local/lib/python3.7/site-packages/airflow/example_dags/example_kubernetes_executor.py
[2023-08-10T11:04:17.436+0000] {processor.py:836} INFO - DAG(s) dict_keys(['example_kubernetes_executor']) retrieved from /home/airflow/.local/lib/python3.7/site-packages/airflow/example_dags/example_kubernetes_executor.py
[2023-08-10T11:04:17.462+0000] {logging_mixin.py:150} INFO - [2023-08-10T11:04:17.461+0000] {dag.py:2742} INFO - Sync 1 DAGs
[2023-08-10T11:04:17.475+0000] {logging_mixin.py:150} INFO - [2023-08-10T11:04:17.475+0000] {dag.py:3508} INFO - Setting next_dagrun for example_kubernetes_executor to None, run_after=None
[2023-08-10T11:04:17.484+0000] {processor.py:179} INFO - Processing /home/airflow/.local/lib/python3.7/site-packages/airflow/example_dags/example_kubernetes_executor.py took 0.155 seconds
[2023-08-10T11:04:48.478+0000] {processor.py:157} INFO - Started process (PID=347) to work on /home/airflow/.local/lib/python3.7/site-packages/airflow/example_dags/example_kubernetes_executor.py
[2023-08-10T11:04:48.480+0000] {processor.py:826} INFO - Processing file /home/airflow/.local/lib/python3.7/site-packages/airflow/example_dags/example_kubernetes_executor.py for tasks to queue
[2023-08-10T11:04:48.482+0000] {logging_mixin.py:150} INFO - [2023-08-10T11:04:48.482+0000] {dagbag.py:541} INFO - Filling up the DagBag from /home/airflow/.local/lib/python3.7/site-packages/airflow/example_dags/example_kubernetes_executor.py
[2023-08-10T11:04:48.594+0000] {processor.py:836} INFO - DAG(s) dict_keys(['example_kubernetes_executor']) retrieved from /home/airflow/.local/lib/python3.7/site-packages/airflow/example_dags/example_kubernetes_executor.py
[2023-08-10T11:04:48.617+0000] {logging_mixin.py:150} INFO - [2023-08-10T11:04:48.617+0000] {dag.py:2742} INFO - Sync 1 DAGs
[2023-08-10T11:04:48.630+0000] {logging_mixin.py:150} INFO - [2023-08-10T11:04:48.630+0000] {dag.py:3508} INFO - Setting next_dagrun for example_kubernetes_executor to None, run_after=None
[2023-08-10T11:04:48.640+0000] {processor.py:179} INFO - Processing /home/airflow/.local/lib/python3.7/site-packages/airflow/example_dags/example_kubernetes_executor.py took 0.168 seconds
