[2023-08-10T10:54:20.839+0000] {processor.py:157} INFO - Started process (PID=58) to work on /home/airflow/.local/lib/python3.7/site-packages/airflow/example_dags/example_branch_python_dop_operator_3.py
[2023-08-10T10:54:20.840+0000] {processor.py:826} INFO - Processing file /home/airflow/.local/lib/python3.7/site-packages/airflow/example_dags/example_branch_python_dop_operator_3.py for tasks to queue
[2023-08-10T10:54:20.841+0000] {logging_mixin.py:150} INFO - [2023-08-10T10:54:20.841+0000] {dagbag.py:541} INFO - Filling up the DagBag from /home/airflow/.local/lib/python3.7/site-packages/airflow/example_dags/example_branch_python_dop_operator_3.py
[2023-08-10T10:54:20.850+0000] {processor.py:836} INFO - DAG(s) dict_keys(['example_branch_dop_operator_v3']) retrieved from /home/airflow/.local/lib/python3.7/site-packages/airflow/example_dags/example_branch_python_dop_operator_3.py
[2023-08-10T10:54:21.157+0000] {logging_mixin.py:150} INFO - [2023-08-10T10:54:21.156+0000] {manager.py:504} INFO - Created Permission View: can delete on DAG:example_branch_dop_operator_v3
[2023-08-10T10:54:21.203+0000] {logging_mixin.py:150} INFO - [2023-08-10T10:54:21.202+0000] {manager.py:504} INFO - Created Permission View: can edit on DAG:example_branch_dop_operator_v3
[2023-08-10T10:54:21.208+0000] {logging_mixin.py:150} INFO - [2023-08-10T10:54:21.208+0000] {manager.py:504} INFO - Created Permission View: can read on DAG:example_branch_dop_operator_v3
[2023-08-10T10:54:21.221+0000] {logging_mixin.py:150} INFO - [2023-08-10T10:54:21.221+0000] {dag.py:2742} INFO - Sync 1 DAGs
[2023-08-10T10:54:21.230+0000] {logging_mixin.py:150} INFO - [2023-08-10T10:54:21.229+0000] {dag.py:2763} INFO - Creating ORM DAG for example_branch_dop_operator_v3
[2023-08-10T10:54:21.241+0000] {logging_mixin.py:150} INFO - [2023-08-10T10:54:21.241+0000] {dag.py:3508} INFO - Setting next_dagrun for example_branch_dop_operator_v3 to 2023-08-10T10:53:00+00:00, run_after=2023-08-10T10:54:00+00:00
[2023-08-10T10:54:21.252+0000] {processor.py:179} INFO - Processing /home/airflow/.local/lib/python3.7/site-packages/airflow/example_dags/example_branch_python_dop_operator_3.py took 0.415 seconds
[2023-08-10T10:54:51.920+0000] {processor.py:157} INFO - Started process (PID=117) to work on /home/airflow/.local/lib/python3.7/site-packages/airflow/example_dags/example_branch_python_dop_operator_3.py
[2023-08-10T10:54:51.923+0000] {processor.py:826} INFO - Processing file /home/airflow/.local/lib/python3.7/site-packages/airflow/example_dags/example_branch_python_dop_operator_3.py for tasks to queue
[2023-08-10T10:54:51.924+0000] {logging_mixin.py:150} INFO - [2023-08-10T10:54:51.924+0000] {dagbag.py:541} INFO - Filling up the DagBag from /home/airflow/.local/lib/python3.7/site-packages/airflow/example_dags/example_branch_python_dop_operator_3.py
[2023-08-10T10:54:51.934+0000] {processor.py:836} INFO - DAG(s) dict_keys(['example_branch_dop_operator_v3']) retrieved from /home/airflow/.local/lib/python3.7/site-packages/airflow/example_dags/example_branch_python_dop_operator_3.py
[2023-08-10T10:54:51.955+0000] {logging_mixin.py:150} INFO - [2023-08-10T10:54:51.955+0000] {dag.py:2742} INFO - Sync 1 DAGs
[2023-08-10T10:54:51.972+0000] {logging_mixin.py:150} INFO - [2023-08-10T10:54:51.972+0000] {dag.py:3508} INFO - Setting next_dagrun for example_branch_dop_operator_v3 to 2023-08-10T10:53:00+00:00, run_after=2023-08-10T10:54:00+00:00
[2023-08-10T10:54:51.981+0000] {processor.py:179} INFO - Processing /home/airflow/.local/lib/python3.7/site-packages/airflow/example_dags/example_branch_python_dop_operator_3.py took 0.065 seconds
[2023-08-10T10:57:15.801+0000] {processor.py:157} INFO - Started process (PID=57) to work on /home/airflow/.local/lib/python3.7/site-packages/airflow/example_dags/example_branch_python_dop_operator_3.py
[2023-08-10T10:57:15.802+0000] {processor.py:826} INFO - Processing file /home/airflow/.local/lib/python3.7/site-packages/airflow/example_dags/example_branch_python_dop_operator_3.py for tasks to queue
[2023-08-10T10:57:15.803+0000] {logging_mixin.py:150} INFO - [2023-08-10T10:57:15.802+0000] {dagbag.py:541} INFO - Filling up the DagBag from /home/airflow/.local/lib/python3.7/site-packages/airflow/example_dags/example_branch_python_dop_operator_3.py
[2023-08-10T10:57:15.810+0000] {processor.py:836} INFO - DAG(s) dict_keys(['example_branch_dop_operator_v3']) retrieved from /home/airflow/.local/lib/python3.7/site-packages/airflow/example_dags/example_branch_python_dop_operator_3.py
[2023-08-10T10:57:15.826+0000] {logging_mixin.py:150} INFO - [2023-08-10T10:57:15.826+0000] {dag.py:2742} INFO - Sync 1 DAGs
[2023-08-10T10:57:15.846+0000] {logging_mixin.py:150} INFO - [2023-08-10T10:57:15.846+0000] {dag.py:3508} INFO - Setting next_dagrun for example_branch_dop_operator_v3 to 2023-08-10T10:56:00+00:00, run_after=2023-08-10T10:57:00+00:00
[2023-08-10T10:57:15.857+0000] {processor.py:179} INFO - Processing /home/airflow/.local/lib/python3.7/site-packages/airflow/example_dags/example_branch_python_dop_operator_3.py took 0.059 seconds
[2023-08-10T10:57:46.917+0000] {processor.py:157} INFO - Started process (PID=116) to work on /home/airflow/.local/lib/python3.7/site-packages/airflow/example_dags/example_branch_python_dop_operator_3.py
[2023-08-10T10:57:46.918+0000] {processor.py:826} INFO - Processing file /home/airflow/.local/lib/python3.7/site-packages/airflow/example_dags/example_branch_python_dop_operator_3.py for tasks to queue
[2023-08-10T10:57:46.919+0000] {logging_mixin.py:150} INFO - [2023-08-10T10:57:46.919+0000] {dagbag.py:541} INFO - Filling up the DagBag from /home/airflow/.local/lib/python3.7/site-packages/airflow/example_dags/example_branch_python_dop_operator_3.py
[2023-08-10T10:57:46.925+0000] {processor.py:836} INFO - DAG(s) dict_keys(['example_branch_dop_operator_v3']) retrieved from /home/airflow/.local/lib/python3.7/site-packages/airflow/example_dags/example_branch_python_dop_operator_3.py
[2023-08-10T10:57:46.942+0000] {logging_mixin.py:150} INFO - [2023-08-10T10:57:46.941+0000] {dag.py:2742} INFO - Sync 1 DAGs
[2023-08-10T10:57:46.957+0000] {logging_mixin.py:150} INFO - [2023-08-10T10:57:46.957+0000] {dag.py:3508} INFO - Setting next_dagrun for example_branch_dop_operator_v3 to 2023-08-10T10:56:00+00:00, run_after=2023-08-10T10:57:00+00:00
[2023-08-10T10:57:46.967+0000] {processor.py:179} INFO - Processing /home/airflow/.local/lib/python3.7/site-packages/airflow/example_dags/example_branch_python_dop_operator_3.py took 0.052 seconds
[2023-08-10T11:02:15.747+0000] {processor.py:157} INFO - Started process (PID=58) to work on /home/airflow/.local/lib/python3.7/site-packages/airflow/example_dags/example_branch_python_dop_operator_3.py
[2023-08-10T11:02:15.752+0000] {processor.py:826} INFO - Processing file /home/airflow/.local/lib/python3.7/site-packages/airflow/example_dags/example_branch_python_dop_operator_3.py for tasks to queue
[2023-08-10T11:02:15.754+0000] {logging_mixin.py:150} INFO - [2023-08-10T11:02:15.753+0000] {dagbag.py:541} INFO - Filling up the DagBag from /home/airflow/.local/lib/python3.7/site-packages/airflow/example_dags/example_branch_python_dop_operator_3.py
[2023-08-10T11:02:15.765+0000] {processor.py:836} INFO - DAG(s) dict_keys(['example_branch_dop_operator_v3']) retrieved from /home/airflow/.local/lib/python3.7/site-packages/airflow/example_dags/example_branch_python_dop_operator_3.py
[2023-08-10T11:02:15.779+0000] {logging_mixin.py:150} INFO - [2023-08-10T11:02:15.779+0000] {dag.py:2742} INFO - Sync 1 DAGs
[2023-08-10T11:02:15.801+0000] {logging_mixin.py:150} INFO - [2023-08-10T11:02:15.801+0000] {dag.py:3508} INFO - Setting next_dagrun for example_branch_dop_operator_v3 to 2023-08-10T11:01:00+00:00, run_after=2023-08-10T11:02:00+00:00
[2023-08-10T11:02:15.813+0000] {processor.py:179} INFO - Processing /home/airflow/.local/lib/python3.7/site-packages/airflow/example_dags/example_branch_python_dop_operator_3.py took 0.079 seconds
[2023-08-10T11:02:45.981+0000] {processor.py:157} INFO - Started process (PID=117) to work on /home/airflow/.local/lib/python3.7/site-packages/airflow/example_dags/example_branch_python_dop_operator_3.py
[2023-08-10T11:02:45.982+0000] {processor.py:826} INFO - Processing file /home/airflow/.local/lib/python3.7/site-packages/airflow/example_dags/example_branch_python_dop_operator_3.py for tasks to queue
[2023-08-10T11:02:45.983+0000] {logging_mixin.py:150} INFO - [2023-08-10T11:02:45.983+0000] {dagbag.py:541} INFO - Filling up the DagBag from /home/airflow/.local/lib/python3.7/site-packages/airflow/example_dags/example_branch_python_dop_operator_3.py
[2023-08-10T11:02:45.989+0000] {processor.py:836} INFO - DAG(s) dict_keys(['example_branch_dop_operator_v3']) retrieved from /home/airflow/.local/lib/python3.7/site-packages/airflow/example_dags/example_branch_python_dop_operator_3.py
[2023-08-10T11:02:46.006+0000] {logging_mixin.py:150} INFO - [2023-08-10T11:02:46.006+0000] {dag.py:2742} INFO - Sync 1 DAGs
[2023-08-10T11:02:46.022+0000] {logging_mixin.py:150} INFO - [2023-08-10T11:02:46.022+0000] {dag.py:3508} INFO - Setting next_dagrun for example_branch_dop_operator_v3 to 2023-08-10T11:01:00+00:00, run_after=2023-08-10T11:02:00+00:00
[2023-08-10T11:02:46.032+0000] {processor.py:179} INFO - Processing /home/airflow/.local/lib/python3.7/site-packages/airflow/example_dags/example_branch_python_dop_operator_3.py took 0.053 seconds
[2023-08-10T11:03:16.281+0000] {processor.py:157} INFO - Started process (PID=176) to work on /home/airflow/.local/lib/python3.7/site-packages/airflow/example_dags/example_branch_python_dop_operator_3.py
[2023-08-10T11:03:16.282+0000] {processor.py:826} INFO - Processing file /home/airflow/.local/lib/python3.7/site-packages/airflow/example_dags/example_branch_python_dop_operator_3.py for tasks to queue
[2023-08-10T11:03:16.283+0000] {logging_mixin.py:150} INFO - [2023-08-10T11:03:16.283+0000] {dagbag.py:541} INFO - Filling up the DagBag from /home/airflow/.local/lib/python3.7/site-packages/airflow/example_dags/example_branch_python_dop_operator_3.py
[2023-08-10T11:03:16.289+0000] {processor.py:836} INFO - DAG(s) dict_keys(['example_branch_dop_operator_v3']) retrieved from /home/airflow/.local/lib/python3.7/site-packages/airflow/example_dags/example_branch_python_dop_operator_3.py
[2023-08-10T11:03:16.307+0000] {logging_mixin.py:150} INFO - [2023-08-10T11:03:16.307+0000] {dag.py:2742} INFO - Sync 1 DAGs
[2023-08-10T11:03:16.323+0000] {logging_mixin.py:150} INFO - [2023-08-10T11:03:16.323+0000] {dag.py:3508} INFO - Setting next_dagrun for example_branch_dop_operator_v3 to 2023-08-10T11:02:00+00:00, run_after=2023-08-10T11:03:00+00:00
[2023-08-10T11:03:16.335+0000] {processor.py:179} INFO - Processing /home/airflow/.local/lib/python3.7/site-packages/airflow/example_dags/example_branch_python_dop_operator_3.py took 0.056 seconds
[2023-08-10T11:03:47.429+0000] {processor.py:157} INFO - Started process (PID=235) to work on /home/airflow/.local/lib/python3.7/site-packages/airflow/example_dags/example_branch_python_dop_operator_3.py
[2023-08-10T11:03:47.430+0000] {processor.py:826} INFO - Processing file /home/airflow/.local/lib/python3.7/site-packages/airflow/example_dags/example_branch_python_dop_operator_3.py for tasks to queue
[2023-08-10T11:03:47.431+0000] {logging_mixin.py:150} INFO - [2023-08-10T11:03:47.430+0000] {dagbag.py:541} INFO - Filling up the DagBag from /home/airflow/.local/lib/python3.7/site-packages/airflow/example_dags/example_branch_python_dop_operator_3.py
[2023-08-10T11:03:47.436+0000] {processor.py:836} INFO - DAG(s) dict_keys(['example_branch_dop_operator_v3']) retrieved from /home/airflow/.local/lib/python3.7/site-packages/airflow/example_dags/example_branch_python_dop_operator_3.py
[2023-08-10T11:03:47.454+0000] {logging_mixin.py:150} INFO - [2023-08-10T11:03:47.454+0000] {dag.py:2742} INFO - Sync 1 DAGs
[2023-08-10T11:03:47.471+0000] {logging_mixin.py:150} INFO - [2023-08-10T11:03:47.470+0000] {dag.py:3508} INFO - Setting next_dagrun for example_branch_dop_operator_v3 to 2023-08-10T11:02:00+00:00, run_after=2023-08-10T11:03:00+00:00
[2023-08-10T11:03:47.481+0000] {processor.py:179} INFO - Processing /home/airflow/.local/lib/python3.7/site-packages/airflow/example_dags/example_branch_python_dop_operator_3.py took 0.055 seconds
[2023-08-10T11:04:17.615+0000] {processor.py:157} INFO - Started process (PID=294) to work on /home/airflow/.local/lib/python3.7/site-packages/airflow/example_dags/example_branch_python_dop_operator_3.py
[2023-08-10T11:04:17.616+0000] {processor.py:826} INFO - Processing file /home/airflow/.local/lib/python3.7/site-packages/airflow/example_dags/example_branch_python_dop_operator_3.py for tasks to queue
[2023-08-10T11:04:17.617+0000] {logging_mixin.py:150} INFO - [2023-08-10T11:04:17.617+0000] {dagbag.py:541} INFO - Filling up the DagBag from /home/airflow/.local/lib/python3.7/site-packages/airflow/example_dags/example_branch_python_dop_operator_3.py
[2023-08-10T11:04:17.622+0000] {processor.py:836} INFO - DAG(s) dict_keys(['example_branch_dop_operator_v3']) retrieved from /home/airflow/.local/lib/python3.7/site-packages/airflow/example_dags/example_branch_python_dop_operator_3.py
[2023-08-10T11:04:17.639+0000] {logging_mixin.py:150} INFO - [2023-08-10T11:04:17.639+0000] {dag.py:2742} INFO - Sync 1 DAGs
[2023-08-10T11:04:17.656+0000] {logging_mixin.py:150} INFO - [2023-08-10T11:04:17.656+0000] {dag.py:3508} INFO - Setting next_dagrun for example_branch_dop_operator_v3 to 2023-08-10T11:03:00+00:00, run_after=2023-08-10T11:04:00+00:00
[2023-08-10T11:04:17.666+0000] {processor.py:179} INFO - Processing /home/airflow/.local/lib/python3.7/site-packages/airflow/example_dags/example_branch_python_dop_operator_3.py took 0.053 seconds
[2023-08-10T11:04:48.817+0000] {processor.py:157} INFO - Started process (PID=353) to work on /home/airflow/.local/lib/python3.7/site-packages/airflow/example_dags/example_branch_python_dop_operator_3.py
[2023-08-10T11:04:48.818+0000] {processor.py:826} INFO - Processing file /home/airflow/.local/lib/python3.7/site-packages/airflow/example_dags/example_branch_python_dop_operator_3.py for tasks to queue
[2023-08-10T11:04:48.819+0000] {logging_mixin.py:150} INFO - [2023-08-10T11:04:48.819+0000] {dagbag.py:541} INFO - Filling up the DagBag from /home/airflow/.local/lib/python3.7/site-packages/airflow/example_dags/example_branch_python_dop_operator_3.py
[2023-08-10T11:04:48.824+0000] {processor.py:836} INFO - DAG(s) dict_keys(['example_branch_dop_operator_v3']) retrieved from /home/airflow/.local/lib/python3.7/site-packages/airflow/example_dags/example_branch_python_dop_operator_3.py
[2023-08-10T11:04:48.841+0000] {logging_mixin.py:150} INFO - [2023-08-10T11:04:48.841+0000] {dag.py:2742} INFO - Sync 1 DAGs
[2023-08-10T11:04:48.860+0000] {logging_mixin.py:150} INFO - [2023-08-10T11:04:48.860+0000] {dag.py:3508} INFO - Setting next_dagrun for example_branch_dop_operator_v3 to 2023-08-10T11:03:00+00:00, run_after=2023-08-10T11:04:00+00:00
[2023-08-10T11:04:48.870+0000] {processor.py:179} INFO - Processing /home/airflow/.local/lib/python3.7/site-packages/airflow/example_dags/example_branch_python_dop_operator_3.py took 0.055 seconds
