[2023-08-10T10:54:21.753+0000] {processor.py:157} INFO - Started process (PID=63) to work on /home/airflow/.local/lib/python3.7/site-packages/airflow/example_dags/example_short_circuit_decorator.py
[2023-08-10T10:54:21.754+0000] {processor.py:826} INFO - Processing file /home/airflow/.local/lib/python3.7/site-packages/airflow/example_dags/example_short_circuit_decorator.py for tasks to queue
[2023-08-10T10:54:21.755+0000] {logging_mixin.py:150} INFO - [2023-08-10T10:54:21.755+0000] {dagbag.py:541} INFO - Filling up the DagBag from /home/airflow/.local/lib/python3.7/site-packages/airflow/example_dags/example_short_circuit_decorator.py
[2023-08-10T10:54:21.761+0000] {processor.py:836} INFO - DAG(s) dict_keys(['example_short_circuit_decorator']) retrieved from /home/airflow/.local/lib/python3.7/site-packages/airflow/example_dags/example_short_circuit_decorator.py
[2023-08-10T10:54:21.818+0000] {logging_mixin.py:150} INFO - [2023-08-10T10:54:21.818+0000] {manager.py:504} INFO - Created Permission View: can delete on DAG:example_short_circuit_decorator
[2023-08-10T10:54:21.823+0000] {logging_mixin.py:150} INFO - [2023-08-10T10:54:21.823+0000] {manager.py:504} INFO - Created Permission View: can edit on DAG:example_short_circuit_decorator
[2023-08-10T10:54:21.826+0000] {logging_mixin.py:150} INFO - [2023-08-10T10:54:21.826+0000] {manager.py:504} INFO - Created Permission View: can read on DAG:example_short_circuit_decorator
[2023-08-10T10:54:21.833+0000] {logging_mixin.py:150} INFO - [2023-08-10T10:54:21.833+0000] {dag.py:2742} INFO - Sync 1 DAGs
[2023-08-10T10:54:21.841+0000] {logging_mixin.py:150} INFO - [2023-08-10T10:54:21.841+0000] {dag.py:2763} INFO - Creating ORM DAG for example_short_circuit_decorator
[2023-08-10T10:54:21.848+0000] {logging_mixin.py:150} INFO - [2023-08-10T10:54:21.848+0000] {dag.py:3508} INFO - Setting next_dagrun for example_short_circuit_decorator to 2023-08-09T10:54:21.848045+00:00, run_after=2023-08-10T10:54:21.848045+00:00
[2023-08-10T10:54:21.858+0000] {processor.py:179} INFO - Processing /home/airflow/.local/lib/python3.7/site-packages/airflow/example_dags/example_short_circuit_decorator.py took 0.108 seconds
[2023-08-10T10:54:52.149+0000] {processor.py:157} INFO - Started process (PID=122) to work on /home/airflow/.local/lib/python3.7/site-packages/airflow/example_dags/example_short_circuit_decorator.py
[2023-08-10T10:54:52.150+0000] {processor.py:826} INFO - Processing file /home/airflow/.local/lib/python3.7/site-packages/airflow/example_dags/example_short_circuit_decorator.py for tasks to queue
[2023-08-10T10:54:52.151+0000] {logging_mixin.py:150} INFO - [2023-08-10T10:54:52.151+0000] {dagbag.py:541} INFO - Filling up the DagBag from /home/airflow/.local/lib/python3.7/site-packages/airflow/example_dags/example_short_circuit_decorator.py
[2023-08-10T10:54:52.158+0000] {processor.py:836} INFO - DAG(s) dict_keys(['example_short_circuit_decorator']) retrieved from /home/airflow/.local/lib/python3.7/site-packages/airflow/example_dags/example_short_circuit_decorator.py
[2023-08-10T10:54:52.176+0000] {logging_mixin.py:150} INFO - [2023-08-10T10:54:52.176+0000] {dag.py:2742} INFO - Sync 1 DAGs
[2023-08-10T10:54:52.190+0000] {logging_mixin.py:150} INFO - [2023-08-10T10:54:52.190+0000] {dag.py:3508} INFO - Setting next_dagrun for example_short_circuit_decorator to 2023-08-09T10:54:52.190574+00:00, run_after=2023-08-10T10:54:52.190574+00:00
[2023-08-10T10:54:52.201+0000] {processor.py:179} INFO - Processing /home/airflow/.local/lib/python3.7/site-packages/airflow/example_dags/example_short_circuit_decorator.py took 0.054 seconds
[2023-08-10T10:57:15.981+0000] {processor.py:157} INFO - Started process (PID=62) to work on /home/airflow/.local/lib/python3.7/site-packages/airflow/example_dags/example_short_circuit_decorator.py
[2023-08-10T10:57:15.989+0000] {processor.py:826} INFO - Processing file /home/airflow/.local/lib/python3.7/site-packages/airflow/example_dags/example_short_circuit_decorator.py for tasks to queue
[2023-08-10T10:57:15.990+0000] {logging_mixin.py:150} INFO - [2023-08-10T10:57:15.990+0000] {dagbag.py:541} INFO - Filling up the DagBag from /home/airflow/.local/lib/python3.7/site-packages/airflow/example_dags/example_short_circuit_decorator.py
[2023-08-10T10:57:15.999+0000] {processor.py:836} INFO - DAG(s) dict_keys(['example_short_circuit_decorator']) retrieved from /home/airflow/.local/lib/python3.7/site-packages/airflow/example_dags/example_short_circuit_decorator.py
[2023-08-10T10:57:16.011+0000] {logging_mixin.py:150} INFO - [2023-08-10T10:57:16.011+0000] {dag.py:2742} INFO - Sync 1 DAGs
[2023-08-10T10:57:16.033+0000] {logging_mixin.py:150} INFO - [2023-08-10T10:57:16.033+0000] {dag.py:3508} INFO - Setting next_dagrun for example_short_circuit_decorator to 2023-08-09T10:57:16.032727+00:00, run_after=2023-08-10T10:57:16.032727+00:00
[2023-08-10T10:57:16.044+0000] {processor.py:179} INFO - Processing /home/airflow/.local/lib/python3.7/site-packages/airflow/example_dags/example_short_circuit_decorator.py took 0.066 seconds
[2023-08-10T10:57:47.129+0000] {processor.py:157} INFO - Started process (PID=121) to work on /home/airflow/.local/lib/python3.7/site-packages/airflow/example_dags/example_short_circuit_decorator.py
[2023-08-10T10:57:47.130+0000] {processor.py:826} INFO - Processing file /home/airflow/.local/lib/python3.7/site-packages/airflow/example_dags/example_short_circuit_decorator.py for tasks to queue
[2023-08-10T10:57:47.130+0000] {logging_mixin.py:150} INFO - [2023-08-10T10:57:47.130+0000] {dagbag.py:541} INFO - Filling up the DagBag from /home/airflow/.local/lib/python3.7/site-packages/airflow/example_dags/example_short_circuit_decorator.py
[2023-08-10T10:57:47.137+0000] {processor.py:836} INFO - DAG(s) dict_keys(['example_short_circuit_decorator']) retrieved from /home/airflow/.local/lib/python3.7/site-packages/airflow/example_dags/example_short_circuit_decorator.py
[2023-08-10T10:57:47.154+0000] {logging_mixin.py:150} INFO - [2023-08-10T10:57:47.154+0000] {dag.py:2742} INFO - Sync 1 DAGs
[2023-08-10T10:57:47.167+0000] {logging_mixin.py:150} INFO - [2023-08-10T10:57:47.167+0000] {dag.py:3508} INFO - Setting next_dagrun for example_short_circuit_decorator to 2023-08-09T10:57:47.167568+00:00, run_after=2023-08-10T10:57:47.167568+00:00
[2023-08-10T10:57:47.177+0000] {processor.py:179} INFO - Processing /home/airflow/.local/lib/python3.7/site-packages/airflow/example_dags/example_short_circuit_decorator.py took 0.051 seconds
[2023-08-10T11:02:15.962+0000] {processor.py:157} INFO - Started process (PID=63) to work on /home/airflow/.local/lib/python3.7/site-packages/airflow/example_dags/example_short_circuit_decorator.py
[2023-08-10T11:02:15.963+0000] {processor.py:826} INFO - Processing file /home/airflow/.local/lib/python3.7/site-packages/airflow/example_dags/example_short_circuit_decorator.py for tasks to queue
[2023-08-10T11:02:15.964+0000] {logging_mixin.py:150} INFO - [2023-08-10T11:02:15.964+0000] {dagbag.py:541} INFO - Filling up the DagBag from /home/airflow/.local/lib/python3.7/site-packages/airflow/example_dags/example_short_circuit_decorator.py
[2023-08-10T11:02:15.972+0000] {processor.py:836} INFO - DAG(s) dict_keys(['example_short_circuit_decorator']) retrieved from /home/airflow/.local/lib/python3.7/site-packages/airflow/example_dags/example_short_circuit_decorator.py
[2023-08-10T11:02:16.006+0000] {logging_mixin.py:150} INFO - [2023-08-10T11:02:16.006+0000] {dag.py:2742} INFO - Sync 1 DAGs
[2023-08-10T11:02:16.048+0000] {logging_mixin.py:150} INFO - [2023-08-10T11:02:16.048+0000] {dag.py:3508} INFO - Setting next_dagrun for example_short_circuit_decorator to 2023-08-09T11:02:16.048432+00:00, run_after=2023-08-10T11:02:16.048432+00:00
[2023-08-10T11:02:16.059+0000] {processor.py:179} INFO - Processing /home/airflow/.local/lib/python3.7/site-packages/airflow/example_dags/example_short_circuit_decorator.py took 0.102 seconds
[2023-08-10T11:02:46.189+0000] {processor.py:157} INFO - Started process (PID=122) to work on /home/airflow/.local/lib/python3.7/site-packages/airflow/example_dags/example_short_circuit_decorator.py
[2023-08-10T11:02:46.190+0000] {processor.py:826} INFO - Processing file /home/airflow/.local/lib/python3.7/site-packages/airflow/example_dags/example_short_circuit_decorator.py for tasks to queue
[2023-08-10T11:02:46.191+0000] {logging_mixin.py:150} INFO - [2023-08-10T11:02:46.191+0000] {dagbag.py:541} INFO - Filling up the DagBag from /home/airflow/.local/lib/python3.7/site-packages/airflow/example_dags/example_short_circuit_decorator.py
[2023-08-10T11:02:46.198+0000] {processor.py:836} INFO - DAG(s) dict_keys(['example_short_circuit_decorator']) retrieved from /home/airflow/.local/lib/python3.7/site-packages/airflow/example_dags/example_short_circuit_decorator.py
[2023-08-10T11:02:46.215+0000] {logging_mixin.py:150} INFO - [2023-08-10T11:02:46.215+0000] {dag.py:2742} INFO - Sync 1 DAGs
[2023-08-10T11:02:46.229+0000] {logging_mixin.py:150} INFO - [2023-08-10T11:02:46.229+0000] {dag.py:3508} INFO - Setting next_dagrun for example_short_circuit_decorator to 2023-08-09T11:02:46.229120+00:00, run_after=2023-08-10T11:02:46.229120+00:00
[2023-08-10T11:02:46.238+0000] {processor.py:179} INFO - Processing /home/airflow/.local/lib/python3.7/site-packages/airflow/example_dags/example_short_circuit_decorator.py took 0.051 seconds
[2023-08-10T11:03:16.500+0000] {processor.py:157} INFO - Started process (PID=181) to work on /home/airflow/.local/lib/python3.7/site-packages/airflow/example_dags/example_short_circuit_decorator.py
[2023-08-10T11:03:16.501+0000] {processor.py:826} INFO - Processing file /home/airflow/.local/lib/python3.7/site-packages/airflow/example_dags/example_short_circuit_decorator.py for tasks to queue
[2023-08-10T11:03:16.501+0000] {logging_mixin.py:150} INFO - [2023-08-10T11:03:16.501+0000] {dagbag.py:541} INFO - Filling up the DagBag from /home/airflow/.local/lib/python3.7/site-packages/airflow/example_dags/example_short_circuit_decorator.py
[2023-08-10T11:03:16.508+0000] {processor.py:836} INFO - DAG(s) dict_keys(['example_short_circuit_decorator']) retrieved from /home/airflow/.local/lib/python3.7/site-packages/airflow/example_dags/example_short_circuit_decorator.py
[2023-08-10T11:03:16.526+0000] {logging_mixin.py:150} INFO - [2023-08-10T11:03:16.525+0000] {dag.py:2742} INFO - Sync 1 DAGs
[2023-08-10T11:03:16.539+0000] {logging_mixin.py:150} INFO - [2023-08-10T11:03:16.539+0000] {dag.py:3508} INFO - Setting next_dagrun for example_short_circuit_decorator to 2023-08-09T11:03:16.539387+00:00, run_after=2023-08-10T11:03:16.539387+00:00
[2023-08-10T11:03:16.549+0000] {processor.py:179} INFO - Processing /home/airflow/.local/lib/python3.7/site-packages/airflow/example_dags/example_short_circuit_decorator.py took 0.052 seconds
[2023-08-10T11:03:47.653+0000] {processor.py:157} INFO - Started process (PID=240) to work on /home/airflow/.local/lib/python3.7/site-packages/airflow/example_dags/example_short_circuit_decorator.py
[2023-08-10T11:03:47.654+0000] {processor.py:826} INFO - Processing file /home/airflow/.local/lib/python3.7/site-packages/airflow/example_dags/example_short_circuit_decorator.py for tasks to queue
[2023-08-10T11:03:47.655+0000] {logging_mixin.py:150} INFO - [2023-08-10T11:03:47.655+0000] {dagbag.py:541} INFO - Filling up the DagBag from /home/airflow/.local/lib/python3.7/site-packages/airflow/example_dags/example_short_circuit_decorator.py
[2023-08-10T11:03:47.661+0000] {processor.py:836} INFO - DAG(s) dict_keys(['example_short_circuit_decorator']) retrieved from /home/airflow/.local/lib/python3.7/site-packages/airflow/example_dags/example_short_circuit_decorator.py
[2023-08-10T11:03:47.678+0000] {logging_mixin.py:150} INFO - [2023-08-10T11:03:47.678+0000] {dag.py:2742} INFO - Sync 1 DAGs
[2023-08-10T11:03:47.692+0000] {logging_mixin.py:150} INFO - [2023-08-10T11:03:47.692+0000] {dag.py:3508} INFO - Setting next_dagrun for example_short_circuit_decorator to 2023-08-09T11:03:47.692625+00:00, run_after=2023-08-10T11:03:47.692625+00:00
[2023-08-10T11:03:47.703+0000] {processor.py:179} INFO - Processing /home/airflow/.local/lib/python3.7/site-packages/airflow/example_dags/example_short_circuit_decorator.py took 0.052 seconds
[2023-08-10T11:04:17.823+0000] {processor.py:157} INFO - Started process (PID=299) to work on /home/airflow/.local/lib/python3.7/site-packages/airflow/example_dags/example_short_circuit_decorator.py
[2023-08-10T11:04:17.824+0000] {processor.py:826} INFO - Processing file /home/airflow/.local/lib/python3.7/site-packages/airflow/example_dags/example_short_circuit_decorator.py for tasks to queue
[2023-08-10T11:04:17.824+0000] {logging_mixin.py:150} INFO - [2023-08-10T11:04:17.824+0000] {dagbag.py:541} INFO - Filling up the DagBag from /home/airflow/.local/lib/python3.7/site-packages/airflow/example_dags/example_short_circuit_decorator.py
[2023-08-10T11:04:17.831+0000] {processor.py:836} INFO - DAG(s) dict_keys(['example_short_circuit_decorator']) retrieved from /home/airflow/.local/lib/python3.7/site-packages/airflow/example_dags/example_short_circuit_decorator.py
[2023-08-10T11:04:17.849+0000] {logging_mixin.py:150} INFO - [2023-08-10T11:04:17.849+0000] {dag.py:2742} INFO - Sync 1 DAGs
[2023-08-10T11:04:17.862+0000] {logging_mixin.py:150} INFO - [2023-08-10T11:04:17.862+0000] {dag.py:3508} INFO - Setting next_dagrun for example_short_circuit_decorator to 2023-08-09T11:04:17.862439+00:00, run_after=2023-08-10T11:04:17.862439+00:00
[2023-08-10T11:04:17.873+0000] {processor.py:179} INFO - Processing /home/airflow/.local/lib/python3.7/site-packages/airflow/example_dags/example_short_circuit_decorator.py took 0.053 seconds
[2023-08-10T11:04:49.031+0000] {processor.py:157} INFO - Started process (PID=358) to work on /home/airflow/.local/lib/python3.7/site-packages/airflow/example_dags/example_short_circuit_decorator.py
[2023-08-10T11:04:49.032+0000] {processor.py:826} INFO - Processing file /home/airflow/.local/lib/python3.7/site-packages/airflow/example_dags/example_short_circuit_decorator.py for tasks to queue
[2023-08-10T11:04:49.033+0000] {logging_mixin.py:150} INFO - [2023-08-10T11:04:49.033+0000] {dagbag.py:541} INFO - Filling up the DagBag from /home/airflow/.local/lib/python3.7/site-packages/airflow/example_dags/example_short_circuit_decorator.py
[2023-08-10T11:04:49.039+0000] {processor.py:836} INFO - DAG(s) dict_keys(['example_short_circuit_decorator']) retrieved from /home/airflow/.local/lib/python3.7/site-packages/airflow/example_dags/example_short_circuit_decorator.py
[2023-08-10T11:04:49.058+0000] {logging_mixin.py:150} INFO - [2023-08-10T11:04:49.058+0000] {dag.py:2742} INFO - Sync 1 DAGs
[2023-08-10T11:04:49.073+0000] {logging_mixin.py:150} INFO - [2023-08-10T11:04:49.073+0000] {dag.py:3508} INFO - Setting next_dagrun for example_short_circuit_decorator to 2023-08-09T11:04:49.073327+00:00, run_after=2023-08-10T11:04:49.073327+00:00
[2023-08-10T11:04:49.084+0000] {processor.py:179} INFO - Processing /home/airflow/.local/lib/python3.7/site-packages/airflow/example_dags/example_short_circuit_decorator.py took 0.056 seconds
