[2023-08-10T10:54:19.043+0000] {processor.py:157} INFO - Started process (PID=41) to work on /home/airflow/.local/lib/python3.7/site-packages/airflow/example_dags/example_time_delta_sensor_async.py
[2023-08-10T10:54:19.044+0000] {processor.py:826} INFO - Processing file /home/airflow/.local/lib/python3.7/site-packages/airflow/example_dags/example_time_delta_sensor_async.py for tasks to queue
[2023-08-10T10:54:19.045+0000] {logging_mixin.py:150} INFO - [2023-08-10T10:54:19.045+0000] {dagbag.py:541} INFO - Filling up the DagBag from /home/airflow/.local/lib/python3.7/site-packages/airflow/example_dags/example_time_delta_sensor_async.py
[2023-08-10T10:54:19.050+0000] {processor.py:836} INFO - DAG(s) dict_keys(['example_time_delta_sensor_async']) retrieved from /home/airflow/.local/lib/python3.7/site-packages/airflow/example_dags/example_time_delta_sensor_async.py
[2023-08-10T10:54:19.116+0000] {logging_mixin.py:150} INFO - [2023-08-10T10:54:19.115+0000] {manager.py:504} INFO - Created Permission View: can delete on DAG:example_time_delta_sensor_async
[2023-08-10T10:54:19.122+0000] {logging_mixin.py:150} INFO - [2023-08-10T10:54:19.122+0000] {manager.py:504} INFO - Created Permission View: can edit on DAG:example_time_delta_sensor_async
[2023-08-10T10:54:19.125+0000] {logging_mixin.py:150} INFO - [2023-08-10T10:54:19.125+0000] {manager.py:504} INFO - Created Permission View: can read on DAG:example_time_delta_sensor_async
[2023-08-10T10:54:19.133+0000] {logging_mixin.py:150} INFO - [2023-08-10T10:54:19.133+0000] {dag.py:2742} INFO - Sync 1 DAGs
[2023-08-10T10:54:19.140+0000] {logging_mixin.py:150} INFO - [2023-08-10T10:54:19.140+0000] {dag.py:2763} INFO - Creating ORM DAG for example_time_delta_sensor_async
[2023-08-10T10:54:19.145+0000] {logging_mixin.py:150} INFO - [2023-08-10T10:54:19.145+0000] {dag.py:3508} INFO - Setting next_dagrun for example_time_delta_sensor_async to None, run_after=None
[2023-08-10T10:54:19.154+0000] {processor.py:179} INFO - Processing /home/airflow/.local/lib/python3.7/site-packages/airflow/example_dags/example_time_delta_sensor_async.py took 0.113 seconds
[2023-08-10T10:54:49.180+0000] {processor.py:157} INFO - Started process (PID=100) to work on /home/airflow/.local/lib/python3.7/site-packages/airflow/example_dags/example_time_delta_sensor_async.py
[2023-08-10T10:54:49.181+0000] {processor.py:826} INFO - Processing file /home/airflow/.local/lib/python3.7/site-packages/airflow/example_dags/example_time_delta_sensor_async.py for tasks to queue
[2023-08-10T10:54:49.182+0000] {logging_mixin.py:150} INFO - [2023-08-10T10:54:49.182+0000] {dagbag.py:541} INFO - Filling up the DagBag from /home/airflow/.local/lib/python3.7/site-packages/airflow/example_dags/example_time_delta_sensor_async.py
[2023-08-10T10:54:49.186+0000] {processor.py:836} INFO - DAG(s) dict_keys(['example_time_delta_sensor_async']) retrieved from /home/airflow/.local/lib/python3.7/site-packages/airflow/example_dags/example_time_delta_sensor_async.py
[2023-08-10T10:54:49.204+0000] {logging_mixin.py:150} INFO - [2023-08-10T10:54:49.204+0000] {dag.py:2742} INFO - Sync 1 DAGs
[2023-08-10T10:54:49.217+0000] {logging_mixin.py:150} INFO - [2023-08-10T10:54:49.217+0000] {dag.py:3508} INFO - Setting next_dagrun for example_time_delta_sensor_async to None, run_after=None
[2023-08-10T10:54:49.227+0000] {processor.py:179} INFO - Processing /home/airflow/.local/lib/python3.7/site-packages/airflow/example_dags/example_time_delta_sensor_async.py took 0.049 seconds
[2023-08-10T10:57:14.558+0000] {processor.py:157} INFO - Started process (PID=40) to work on /home/airflow/.local/lib/python3.7/site-packages/airflow/example_dags/example_time_delta_sensor_async.py
[2023-08-10T10:57:14.559+0000] {processor.py:826} INFO - Processing file /home/airflow/.local/lib/python3.7/site-packages/airflow/example_dags/example_time_delta_sensor_async.py for tasks to queue
[2023-08-10T10:57:14.560+0000] {logging_mixin.py:150} INFO - [2023-08-10T10:57:14.560+0000] {dagbag.py:541} INFO - Filling up the DagBag from /home/airflow/.local/lib/python3.7/site-packages/airflow/example_dags/example_time_delta_sensor_async.py
[2023-08-10T10:57:14.566+0000] {processor.py:836} INFO - DAG(s) dict_keys(['example_time_delta_sensor_async']) retrieved from /home/airflow/.local/lib/python3.7/site-packages/airflow/example_dags/example_time_delta_sensor_async.py
[2023-08-10T10:57:14.577+0000] {logging_mixin.py:150} INFO - [2023-08-10T10:57:14.577+0000] {dag.py:2742} INFO - Sync 1 DAGs
[2023-08-10T10:57:14.594+0000] {logging_mixin.py:150} INFO - [2023-08-10T10:57:14.594+0000] {dag.py:3508} INFO - Setting next_dagrun for example_time_delta_sensor_async to None, run_after=None
[2023-08-10T10:57:14.609+0000] {processor.py:179} INFO - Processing /home/airflow/.local/lib/python3.7/site-packages/airflow/example_dags/example_time_delta_sensor_async.py took 0.053 seconds
[2023-08-10T10:57:45.061+0000] {processor.py:157} INFO - Started process (PID=99) to work on /home/airflow/.local/lib/python3.7/site-packages/airflow/example_dags/example_time_delta_sensor_async.py
[2023-08-10T10:57:45.062+0000] {processor.py:826} INFO - Processing file /home/airflow/.local/lib/python3.7/site-packages/airflow/example_dags/example_time_delta_sensor_async.py for tasks to queue
[2023-08-10T10:57:45.063+0000] {logging_mixin.py:150} INFO - [2023-08-10T10:57:45.063+0000] {dagbag.py:541} INFO - Filling up the DagBag from /home/airflow/.local/lib/python3.7/site-packages/airflow/example_dags/example_time_delta_sensor_async.py
[2023-08-10T10:57:45.067+0000] {processor.py:836} INFO - DAG(s) dict_keys(['example_time_delta_sensor_async']) retrieved from /home/airflow/.local/lib/python3.7/site-packages/airflow/example_dags/example_time_delta_sensor_async.py
[2023-08-10T10:57:45.088+0000] {logging_mixin.py:150} INFO - [2023-08-10T10:57:45.088+0000] {dag.py:2742} INFO - Sync 1 DAGs
[2023-08-10T10:57:45.103+0000] {logging_mixin.py:150} INFO - [2023-08-10T10:57:45.103+0000] {dag.py:3508} INFO - Setting next_dagrun for example_time_delta_sensor_async to None, run_after=None
[2023-08-10T10:57:45.112+0000] {processor.py:179} INFO - Processing /home/airflow/.local/lib/python3.7/site-packages/airflow/example_dags/example_time_delta_sensor_async.py took 0.054 seconds
[2023-08-10T11:02:14.466+0000] {processor.py:157} INFO - Started process (PID=41) to work on /home/airflow/.local/lib/python3.7/site-packages/airflow/example_dags/example_time_delta_sensor_async.py
[2023-08-10T11:02:14.467+0000] {processor.py:826} INFO - Processing file /home/airflow/.local/lib/python3.7/site-packages/airflow/example_dags/example_time_delta_sensor_async.py for tasks to queue
[2023-08-10T11:02:14.468+0000] {logging_mixin.py:150} INFO - [2023-08-10T11:02:14.468+0000] {dagbag.py:541} INFO - Filling up the DagBag from /home/airflow/.local/lib/python3.7/site-packages/airflow/example_dags/example_time_delta_sensor_async.py
[2023-08-10T11:02:14.473+0000] {processor.py:836} INFO - DAG(s) dict_keys(['example_time_delta_sensor_async']) retrieved from /home/airflow/.local/lib/python3.7/site-packages/airflow/example_dags/example_time_delta_sensor_async.py
[2023-08-10T11:02:14.483+0000] {logging_mixin.py:150} INFO - [2023-08-10T11:02:14.483+0000] {dag.py:2742} INFO - Sync 1 DAGs
[2023-08-10T11:02:14.498+0000] {logging_mixin.py:150} INFO - [2023-08-10T11:02:14.498+0000] {dag.py:3508} INFO - Setting next_dagrun for example_time_delta_sensor_async to None, run_after=None
[2023-08-10T11:02:14.508+0000] {processor.py:179} INFO - Processing /home/airflow/.local/lib/python3.7/site-packages/airflow/example_dags/example_time_delta_sensor_async.py took 0.045 seconds
[2023-08-10T11:02:45.236+0000] {processor.py:157} INFO - Started process (PID=100) to work on /home/airflow/.local/lib/python3.7/site-packages/airflow/example_dags/example_time_delta_sensor_async.py
[2023-08-10T11:02:45.237+0000] {processor.py:826} INFO - Processing file /home/airflow/.local/lib/python3.7/site-packages/airflow/example_dags/example_time_delta_sensor_async.py for tasks to queue
[2023-08-10T11:02:45.238+0000] {logging_mixin.py:150} INFO - [2023-08-10T11:02:45.238+0000] {dagbag.py:541} INFO - Filling up the DagBag from /home/airflow/.local/lib/python3.7/site-packages/airflow/example_dags/example_time_delta_sensor_async.py
[2023-08-10T11:02:45.242+0000] {processor.py:836} INFO - DAG(s) dict_keys(['example_time_delta_sensor_async']) retrieved from /home/airflow/.local/lib/python3.7/site-packages/airflow/example_dags/example_time_delta_sensor_async.py
[2023-08-10T11:02:45.259+0000] {logging_mixin.py:150} INFO - [2023-08-10T11:02:45.259+0000] {dag.py:2742} INFO - Sync 1 DAGs
[2023-08-10T11:02:45.274+0000] {logging_mixin.py:150} INFO - [2023-08-10T11:02:45.274+0000] {dag.py:3508} INFO - Setting next_dagrun for example_time_delta_sensor_async to None, run_after=None
[2023-08-10T11:02:45.283+0000] {processor.py:179} INFO - Processing /home/airflow/.local/lib/python3.7/site-packages/airflow/example_dags/example_time_delta_sensor_async.py took 0.050 seconds
[2023-08-10T11:03:15.498+0000] {processor.py:157} INFO - Started process (PID=159) to work on /home/airflow/.local/lib/python3.7/site-packages/airflow/example_dags/example_time_delta_sensor_async.py
[2023-08-10T11:03:15.499+0000] {processor.py:826} INFO - Processing file /home/airflow/.local/lib/python3.7/site-packages/airflow/example_dags/example_time_delta_sensor_async.py for tasks to queue
[2023-08-10T11:03:15.500+0000] {logging_mixin.py:150} INFO - [2023-08-10T11:03:15.499+0000] {dagbag.py:541} INFO - Filling up the DagBag from /home/airflow/.local/lib/python3.7/site-packages/airflow/example_dags/example_time_delta_sensor_async.py
[2023-08-10T11:03:15.503+0000] {processor.py:836} INFO - DAG(s) dict_keys(['example_time_delta_sensor_async']) retrieved from /home/airflow/.local/lib/python3.7/site-packages/airflow/example_dags/example_time_delta_sensor_async.py
[2023-08-10T11:03:15.521+0000] {logging_mixin.py:150} INFO - [2023-08-10T11:03:15.521+0000] {dag.py:2742} INFO - Sync 1 DAGs
[2023-08-10T11:03:15.535+0000] {logging_mixin.py:150} INFO - [2023-08-10T11:03:15.535+0000] {dag.py:3508} INFO - Setting next_dagrun for example_time_delta_sensor_async to None, run_after=None
[2023-08-10T11:03:15.544+0000] {processor.py:179} INFO - Processing /home/airflow/.local/lib/python3.7/site-packages/airflow/example_dags/example_time_delta_sensor_async.py took 0.049 seconds
[2023-08-10T11:03:45.681+0000] {processor.py:157} INFO - Started process (PID=218) to work on /home/airflow/.local/lib/python3.7/site-packages/airflow/example_dags/example_time_delta_sensor_async.py
[2023-08-10T11:03:45.682+0000] {processor.py:826} INFO - Processing file /home/airflow/.local/lib/python3.7/site-packages/airflow/example_dags/example_time_delta_sensor_async.py for tasks to queue
[2023-08-10T11:03:45.682+0000] {logging_mixin.py:150} INFO - [2023-08-10T11:03:45.682+0000] {dagbag.py:541} INFO - Filling up the DagBag from /home/airflow/.local/lib/python3.7/site-packages/airflow/example_dags/example_time_delta_sensor_async.py
[2023-08-10T11:03:45.686+0000] {processor.py:836} INFO - DAG(s) dict_keys(['example_time_delta_sensor_async']) retrieved from /home/airflow/.local/lib/python3.7/site-packages/airflow/example_dags/example_time_delta_sensor_async.py
[2023-08-10T11:03:45.707+0000] {logging_mixin.py:150} INFO - [2023-08-10T11:03:45.707+0000] {dag.py:2742} INFO - Sync 1 DAGs
[2023-08-10T11:03:45.723+0000] {logging_mixin.py:150} INFO - [2023-08-10T11:03:45.723+0000] {dag.py:3508} INFO - Setting next_dagrun for example_time_delta_sensor_async to None, run_after=None
[2023-08-10T11:03:45.735+0000] {processor.py:179} INFO - Processing /home/airflow/.local/lib/python3.7/site-packages/airflow/example_dags/example_time_delta_sensor_async.py took 0.057 seconds
[2023-08-10T11:04:15.770+0000] {processor.py:157} INFO - Started process (PID=277) to work on /home/airflow/.local/lib/python3.7/site-packages/airflow/example_dags/example_time_delta_sensor_async.py
[2023-08-10T11:04:15.771+0000] {processor.py:826} INFO - Processing file /home/airflow/.local/lib/python3.7/site-packages/airflow/example_dags/example_time_delta_sensor_async.py for tasks to queue
[2023-08-10T11:04:15.772+0000] {logging_mixin.py:150} INFO - [2023-08-10T11:04:15.771+0000] {dagbag.py:541} INFO - Filling up the DagBag from /home/airflow/.local/lib/python3.7/site-packages/airflow/example_dags/example_time_delta_sensor_async.py
[2023-08-10T11:04:15.775+0000] {processor.py:836} INFO - DAG(s) dict_keys(['example_time_delta_sensor_async']) retrieved from /home/airflow/.local/lib/python3.7/site-packages/airflow/example_dags/example_time_delta_sensor_async.py
[2023-08-10T11:04:15.792+0000] {logging_mixin.py:150} INFO - [2023-08-10T11:04:15.792+0000] {dag.py:2742} INFO - Sync 1 DAGs
[2023-08-10T11:04:15.806+0000] {logging_mixin.py:150} INFO - [2023-08-10T11:04:15.806+0000] {dag.py:3508} INFO - Setting next_dagrun for example_time_delta_sensor_async to None, run_after=None
[2023-08-10T11:04:15.815+0000] {processor.py:179} INFO - Processing /home/airflow/.local/lib/python3.7/site-packages/airflow/example_dags/example_time_delta_sensor_async.py took 0.048 seconds
[2023-08-10T11:04:46.009+0000] {processor.py:157} INFO - Started process (PID=336) to work on /home/airflow/.local/lib/python3.7/site-packages/airflow/example_dags/example_time_delta_sensor_async.py
[2023-08-10T11:04:46.010+0000] {processor.py:826} INFO - Processing file /home/airflow/.local/lib/python3.7/site-packages/airflow/example_dags/example_time_delta_sensor_async.py for tasks to queue
[2023-08-10T11:04:46.011+0000] {logging_mixin.py:150} INFO - [2023-08-10T11:04:46.011+0000] {dagbag.py:541} INFO - Filling up the DagBag from /home/airflow/.local/lib/python3.7/site-packages/airflow/example_dags/example_time_delta_sensor_async.py
[2023-08-10T11:04:46.015+0000] {processor.py:836} INFO - DAG(s) dict_keys(['example_time_delta_sensor_async']) retrieved from /home/airflow/.local/lib/python3.7/site-packages/airflow/example_dags/example_time_delta_sensor_async.py
[2023-08-10T11:04:46.034+0000] {logging_mixin.py:150} INFO - [2023-08-10T11:04:46.034+0000] {dag.py:2742} INFO - Sync 1 DAGs
[2023-08-10T11:04:46.048+0000] {logging_mixin.py:150} INFO - [2023-08-10T11:04:46.048+0000] {dag.py:3508} INFO - Setting next_dagrun for example_time_delta_sensor_async to None, run_after=None
[2023-08-10T11:04:46.058+0000] {processor.py:179} INFO - Processing /home/airflow/.local/lib/python3.7/site-packages/airflow/example_dags/example_time_delta_sensor_async.py took 0.052 seconds
