[2023-08-10T10:54:20.410+0000] {processor.py:157} INFO - Started process (PID=54) to work on /home/airflow/.local/lib/python3.7/site-packages/airflow/example_dags/example_latest_only_with_trigger.py
[2023-08-10T10:54:20.411+0000] {processor.py:826} INFO - Processing file /home/airflow/.local/lib/python3.7/site-packages/airflow/example_dags/example_latest_only_with_trigger.py for tasks to queue
[2023-08-10T10:54:20.412+0000] {logging_mixin.py:150} INFO - [2023-08-10T10:54:20.412+0000] {dagbag.py:541} INFO - Filling up the DagBag from /home/airflow/.local/lib/python3.7/site-packages/airflow/example_dags/example_latest_only_with_trigger.py
[2023-08-10T10:54:20.419+0000] {processor.py:836} INFO - DAG(s) dict_keys(['latest_only_with_trigger']) retrieved from /home/airflow/.local/lib/python3.7/site-packages/airflow/example_dags/example_latest_only_with_trigger.py
[2023-08-10T10:54:20.509+0000] {logging_mixin.py:150} INFO - [2023-08-10T10:54:20.509+0000] {manager.py:504} INFO - Created Permission View: can delete on DAG:latest_only_with_trigger
[2023-08-10T10:54:20.517+0000] {logging_mixin.py:150} INFO - [2023-08-10T10:54:20.517+0000] {manager.py:504} INFO - Created Permission View: can edit on DAG:latest_only_with_trigger
[2023-08-10T10:54:20.521+0000] {logging_mixin.py:150} INFO - [2023-08-10T10:54:20.521+0000] {manager.py:504} INFO - Created Permission View: can read on DAG:latest_only_with_trigger
[2023-08-10T10:54:20.532+0000] {logging_mixin.py:150} INFO - [2023-08-10T10:54:20.532+0000] {dag.py:2742} INFO - Sync 1 DAGs
[2023-08-10T10:54:20.544+0000] {logging_mixin.py:150} INFO - [2023-08-10T10:54:20.544+0000] {dag.py:2763} INFO - Creating ORM DAG for latest_only_with_trigger
[2023-08-10T10:54:20.554+0000] {logging_mixin.py:150} INFO - [2023-08-10T10:54:20.554+0000] {dag.py:3508} INFO - Setting next_dagrun for latest_only_with_trigger to 2023-08-10T06:54:20.553930+00:00, run_after=2023-08-10T10:54:20.553930+00:00
[2023-08-10T10:54:20.565+0000] {processor.py:179} INFO - Processing /home/airflow/.local/lib/python3.7/site-packages/airflow/example_dags/example_latest_only_with_trigger.py took 0.158 seconds
[2023-08-10T10:54:50.627+0000] {processor.py:157} INFO - Started process (PID=112) to work on /home/airflow/.local/lib/python3.7/site-packages/airflow/example_dags/example_latest_only_with_trigger.py
[2023-08-10T10:54:50.628+0000] {processor.py:826} INFO - Processing file /home/airflow/.local/lib/python3.7/site-packages/airflow/example_dags/example_latest_only_with_trigger.py for tasks to queue
[2023-08-10T10:54:50.629+0000] {logging_mixin.py:150} INFO - [2023-08-10T10:54:50.629+0000] {dagbag.py:541} INFO - Filling up the DagBag from /home/airflow/.local/lib/python3.7/site-packages/airflow/example_dags/example_latest_only_with_trigger.py
[2023-08-10T10:54:50.635+0000] {processor.py:836} INFO - DAG(s) dict_keys(['latest_only_with_trigger']) retrieved from /home/airflow/.local/lib/python3.7/site-packages/airflow/example_dags/example_latest_only_with_trigger.py
[2023-08-10T10:54:50.651+0000] {logging_mixin.py:150} INFO - [2023-08-10T10:54:50.651+0000] {dag.py:2742} INFO - Sync 1 DAGs
[2023-08-10T10:54:50.665+0000] {logging_mixin.py:150} INFO - [2023-08-10T10:54:50.665+0000] {dag.py:3508} INFO - Setting next_dagrun for latest_only_with_trigger to 2023-08-10T06:54:50.665289+00:00, run_after=2023-08-10T10:54:50.665289+00:00
[2023-08-10T10:54:50.674+0000] {processor.py:179} INFO - Processing /home/airflow/.local/lib/python3.7/site-packages/airflow/example_dags/example_latest_only_with_trigger.py took 0.049 seconds
[2023-08-10T10:57:15.542+0000] {processor.py:157} INFO - Started process (PID=53) to work on /home/airflow/.local/lib/python3.7/site-packages/airflow/example_dags/example_latest_only_with_trigger.py
[2023-08-10T10:57:15.543+0000] {processor.py:826} INFO - Processing file /home/airflow/.local/lib/python3.7/site-packages/airflow/example_dags/example_latest_only_with_trigger.py for tasks to queue
[2023-08-10T10:57:15.544+0000] {logging_mixin.py:150} INFO - [2023-08-10T10:57:15.543+0000] {dagbag.py:541} INFO - Filling up the DagBag from /home/airflow/.local/lib/python3.7/site-packages/airflow/example_dags/example_latest_only_with_trigger.py
[2023-08-10T10:57:15.550+0000] {processor.py:836} INFO - DAG(s) dict_keys(['latest_only_with_trigger']) retrieved from /home/airflow/.local/lib/python3.7/site-packages/airflow/example_dags/example_latest_only_with_trigger.py
[2023-08-10T10:57:15.562+0000] {logging_mixin.py:150} INFO - [2023-08-10T10:57:15.562+0000] {dag.py:2742} INFO - Sync 1 DAGs
[2023-08-10T10:57:15.582+0000] {logging_mixin.py:150} INFO - [2023-08-10T10:57:15.582+0000] {dag.py:3508} INFO - Setting next_dagrun for latest_only_with_trigger to 2023-08-10T06:57:15.582086+00:00, run_after=2023-08-10T10:57:15.582086+00:00
[2023-08-10T10:57:15.596+0000] {processor.py:179} INFO - Processing /home/airflow/.local/lib/python3.7/site-packages/airflow/example_dags/example_latest_only_with_trigger.py took 0.057 seconds
[2023-08-10T10:57:46.770+0000] {processor.py:157} INFO - Started process (PID=112) to work on /home/airflow/.local/lib/python3.7/site-packages/airflow/example_dags/example_latest_only_with_trigger.py
[2023-08-10T10:57:46.771+0000] {processor.py:826} INFO - Processing file /home/airflow/.local/lib/python3.7/site-packages/airflow/example_dags/example_latest_only_with_trigger.py for tasks to queue
[2023-08-10T10:57:46.772+0000] {logging_mixin.py:150} INFO - [2023-08-10T10:57:46.772+0000] {dagbag.py:541} INFO - Filling up the DagBag from /home/airflow/.local/lib/python3.7/site-packages/airflow/example_dags/example_latest_only_with_trigger.py
[2023-08-10T10:57:46.777+0000] {processor.py:836} INFO - DAG(s) dict_keys(['latest_only_with_trigger']) retrieved from /home/airflow/.local/lib/python3.7/site-packages/airflow/example_dags/example_latest_only_with_trigger.py
[2023-08-10T10:57:46.794+0000] {logging_mixin.py:150} INFO - [2023-08-10T10:57:46.794+0000] {dag.py:2742} INFO - Sync 1 DAGs
[2023-08-10T10:57:46.809+0000] {logging_mixin.py:150} INFO - [2023-08-10T10:57:46.809+0000] {dag.py:3508} INFO - Setting next_dagrun for latest_only_with_trigger to 2023-08-10T06:57:46.808928+00:00, run_after=2023-08-10T10:57:46.808928+00:00
[2023-08-10T10:57:46.819+0000] {processor.py:179} INFO - Processing /home/airflow/.local/lib/python3.7/site-packages/airflow/example_dags/example_latest_only_with_trigger.py took 0.052 seconds
[2023-08-10T11:02:15.458+0000] {processor.py:157} INFO - Started process (PID=54) to work on /home/airflow/.local/lib/python3.7/site-packages/airflow/example_dags/example_latest_only_with_trigger.py
[2023-08-10T11:02:15.459+0000] {processor.py:826} INFO - Processing file /home/airflow/.local/lib/python3.7/site-packages/airflow/example_dags/example_latest_only_with_trigger.py for tasks to queue
[2023-08-10T11:02:15.460+0000] {logging_mixin.py:150} INFO - [2023-08-10T11:02:15.460+0000] {dagbag.py:541} INFO - Filling up the DagBag from /home/airflow/.local/lib/python3.7/site-packages/airflow/example_dags/example_latest_only_with_trigger.py
[2023-08-10T11:02:15.468+0000] {processor.py:836} INFO - DAG(s) dict_keys(['latest_only_with_trigger']) retrieved from /home/airflow/.local/lib/python3.7/site-packages/airflow/example_dags/example_latest_only_with_trigger.py
[2023-08-10T11:02:15.480+0000] {logging_mixin.py:150} INFO - [2023-08-10T11:02:15.480+0000] {dag.py:2742} INFO - Sync 1 DAGs
[2023-08-10T11:02:15.500+0000] {logging_mixin.py:150} INFO - [2023-08-10T11:02:15.500+0000] {dag.py:3508} INFO - Setting next_dagrun for latest_only_with_trigger to 2023-08-10T07:02:15.499856+00:00, run_after=2023-08-10T11:02:15.499856+00:00
[2023-08-10T11:02:15.514+0000] {processor.py:179} INFO - Processing /home/airflow/.local/lib/python3.7/site-packages/airflow/example_dags/example_latest_only_with_trigger.py took 0.059 seconds
[2023-08-10T11:02:45.842+0000] {processor.py:157} INFO - Started process (PID=113) to work on /home/airflow/.local/lib/python3.7/site-packages/airflow/example_dags/example_latest_only_with_trigger.py
[2023-08-10T11:02:45.844+0000] {processor.py:826} INFO - Processing file /home/airflow/.local/lib/python3.7/site-packages/airflow/example_dags/example_latest_only_with_trigger.py for tasks to queue
[2023-08-10T11:02:45.845+0000] {logging_mixin.py:150} INFO - [2023-08-10T11:02:45.845+0000] {dagbag.py:541} INFO - Filling up the DagBag from /home/airflow/.local/lib/python3.7/site-packages/airflow/example_dags/example_latest_only_with_trigger.py
[2023-08-10T11:02:45.850+0000] {processor.py:836} INFO - DAG(s) dict_keys(['latest_only_with_trigger']) retrieved from /home/airflow/.local/lib/python3.7/site-packages/airflow/example_dags/example_latest_only_with_trigger.py
[2023-08-10T11:02:45.867+0000] {logging_mixin.py:150} INFO - [2023-08-10T11:02:45.867+0000] {dag.py:2742} INFO - Sync 1 DAGs
[2023-08-10T11:02:45.882+0000] {logging_mixin.py:150} INFO - [2023-08-10T11:02:45.882+0000] {dag.py:3508} INFO - Setting next_dagrun for latest_only_with_trigger to 2023-08-10T07:02:45.882310+00:00, run_after=2023-08-10T11:02:45.882310+00:00
[2023-08-10T11:02:45.892+0000] {processor.py:179} INFO - Processing /home/airflow/.local/lib/python3.7/site-packages/airflow/example_dags/example_latest_only_with_trigger.py took 0.052 seconds
[2023-08-10T11:03:16.117+0000] {processor.py:157} INFO - Started process (PID=172) to work on /home/airflow/.local/lib/python3.7/site-packages/airflow/example_dags/example_latest_only_with_trigger.py
[2023-08-10T11:03:16.118+0000] {processor.py:826} INFO - Processing file /home/airflow/.local/lib/python3.7/site-packages/airflow/example_dags/example_latest_only_with_trigger.py for tasks to queue
[2023-08-10T11:03:16.119+0000] {logging_mixin.py:150} INFO - [2023-08-10T11:03:16.118+0000] {dagbag.py:541} INFO - Filling up the DagBag from /home/airflow/.local/lib/python3.7/site-packages/airflow/example_dags/example_latest_only_with_trigger.py
[2023-08-10T11:03:16.123+0000] {processor.py:836} INFO - DAG(s) dict_keys(['latest_only_with_trigger']) retrieved from /home/airflow/.local/lib/python3.7/site-packages/airflow/example_dags/example_latest_only_with_trigger.py
[2023-08-10T11:03:16.142+0000] {logging_mixin.py:150} INFO - [2023-08-10T11:03:16.142+0000] {dag.py:2742} INFO - Sync 1 DAGs
[2023-08-10T11:03:16.158+0000] {logging_mixin.py:150} INFO - [2023-08-10T11:03:16.158+0000] {dag.py:3508} INFO - Setting next_dagrun for latest_only_with_trigger to 2023-08-10T07:03:16.158003+00:00, run_after=2023-08-10T11:03:16.158003+00:00
[2023-08-10T11:03:16.170+0000] {processor.py:179} INFO - Processing /home/airflow/.local/lib/python3.7/site-packages/airflow/example_dags/example_latest_only_with_trigger.py took 0.056 seconds
[2023-08-10T11:03:47.276+0000] {processor.py:157} INFO - Started process (PID=231) to work on /home/airflow/.local/lib/python3.7/site-packages/airflow/example_dags/example_latest_only_with_trigger.py
[2023-08-10T11:03:47.277+0000] {processor.py:826} INFO - Processing file /home/airflow/.local/lib/python3.7/site-packages/airflow/example_dags/example_latest_only_with_trigger.py for tasks to queue
[2023-08-10T11:03:47.278+0000] {logging_mixin.py:150} INFO - [2023-08-10T11:03:47.278+0000] {dagbag.py:541} INFO - Filling up the DagBag from /home/airflow/.local/lib/python3.7/site-packages/airflow/example_dags/example_latest_only_with_trigger.py
[2023-08-10T11:03:47.283+0000] {processor.py:836} INFO - DAG(s) dict_keys(['latest_only_with_trigger']) retrieved from /home/airflow/.local/lib/python3.7/site-packages/airflow/example_dags/example_latest_only_with_trigger.py
[2023-08-10T11:03:47.300+0000] {logging_mixin.py:150} INFO - [2023-08-10T11:03:47.300+0000] {dag.py:2742} INFO - Sync 1 DAGs
[2023-08-10T11:03:47.315+0000] {logging_mixin.py:150} INFO - [2023-08-10T11:03:47.315+0000] {dag.py:3508} INFO - Setting next_dagrun for latest_only_with_trigger to 2023-08-10T07:03:47.314970+00:00, run_after=2023-08-10T11:03:47.314970+00:00
[2023-08-10T11:03:47.326+0000] {processor.py:179} INFO - Processing /home/airflow/.local/lib/python3.7/site-packages/airflow/example_dags/example_latest_only_with_trigger.py took 0.052 seconds
[2023-08-10T11:04:17.476+0000] {processor.py:157} INFO - Started process (PID=290) to work on /home/airflow/.local/lib/python3.7/site-packages/airflow/example_dags/example_latest_only_with_trigger.py
[2023-08-10T11:04:17.477+0000] {processor.py:826} INFO - Processing file /home/airflow/.local/lib/python3.7/site-packages/airflow/example_dags/example_latest_only_with_trigger.py for tasks to queue
[2023-08-10T11:04:17.478+0000] {logging_mixin.py:150} INFO - [2023-08-10T11:04:17.478+0000] {dagbag.py:541} INFO - Filling up the DagBag from /home/airflow/.local/lib/python3.7/site-packages/airflow/example_dags/example_latest_only_with_trigger.py
[2023-08-10T11:04:17.483+0000] {processor.py:836} INFO - DAG(s) dict_keys(['latest_only_with_trigger']) retrieved from /home/airflow/.local/lib/python3.7/site-packages/airflow/example_dags/example_latest_only_with_trigger.py
[2023-08-10T11:04:17.501+0000] {logging_mixin.py:150} INFO - [2023-08-10T11:04:17.501+0000] {dag.py:2742} INFO - Sync 1 DAGs
[2023-08-10T11:04:17.515+0000] {logging_mixin.py:150} INFO - [2023-08-10T11:04:17.515+0000] {dag.py:3508} INFO - Setting next_dagrun for latest_only_with_trigger to 2023-08-10T07:04:17.515709+00:00, run_after=2023-08-10T11:04:17.515709+00:00
[2023-08-10T11:04:17.525+0000] {processor.py:179} INFO - Processing /home/airflow/.local/lib/python3.7/site-packages/airflow/example_dags/example_latest_only_with_trigger.py took 0.051 seconds
[2023-08-10T11:04:48.666+0000] {processor.py:157} INFO - Started process (PID=349) to work on /home/airflow/.local/lib/python3.7/site-packages/airflow/example_dags/example_latest_only_with_trigger.py
[2023-08-10T11:04:48.666+0000] {processor.py:826} INFO - Processing file /home/airflow/.local/lib/python3.7/site-packages/airflow/example_dags/example_latest_only_with_trigger.py for tasks to queue
[2023-08-10T11:04:48.667+0000] {logging_mixin.py:150} INFO - [2023-08-10T11:04:48.667+0000] {dagbag.py:541} INFO - Filling up the DagBag from /home/airflow/.local/lib/python3.7/site-packages/airflow/example_dags/example_latest_only_with_trigger.py
[2023-08-10T11:04:48.672+0000] {processor.py:836} INFO - DAG(s) dict_keys(['latest_only_with_trigger']) retrieved from /home/airflow/.local/lib/python3.7/site-packages/airflow/example_dags/example_latest_only_with_trigger.py
[2023-08-10T11:04:48.689+0000] {logging_mixin.py:150} INFO - [2023-08-10T11:04:48.689+0000] {dag.py:2742} INFO - Sync 1 DAGs
[2023-08-10T11:04:48.704+0000] {logging_mixin.py:150} INFO - [2023-08-10T11:04:48.704+0000] {dag.py:3508} INFO - Setting next_dagrun for latest_only_with_trigger to 2023-08-10T07:04:48.704011+00:00, run_after=2023-08-10T11:04:48.704011+00:00
[2023-08-10T11:04:48.714+0000] {processor.py:179} INFO - Processing /home/airflow/.local/lib/python3.7/site-packages/airflow/example_dags/example_latest_only_with_trigger.py took 0.051 seconds
