[2023-08-10T10:54:21.542+0000] {processor.py:157} INFO - Started process (PID=61) to work on /home/airflow/.local/lib/python3.7/site-packages/airflow/example_dags/example_params_trigger_ui.py
[2023-08-10T10:54:21.543+0000] {processor.py:826} INFO - Processing file /home/airflow/.local/lib/python3.7/site-packages/airflow/example_dags/example_params_trigger_ui.py for tasks to queue
[2023-08-10T10:54:21.544+0000] {logging_mixin.py:150} INFO - [2023-08-10T10:54:21.543+0000] {dagbag.py:541} INFO - Filling up the DagBag from /home/airflow/.local/lib/python3.7/site-packages/airflow/example_dags/example_params_trigger_ui.py
[2023-08-10T10:54:21.558+0000] {processor.py:836} INFO - DAG(s) dict_keys(['example_params_trigger_ui']) retrieved from /home/airflow/.local/lib/python3.7/site-packages/airflow/example_dags/example_params_trigger_ui.py
[2023-08-10T10:54:21.679+0000] {logging_mixin.py:150} INFO - [2023-08-10T10:54:21.679+0000] {manager.py:504} INFO - Created Permission View: can delete on DAG:example_params_trigger_ui
[2023-08-10T10:54:21.686+0000] {logging_mixin.py:150} INFO - [2023-08-10T10:54:21.685+0000] {manager.py:504} INFO - Created Permission View: can edit on DAG:example_params_trigger_ui
[2023-08-10T10:54:21.689+0000] {logging_mixin.py:150} INFO - [2023-08-10T10:54:21.689+0000] {manager.py:504} INFO - Created Permission View: can read on DAG:example_params_trigger_ui
[2023-08-10T10:54:21.697+0000] {logging_mixin.py:150} INFO - [2023-08-10T10:54:21.697+0000] {dag.py:2742} INFO - Sync 1 DAGs
[2023-08-10T10:54:21.707+0000] {logging_mixin.py:150} INFO - [2023-08-10T10:54:21.707+0000] {dag.py:2763} INFO - Creating ORM DAG for example_params_trigger_ui
[2023-08-10T10:54:21.718+0000] {logging_mixin.py:150} INFO - [2023-08-10T10:54:21.718+0000] {dag.py:3508} INFO - Setting next_dagrun for example_params_trigger_ui to None, run_after=None
[2023-08-10T10:54:21.728+0000] {processor.py:179} INFO - Processing /home/airflow/.local/lib/python3.7/site-packages/airflow/example_dags/example_params_trigger_ui.py took 0.189 seconds
[2023-08-10T10:54:52.060+0000] {processor.py:157} INFO - Started process (PID=120) to work on /home/airflow/.local/lib/python3.7/site-packages/airflow/example_dags/example_params_trigger_ui.py
[2023-08-10T10:54:52.061+0000] {processor.py:826} INFO - Processing file /home/airflow/.local/lib/python3.7/site-packages/airflow/example_dags/example_params_trigger_ui.py for tasks to queue
[2023-08-10T10:54:52.062+0000] {logging_mixin.py:150} INFO - [2023-08-10T10:54:52.061+0000] {dagbag.py:541} INFO - Filling up the DagBag from /home/airflow/.local/lib/python3.7/site-packages/airflow/example_dags/example_params_trigger_ui.py
[2023-08-10T10:54:52.076+0000] {processor.py:836} INFO - DAG(s) dict_keys(['example_params_trigger_ui']) retrieved from /home/airflow/.local/lib/python3.7/site-packages/airflow/example_dags/example_params_trigger_ui.py
[2023-08-10T10:54:52.117+0000] {logging_mixin.py:150} INFO - [2023-08-10T10:54:52.117+0000] {dag.py:2742} INFO - Sync 1 DAGs
[2023-08-10T10:54:52.130+0000] {logging_mixin.py:150} INFO - [2023-08-10T10:54:52.130+0000] {dag.py:3508} INFO - Setting next_dagrun for example_params_trigger_ui to None, run_after=None
[2023-08-10T10:54:52.141+0000] {processor.py:179} INFO - Processing /home/airflow/.local/lib/python3.7/site-packages/airflow/example_dags/example_params_trigger_ui.py took 0.083 seconds
[2023-08-10T10:57:15.890+0000] {processor.py:157} INFO - Started process (PID=60) to work on /home/airflow/.local/lib/python3.7/site-packages/airflow/example_dags/example_params_trigger_ui.py
[2023-08-10T10:57:15.893+0000] {processor.py:826} INFO - Processing file /home/airflow/.local/lib/python3.7/site-packages/airflow/example_dags/example_params_trigger_ui.py for tasks to queue
[2023-08-10T10:57:15.894+0000] {logging_mixin.py:150} INFO - [2023-08-10T10:57:15.894+0000] {dagbag.py:541} INFO - Filling up the DagBag from /home/airflow/.local/lib/python3.7/site-packages/airflow/example_dags/example_params_trigger_ui.py
[2023-08-10T10:57:15.911+0000] {processor.py:836} INFO - DAG(s) dict_keys(['example_params_trigger_ui']) retrieved from /home/airflow/.local/lib/python3.7/site-packages/airflow/example_dags/example_params_trigger_ui.py
[2023-08-10T10:57:15.924+0000] {logging_mixin.py:150} INFO - [2023-08-10T10:57:15.923+0000] {dag.py:2742} INFO - Sync 1 DAGs
[2023-08-10T10:57:15.943+0000] {logging_mixin.py:150} INFO - [2023-08-10T10:57:15.943+0000] {dag.py:3508} INFO - Setting next_dagrun for example_params_trigger_ui to None, run_after=None
[2023-08-10T10:57:15.958+0000] {processor.py:179} INFO - Processing /home/airflow/.local/lib/python3.7/site-packages/airflow/example_dags/example_params_trigger_ui.py took 0.070 seconds
[2023-08-10T10:57:47.036+0000] {processor.py:157} INFO - Started process (PID=119) to work on /home/airflow/.local/lib/python3.7/site-packages/airflow/example_dags/example_params_trigger_ui.py
[2023-08-10T10:57:47.037+0000] {processor.py:826} INFO - Processing file /home/airflow/.local/lib/python3.7/site-packages/airflow/example_dags/example_params_trigger_ui.py for tasks to queue
[2023-08-10T10:57:47.038+0000] {logging_mixin.py:150} INFO - [2023-08-10T10:57:47.038+0000] {dagbag.py:541} INFO - Filling up the DagBag from /home/airflow/.local/lib/python3.7/site-packages/airflow/example_dags/example_params_trigger_ui.py
[2023-08-10T10:57:47.052+0000] {processor.py:836} INFO - DAG(s) dict_keys(['example_params_trigger_ui']) retrieved from /home/airflow/.local/lib/python3.7/site-packages/airflow/example_dags/example_params_trigger_ui.py
[2023-08-10T10:57:47.093+0000] {logging_mixin.py:150} INFO - [2023-08-10T10:57:47.093+0000] {dag.py:2742} INFO - Sync 1 DAGs
[2023-08-10T10:57:47.107+0000] {logging_mixin.py:150} INFO - [2023-08-10T10:57:47.107+0000] {dag.py:3508} INFO - Setting next_dagrun for example_params_trigger_ui to None, run_after=None
[2023-08-10T10:57:47.116+0000] {processor.py:179} INFO - Processing /home/airflow/.local/lib/python3.7/site-packages/airflow/example_dags/example_params_trigger_ui.py took 0.082 seconds
[2023-08-10T11:02:15.858+0000] {processor.py:157} INFO - Started process (PID=61) to work on /home/airflow/.local/lib/python3.7/site-packages/airflow/example_dags/example_params_trigger_ui.py
[2023-08-10T11:02:15.859+0000] {processor.py:826} INFO - Processing file /home/airflow/.local/lib/python3.7/site-packages/airflow/example_dags/example_params_trigger_ui.py for tasks to queue
[2023-08-10T11:02:15.860+0000] {logging_mixin.py:150} INFO - [2023-08-10T11:02:15.860+0000] {dagbag.py:541} INFO - Filling up the DagBag from /home/airflow/.local/lib/python3.7/site-packages/airflow/example_dags/example_params_trigger_ui.py
[2023-08-10T11:02:15.878+0000] {processor.py:836} INFO - DAG(s) dict_keys(['example_params_trigger_ui']) retrieved from /home/airflow/.local/lib/python3.7/site-packages/airflow/example_dags/example_params_trigger_ui.py
[2023-08-10T11:02:15.901+0000] {logging_mixin.py:150} INFO - [2023-08-10T11:02:15.901+0000] {dag.py:2742} INFO - Sync 1 DAGs
[2023-08-10T11:02:15.918+0000] {logging_mixin.py:150} INFO - [2023-08-10T11:02:15.918+0000] {dag.py:3508} INFO - Setting next_dagrun for example_params_trigger_ui to None, run_after=None
[2023-08-10T11:02:15.932+0000] {processor.py:179} INFO - Processing /home/airflow/.local/lib/python3.7/site-packages/airflow/example_dags/example_params_trigger_ui.py took 0.076 seconds
[2023-08-10T11:02:46.089+0000] {processor.py:157} INFO - Started process (PID=120) to work on /home/airflow/.local/lib/python3.7/site-packages/airflow/example_dags/example_params_trigger_ui.py
[2023-08-10T11:02:46.090+0000] {processor.py:826} INFO - Processing file /home/airflow/.local/lib/python3.7/site-packages/airflow/example_dags/example_params_trigger_ui.py for tasks to queue
[2023-08-10T11:02:46.091+0000] {logging_mixin.py:150} INFO - [2023-08-10T11:02:46.091+0000] {dagbag.py:541} INFO - Filling up the DagBag from /home/airflow/.local/lib/python3.7/site-packages/airflow/example_dags/example_params_trigger_ui.py
[2023-08-10T11:02:46.104+0000] {processor.py:836} INFO - DAG(s) dict_keys(['example_params_trigger_ui']) retrieved from /home/airflow/.local/lib/python3.7/site-packages/airflow/example_dags/example_params_trigger_ui.py
[2023-08-10T11:02:46.146+0000] {logging_mixin.py:150} INFO - [2023-08-10T11:02:46.146+0000] {dag.py:2742} INFO - Sync 1 DAGs
[2023-08-10T11:02:46.160+0000] {logging_mixin.py:150} INFO - [2023-08-10T11:02:46.160+0000] {dag.py:3508} INFO - Setting next_dagrun for example_params_trigger_ui to None, run_after=None
[2023-08-10T11:02:46.169+0000] {processor.py:179} INFO - Processing /home/airflow/.local/lib/python3.7/site-packages/airflow/example_dags/example_params_trigger_ui.py took 0.083 seconds
[2023-08-10T11:03:16.404+0000] {processor.py:157} INFO - Started process (PID=179) to work on /home/airflow/.local/lib/python3.7/site-packages/airflow/example_dags/example_params_trigger_ui.py
[2023-08-10T11:03:16.405+0000] {processor.py:826} INFO - Processing file /home/airflow/.local/lib/python3.7/site-packages/airflow/example_dags/example_params_trigger_ui.py for tasks to queue
[2023-08-10T11:03:16.406+0000] {logging_mixin.py:150} INFO - [2023-08-10T11:03:16.406+0000] {dagbag.py:541} INFO - Filling up the DagBag from /home/airflow/.local/lib/python3.7/site-packages/airflow/example_dags/example_params_trigger_ui.py
[2023-08-10T11:03:16.419+0000] {processor.py:836} INFO - DAG(s) dict_keys(['example_params_trigger_ui']) retrieved from /home/airflow/.local/lib/python3.7/site-packages/airflow/example_dags/example_params_trigger_ui.py
[2023-08-10T11:03:16.461+0000] {logging_mixin.py:150} INFO - [2023-08-10T11:03:16.461+0000] {dag.py:2742} INFO - Sync 1 DAGs
[2023-08-10T11:03:16.474+0000] {logging_mixin.py:150} INFO - [2023-08-10T11:03:16.474+0000] {dag.py:3508} INFO - Setting next_dagrun for example_params_trigger_ui to None, run_after=None
[2023-08-10T11:03:16.483+0000] {processor.py:179} INFO - Processing /home/airflow/.local/lib/python3.7/site-packages/airflow/example_dags/example_params_trigger_ui.py took 0.081 seconds
[2023-08-10T11:03:47.561+0000] {processor.py:157} INFO - Started process (PID=238) to work on /home/airflow/.local/lib/python3.7/site-packages/airflow/example_dags/example_params_trigger_ui.py
[2023-08-10T11:03:47.562+0000] {processor.py:826} INFO - Processing file /home/airflow/.local/lib/python3.7/site-packages/airflow/example_dags/example_params_trigger_ui.py for tasks to queue
[2023-08-10T11:03:47.563+0000] {logging_mixin.py:150} INFO - [2023-08-10T11:03:47.562+0000] {dagbag.py:541} INFO - Filling up the DagBag from /home/airflow/.local/lib/python3.7/site-packages/airflow/example_dags/example_params_trigger_ui.py
[2023-08-10T11:03:47.576+0000] {processor.py:836} INFO - DAG(s) dict_keys(['example_params_trigger_ui']) retrieved from /home/airflow/.local/lib/python3.7/site-packages/airflow/example_dags/example_params_trigger_ui.py
[2023-08-10T11:03:47.619+0000] {logging_mixin.py:150} INFO - [2023-08-10T11:03:47.619+0000] {dag.py:2742} INFO - Sync 1 DAGs
[2023-08-10T11:03:47.633+0000] {logging_mixin.py:150} INFO - [2023-08-10T11:03:47.633+0000] {dag.py:3508} INFO - Setting next_dagrun for example_params_trigger_ui to None, run_after=None
[2023-08-10T11:03:47.644+0000] {processor.py:179} INFO - Processing /home/airflow/.local/lib/python3.7/site-packages/airflow/example_dags/example_params_trigger_ui.py took 0.085 seconds
[2023-08-10T11:04:17.722+0000] {processor.py:157} INFO - Started process (PID=297) to work on /home/airflow/.local/lib/python3.7/site-packages/airflow/example_dags/example_params_trigger_ui.py
[2023-08-10T11:04:17.723+0000] {processor.py:826} INFO - Processing file /home/airflow/.local/lib/python3.7/site-packages/airflow/example_dags/example_params_trigger_ui.py for tasks to queue
[2023-08-10T11:04:17.724+0000] {logging_mixin.py:150} INFO - [2023-08-10T11:04:17.724+0000] {dagbag.py:541} INFO - Filling up the DagBag from /home/airflow/.local/lib/python3.7/site-packages/airflow/example_dags/example_params_trigger_ui.py
[2023-08-10T11:04:17.737+0000] {processor.py:836} INFO - DAG(s) dict_keys(['example_params_trigger_ui']) retrieved from /home/airflow/.local/lib/python3.7/site-packages/airflow/example_dags/example_params_trigger_ui.py
[2023-08-10T11:04:17.780+0000] {logging_mixin.py:150} INFO - [2023-08-10T11:04:17.780+0000] {dag.py:2742} INFO - Sync 1 DAGs
[2023-08-10T11:04:17.793+0000] {logging_mixin.py:150} INFO - [2023-08-10T11:04:17.793+0000] {dag.py:3508} INFO - Setting next_dagrun for example_params_trigger_ui to None, run_after=None
[2023-08-10T11:04:17.804+0000] {processor.py:179} INFO - Processing /home/airflow/.local/lib/python3.7/site-packages/airflow/example_dags/example_params_trigger_ui.py took 0.084 seconds
[2023-08-10T11:04:48.935+0000] {processor.py:157} INFO - Started process (PID=356) to work on /home/airflow/.local/lib/python3.7/site-packages/airflow/example_dags/example_params_trigger_ui.py
[2023-08-10T11:04:48.936+0000] {processor.py:826} INFO - Processing file /home/airflow/.local/lib/python3.7/site-packages/airflow/example_dags/example_params_trigger_ui.py for tasks to queue
[2023-08-10T11:04:48.936+0000] {logging_mixin.py:150} INFO - [2023-08-10T11:04:48.936+0000] {dagbag.py:541} INFO - Filling up the DagBag from /home/airflow/.local/lib/python3.7/site-packages/airflow/example_dags/example_params_trigger_ui.py
[2023-08-10T11:04:48.949+0000] {processor.py:836} INFO - DAG(s) dict_keys(['example_params_trigger_ui']) retrieved from /home/airflow/.local/lib/python3.7/site-packages/airflow/example_dags/example_params_trigger_ui.py
[2023-08-10T11:04:48.990+0000] {logging_mixin.py:150} INFO - [2023-08-10T11:04:48.990+0000] {dag.py:2742} INFO - Sync 1 DAGs
[2023-08-10T11:04:49.003+0000] {logging_mixin.py:150} INFO - [2023-08-10T11:04:49.003+0000] {dag.py:3508} INFO - Setting next_dagrun for example_params_trigger_ui to None, run_after=None
[2023-08-10T11:04:49.013+0000] {processor.py:179} INFO - Processing /home/airflow/.local/lib/python3.7/site-packages/airflow/example_dags/example_params_trigger_ui.py took 0.081 seconds
