[2023-08-10T10:54:19.179+0000] {processor.py:157} INFO - Started process (PID=43) to work on /home/airflow/.local/lib/python3.7/site-packages/airflow/example_dags/example_python_operator.py
[2023-08-10T10:54:19.180+0000] {processor.py:826} INFO - Processing file /home/airflow/.local/lib/python3.7/site-packages/airflow/example_dags/example_python_operator.py for tasks to queue
[2023-08-10T10:54:19.181+0000] {logging_mixin.py:150} INFO - [2023-08-10T10:54:19.181+0000] {dagbag.py:541} INFO - Filling up the DagBag from /home/airflow/.local/lib/python3.7/site-packages/airflow/example_dags/example_python_operator.py
[2023-08-10T10:54:19.191+0000] {processor.py:836} INFO - DAG(s) dict_keys(['example_python_operator']) retrieved from /home/airflow/.local/lib/python3.7/site-packages/airflow/example_dags/example_python_operator.py
[2023-08-10T10:54:19.256+0000] {logging_mixin.py:150} INFO - [2023-08-10T10:54:19.256+0000] {manager.py:504} INFO - Created Permission View: can delete on DAG:example_python_operator
[2023-08-10T10:54:19.261+0000] {logging_mixin.py:150} INFO - [2023-08-10T10:54:19.261+0000] {manager.py:504} INFO - Created Permission View: can edit on DAG:example_python_operator
[2023-08-10T10:54:19.265+0000] {logging_mixin.py:150} INFO - [2023-08-10T10:54:19.265+0000] {manager.py:504} INFO - Created Permission View: can read on DAG:example_python_operator
[2023-08-10T10:54:19.273+0000] {logging_mixin.py:150} INFO - [2023-08-10T10:54:19.273+0000] {dag.py:2742} INFO - Sync 1 DAGs
[2023-08-10T10:54:19.280+0000] {logging_mixin.py:150} INFO - [2023-08-10T10:54:19.279+0000] {dag.py:2763} INFO - Creating ORM DAG for example_python_operator
[2023-08-10T10:54:19.286+0000] {logging_mixin.py:150} INFO - [2023-08-10T10:54:19.285+0000] {dag.py:3508} INFO - Setting next_dagrun for example_python_operator to None, run_after=None
[2023-08-10T10:54:19.297+0000] {processor.py:179} INFO - Processing /home/airflow/.local/lib/python3.7/site-packages/airflow/example_dags/example_python_operator.py took 0.121 seconds
[2023-08-10T10:54:50.256+0000] {processor.py:157} INFO - Started process (PID=102) to work on /home/airflow/.local/lib/python3.7/site-packages/airflow/example_dags/example_python_operator.py
[2023-08-10T10:54:50.257+0000] {processor.py:826} INFO - Processing file /home/airflow/.local/lib/python3.7/site-packages/airflow/example_dags/example_python_operator.py for tasks to queue
[2023-08-10T10:54:50.258+0000] {logging_mixin.py:150} INFO - [2023-08-10T10:54:50.258+0000] {dagbag.py:541} INFO - Filling up the DagBag from /home/airflow/.local/lib/python3.7/site-packages/airflow/example_dags/example_python_operator.py
[2023-08-10T10:54:50.265+0000] {processor.py:836} INFO - DAG(s) dict_keys(['example_python_operator']) retrieved from /home/airflow/.local/lib/python3.7/site-packages/airflow/example_dags/example_python_operator.py
[2023-08-10T10:54:50.283+0000] {logging_mixin.py:150} INFO - [2023-08-10T10:54:50.283+0000] {dag.py:2742} INFO - Sync 1 DAGs
[2023-08-10T10:54:50.297+0000] {logging_mixin.py:150} INFO - [2023-08-10T10:54:50.297+0000] {dag.py:3508} INFO - Setting next_dagrun for example_python_operator to None, run_after=None
[2023-08-10T10:54:50.306+0000] {processor.py:179} INFO - Processing /home/airflow/.local/lib/python3.7/site-packages/airflow/example_dags/example_python_operator.py took 0.054 seconds
[2023-08-10T10:57:14.629+0000] {processor.py:157} INFO - Started process (PID=42) to work on /home/airflow/.local/lib/python3.7/site-packages/airflow/example_dags/example_python_operator.py
[2023-08-10T10:57:14.630+0000] {processor.py:826} INFO - Processing file /home/airflow/.local/lib/python3.7/site-packages/airflow/example_dags/example_python_operator.py for tasks to queue
[2023-08-10T10:57:14.631+0000] {logging_mixin.py:150} INFO - [2023-08-10T10:57:14.631+0000] {dagbag.py:541} INFO - Filling up the DagBag from /home/airflow/.local/lib/python3.7/site-packages/airflow/example_dags/example_python_operator.py
[2023-08-10T10:57:14.640+0000] {processor.py:836} INFO - DAG(s) dict_keys(['example_python_operator']) retrieved from /home/airflow/.local/lib/python3.7/site-packages/airflow/example_dags/example_python_operator.py
[2023-08-10T10:57:14.650+0000] {logging_mixin.py:150} INFO - [2023-08-10T10:57:14.650+0000] {dag.py:2742} INFO - Sync 1 DAGs
[2023-08-10T10:57:14.665+0000] {logging_mixin.py:150} INFO - [2023-08-10T10:57:14.665+0000] {dag.py:3508} INFO - Setting next_dagrun for example_python_operator to None, run_after=None
[2023-08-10T10:57:14.675+0000] {processor.py:179} INFO - Processing /home/airflow/.local/lib/python3.7/site-packages/airflow/example_dags/example_python_operator.py took 0.049 seconds
[2023-08-10T10:57:45.132+0000] {processor.py:157} INFO - Started process (PID=101) to work on /home/airflow/.local/lib/python3.7/site-packages/airflow/example_dags/example_python_operator.py
[2023-08-10T10:57:45.133+0000] {processor.py:826} INFO - Processing file /home/airflow/.local/lib/python3.7/site-packages/airflow/example_dags/example_python_operator.py for tasks to queue
[2023-08-10T10:57:45.134+0000] {logging_mixin.py:150} INFO - [2023-08-10T10:57:45.134+0000] {dagbag.py:541} INFO - Filling up the DagBag from /home/airflow/.local/lib/python3.7/site-packages/airflow/example_dags/example_python_operator.py
[2023-08-10T10:57:45.141+0000] {processor.py:836} INFO - DAG(s) dict_keys(['example_python_operator']) retrieved from /home/airflow/.local/lib/python3.7/site-packages/airflow/example_dags/example_python_operator.py
[2023-08-10T10:57:45.209+0000] {logging_mixin.py:150} INFO - [2023-08-10T10:57:45.208+0000] {dag.py:2742} INFO - Sync 1 DAGs
[2023-08-10T10:57:45.220+0000] {logging_mixin.py:150} INFO - [2023-08-10T10:57:45.220+0000] {dag.py:3508} INFO - Setting next_dagrun for example_python_operator to None, run_after=None
[2023-08-10T10:57:45.231+0000] {processor.py:179} INFO - Processing /home/airflow/.local/lib/python3.7/site-packages/airflow/example_dags/example_python_operator.py took 0.102 seconds
[2023-08-10T11:02:14.530+0000] {processor.py:157} INFO - Started process (PID=43) to work on /home/airflow/.local/lib/python3.7/site-packages/airflow/example_dags/example_python_operator.py
[2023-08-10T11:02:14.531+0000] {processor.py:826} INFO - Processing file /home/airflow/.local/lib/python3.7/site-packages/airflow/example_dags/example_python_operator.py for tasks to queue
[2023-08-10T11:02:14.532+0000] {logging_mixin.py:150} INFO - [2023-08-10T11:02:14.532+0000] {dagbag.py:541} INFO - Filling up the DagBag from /home/airflow/.local/lib/python3.7/site-packages/airflow/example_dags/example_python_operator.py
[2023-08-10T11:02:14.541+0000] {processor.py:836} INFO - DAG(s) dict_keys(['example_python_operator']) retrieved from /home/airflow/.local/lib/python3.7/site-packages/airflow/example_dags/example_python_operator.py
[2023-08-10T11:02:14.550+0000] {logging_mixin.py:150} INFO - [2023-08-10T11:02:14.550+0000] {dag.py:2742} INFO - Sync 1 DAGs
[2023-08-10T11:02:14.566+0000] {logging_mixin.py:150} INFO - [2023-08-10T11:02:14.566+0000] {dag.py:3508} INFO - Setting next_dagrun for example_python_operator to None, run_after=None
[2023-08-10T11:02:14.579+0000] {processor.py:179} INFO - Processing /home/airflow/.local/lib/python3.7/site-packages/airflow/example_dags/example_python_operator.py took 0.052 seconds
[2023-08-10T11:02:45.303+0000] {processor.py:157} INFO - Started process (PID=102) to work on /home/airflow/.local/lib/python3.7/site-packages/airflow/example_dags/example_python_operator.py
[2023-08-10T11:02:45.304+0000] {processor.py:826} INFO - Processing file /home/airflow/.local/lib/python3.7/site-packages/airflow/example_dags/example_python_operator.py for tasks to queue
[2023-08-10T11:02:45.304+0000] {logging_mixin.py:150} INFO - [2023-08-10T11:02:45.304+0000] {dagbag.py:541} INFO - Filling up the DagBag from /home/airflow/.local/lib/python3.7/site-packages/airflow/example_dags/example_python_operator.py
[2023-08-10T11:02:45.311+0000] {processor.py:836} INFO - DAG(s) dict_keys(['example_python_operator']) retrieved from /home/airflow/.local/lib/python3.7/site-packages/airflow/example_dags/example_python_operator.py
[2023-08-10T11:02:45.378+0000] {logging_mixin.py:150} INFO - [2023-08-10T11:02:45.378+0000] {dag.py:2742} INFO - Sync 1 DAGs
[2023-08-10T11:02:45.390+0000] {logging_mixin.py:150} INFO - [2023-08-10T11:02:45.390+0000] {dag.py:3508} INFO - Setting next_dagrun for example_python_operator to None, run_after=None
[2023-08-10T11:02:45.399+0000] {processor.py:179} INFO - Processing /home/airflow/.local/lib/python3.7/site-packages/airflow/example_dags/example_python_operator.py took 0.099 seconds
[2023-08-10T11:03:15.563+0000] {processor.py:157} INFO - Started process (PID=161) to work on /home/airflow/.local/lib/python3.7/site-packages/airflow/example_dags/example_python_operator.py
[2023-08-10T11:03:15.564+0000] {processor.py:826} INFO - Processing file /home/airflow/.local/lib/python3.7/site-packages/airflow/example_dags/example_python_operator.py for tasks to queue
[2023-08-10T11:03:15.565+0000] {logging_mixin.py:150} INFO - [2023-08-10T11:03:15.564+0000] {dagbag.py:541} INFO - Filling up the DagBag from /home/airflow/.local/lib/python3.7/site-packages/airflow/example_dags/example_python_operator.py
[2023-08-10T11:03:15.571+0000] {processor.py:836} INFO - DAG(s) dict_keys(['example_python_operator']) retrieved from /home/airflow/.local/lib/python3.7/site-packages/airflow/example_dags/example_python_operator.py
[2023-08-10T11:03:15.590+0000] {logging_mixin.py:150} INFO - [2023-08-10T11:03:15.590+0000] {dag.py:2742} INFO - Sync 1 DAGs
[2023-08-10T11:03:15.604+0000] {logging_mixin.py:150} INFO - [2023-08-10T11:03:15.604+0000] {dag.py:3508} INFO - Setting next_dagrun for example_python_operator to None, run_after=None
[2023-08-10T11:03:15.614+0000] {processor.py:179} INFO - Processing /home/airflow/.local/lib/python3.7/site-packages/airflow/example_dags/example_python_operator.py took 0.053 seconds
[2023-08-10T11:03:45.756+0000] {processor.py:157} INFO - Started process (PID=220) to work on /home/airflow/.local/lib/python3.7/site-packages/airflow/example_dags/example_python_operator.py
[2023-08-10T11:03:45.757+0000] {processor.py:826} INFO - Processing file /home/airflow/.local/lib/python3.7/site-packages/airflow/example_dags/example_python_operator.py for tasks to queue
[2023-08-10T11:03:45.758+0000] {logging_mixin.py:150} INFO - [2023-08-10T11:03:45.758+0000] {dagbag.py:541} INFO - Filling up the DagBag from /home/airflow/.local/lib/python3.7/site-packages/airflow/example_dags/example_python_operator.py
[2023-08-10T11:03:45.765+0000] {processor.py:836} INFO - DAG(s) dict_keys(['example_python_operator']) retrieved from /home/airflow/.local/lib/python3.7/site-packages/airflow/example_dags/example_python_operator.py
[2023-08-10T11:03:45.784+0000] {logging_mixin.py:150} INFO - [2023-08-10T11:03:45.784+0000] {dag.py:2742} INFO - Sync 1 DAGs
[2023-08-10T11:03:45.798+0000] {logging_mixin.py:150} INFO - [2023-08-10T11:03:45.798+0000] {dag.py:3508} INFO - Setting next_dagrun for example_python_operator to None, run_after=None
[2023-08-10T11:03:45.807+0000] {processor.py:179} INFO - Processing /home/airflow/.local/lib/python3.7/site-packages/airflow/example_dags/example_python_operator.py took 0.054 seconds
[2023-08-10T11:04:15.900+0000] {processor.py:157} INFO - Started process (PID=279) to work on /home/airflow/.local/lib/python3.7/site-packages/airflow/example_dags/example_python_operator.py
[2023-08-10T11:04:15.901+0000] {processor.py:826} INFO - Processing file /home/airflow/.local/lib/python3.7/site-packages/airflow/example_dags/example_python_operator.py for tasks to queue
[2023-08-10T11:04:15.901+0000] {logging_mixin.py:150} INFO - [2023-08-10T11:04:15.901+0000] {dagbag.py:541} INFO - Filling up the DagBag from /home/airflow/.local/lib/python3.7/site-packages/airflow/example_dags/example_python_operator.py
[2023-08-10T11:04:15.908+0000] {processor.py:836} INFO - DAG(s) dict_keys(['example_python_operator']) retrieved from /home/airflow/.local/lib/python3.7/site-packages/airflow/example_dags/example_python_operator.py
[2023-08-10T11:04:15.926+0000] {logging_mixin.py:150} INFO - [2023-08-10T11:04:15.926+0000] {dag.py:2742} INFO - Sync 1 DAGs
[2023-08-10T11:04:15.940+0000] {logging_mixin.py:150} INFO - [2023-08-10T11:04:15.940+0000] {dag.py:3508} INFO - Setting next_dagrun for example_python_operator to None, run_after=None
[2023-08-10T11:04:15.950+0000] {processor.py:179} INFO - Processing /home/airflow/.local/lib/python3.7/site-packages/airflow/example_dags/example_python_operator.py took 0.053 seconds
[2023-08-10T11:04:46.078+0000] {processor.py:157} INFO - Started process (PID=338) to work on /home/airflow/.local/lib/python3.7/site-packages/airflow/example_dags/example_python_operator.py
[2023-08-10T11:04:46.079+0000] {processor.py:826} INFO - Processing file /home/airflow/.local/lib/python3.7/site-packages/airflow/example_dags/example_python_operator.py for tasks to queue
[2023-08-10T11:04:46.080+0000] {logging_mixin.py:150} INFO - [2023-08-10T11:04:46.080+0000] {dagbag.py:541} INFO - Filling up the DagBag from /home/airflow/.local/lib/python3.7/site-packages/airflow/example_dags/example_python_operator.py
[2023-08-10T11:04:46.086+0000] {processor.py:836} INFO - DAG(s) dict_keys(['example_python_operator']) retrieved from /home/airflow/.local/lib/python3.7/site-packages/airflow/example_dags/example_python_operator.py
[2023-08-10T11:04:46.105+0000] {logging_mixin.py:150} INFO - [2023-08-10T11:04:46.105+0000] {dag.py:2742} INFO - Sync 1 DAGs
[2023-08-10T11:04:46.119+0000] {logging_mixin.py:150} INFO - [2023-08-10T11:04:46.119+0000] {dag.py:3508} INFO - Setting next_dagrun for example_python_operator to None, run_after=None
[2023-08-10T11:04:46.129+0000] {processor.py:179} INFO - Processing /home/airflow/.local/lib/python3.7/site-packages/airflow/example_dags/example_python_operator.py took 0.054 seconds
