[2023-08-10T10:54:22.312+0000] {processor.py:157} INFO - Started process (PID=70) to work on /home/airflow/.local/lib/python3.7/site-packages/airflow/example_dags/example_sensors.py
[2023-08-10T10:54:22.312+0000] {processor.py:826} INFO - Processing file /home/airflow/.local/lib/python3.7/site-packages/airflow/example_dags/example_sensors.py for tasks to queue
[2023-08-10T10:54:22.313+0000] {logging_mixin.py:150} INFO - [2023-08-10T10:54:22.313+0000] {dagbag.py:541} INFO - Filling up the DagBag from /home/airflow/.local/lib/python3.7/site-packages/airflow/example_dags/example_sensors.py
[2023-08-10T10:54:22.320+0000] {processor.py:836} INFO - DAG(s) dict_keys(['example_sensors']) retrieved from /home/airflow/.local/lib/python3.7/site-packages/airflow/example_dags/example_sensors.py
[2023-08-10T10:54:22.378+0000] {logging_mixin.py:150} INFO - [2023-08-10T10:54:22.378+0000] {manager.py:504} INFO - Created Permission View: can delete on DAG:example_sensors
[2023-08-10T10:54:22.384+0000] {logging_mixin.py:150} INFO - [2023-08-10T10:54:22.384+0000] {manager.py:504} INFO - Created Permission View: can edit on DAG:example_sensors
[2023-08-10T10:54:22.388+0000] {logging_mixin.py:150} INFO - [2023-08-10T10:54:22.388+0000] {manager.py:504} INFO - Created Permission View: can read on DAG:example_sensors
[2023-08-10T10:54:22.395+0000] {logging_mixin.py:150} INFO - [2023-08-10T10:54:22.395+0000] {dag.py:2742} INFO - Sync 1 DAGs
[2023-08-10T10:54:22.401+0000] {logging_mixin.py:150} INFO - [2023-08-10T10:54:22.401+0000] {dag.py:2763} INFO - Creating ORM DAG for example_sensors
[2023-08-10T10:54:22.408+0000] {logging_mixin.py:150} INFO - [2023-08-10T10:54:22.408+0000] {dag.py:3508} INFO - Setting next_dagrun for example_sensors to None, run_after=None
[2023-08-10T10:54:22.417+0000] {processor.py:179} INFO - Processing /home/airflow/.local/lib/python3.7/site-packages/airflow/example_dags/example_sensors.py took 0.108 seconds
[2023-08-10T10:54:53.387+0000] {processor.py:157} INFO - Started process (PID=129) to work on /home/airflow/.local/lib/python3.7/site-packages/airflow/example_dags/example_sensors.py
[2023-08-10T10:54:53.389+0000] {processor.py:826} INFO - Processing file /home/airflow/.local/lib/python3.7/site-packages/airflow/example_dags/example_sensors.py for tasks to queue
[2023-08-10T10:54:53.391+0000] {logging_mixin.py:150} INFO - [2023-08-10T10:54:53.391+0000] {dagbag.py:541} INFO - Filling up the DagBag from /home/airflow/.local/lib/python3.7/site-packages/airflow/example_dags/example_sensors.py
[2023-08-10T10:54:53.401+0000] {processor.py:836} INFO - DAG(s) dict_keys(['example_sensors']) retrieved from /home/airflow/.local/lib/python3.7/site-packages/airflow/example_dags/example_sensors.py
[2023-08-10T10:54:53.422+0000] {logging_mixin.py:150} INFO - [2023-08-10T10:54:53.422+0000] {dag.py:2742} INFO - Sync 1 DAGs
[2023-08-10T10:54:53.436+0000] {logging_mixin.py:150} INFO - [2023-08-10T10:54:53.436+0000] {dag.py:3508} INFO - Setting next_dagrun for example_sensors to None, run_after=None
[2023-08-10T10:54:53.447+0000] {processor.py:179} INFO - Processing /home/airflow/.local/lib/python3.7/site-packages/airflow/example_dags/example_sensors.py took 0.066 seconds
[2023-08-10T10:57:16.398+0000] {processor.py:157} INFO - Started process (PID=69) to work on /home/airflow/.local/lib/python3.7/site-packages/airflow/example_dags/example_sensors.py
[2023-08-10T10:57:16.399+0000] {processor.py:826} INFO - Processing file /home/airflow/.local/lib/python3.7/site-packages/airflow/example_dags/example_sensors.py for tasks to queue
[2023-08-10T10:57:16.400+0000] {logging_mixin.py:150} INFO - [2023-08-10T10:57:16.400+0000] {dagbag.py:541} INFO - Filling up the DagBag from /home/airflow/.local/lib/python3.7/site-packages/airflow/example_dags/example_sensors.py
[2023-08-10T10:57:16.408+0000] {processor.py:836} INFO - DAG(s) dict_keys(['example_sensors']) retrieved from /home/airflow/.local/lib/python3.7/site-packages/airflow/example_dags/example_sensors.py
[2023-08-10T10:57:16.420+0000] {logging_mixin.py:150} INFO - [2023-08-10T10:57:16.420+0000] {dag.py:2742} INFO - Sync 1 DAGs
[2023-08-10T10:57:16.438+0000] {logging_mixin.py:150} INFO - [2023-08-10T10:57:16.438+0000] {dag.py:3508} INFO - Setting next_dagrun for example_sensors to None, run_after=None
[2023-08-10T10:57:16.456+0000] {processor.py:179} INFO - Processing /home/airflow/.local/lib/python3.7/site-packages/airflow/example_dags/example_sensors.py took 0.061 seconds
[2023-08-10T10:57:47.387+0000] {processor.py:157} INFO - Started process (PID=128) to work on /home/airflow/.local/lib/python3.7/site-packages/airflow/example_dags/example_sensors.py
[2023-08-10T10:57:47.388+0000] {processor.py:826} INFO - Processing file /home/airflow/.local/lib/python3.7/site-packages/airflow/example_dags/example_sensors.py for tasks to queue
[2023-08-10T10:57:47.388+0000] {logging_mixin.py:150} INFO - [2023-08-10T10:57:47.388+0000] {dagbag.py:541} INFO - Filling up the DagBag from /home/airflow/.local/lib/python3.7/site-packages/airflow/example_dags/example_sensors.py
[2023-08-10T10:57:47.396+0000] {processor.py:836} INFO - DAG(s) dict_keys(['example_sensors']) retrieved from /home/airflow/.local/lib/python3.7/site-packages/airflow/example_dags/example_sensors.py
[2023-08-10T10:57:47.415+0000] {logging_mixin.py:150} INFO - [2023-08-10T10:57:47.415+0000] {dag.py:2742} INFO - Sync 1 DAGs
[2023-08-10T10:57:47.429+0000] {logging_mixin.py:150} INFO - [2023-08-10T10:57:47.429+0000] {dag.py:3508} INFO - Setting next_dagrun for example_sensors to None, run_after=None
[2023-08-10T10:57:47.438+0000] {processor.py:179} INFO - Processing /home/airflow/.local/lib/python3.7/site-packages/airflow/example_dags/example_sensors.py took 0.055 seconds
[2023-08-10T11:02:16.366+0000] {processor.py:157} INFO - Started process (PID=70) to work on /home/airflow/.local/lib/python3.7/site-packages/airflow/example_dags/example_sensors.py
[2023-08-10T11:02:16.367+0000] {processor.py:826} INFO - Processing file /home/airflow/.local/lib/python3.7/site-packages/airflow/example_dags/example_sensors.py for tasks to queue
[2023-08-10T11:02:16.368+0000] {logging_mixin.py:150} INFO - [2023-08-10T11:02:16.368+0000] {dagbag.py:541} INFO - Filling up the DagBag from /home/airflow/.local/lib/python3.7/site-packages/airflow/example_dags/example_sensors.py
[2023-08-10T11:02:16.381+0000] {processor.py:836} INFO - DAG(s) dict_keys(['example_sensors']) retrieved from /home/airflow/.local/lib/python3.7/site-packages/airflow/example_dags/example_sensors.py
[2023-08-10T11:02:16.396+0000] {logging_mixin.py:150} INFO - [2023-08-10T11:02:16.396+0000] {dag.py:2742} INFO - Sync 1 DAGs
[2023-08-10T11:02:16.411+0000] {logging_mixin.py:150} INFO - [2023-08-10T11:02:16.411+0000] {dag.py:3508} INFO - Setting next_dagrun for example_sensors to None, run_after=None
[2023-08-10T11:02:16.428+0000] {processor.py:179} INFO - Processing /home/airflow/.local/lib/python3.7/site-packages/airflow/example_dags/example_sensors.py took 0.065 seconds
[2023-08-10T11:02:46.501+0000] {processor.py:157} INFO - Started process (PID=129) to work on /home/airflow/.local/lib/python3.7/site-packages/airflow/example_dags/example_sensors.py
[2023-08-10T11:02:46.502+0000] {processor.py:826} INFO - Processing file /home/airflow/.local/lib/python3.7/site-packages/airflow/example_dags/example_sensors.py for tasks to queue
[2023-08-10T11:02:46.503+0000] {logging_mixin.py:150} INFO - [2023-08-10T11:02:46.503+0000] {dagbag.py:541} INFO - Filling up the DagBag from /home/airflow/.local/lib/python3.7/site-packages/airflow/example_dags/example_sensors.py
[2023-08-10T11:02:46.509+0000] {processor.py:836} INFO - DAG(s) dict_keys(['example_sensors']) retrieved from /home/airflow/.local/lib/python3.7/site-packages/airflow/example_dags/example_sensors.py
[2023-08-10T11:02:46.527+0000] {logging_mixin.py:150} INFO - [2023-08-10T11:02:46.527+0000] {dag.py:2742} INFO - Sync 1 DAGs
[2023-08-10T11:02:46.540+0000] {logging_mixin.py:150} INFO - [2023-08-10T11:02:46.540+0000] {dag.py:3508} INFO - Setting next_dagrun for example_sensors to None, run_after=None
[2023-08-10T11:02:46.550+0000] {processor.py:179} INFO - Processing /home/airflow/.local/lib/python3.7/site-packages/airflow/example_dags/example_sensors.py took 0.051 seconds
[2023-08-10T11:03:16.790+0000] {processor.py:157} INFO - Started process (PID=188) to work on /home/airflow/.local/lib/python3.7/site-packages/airflow/example_dags/example_sensors.py
[2023-08-10T11:03:16.791+0000] {processor.py:826} INFO - Processing file /home/airflow/.local/lib/python3.7/site-packages/airflow/example_dags/example_sensors.py for tasks to queue
[2023-08-10T11:03:16.792+0000] {logging_mixin.py:150} INFO - [2023-08-10T11:03:16.791+0000] {dagbag.py:541} INFO - Filling up the DagBag from /home/airflow/.local/lib/python3.7/site-packages/airflow/example_dags/example_sensors.py
[2023-08-10T11:03:16.798+0000] {processor.py:836} INFO - DAG(s) dict_keys(['example_sensors']) retrieved from /home/airflow/.local/lib/python3.7/site-packages/airflow/example_dags/example_sensors.py
[2023-08-10T11:03:16.817+0000] {logging_mixin.py:150} INFO - [2023-08-10T11:03:16.817+0000] {dag.py:2742} INFO - Sync 1 DAGs
[2023-08-10T11:03:16.832+0000] {logging_mixin.py:150} INFO - [2023-08-10T11:03:16.832+0000] {dag.py:3508} INFO - Setting next_dagrun for example_sensors to None, run_after=None
[2023-08-10T11:03:16.841+0000] {processor.py:179} INFO - Processing /home/airflow/.local/lib/python3.7/site-packages/airflow/example_dags/example_sensors.py took 0.054 seconds
[2023-08-10T11:03:47.904+0000] {processor.py:157} INFO - Started process (PID=247) to work on /home/airflow/.local/lib/python3.7/site-packages/airflow/example_dags/example_sensors.py
[2023-08-10T11:03:47.905+0000] {processor.py:826} INFO - Processing file /home/airflow/.local/lib/python3.7/site-packages/airflow/example_dags/example_sensors.py for tasks to queue
[2023-08-10T11:03:47.906+0000] {logging_mixin.py:150} INFO - [2023-08-10T11:03:47.906+0000] {dagbag.py:541} INFO - Filling up the DagBag from /home/airflow/.local/lib/python3.7/site-packages/airflow/example_dags/example_sensors.py
[2023-08-10T11:03:47.912+0000] {processor.py:836} INFO - DAG(s) dict_keys(['example_sensors']) retrieved from /home/airflow/.local/lib/python3.7/site-packages/airflow/example_dags/example_sensors.py
[2023-08-10T11:03:47.931+0000] {logging_mixin.py:150} INFO - [2023-08-10T11:03:47.931+0000] {dag.py:2742} INFO - Sync 1 DAGs
[2023-08-10T11:03:47.945+0000] {logging_mixin.py:150} INFO - [2023-08-10T11:03:47.945+0000] {dag.py:3508} INFO - Setting next_dagrun for example_sensors to None, run_after=None
[2023-08-10T11:03:47.956+0000] {processor.py:179} INFO - Processing /home/airflow/.local/lib/python3.7/site-packages/airflow/example_dags/example_sensors.py took 0.054 seconds
[2023-08-10T11:04:18.101+0000] {processor.py:157} INFO - Started process (PID=306) to work on /home/airflow/.local/lib/python3.7/site-packages/airflow/example_dags/example_sensors.py
[2023-08-10T11:04:18.102+0000] {processor.py:826} INFO - Processing file /home/airflow/.local/lib/python3.7/site-packages/airflow/example_dags/example_sensors.py for tasks to queue
[2023-08-10T11:04:18.103+0000] {logging_mixin.py:150} INFO - [2023-08-10T11:04:18.102+0000] {dagbag.py:541} INFO - Filling up the DagBag from /home/airflow/.local/lib/python3.7/site-packages/airflow/example_dags/example_sensors.py
[2023-08-10T11:04:18.109+0000] {processor.py:836} INFO - DAG(s) dict_keys(['example_sensors']) retrieved from /home/airflow/.local/lib/python3.7/site-packages/airflow/example_dags/example_sensors.py
[2023-08-10T11:04:18.128+0000] {logging_mixin.py:150} INFO - [2023-08-10T11:04:18.127+0000] {dag.py:2742} INFO - Sync 1 DAGs
[2023-08-10T11:04:18.141+0000] {logging_mixin.py:150} INFO - [2023-08-10T11:04:18.141+0000] {dag.py:3508} INFO - Setting next_dagrun for example_sensors to None, run_after=None
[2023-08-10T11:04:18.151+0000] {processor.py:179} INFO - Processing /home/airflow/.local/lib/python3.7/site-packages/airflow/example_dags/example_sensors.py took 0.052 seconds
[2023-08-10T11:04:49.312+0000] {processor.py:157} INFO - Started process (PID=365) to work on /home/airflow/.local/lib/python3.7/site-packages/airflow/example_dags/example_sensors.py
[2023-08-10T11:04:49.313+0000] {processor.py:826} INFO - Processing file /home/airflow/.local/lib/python3.7/site-packages/airflow/example_dags/example_sensors.py for tasks to queue
[2023-08-10T11:04:49.314+0000] {logging_mixin.py:150} INFO - [2023-08-10T11:04:49.314+0000] {dagbag.py:541} INFO - Filling up the DagBag from /home/airflow/.local/lib/python3.7/site-packages/airflow/example_dags/example_sensors.py
[2023-08-10T11:04:49.321+0000] {processor.py:836} INFO - DAG(s) dict_keys(['example_sensors']) retrieved from /home/airflow/.local/lib/python3.7/site-packages/airflow/example_dags/example_sensors.py
[2023-08-10T11:04:49.340+0000] {logging_mixin.py:150} INFO - [2023-08-10T11:04:49.340+0000] {dag.py:2742} INFO - Sync 1 DAGs
[2023-08-10T11:04:49.354+0000] {logging_mixin.py:150} INFO - [2023-08-10T11:04:49.354+0000] {dag.py:3508} INFO - Setting next_dagrun for example_sensors to None, run_after=None
[2023-08-10T11:04:49.364+0000] {processor.py:179} INFO - Processing /home/airflow/.local/lib/python3.7/site-packages/airflow/example_dags/example_sensors.py took 0.054 seconds
