[2023-08-10T10:54:22.298+0000] {processor.py:157} INFO - Started process (PID=69) to work on /home/airflow/.local/lib/python3.7/site-packages/airflow/example_dags/example_xcomargs.py
[2023-08-10T10:54:22.299+0000] {processor.py:826} INFO - Processing file /home/airflow/.local/lib/python3.7/site-packages/airflow/example_dags/example_xcomargs.py for tasks to queue
[2023-08-10T10:54:22.299+0000] {logging_mixin.py:150} INFO - [2023-08-10T10:54:22.299+0000] {dagbag.py:541} INFO - Filling up the DagBag from /home/airflow/.local/lib/python3.7/site-packages/airflow/example_dags/example_xcomargs.py
[2023-08-10T10:54:22.305+0000] {processor.py:836} INFO - DAG(s) dict_keys(['example_xcom_args_with_operators', 'example_xcom_args']) retrieved from /home/airflow/.local/lib/python3.7/site-packages/airflow/example_dags/example_xcomargs.py
[2023-08-10T10:54:22.361+0000] {logging_mixin.py:150} INFO - [2023-08-10T10:54:22.361+0000] {manager.py:504} INFO - Created Permission View: can delete on DAG:example_xcom_args_with_operators
[2023-08-10T10:54:22.367+0000] {logging_mixin.py:150} INFO - [2023-08-10T10:54:22.367+0000] {manager.py:504} INFO - Created Permission View: can edit on DAG:example_xcom_args_with_operators
[2023-08-10T10:54:22.370+0000] {logging_mixin.py:150} INFO - [2023-08-10T10:54:22.370+0000] {manager.py:504} INFO - Created Permission View: can read on DAG:example_xcom_args_with_operators
[2023-08-10T10:54:22.384+0000] {logging_mixin.py:150} INFO - [2023-08-10T10:54:22.384+0000] {manager.py:504} INFO - Created Permission View: can delete on DAG:example_xcom_args
[2023-08-10T10:54:22.388+0000] {logging_mixin.py:150} INFO - [2023-08-10T10:54:22.388+0000] {manager.py:504} INFO - Created Permission View: can edit on DAG:example_xcom_args
[2023-08-10T10:54:22.391+0000] {logging_mixin.py:150} INFO - [2023-08-10T10:54:22.391+0000] {manager.py:504} INFO - Created Permission View: can read on DAG:example_xcom_args
[2023-08-10T10:54:22.395+0000] {logging_mixin.py:150} INFO - [2023-08-10T10:54:22.395+0000] {dag.py:2742} INFO - Sync 2 DAGs
[2023-08-10T10:54:22.402+0000] {logging_mixin.py:150} INFO - [2023-08-10T10:54:22.401+0000] {dag.py:2763} INFO - Creating ORM DAG for example_xcom_args
[2023-08-10T10:54:22.404+0000] {logging_mixin.py:150} INFO - [2023-08-10T10:54:22.404+0000] {dag.py:2763} INFO - Creating ORM DAG for example_xcom_args_with_operators
[2023-08-10T10:54:22.409+0000] {logging_mixin.py:150} INFO - [2023-08-10T10:54:22.409+0000] {dag.py:3508} INFO - Setting next_dagrun for example_xcom_args to None, run_after=None
[2023-08-10T10:54:22.410+0000] {logging_mixin.py:150} INFO - [2023-08-10T10:54:22.410+0000] {dag.py:3508} INFO - Setting next_dagrun for example_xcom_args_with_operators to None, run_after=None
[2023-08-10T10:54:22.419+0000] {processor.py:179} INFO - Processing /home/airflow/.local/lib/python3.7/site-packages/airflow/example_dags/example_xcomargs.py took 0.124 seconds
[2023-08-10T10:54:53.377+0000] {processor.py:157} INFO - Started process (PID=128) to work on /home/airflow/.local/lib/python3.7/site-packages/airflow/example_dags/example_xcomargs.py
[2023-08-10T10:54:53.380+0000] {processor.py:826} INFO - Processing file /home/airflow/.local/lib/python3.7/site-packages/airflow/example_dags/example_xcomargs.py for tasks to queue
[2023-08-10T10:54:53.382+0000] {logging_mixin.py:150} INFO - [2023-08-10T10:54:53.381+0000] {dagbag.py:541} INFO - Filling up the DagBag from /home/airflow/.local/lib/python3.7/site-packages/airflow/example_dags/example_xcomargs.py
[2023-08-10T10:54:53.394+0000] {processor.py:836} INFO - DAG(s) dict_keys(['example_xcom_args', 'example_xcom_args_with_operators']) retrieved from /home/airflow/.local/lib/python3.7/site-packages/airflow/example_dags/example_xcomargs.py
[2023-08-10T10:54:53.420+0000] {logging_mixin.py:150} INFO - [2023-08-10T10:54:53.420+0000] {dag.py:2742} INFO - Sync 2 DAGs
[2023-08-10T10:54:53.435+0000] {logging_mixin.py:150} INFO - [2023-08-10T10:54:53.435+0000] {dag.py:3508} INFO - Setting next_dagrun for example_xcom_args to None, run_after=None
[2023-08-10T10:54:53.438+0000] {logging_mixin.py:150} INFO - [2023-08-10T10:54:53.438+0000] {dag.py:3508} INFO - Setting next_dagrun for example_xcom_args_with_operators to None, run_after=None
[2023-08-10T10:54:53.447+0000] {processor.py:179} INFO - Processing /home/airflow/.local/lib/python3.7/site-packages/airflow/example_dags/example_xcomargs.py took 0.076 seconds
[2023-08-10T10:57:16.351+0000] {processor.py:157} INFO - Started process (PID=68) to work on /home/airflow/.local/lib/python3.7/site-packages/airflow/example_dags/example_xcomargs.py
[2023-08-10T10:57:16.352+0000] {processor.py:826} INFO - Processing file /home/airflow/.local/lib/python3.7/site-packages/airflow/example_dags/example_xcomargs.py for tasks to queue
[2023-08-10T10:57:16.353+0000] {logging_mixin.py:150} INFO - [2023-08-10T10:57:16.353+0000] {dagbag.py:541} INFO - Filling up the DagBag from /home/airflow/.local/lib/python3.7/site-packages/airflow/example_dags/example_xcomargs.py
[2023-08-10T10:57:16.359+0000] {processor.py:836} INFO - DAG(s) dict_keys(['example_xcom_args', 'example_xcom_args_with_operators']) retrieved from /home/airflow/.local/lib/python3.7/site-packages/airflow/example_dags/example_xcomargs.py
[2023-08-10T10:57:16.373+0000] {logging_mixin.py:150} INFO - [2023-08-10T10:57:16.373+0000] {dag.py:2742} INFO - Sync 2 DAGs
[2023-08-10T10:57:16.391+0000] {logging_mixin.py:150} INFO - [2023-08-10T10:57:16.390+0000] {dag.py:3508} INFO - Setting next_dagrun for example_xcom_args to None, run_after=None
[2023-08-10T10:57:16.393+0000] {logging_mixin.py:150} INFO - [2023-08-10T10:57:16.393+0000] {dag.py:3508} INFO - Setting next_dagrun for example_xcom_args_with_operators to None, run_after=None
[2023-08-10T10:57:16.413+0000] {processor.py:179} INFO - Processing /home/airflow/.local/lib/python3.7/site-packages/airflow/example_dags/example_xcomargs.py took 0.065 seconds
[2023-08-10T10:57:47.336+0000] {processor.py:157} INFO - Started process (PID=127) to work on /home/airflow/.local/lib/python3.7/site-packages/airflow/example_dags/example_xcomargs.py
[2023-08-10T10:57:47.337+0000] {processor.py:826} INFO - Processing file /home/airflow/.local/lib/python3.7/site-packages/airflow/example_dags/example_xcomargs.py for tasks to queue
[2023-08-10T10:57:47.338+0000] {logging_mixin.py:150} INFO - [2023-08-10T10:57:47.338+0000] {dagbag.py:541} INFO - Filling up the DagBag from /home/airflow/.local/lib/python3.7/site-packages/airflow/example_dags/example_xcomargs.py
[2023-08-10T10:57:47.344+0000] {processor.py:836} INFO - DAG(s) dict_keys(['example_xcom_args_with_operators', 'example_xcom_args']) retrieved from /home/airflow/.local/lib/python3.7/site-packages/airflow/example_dags/example_xcomargs.py
[2023-08-10T10:57:47.363+0000] {logging_mixin.py:150} INFO - [2023-08-10T10:57:47.362+0000] {dag.py:2742} INFO - Sync 2 DAGs
[2023-08-10T10:57:47.382+0000] {logging_mixin.py:150} INFO - [2023-08-10T10:57:47.381+0000] {dag.py:3508} INFO - Setting next_dagrun for example_xcom_args to None, run_after=None
[2023-08-10T10:57:47.385+0000] {logging_mixin.py:150} INFO - [2023-08-10T10:57:47.385+0000] {dag.py:3508} INFO - Setting next_dagrun for example_xcom_args_with_operators to None, run_after=None
[2023-08-10T10:57:47.394+0000] {processor.py:179} INFO - Processing /home/airflow/.local/lib/python3.7/site-packages/airflow/example_dags/example_xcomargs.py took 0.061 seconds
[2023-08-10T11:02:16.294+0000] {processor.py:157} INFO - Started process (PID=69) to work on /home/airflow/.local/lib/python3.7/site-packages/airflow/example_dags/example_xcomargs.py
[2023-08-10T11:02:16.295+0000] {processor.py:826} INFO - Processing file /home/airflow/.local/lib/python3.7/site-packages/airflow/example_dags/example_xcomargs.py for tasks to queue
[2023-08-10T11:02:16.296+0000] {logging_mixin.py:150} INFO - [2023-08-10T11:02:16.296+0000] {dagbag.py:541} INFO - Filling up the DagBag from /home/airflow/.local/lib/python3.7/site-packages/airflow/example_dags/example_xcomargs.py
[2023-08-10T11:02:16.305+0000] {processor.py:836} INFO - DAG(s) dict_keys(['example_xcom_args_with_operators', 'example_xcom_args']) retrieved from /home/airflow/.local/lib/python3.7/site-packages/airflow/example_dags/example_xcomargs.py
[2023-08-10T11:02:16.326+0000] {logging_mixin.py:150} INFO - [2023-08-10T11:02:16.326+0000] {dag.py:2742} INFO - Sync 2 DAGs
[2023-08-10T11:02:16.355+0000] {logging_mixin.py:150} INFO - [2023-08-10T11:02:16.355+0000] {dag.py:3508} INFO - Setting next_dagrun for example_xcom_args to None, run_after=None
[2023-08-10T11:02:16.359+0000] {logging_mixin.py:150} INFO - [2023-08-10T11:02:16.359+0000] {dag.py:3508} INFO - Setting next_dagrun for example_xcom_args_with_operators to None, run_after=None
[2023-08-10T11:02:16.378+0000] {processor.py:179} INFO - Processing /home/airflow/.local/lib/python3.7/site-packages/airflow/example_dags/example_xcomargs.py took 0.087 seconds
[2023-08-10T11:02:46.433+0000] {processor.py:157} INFO - Started process (PID=128) to work on /home/airflow/.local/lib/python3.7/site-packages/airflow/example_dags/example_xcomargs.py
[2023-08-10T11:02:46.434+0000] {processor.py:826} INFO - Processing file /home/airflow/.local/lib/python3.7/site-packages/airflow/example_dags/example_xcomargs.py for tasks to queue
[2023-08-10T11:02:46.435+0000] {logging_mixin.py:150} INFO - [2023-08-10T11:02:46.435+0000] {dagbag.py:541} INFO - Filling up the DagBag from /home/airflow/.local/lib/python3.7/site-packages/airflow/example_dags/example_xcomargs.py
[2023-08-10T11:02:46.441+0000] {processor.py:836} INFO - DAG(s) dict_keys(['example_xcom_args_with_operators', 'example_xcom_args']) retrieved from /home/airflow/.local/lib/python3.7/site-packages/airflow/example_dags/example_xcomargs.py
[2023-08-10T11:02:46.459+0000] {logging_mixin.py:150} INFO - [2023-08-10T11:02:46.459+0000] {dag.py:2742} INFO - Sync 2 DAGs
[2023-08-10T11:02:46.472+0000] {logging_mixin.py:150} INFO - [2023-08-10T11:02:46.472+0000] {dag.py:3508} INFO - Setting next_dagrun for example_xcom_args to None, run_after=None
[2023-08-10T11:02:46.474+0000] {logging_mixin.py:150} INFO - [2023-08-10T11:02:46.474+0000] {dag.py:3508} INFO - Setting next_dagrun for example_xcom_args_with_operators to None, run_after=None
[2023-08-10T11:02:46.483+0000] {processor.py:179} INFO - Processing /home/airflow/.local/lib/python3.7/site-packages/airflow/example_dags/example_xcomargs.py took 0.053 seconds
[2023-08-10T11:03:16.757+0000] {processor.py:157} INFO - Started process (PID=187) to work on /home/airflow/.local/lib/python3.7/site-packages/airflow/example_dags/example_xcomargs.py
[2023-08-10T11:03:16.758+0000] {processor.py:826} INFO - Processing file /home/airflow/.local/lib/python3.7/site-packages/airflow/example_dags/example_xcomargs.py for tasks to queue
[2023-08-10T11:03:16.759+0000] {logging_mixin.py:150} INFO - [2023-08-10T11:03:16.759+0000] {dagbag.py:541} INFO - Filling up the DagBag from /home/airflow/.local/lib/python3.7/site-packages/airflow/example_dags/example_xcomargs.py
[2023-08-10T11:03:16.765+0000] {processor.py:836} INFO - DAG(s) dict_keys(['example_xcom_args_with_operators', 'example_xcom_args']) retrieved from /home/airflow/.local/lib/python3.7/site-packages/airflow/example_dags/example_xcomargs.py
[2023-08-10T11:03:16.784+0000] {logging_mixin.py:150} INFO - [2023-08-10T11:03:16.784+0000] {dag.py:2742} INFO - Sync 2 DAGs
[2023-08-10T11:03:16.798+0000] {logging_mixin.py:150} INFO - [2023-08-10T11:03:16.798+0000] {dag.py:3508} INFO - Setting next_dagrun for example_xcom_args to None, run_after=None
[2023-08-10T11:03:16.801+0000] {logging_mixin.py:150} INFO - [2023-08-10T11:03:16.800+0000] {dag.py:3508} INFO - Setting next_dagrun for example_xcom_args_with_operators to None, run_after=None
[2023-08-10T11:03:16.809+0000] {processor.py:179} INFO - Processing /home/airflow/.local/lib/python3.7/site-packages/airflow/example_dags/example_xcomargs.py took 0.054 seconds
[2023-08-10T11:03:47.857+0000] {processor.py:157} INFO - Started process (PID=246) to work on /home/airflow/.local/lib/python3.7/site-packages/airflow/example_dags/example_xcomargs.py
[2023-08-10T11:03:47.858+0000] {processor.py:826} INFO - Processing file /home/airflow/.local/lib/python3.7/site-packages/airflow/example_dags/example_xcomargs.py for tasks to queue
[2023-08-10T11:03:47.859+0000] {logging_mixin.py:150} INFO - [2023-08-10T11:03:47.858+0000] {dagbag.py:541} INFO - Filling up the DagBag from /home/airflow/.local/lib/python3.7/site-packages/airflow/example_dags/example_xcomargs.py
[2023-08-10T11:03:47.865+0000] {processor.py:836} INFO - DAG(s) dict_keys(['example_xcom_args', 'example_xcom_args_with_operators']) retrieved from /home/airflow/.local/lib/python3.7/site-packages/airflow/example_dags/example_xcomargs.py
[2023-08-10T11:03:47.884+0000] {logging_mixin.py:150} INFO - [2023-08-10T11:03:47.884+0000] {dag.py:2742} INFO - Sync 2 DAGs
[2023-08-10T11:03:47.898+0000] {logging_mixin.py:150} INFO - [2023-08-10T11:03:47.898+0000] {dag.py:3508} INFO - Setting next_dagrun for example_xcom_args to None, run_after=None
[2023-08-10T11:03:47.900+0000] {logging_mixin.py:150} INFO - [2023-08-10T11:03:47.900+0000] {dag.py:3508} INFO - Setting next_dagrun for example_xcom_args_with_operators to None, run_after=None
[2023-08-10T11:03:47.909+0000] {processor.py:179} INFO - Processing /home/airflow/.local/lib/python3.7/site-packages/airflow/example_dags/example_xcomargs.py took 0.054 seconds
[2023-08-10T11:04:18.065+0000] {processor.py:157} INFO - Started process (PID=305) to work on /home/airflow/.local/lib/python3.7/site-packages/airflow/example_dags/example_xcomargs.py
[2023-08-10T11:04:18.066+0000] {processor.py:826} INFO - Processing file /home/airflow/.local/lib/python3.7/site-packages/airflow/example_dags/example_xcomargs.py for tasks to queue
[2023-08-10T11:04:18.067+0000] {logging_mixin.py:150} INFO - [2023-08-10T11:04:18.067+0000] {dagbag.py:541} INFO - Filling up the DagBag from /home/airflow/.local/lib/python3.7/site-packages/airflow/example_dags/example_xcomargs.py
[2023-08-10T11:04:18.072+0000] {processor.py:836} INFO - DAG(s) dict_keys(['example_xcom_args', 'example_xcom_args_with_operators']) retrieved from /home/airflow/.local/lib/python3.7/site-packages/airflow/example_dags/example_xcomargs.py
[2023-08-10T11:04:18.091+0000] {logging_mixin.py:150} INFO - [2023-08-10T11:04:18.091+0000] {dag.py:2742} INFO - Sync 2 DAGs
[2023-08-10T11:04:18.105+0000] {logging_mixin.py:150} INFO - [2023-08-10T11:04:18.105+0000] {dag.py:3508} INFO - Setting next_dagrun for example_xcom_args to None, run_after=None
[2023-08-10T11:04:18.108+0000] {logging_mixin.py:150} INFO - [2023-08-10T11:04:18.107+0000] {dag.py:3508} INFO - Setting next_dagrun for example_xcom_args_with_operators to None, run_after=None
[2023-08-10T11:04:18.116+0000] {processor.py:179} INFO - Processing /home/airflow/.local/lib/python3.7/site-packages/airflow/example_dags/example_xcomargs.py took 0.054 seconds
[2023-08-10T11:04:49.276+0000] {processor.py:157} INFO - Started process (PID=364) to work on /home/airflow/.local/lib/python3.7/site-packages/airflow/example_dags/example_xcomargs.py
[2023-08-10T11:04:49.277+0000] {processor.py:826} INFO - Processing file /home/airflow/.local/lib/python3.7/site-packages/airflow/example_dags/example_xcomargs.py for tasks to queue
[2023-08-10T11:04:49.278+0000] {logging_mixin.py:150} INFO - [2023-08-10T11:04:49.278+0000] {dagbag.py:541} INFO - Filling up the DagBag from /home/airflow/.local/lib/python3.7/site-packages/airflow/example_dags/example_xcomargs.py
[2023-08-10T11:04:49.284+0000] {processor.py:836} INFO - DAG(s) dict_keys(['example_xcom_args', 'example_xcom_args_with_operators']) retrieved from /home/airflow/.local/lib/python3.7/site-packages/airflow/example_dags/example_xcomargs.py
[2023-08-10T11:04:49.303+0000] {logging_mixin.py:150} INFO - [2023-08-10T11:04:49.303+0000] {dag.py:2742} INFO - Sync 2 DAGs
[2023-08-10T11:04:49.317+0000] {logging_mixin.py:150} INFO - [2023-08-10T11:04:49.317+0000] {dag.py:3508} INFO - Setting next_dagrun for example_xcom_args to None, run_after=None
[2023-08-10T11:04:49.319+0000] {logging_mixin.py:150} INFO - [2023-08-10T11:04:49.319+0000] {dag.py:3508} INFO - Setting next_dagrun for example_xcom_args_with_operators to None, run_after=None
[2023-08-10T11:04:49.327+0000] {processor.py:179} INFO - Processing /home/airflow/.local/lib/python3.7/site-packages/airflow/example_dags/example_xcomargs.py took 0.053 seconds
