[2023-08-10T10:54:20.328+0000] {processor.py:157} INFO - Started process (PID=53) to work on /home/airflow/.local/lib/python3.7/site-packages/airflow/example_dags/example_local_kubernetes_executor.py
[2023-08-10T10:54:20.330+0000] {processor.py:826} INFO - Processing file /home/airflow/.local/lib/python3.7/site-packages/airflow/example_dags/example_local_kubernetes_executor.py for tasks to queue
[2023-08-10T10:54:20.331+0000] {logging_mixin.py:150} INFO - [2023-08-10T10:54:20.331+0000] {dagbag.py:541} INFO - Filling up the DagBag from /home/airflow/.local/lib/python3.7/site-packages/airflow/example_dags/example_local_kubernetes_executor.py
[2023-08-10T10:54:20.470+0000] {processor.py:836} INFO - DAG(s) dict_keys(['example_local_kubernetes_executor']) retrieved from /home/airflow/.local/lib/python3.7/site-packages/airflow/example_dags/example_local_kubernetes_executor.py
[2023-08-10T10:54:20.562+0000] {logging_mixin.py:150} INFO - [2023-08-10T10:54:20.562+0000] {manager.py:504} INFO - Created Permission View: can delete on DAG:example_local_kubernetes_executor
[2023-08-10T10:54:20.569+0000] {logging_mixin.py:150} INFO - [2023-08-10T10:54:20.568+0000] {manager.py:504} INFO - Created Permission View: can edit on DAG:example_local_kubernetes_executor
[2023-08-10T10:54:20.572+0000] {logging_mixin.py:150} INFO - [2023-08-10T10:54:20.572+0000] {manager.py:504} INFO - Created Permission View: can read on DAG:example_local_kubernetes_executor
[2023-08-10T10:54:20.580+0000] {logging_mixin.py:150} INFO - [2023-08-10T10:54:20.580+0000] {dag.py:2742} INFO - Sync 1 DAGs
[2023-08-10T10:54:20.588+0000] {logging_mixin.py:150} INFO - [2023-08-10T10:54:20.588+0000] {dag.py:2763} INFO - Creating ORM DAG for example_local_kubernetes_executor
[2023-08-10T10:54:20.595+0000] {logging_mixin.py:150} INFO - [2023-08-10T10:54:20.595+0000] {dag.py:3508} INFO - Setting next_dagrun for example_local_kubernetes_executor to None, run_after=None
[2023-08-10T10:54:20.604+0000] {processor.py:179} INFO - Processing /home/airflow/.local/lib/python3.7/site-packages/airflow/example_dags/example_local_kubernetes_executor.py took 0.282 seconds
[2023-08-10T10:54:50.693+0000] {processor.py:157} INFO - Started process (PID=113) to work on /home/airflow/.local/lib/python3.7/site-packages/airflow/example_dags/example_local_kubernetes_executor.py
[2023-08-10T10:54:50.694+0000] {processor.py:826} INFO - Processing file /home/airflow/.local/lib/python3.7/site-packages/airflow/example_dags/example_local_kubernetes_executor.py for tasks to queue
[2023-08-10T10:54:50.695+0000] {logging_mixin.py:150} INFO - [2023-08-10T10:54:50.695+0000] {dagbag.py:541} INFO - Filling up the DagBag from /home/airflow/.local/lib/python3.7/site-packages/airflow/example_dags/example_local_kubernetes_executor.py
[2023-08-10T10:54:50.797+0000] {processor.py:836} INFO - DAG(s) dict_keys(['example_local_kubernetes_executor']) retrieved from /home/airflow/.local/lib/python3.7/site-packages/airflow/example_dags/example_local_kubernetes_executor.py
[2023-08-10T10:54:50.819+0000] {logging_mixin.py:150} INFO - [2023-08-10T10:54:50.819+0000] {dag.py:2742} INFO - Sync 1 DAGs
[2023-08-10T10:54:50.833+0000] {logging_mixin.py:150} INFO - [2023-08-10T10:54:50.833+0000] {dag.py:3508} INFO - Setting next_dagrun for example_local_kubernetes_executor to None, run_after=None
[2023-08-10T10:54:50.844+0000] {processor.py:179} INFO - Processing /home/airflow/.local/lib/python3.7/site-packages/airflow/example_dags/example_local_kubernetes_executor.py took 0.153 seconds
[2023-08-10T10:57:15.235+0000] {processor.py:157} INFO - Started process (PID=52) to work on /home/airflow/.local/lib/python3.7/site-packages/airflow/example_dags/example_local_kubernetes_executor.py
[2023-08-10T10:57:15.237+0000] {processor.py:826} INFO - Processing file /home/airflow/.local/lib/python3.7/site-packages/airflow/example_dags/example_local_kubernetes_executor.py for tasks to queue
[2023-08-10T10:57:15.238+0000] {logging_mixin.py:150} INFO - [2023-08-10T10:57:15.238+0000] {dagbag.py:541} INFO - Filling up the DagBag from /home/airflow/.local/lib/python3.7/site-packages/airflow/example_dags/example_local_kubernetes_executor.py
[2023-08-10T10:57:15.448+0000] {processor.py:836} INFO - DAG(s) dict_keys(['example_local_kubernetes_executor']) retrieved from /home/airflow/.local/lib/python3.7/site-packages/airflow/example_dags/example_local_kubernetes_executor.py
[2023-08-10T10:57:15.462+0000] {logging_mixin.py:150} INFO - [2023-08-10T10:57:15.462+0000] {dag.py:2742} INFO - Sync 1 DAGs
[2023-08-10T10:57:15.481+0000] {logging_mixin.py:150} INFO - [2023-08-10T10:57:15.480+0000] {dag.py:3508} INFO - Setting next_dagrun for example_local_kubernetes_executor to None, run_after=None
[2023-08-10T10:57:15.518+0000] {processor.py:179} INFO - Processing /home/airflow/.local/lib/python3.7/site-packages/airflow/example_dags/example_local_kubernetes_executor.py took 0.285 seconds
[2023-08-10T10:57:46.509+0000] {processor.py:157} INFO - Started process (PID=111) to work on /home/airflow/.local/lib/python3.7/site-packages/airflow/example_dags/example_local_kubernetes_executor.py
[2023-08-10T10:57:46.511+0000] {processor.py:826} INFO - Processing file /home/airflow/.local/lib/python3.7/site-packages/airflow/example_dags/example_local_kubernetes_executor.py for tasks to queue
[2023-08-10T10:57:46.513+0000] {logging_mixin.py:150} INFO - [2023-08-10T10:57:46.512+0000] {dagbag.py:541} INFO - Filling up the DagBag from /home/airflow/.local/lib/python3.7/site-packages/airflow/example_dags/example_local_kubernetes_executor.py
[2023-08-10T10:57:46.693+0000] {processor.py:836} INFO - DAG(s) dict_keys(['example_local_kubernetes_executor']) retrieved from /home/airflow/.local/lib/python3.7/site-packages/airflow/example_dags/example_local_kubernetes_executor.py
[2023-08-10T10:57:46.721+0000] {logging_mixin.py:150} INFO - [2023-08-10T10:57:46.721+0000] {dag.py:2742} INFO - Sync 1 DAGs
[2023-08-10T10:57:46.736+0000] {logging_mixin.py:150} INFO - [2023-08-10T10:57:46.736+0000] {dag.py:3508} INFO - Setting next_dagrun for example_local_kubernetes_executor to None, run_after=None
[2023-08-10T10:57:46.745+0000] {processor.py:179} INFO - Processing /home/airflow/.local/lib/python3.7/site-packages/airflow/example_dags/example_local_kubernetes_executor.py took 0.242 seconds
[2023-08-10T11:02:14.970+0000] {processor.py:157} INFO - Started process (PID=53) to work on /home/airflow/.local/lib/python3.7/site-packages/airflow/example_dags/example_local_kubernetes_executor.py
[2023-08-10T11:02:14.971+0000] {processor.py:826} INFO - Processing file /home/airflow/.local/lib/python3.7/site-packages/airflow/example_dags/example_local_kubernetes_executor.py for tasks to queue
[2023-08-10T11:02:14.972+0000] {logging_mixin.py:150} INFO - [2023-08-10T11:02:14.972+0000] {dagbag.py:541} INFO - Filling up the DagBag from /home/airflow/.local/lib/python3.7/site-packages/airflow/example_dags/example_local_kubernetes_executor.py
[2023-08-10T11:02:15.308+0000] {processor.py:836} INFO - DAG(s) dict_keys(['example_local_kubernetes_executor']) retrieved from /home/airflow/.local/lib/python3.7/site-packages/airflow/example_dags/example_local_kubernetes_executor.py
[2023-08-10T11:02:15.338+0000] {logging_mixin.py:150} INFO - [2023-08-10T11:02:15.338+0000] {dag.py:2742} INFO - Sync 1 DAGs
[2023-08-10T11:02:15.359+0000] {logging_mixin.py:150} INFO - [2023-08-10T11:02:15.359+0000] {dag.py:3508} INFO - Setting next_dagrun for example_local_kubernetes_executor to None, run_after=None
[2023-08-10T11:02:15.419+0000] {processor.py:179} INFO - Processing /home/airflow/.local/lib/python3.7/site-packages/airflow/example_dags/example_local_kubernetes_executor.py took 0.451 seconds
[2023-08-10T11:02:45.705+0000] {processor.py:157} INFO - Started process (PID=112) to work on /home/airflow/.local/lib/python3.7/site-packages/airflow/example_dags/example_local_kubernetes_executor.py
[2023-08-10T11:02:45.706+0000] {processor.py:826} INFO - Processing file /home/airflow/.local/lib/python3.7/site-packages/airflow/example_dags/example_local_kubernetes_executor.py for tasks to queue
[2023-08-10T11:02:45.707+0000] {logging_mixin.py:150} INFO - [2023-08-10T11:02:45.707+0000] {dagbag.py:541} INFO - Filling up the DagBag from /home/airflow/.local/lib/python3.7/site-packages/airflow/example_dags/example_local_kubernetes_executor.py
[2023-08-10T11:02:45.804+0000] {processor.py:836} INFO - DAG(s) dict_keys(['example_local_kubernetes_executor']) retrieved from /home/airflow/.local/lib/python3.7/site-packages/airflow/example_dags/example_local_kubernetes_executor.py
[2023-08-10T11:02:45.828+0000] {logging_mixin.py:150} INFO - [2023-08-10T11:02:45.828+0000] {dag.py:2742} INFO - Sync 1 DAGs
[2023-08-10T11:02:45.845+0000] {logging_mixin.py:150} INFO - [2023-08-10T11:02:45.845+0000] {dag.py:3508} INFO - Setting next_dagrun for example_local_kubernetes_executor to None, run_after=None
[2023-08-10T11:02:45.855+0000] {processor.py:179} INFO - Processing /home/airflow/.local/lib/python3.7/site-packages/airflow/example_dags/example_local_kubernetes_executor.py took 0.152 seconds
[2023-08-10T11:03:15.937+0000] {processor.py:157} INFO - Started process (PID=171) to work on /home/airflow/.local/lib/python3.7/site-packages/airflow/example_dags/example_local_kubernetes_executor.py
[2023-08-10T11:03:15.938+0000] {processor.py:826} INFO - Processing file /home/airflow/.local/lib/python3.7/site-packages/airflow/example_dags/example_local_kubernetes_executor.py for tasks to queue
[2023-08-10T11:03:15.939+0000] {logging_mixin.py:150} INFO - [2023-08-10T11:03:15.939+0000] {dagbag.py:541} INFO - Filling up the DagBag from /home/airflow/.local/lib/python3.7/site-packages/airflow/example_dags/example_local_kubernetes_executor.py
[2023-08-10T11:03:16.037+0000] {processor.py:836} INFO - DAG(s) dict_keys(['example_local_kubernetes_executor']) retrieved from /home/airflow/.local/lib/python3.7/site-packages/airflow/example_dags/example_local_kubernetes_executor.py
[2023-08-10T11:03:16.063+0000] {logging_mixin.py:150} INFO - [2023-08-10T11:03:16.062+0000] {dag.py:2742} INFO - Sync 1 DAGs
[2023-08-10T11:03:16.078+0000] {logging_mixin.py:150} INFO - [2023-08-10T11:03:16.077+0000] {dag.py:3508} INFO - Setting next_dagrun for example_local_kubernetes_executor to None, run_after=None
[2023-08-10T11:03:16.090+0000] {processor.py:179} INFO - Processing /home/airflow/.local/lib/python3.7/site-packages/airflow/example_dags/example_local_kubernetes_executor.py took 0.155 seconds
[2023-08-10T11:03:47.099+0000] {processor.py:157} INFO - Started process (PID=230) to work on /home/airflow/.local/lib/python3.7/site-packages/airflow/example_dags/example_local_kubernetes_executor.py
[2023-08-10T11:03:47.100+0000] {processor.py:826} INFO - Processing file /home/airflow/.local/lib/python3.7/site-packages/airflow/example_dags/example_local_kubernetes_executor.py for tasks to queue
[2023-08-10T11:03:47.102+0000] {logging_mixin.py:150} INFO - [2023-08-10T11:03:47.102+0000] {dagbag.py:541} INFO - Filling up the DagBag from /home/airflow/.local/lib/python3.7/site-packages/airflow/example_dags/example_local_kubernetes_executor.py
[2023-08-10T11:03:47.203+0000] {processor.py:836} INFO - DAG(s) dict_keys(['example_local_kubernetes_executor']) retrieved from /home/airflow/.local/lib/python3.7/site-packages/airflow/example_dags/example_local_kubernetes_executor.py
[2023-08-10T11:03:47.227+0000] {logging_mixin.py:150} INFO - [2023-08-10T11:03:47.227+0000] {dag.py:2742} INFO - Sync 1 DAGs
[2023-08-10T11:03:47.241+0000] {logging_mixin.py:150} INFO - [2023-08-10T11:03:47.241+0000] {dag.py:3508} INFO - Setting next_dagrun for example_local_kubernetes_executor to None, run_after=None
[2023-08-10T11:03:47.251+0000] {processor.py:179} INFO - Processing /home/airflow/.local/lib/python3.7/site-packages/airflow/example_dags/example_local_kubernetes_executor.py took 0.156 seconds
[2023-08-10T11:04:17.294+0000] {processor.py:157} INFO - Started process (PID=288) to work on /home/airflow/.local/lib/python3.7/site-packages/airflow/example_dags/example_local_kubernetes_executor.py
[2023-08-10T11:04:17.295+0000] {processor.py:826} INFO - Processing file /home/airflow/.local/lib/python3.7/site-packages/airflow/example_dags/example_local_kubernetes_executor.py for tasks to queue
[2023-08-10T11:04:17.297+0000] {logging_mixin.py:150} INFO - [2023-08-10T11:04:17.296+0000] {dagbag.py:541} INFO - Filling up the DagBag from /home/airflow/.local/lib/python3.7/site-packages/airflow/example_dags/example_local_kubernetes_executor.py
[2023-08-10T11:04:17.405+0000] {processor.py:836} INFO - DAG(s) dict_keys(['example_local_kubernetes_executor']) retrieved from /home/airflow/.local/lib/python3.7/site-packages/airflow/example_dags/example_local_kubernetes_executor.py
[2023-08-10T11:04:17.428+0000] {logging_mixin.py:150} INFO - [2023-08-10T11:04:17.428+0000] {dag.py:2742} INFO - Sync 1 DAGs
[2023-08-10T11:04:17.442+0000] {logging_mixin.py:150} INFO - [2023-08-10T11:04:17.442+0000] {dag.py:3508} INFO - Setting next_dagrun for example_local_kubernetes_executor to None, run_after=None
[2023-08-10T11:04:17.452+0000] {processor.py:179} INFO - Processing /home/airflow/.local/lib/python3.7/site-packages/airflow/example_dags/example_local_kubernetes_executor.py took 0.162 seconds
[2023-08-10T11:04:48.483+0000] {processor.py:157} INFO - Started process (PID=348) to work on /home/airflow/.local/lib/python3.7/site-packages/airflow/example_dags/example_local_kubernetes_executor.py
[2023-08-10T11:04:48.484+0000] {processor.py:826} INFO - Processing file /home/airflow/.local/lib/python3.7/site-packages/airflow/example_dags/example_local_kubernetes_executor.py for tasks to queue
[2023-08-10T11:04:48.486+0000] {logging_mixin.py:150} INFO - [2023-08-10T11:04:48.486+0000] {dagbag.py:541} INFO - Filling up the DagBag from /home/airflow/.local/lib/python3.7/site-packages/airflow/example_dags/example_local_kubernetes_executor.py
[2023-08-10T11:04:48.591+0000] {processor.py:836} INFO - DAG(s) dict_keys(['example_local_kubernetes_executor']) retrieved from /home/airflow/.local/lib/python3.7/site-packages/airflow/example_dags/example_local_kubernetes_executor.py
[2023-08-10T11:04:48.616+0000] {logging_mixin.py:150} INFO - [2023-08-10T11:04:48.615+0000] {dag.py:2742} INFO - Sync 1 DAGs
[2023-08-10T11:04:48.630+0000] {logging_mixin.py:150} INFO - [2023-08-10T11:04:48.630+0000] {dag.py:3508} INFO - Setting next_dagrun for example_local_kubernetes_executor to None, run_after=None
[2023-08-10T11:04:48.640+0000] {processor.py:179} INFO - Processing /home/airflow/.local/lib/python3.7/site-packages/airflow/example_dags/example_local_kubernetes_executor.py took 0.161 seconds
