[2023-08-10T10:54:20.592+0000] {processor.py:157} INFO - Started process (PID=55) to work on /home/airflow/.local/lib/python3.7/site-packages/airflow/example_dags/example_subdag_operator.py
[2023-08-10T10:54:20.594+0000] {processor.py:826} INFO - Processing file /home/airflow/.local/lib/python3.7/site-packages/airflow/example_dags/example_subdag_operator.py for tasks to queue
[2023-08-10T10:54:20.595+0000] {logging_mixin.py:150} INFO - [2023-08-10T10:54:20.594+0000] {dagbag.py:541} INFO - Filling up the DagBag from /home/airflow/.local/lib/python3.7/site-packages/airflow/example_dags/example_subdag_operator.py
[2023-08-10T10:54:20.615+0000] {processor.py:836} INFO - DAG(s) dict_keys(['example_subdag_operator.section-1', 'example_subdag_operator.section-2', 'example_subdag_operator']) retrieved from /home/airflow/.local/lib/python3.7/site-packages/airflow/example_dags/example_subdag_operator.py
[2023-08-10T10:54:20.692+0000] {logging_mixin.py:150} INFO - [2023-08-10T10:54:20.692+0000] {manager.py:504} INFO - Created Permission View: can delete on DAG:example_subdag_operator
[2023-08-10T10:54:20.699+0000] {logging_mixin.py:150} INFO - [2023-08-10T10:54:20.699+0000] {manager.py:504} INFO - Created Permission View: can edit on DAG:example_subdag_operator
[2023-08-10T10:54:20.702+0000] {logging_mixin.py:150} INFO - [2023-08-10T10:54:20.702+0000] {manager.py:504} INFO - Created Permission View: can read on DAG:example_subdag_operator
[2023-08-10T10:54:20.712+0000] {logging_mixin.py:150} INFO - [2023-08-10T10:54:20.712+0000] {dag.py:2742} INFO - Sync 3 DAGs
[2023-08-10T10:54:20.722+0000] {logging_mixin.py:150} INFO - [2023-08-10T10:54:20.722+0000] {dag.py:2763} INFO - Creating ORM DAG for example_subdag_operator.section-2
[2023-08-10T10:54:20.723+0000] {logging_mixin.py:150} INFO - [2023-08-10T10:54:20.723+0000] {dag.py:2763} INFO - Creating ORM DAG for example_subdag_operator.section-1
[2023-08-10T10:54:20.724+0000] {logging_mixin.py:150} INFO - [2023-08-10T10:54:20.724+0000] {dag.py:2763} INFO - Creating ORM DAG for example_subdag_operator
[2023-08-10T10:54:20.733+0000] {logging_mixin.py:150} INFO - [2023-08-10T10:54:20.733+0000] {dag.py:3508} INFO - Setting next_dagrun for example_subdag_operator to 2022-01-01T00:00:00+00:00, run_after=2022-01-01T00:00:00+00:00
[2023-08-10T10:54:20.734+0000] {logging_mixin.py:150} INFO - [2023-08-10T10:54:20.734+0000] {dag.py:3508} INFO - Setting next_dagrun for example_subdag_operator.section-1 to None, run_after=None
[2023-08-10T10:54:20.735+0000] {logging_mixin.py:150} INFO - [2023-08-10T10:54:20.735+0000] {dag.py:3508} INFO - Setting next_dagrun for example_subdag_operator.section-2 to None, run_after=None
[2023-08-10T10:54:20.743+0000] {logging_mixin.py:150} INFO - [2023-08-10T10:54:20.743+0000] {dag.py:2742} INFO - Sync 2 DAGs
[2023-08-10T10:54:20.748+0000] {logging_mixin.py:150} INFO - [2023-08-10T10:54:20.748+0000] {dag.py:3508} INFO - Setting next_dagrun for example_subdag_operator.section-1 to None, run_after=None
[2023-08-10T10:54:20.750+0000] {logging_mixin.py:150} INFO - [2023-08-10T10:54:20.750+0000] {dag.py:3508} INFO - Setting next_dagrun for example_subdag_operator.section-2 to None, run_after=None
[2023-08-10T10:54:20.759+0000] {processor.py:179} INFO - Processing /home/airflow/.local/lib/python3.7/site-packages/airflow/example_dags/example_subdag_operator.py took 0.172 seconds
[2023-08-10T10:54:50.795+0000] {processor.py:157} INFO - Started process (PID=114) to work on /home/airflow/.local/lib/python3.7/site-packages/airflow/example_dags/example_subdag_operator.py
[2023-08-10T10:54:50.796+0000] {processor.py:826} INFO - Processing file /home/airflow/.local/lib/python3.7/site-packages/airflow/example_dags/example_subdag_operator.py for tasks to queue
[2023-08-10T10:54:50.797+0000] {logging_mixin.py:150} INFO - [2023-08-10T10:54:50.797+0000] {dagbag.py:541} INFO - Filling up the DagBag from /home/airflow/.local/lib/python3.7/site-packages/airflow/example_dags/example_subdag_operator.py
[2023-08-10T10:54:50.814+0000] {processor.py:836} INFO - DAG(s) dict_keys(['example_subdag_operator.section-1', 'example_subdag_operator.section-2', 'example_subdag_operator']) retrieved from /home/airflow/.local/lib/python3.7/site-packages/airflow/example_dags/example_subdag_operator.py
[2023-08-10T10:54:50.825+0000] {logging_mixin.py:150} INFO - [2023-08-10T10:54:50.825+0000] {dag.py:2742} INFO - Sync 3 DAGs
[2023-08-10T10:54:50.839+0000] {logging_mixin.py:150} INFO - [2023-08-10T10:54:50.838+0000] {dag.py:3508} INFO - Setting next_dagrun for example_subdag_operator to 2022-01-01T00:00:00+00:00, run_after=2022-01-01T00:00:00+00:00
[2023-08-10T10:54:50.841+0000] {logging_mixin.py:150} INFO - [2023-08-10T10:54:50.840+0000] {dag.py:3508} INFO - Setting next_dagrun for example_subdag_operator.section-1 to None, run_after=None
[2023-08-10T10:54:50.842+0000] {logging_mixin.py:150} INFO - [2023-08-10T10:54:50.842+0000] {dag.py:3508} INFO - Setting next_dagrun for example_subdag_operator.section-2 to None, run_after=None
[2023-08-10T10:54:50.845+0000] {logging_mixin.py:150} INFO - [2023-08-10T10:54:50.845+0000] {dag.py:2742} INFO - Sync 2 DAGs
[2023-08-10T10:54:50.849+0000] {logging_mixin.py:150} INFO - [2023-08-10T10:54:50.848+0000] {dag.py:3508} INFO - Setting next_dagrun for example_subdag_operator.section-1 to None, run_after=None
[2023-08-10T10:54:50.849+0000] {logging_mixin.py:150} INFO - [2023-08-10T10:54:50.849+0000] {dag.py:3508} INFO - Setting next_dagrun for example_subdag_operator.section-2 to None, run_after=None
[2023-08-10T10:54:50.855+0000] {processor.py:179} INFO - Processing /home/airflow/.local/lib/python3.7/site-packages/airflow/example_dags/example_subdag_operator.py took 0.062 seconds
[2023-08-10T10:57:15.626+0000] {processor.py:157} INFO - Started process (PID=54) to work on /home/airflow/.local/lib/python3.7/site-packages/airflow/example_dags/example_subdag_operator.py
[2023-08-10T10:57:15.627+0000] {processor.py:826} INFO - Processing file /home/airflow/.local/lib/python3.7/site-packages/airflow/example_dags/example_subdag_operator.py for tasks to queue
[2023-08-10T10:57:15.628+0000] {logging_mixin.py:150} INFO - [2023-08-10T10:57:15.627+0000] {dagbag.py:541} INFO - Filling up the DagBag from /home/airflow/.local/lib/python3.7/site-packages/airflow/example_dags/example_subdag_operator.py
[2023-08-10T10:57:15.650+0000] {processor.py:836} INFO - DAG(s) dict_keys(['example_subdag_operator.section-1', 'example_subdag_operator.section-2', 'example_subdag_operator']) retrieved from /home/airflow/.local/lib/python3.7/site-packages/airflow/example_dags/example_subdag_operator.py
[2023-08-10T10:57:15.655+0000] {logging_mixin.py:150} INFO - [2023-08-10T10:57:15.654+0000] {dag.py:2742} INFO - Sync 3 DAGs
[2023-08-10T10:57:15.683+0000] {logging_mixin.py:150} INFO - [2023-08-10T10:57:15.682+0000] {dag.py:3508} INFO - Setting next_dagrun for example_subdag_operator to 2022-01-01T00:00:00+00:00, run_after=2022-01-01T00:00:00+00:00
[2023-08-10T10:57:15.686+0000] {logging_mixin.py:150} INFO - [2023-08-10T10:57:15.686+0000] {dag.py:3508} INFO - Setting next_dagrun for example_subdag_operator.section-1 to None, run_after=None
[2023-08-10T10:57:15.687+0000] {logging_mixin.py:150} INFO - [2023-08-10T10:57:15.687+0000] {dag.py:3508} INFO - Setting next_dagrun for example_subdag_operator.section-2 to None, run_after=None
[2023-08-10T10:57:15.692+0000] {logging_mixin.py:150} INFO - [2023-08-10T10:57:15.692+0000] {dag.py:2742} INFO - Sync 2 DAGs
[2023-08-10T10:57:15.696+0000] {logging_mixin.py:150} INFO - [2023-08-10T10:57:15.696+0000] {dag.py:3508} INFO - Setting next_dagrun for example_subdag_operator.section-1 to None, run_after=None
[2023-08-10T10:57:15.697+0000] {logging_mixin.py:150} INFO - [2023-08-10T10:57:15.697+0000] {dag.py:3508} INFO - Setting next_dagrun for example_subdag_operator.section-2 to None, run_after=None
[2023-08-10T10:57:15.704+0000] {processor.py:179} INFO - Processing /home/airflow/.local/lib/python3.7/site-packages/airflow/example_dags/example_subdag_operator.py took 0.082 seconds
[2023-08-10T10:57:46.838+0000] {processor.py:157} INFO - Started process (PID=113) to work on /home/airflow/.local/lib/python3.7/site-packages/airflow/example_dags/example_subdag_operator.py
[2023-08-10T10:57:46.839+0000] {processor.py:826} INFO - Processing file /home/airflow/.local/lib/python3.7/site-packages/airflow/example_dags/example_subdag_operator.py for tasks to queue
[2023-08-10T10:57:46.840+0000] {logging_mixin.py:150} INFO - [2023-08-10T10:57:46.840+0000] {dagbag.py:541} INFO - Filling up the DagBag from /home/airflow/.local/lib/python3.7/site-packages/airflow/example_dags/example_subdag_operator.py
[2023-08-10T10:57:46.857+0000] {processor.py:836} INFO - DAG(s) dict_keys(['example_subdag_operator.section-1', 'example_subdag_operator.section-2', 'example_subdag_operator']) retrieved from /home/airflow/.local/lib/python3.7/site-packages/airflow/example_dags/example_subdag_operator.py
[2023-08-10T10:57:46.867+0000] {logging_mixin.py:150} INFO - [2023-08-10T10:57:46.867+0000] {dag.py:2742} INFO - Sync 3 DAGs
[2023-08-10T10:57:46.880+0000] {logging_mixin.py:150} INFO - [2023-08-10T10:57:46.880+0000] {dag.py:3508} INFO - Setting next_dagrun for example_subdag_operator to 2022-01-01T00:00:00+00:00, run_after=2022-01-01T00:00:00+00:00
[2023-08-10T10:57:46.882+0000] {logging_mixin.py:150} INFO - [2023-08-10T10:57:46.882+0000] {dag.py:3508} INFO - Setting next_dagrun for example_subdag_operator.section-1 to None, run_after=None
[2023-08-10T10:57:46.883+0000] {logging_mixin.py:150} INFO - [2023-08-10T10:57:46.883+0000] {dag.py:3508} INFO - Setting next_dagrun for example_subdag_operator.section-2 to None, run_after=None
[2023-08-10T10:57:46.887+0000] {logging_mixin.py:150} INFO - [2023-08-10T10:57:46.887+0000] {dag.py:2742} INFO - Sync 2 DAGs
[2023-08-10T10:57:46.890+0000] {logging_mixin.py:150} INFO - [2023-08-10T10:57:46.890+0000] {dag.py:3508} INFO - Setting next_dagrun for example_subdag_operator.section-1 to None, run_after=None
[2023-08-10T10:57:46.890+0000] {logging_mixin.py:150} INFO - [2023-08-10T10:57:46.890+0000] {dag.py:3508} INFO - Setting next_dagrun for example_subdag_operator.section-2 to None, run_after=None
[2023-08-10T10:57:46.896+0000] {processor.py:179} INFO - Processing /home/airflow/.local/lib/python3.7/site-packages/airflow/example_dags/example_subdag_operator.py took 0.061 seconds
[2023-08-10T11:02:15.540+0000] {processor.py:157} INFO - Started process (PID=55) to work on /home/airflow/.local/lib/python3.7/site-packages/airflow/example_dags/example_subdag_operator.py
[2023-08-10T11:02:15.541+0000] {processor.py:826} INFO - Processing file /home/airflow/.local/lib/python3.7/site-packages/airflow/example_dags/example_subdag_operator.py for tasks to queue
[2023-08-10T11:02:15.543+0000] {logging_mixin.py:150} INFO - [2023-08-10T11:02:15.542+0000] {dagbag.py:541} INFO - Filling up the DagBag from /home/airflow/.local/lib/python3.7/site-packages/airflow/example_dags/example_subdag_operator.py
[2023-08-10T11:02:15.567+0000] {processor.py:836} INFO - DAG(s) dict_keys(['example_subdag_operator.section-1', 'example_subdag_operator.section-2', 'example_subdag_operator']) retrieved from /home/airflow/.local/lib/python3.7/site-packages/airflow/example_dags/example_subdag_operator.py
[2023-08-10T11:02:15.572+0000] {logging_mixin.py:150} INFO - [2023-08-10T11:02:15.572+0000] {dag.py:2742} INFO - Sync 3 DAGs
[2023-08-10T11:02:15.602+0000] {logging_mixin.py:150} INFO - [2023-08-10T11:02:15.602+0000] {dag.py:3508} INFO - Setting next_dagrun for example_subdag_operator to 2022-01-01T00:00:00+00:00, run_after=2022-01-01T00:00:00+00:00
[2023-08-10T11:02:15.605+0000] {logging_mixin.py:150} INFO - [2023-08-10T11:02:15.605+0000] {dag.py:3508} INFO - Setting next_dagrun for example_subdag_operator.section-1 to None, run_after=None
[2023-08-10T11:02:15.606+0000] {logging_mixin.py:150} INFO - [2023-08-10T11:02:15.606+0000] {dag.py:3508} INFO - Setting next_dagrun for example_subdag_operator.section-2 to None, run_after=None
[2023-08-10T11:02:15.611+0000] {logging_mixin.py:150} INFO - [2023-08-10T11:02:15.611+0000] {dag.py:2742} INFO - Sync 2 DAGs
[2023-08-10T11:02:15.615+0000] {logging_mixin.py:150} INFO - [2023-08-10T11:02:15.615+0000] {dag.py:3508} INFO - Setting next_dagrun for example_subdag_operator.section-1 to None, run_after=None
[2023-08-10T11:02:15.616+0000] {logging_mixin.py:150} INFO - [2023-08-10T11:02:15.616+0000] {dag.py:3508} INFO - Setting next_dagrun for example_subdag_operator.section-2 to None, run_after=None
[2023-08-10T11:02:15.631+0000] {processor.py:179} INFO - Processing /home/airflow/.local/lib/python3.7/site-packages/airflow/example_dags/example_subdag_operator.py took 0.094 seconds
[2023-08-10T11:02:45.879+0000] {processor.py:157} INFO - Started process (PID=114) to work on /home/airflow/.local/lib/python3.7/site-packages/airflow/example_dags/example_subdag_operator.py
[2023-08-10T11:02:45.880+0000] {processor.py:826} INFO - Processing file /home/airflow/.local/lib/python3.7/site-packages/airflow/example_dags/example_subdag_operator.py for tasks to queue
[2023-08-10T11:02:45.881+0000] {logging_mixin.py:150} INFO - [2023-08-10T11:02:45.881+0000] {dagbag.py:541} INFO - Filling up the DagBag from /home/airflow/.local/lib/python3.7/site-packages/airflow/example_dags/example_subdag_operator.py
[2023-08-10T11:02:45.899+0000] {processor.py:836} INFO - DAG(s) dict_keys(['example_subdag_operator.section-1', 'example_subdag_operator.section-2', 'example_subdag_operator']) retrieved from /home/airflow/.local/lib/python3.7/site-packages/airflow/example_dags/example_subdag_operator.py
[2023-08-10T11:02:45.910+0000] {logging_mixin.py:150} INFO - [2023-08-10T11:02:45.910+0000] {dag.py:2742} INFO - Sync 3 DAGs
[2023-08-10T11:02:45.924+0000] {logging_mixin.py:150} INFO - [2023-08-10T11:02:45.924+0000] {dag.py:3508} INFO - Setting next_dagrun for example_subdag_operator to 2022-01-01T00:00:00+00:00, run_after=2022-01-01T00:00:00+00:00
[2023-08-10T11:02:45.926+0000] {logging_mixin.py:150} INFO - [2023-08-10T11:02:45.926+0000] {dag.py:3508} INFO - Setting next_dagrun for example_subdag_operator.section-1 to None, run_after=None
[2023-08-10T11:02:45.927+0000] {logging_mixin.py:150} INFO - [2023-08-10T11:02:45.926+0000] {dag.py:3508} INFO - Setting next_dagrun for example_subdag_operator.section-2 to None, run_after=None
[2023-08-10T11:02:45.931+0000] {logging_mixin.py:150} INFO - [2023-08-10T11:02:45.930+0000] {dag.py:2742} INFO - Sync 2 DAGs
[2023-08-10T11:02:45.933+0000] {logging_mixin.py:150} INFO - [2023-08-10T11:02:45.933+0000] {dag.py:3508} INFO - Setting next_dagrun for example_subdag_operator.section-1 to None, run_after=None
[2023-08-10T11:02:45.934+0000] {logging_mixin.py:150} INFO - [2023-08-10T11:02:45.934+0000] {dag.py:3508} INFO - Setting next_dagrun for example_subdag_operator.section-2 to None, run_after=None
[2023-08-10T11:02:45.939+0000] {processor.py:179} INFO - Processing /home/airflow/.local/lib/python3.7/site-packages/airflow/example_dags/example_subdag_operator.py took 0.063 seconds
[2023-08-10T11:03:16.191+0000] {processor.py:157} INFO - Started process (PID=173) to work on /home/airflow/.local/lib/python3.7/site-packages/airflow/example_dags/example_subdag_operator.py
[2023-08-10T11:03:16.192+0000] {processor.py:826} INFO - Processing file /home/airflow/.local/lib/python3.7/site-packages/airflow/example_dags/example_subdag_operator.py for tasks to queue
[2023-08-10T11:03:16.193+0000] {logging_mixin.py:150} INFO - [2023-08-10T11:03:16.193+0000] {dagbag.py:541} INFO - Filling up the DagBag from /home/airflow/.local/lib/python3.7/site-packages/airflow/example_dags/example_subdag_operator.py
[2023-08-10T11:03:16.212+0000] {processor.py:836} INFO - DAG(s) dict_keys(['example_subdag_operator.section-1', 'example_subdag_operator.section-2', 'example_subdag_operator']) retrieved from /home/airflow/.local/lib/python3.7/site-packages/airflow/example_dags/example_subdag_operator.py
[2023-08-10T11:03:16.225+0000] {logging_mixin.py:150} INFO - [2023-08-10T11:03:16.224+0000] {dag.py:2742} INFO - Sync 3 DAGs
[2023-08-10T11:03:16.240+0000] {logging_mixin.py:150} INFO - [2023-08-10T11:03:16.239+0000] {dag.py:3508} INFO - Setting next_dagrun for example_subdag_operator to 2022-01-01T00:00:00+00:00, run_after=2022-01-01T00:00:00+00:00
[2023-08-10T11:03:16.242+0000] {logging_mixin.py:150} INFO - [2023-08-10T11:03:16.242+0000] {dag.py:3508} INFO - Setting next_dagrun for example_subdag_operator.section-1 to None, run_after=None
[2023-08-10T11:03:16.243+0000] {logging_mixin.py:150} INFO - [2023-08-10T11:03:16.243+0000] {dag.py:3508} INFO - Setting next_dagrun for example_subdag_operator.section-2 to None, run_after=None
[2023-08-10T11:03:16.248+0000] {logging_mixin.py:150} INFO - [2023-08-10T11:03:16.248+0000] {dag.py:2742} INFO - Sync 2 DAGs
[2023-08-10T11:03:16.252+0000] {logging_mixin.py:150} INFO - [2023-08-10T11:03:16.252+0000] {dag.py:3508} INFO - Setting next_dagrun for example_subdag_operator.section-1 to None, run_after=None
[2023-08-10T11:03:16.252+0000] {logging_mixin.py:150} INFO - [2023-08-10T11:03:16.252+0000] {dag.py:3508} INFO - Setting next_dagrun for example_subdag_operator.section-2 to None, run_after=None
[2023-08-10T11:03:16.259+0000] {processor.py:179} INFO - Processing /home/airflow/.local/lib/python3.7/site-packages/airflow/example_dags/example_subdag_operator.py took 0.071 seconds
[2023-08-10T11:03:47.345+0000] {processor.py:157} INFO - Started process (PID=232) to work on /home/airflow/.local/lib/python3.7/site-packages/airflow/example_dags/example_subdag_operator.py
[2023-08-10T11:03:47.346+0000] {processor.py:826} INFO - Processing file /home/airflow/.local/lib/python3.7/site-packages/airflow/example_dags/example_subdag_operator.py for tasks to queue
[2023-08-10T11:03:47.346+0000] {logging_mixin.py:150} INFO - [2023-08-10T11:03:47.346+0000] {dagbag.py:541} INFO - Filling up the DagBag from /home/airflow/.local/lib/python3.7/site-packages/airflow/example_dags/example_subdag_operator.py
[2023-08-10T11:03:47.365+0000] {processor.py:836} INFO - DAG(s) dict_keys(['example_subdag_operator.section-1', 'example_subdag_operator.section-2', 'example_subdag_operator']) retrieved from /home/airflow/.local/lib/python3.7/site-packages/airflow/example_dags/example_subdag_operator.py
[2023-08-10T11:03:47.376+0000] {logging_mixin.py:150} INFO - [2023-08-10T11:03:47.376+0000] {dag.py:2742} INFO - Sync 3 DAGs
[2023-08-10T11:03:47.390+0000] {logging_mixin.py:150} INFO - [2023-08-10T11:03:47.390+0000] {dag.py:3508} INFO - Setting next_dagrun for example_subdag_operator to 2022-01-01T00:00:00+00:00, run_after=2022-01-01T00:00:00+00:00
[2023-08-10T11:03:47.392+0000] {logging_mixin.py:150} INFO - [2023-08-10T11:03:47.392+0000] {dag.py:3508} INFO - Setting next_dagrun for example_subdag_operator.section-1 to None, run_after=None
[2023-08-10T11:03:47.393+0000] {logging_mixin.py:150} INFO - [2023-08-10T11:03:47.393+0000] {dag.py:3508} INFO - Setting next_dagrun for example_subdag_operator.section-2 to None, run_after=None
[2023-08-10T11:03:47.397+0000] {logging_mixin.py:150} INFO - [2023-08-10T11:03:47.397+0000] {dag.py:2742} INFO - Sync 2 DAGs
[2023-08-10T11:03:47.401+0000] {logging_mixin.py:150} INFO - [2023-08-10T11:03:47.400+0000] {dag.py:3508} INFO - Setting next_dagrun for example_subdag_operator.section-1 to None, run_after=None
[2023-08-10T11:03:47.401+0000] {logging_mixin.py:150} INFO - [2023-08-10T11:03:47.401+0000] {dag.py:3508} INFO - Setting next_dagrun for example_subdag_operator.section-2 to None, run_after=None
[2023-08-10T11:03:47.407+0000] {processor.py:179} INFO - Processing /home/airflow/.local/lib/python3.7/site-packages/airflow/example_dags/example_subdag_operator.py took 0.065 seconds
[2023-08-10T11:04:17.510+0000] {processor.py:157} INFO - Started process (PID=291) to work on /home/airflow/.local/lib/python3.7/site-packages/airflow/example_dags/example_subdag_operator.py
[2023-08-10T11:04:17.511+0000] {processor.py:826} INFO - Processing file /home/airflow/.local/lib/python3.7/site-packages/airflow/example_dags/example_subdag_operator.py for tasks to queue
[2023-08-10T11:04:17.512+0000] {logging_mixin.py:150} INFO - [2023-08-10T11:04:17.512+0000] {dagbag.py:541} INFO - Filling up the DagBag from /home/airflow/.local/lib/python3.7/site-packages/airflow/example_dags/example_subdag_operator.py
[2023-08-10T11:04:17.529+0000] {processor.py:836} INFO - DAG(s) dict_keys(['example_subdag_operator.section-1', 'example_subdag_operator.section-2', 'example_subdag_operator']) retrieved from /home/airflow/.local/lib/python3.7/site-packages/airflow/example_dags/example_subdag_operator.py
[2023-08-10T11:04:17.542+0000] {logging_mixin.py:150} INFO - [2023-08-10T11:04:17.542+0000] {dag.py:2742} INFO - Sync 3 DAGs
[2023-08-10T11:04:17.556+0000] {logging_mixin.py:150} INFO - [2023-08-10T11:04:17.556+0000] {dag.py:3508} INFO - Setting next_dagrun for example_subdag_operator to 2022-01-01T00:00:00+00:00, run_after=2022-01-01T00:00:00+00:00
[2023-08-10T11:04:17.559+0000] {logging_mixin.py:150} INFO - [2023-08-10T11:04:17.558+0000] {dag.py:3508} INFO - Setting next_dagrun for example_subdag_operator.section-1 to None, run_after=None
[2023-08-10T11:04:17.560+0000] {logging_mixin.py:150} INFO - [2023-08-10T11:04:17.559+0000] {dag.py:3508} INFO - Setting next_dagrun for example_subdag_operator.section-2 to None, run_after=None
[2023-08-10T11:04:17.564+0000] {logging_mixin.py:150} INFO - [2023-08-10T11:04:17.564+0000] {dag.py:2742} INFO - Sync 2 DAGs
[2023-08-10T11:04:17.567+0000] {logging_mixin.py:150} INFO - [2023-08-10T11:04:17.567+0000] {dag.py:3508} INFO - Setting next_dagrun for example_subdag_operator.section-1 to None, run_after=None
[2023-08-10T11:04:17.567+0000] {logging_mixin.py:150} INFO - [2023-08-10T11:04:17.567+0000] {dag.py:3508} INFO - Setting next_dagrun for example_subdag_operator.section-2 to None, run_after=None
[2023-08-10T11:04:17.573+0000] {processor.py:179} INFO - Processing /home/airflow/.local/lib/python3.7/site-packages/airflow/example_dags/example_subdag_operator.py took 0.065 seconds
[2023-08-10T11:04:48.733+0000] {processor.py:157} INFO - Started process (PID=350) to work on /home/airflow/.local/lib/python3.7/site-packages/airflow/example_dags/example_subdag_operator.py
[2023-08-10T11:04:48.734+0000] {processor.py:826} INFO - Processing file /home/airflow/.local/lib/python3.7/site-packages/airflow/example_dags/example_subdag_operator.py for tasks to queue
[2023-08-10T11:04:48.735+0000] {logging_mixin.py:150} INFO - [2023-08-10T11:04:48.735+0000] {dagbag.py:541} INFO - Filling up the DagBag from /home/airflow/.local/lib/python3.7/site-packages/airflow/example_dags/example_subdag_operator.py
[2023-08-10T11:04:48.753+0000] {processor.py:836} INFO - DAG(s) dict_keys(['example_subdag_operator.section-1', 'example_subdag_operator.section-2', 'example_subdag_operator']) retrieved from /home/airflow/.local/lib/python3.7/site-packages/airflow/example_dags/example_subdag_operator.py
[2023-08-10T11:04:48.763+0000] {logging_mixin.py:150} INFO - [2023-08-10T11:04:48.763+0000] {dag.py:2742} INFO - Sync 3 DAGs
[2023-08-10T11:04:48.777+0000] {logging_mixin.py:150} INFO - [2023-08-10T11:04:48.777+0000] {dag.py:3508} INFO - Setting next_dagrun for example_subdag_operator to 2022-01-01T00:00:00+00:00, run_after=2022-01-01T00:00:00+00:00
[2023-08-10T11:04:48.779+0000] {logging_mixin.py:150} INFO - [2023-08-10T11:04:48.779+0000] {dag.py:3508} INFO - Setting next_dagrun for example_subdag_operator.section-1 to None, run_after=None
[2023-08-10T11:04:48.780+0000] {logging_mixin.py:150} INFO - [2023-08-10T11:04:48.780+0000] {dag.py:3508} INFO - Setting next_dagrun for example_subdag_operator.section-2 to None, run_after=None
[2023-08-10T11:04:48.785+0000] {logging_mixin.py:150} INFO - [2023-08-10T11:04:48.784+0000] {dag.py:2742} INFO - Sync 2 DAGs
[2023-08-10T11:04:48.788+0000] {logging_mixin.py:150} INFO - [2023-08-10T11:04:48.788+0000] {dag.py:3508} INFO - Setting next_dagrun for example_subdag_operator.section-1 to None, run_after=None
[2023-08-10T11:04:48.791+0000] {logging_mixin.py:150} INFO - [2023-08-10T11:04:48.791+0000] {dag.py:3508} INFO - Setting next_dagrun for example_subdag_operator.section-2 to None, run_after=None
[2023-08-10T11:04:48.796+0000] {processor.py:179} INFO - Processing /home/airflow/.local/lib/python3.7/site-packages/airflow/example_dags/example_subdag_operator.py took 0.066 seconds
