[2023-08-10T10:54:19.103+0000] {processor.py:157} INFO - Started process (PID=42) to work on /home/airflow/.local/lib/python3.7/site-packages/airflow/example_dags/example_dynamic_task_mapping_with_no_taskflow_operators.py
[2023-08-10T10:54:19.104+0000] {processor.py:826} INFO - Processing file /home/airflow/.local/lib/python3.7/site-packages/airflow/example_dags/example_dynamic_task_mapping_with_no_taskflow_operators.py for tasks to queue
[2023-08-10T10:54:19.105+0000] {logging_mixin.py:150} INFO - [2023-08-10T10:54:19.105+0000] {dagbag.py:541} INFO - Filling up the DagBag from /home/airflow/.local/lib/python3.7/site-packages/airflow/example_dags/example_dynamic_task_mapping_with_no_taskflow_operators.py
[2023-08-10T10:54:19.112+0000] {processor.py:836} INFO - DAG(s) dict_keys(['example_dynamic_task_mapping_with_no_taskflow_operators']) retrieved from /home/airflow/.local/lib/python3.7/site-packages/airflow/example_dags/example_dynamic_task_mapping_with_no_taskflow_operators.py
[2023-08-10T10:54:19.173+0000] {logging_mixin.py:150} INFO - [2023-08-10T10:54:19.173+0000] {manager.py:504} INFO - Created Permission View: can delete on DAG:example_dynamic_task_mapping_with_no_taskflow_operators
[2023-08-10T10:54:19.179+0000] {logging_mixin.py:150} INFO - [2023-08-10T10:54:19.179+0000] {manager.py:504} INFO - Created Permission View: can edit on DAG:example_dynamic_task_mapping_with_no_taskflow_operators
[2023-08-10T10:54:19.184+0000] {logging_mixin.py:150} INFO - [2023-08-10T10:54:19.184+0000] {manager.py:504} INFO - Created Permission View: can read on DAG:example_dynamic_task_mapping_with_no_taskflow_operators
[2023-08-10T10:54:19.194+0000] {logging_mixin.py:150} INFO - [2023-08-10T10:54:19.194+0000] {dag.py:2742} INFO - Sync 1 DAGs
[2023-08-10T10:54:19.202+0000] {logging_mixin.py:150} INFO - [2023-08-10T10:54:19.202+0000] {dag.py:2763} INFO - Creating ORM DAG for example_dynamic_task_mapping_with_no_taskflow_operators
[2023-08-10T10:54:19.208+0000] {logging_mixin.py:150} INFO - [2023-08-10T10:54:19.208+0000] {dag.py:3508} INFO - Setting next_dagrun for example_dynamic_task_mapping_with_no_taskflow_operators to 2023-08-09T10:54:19.208583+00:00, run_after=2023-08-10T10:54:19.208583+00:00
[2023-08-10T10:54:19.217+0000] {processor.py:179} INFO - Processing /home/airflow/.local/lib/python3.7/site-packages/airflow/example_dags/example_dynamic_task_mapping_with_no_taskflow_operators.py took 0.116 seconds
[2023-08-10T10:54:49.246+0000] {processor.py:157} INFO - Started process (PID=101) to work on /home/airflow/.local/lib/python3.7/site-packages/airflow/example_dags/example_dynamic_task_mapping_with_no_taskflow_operators.py
[2023-08-10T10:54:49.247+0000] {processor.py:826} INFO - Processing file /home/airflow/.local/lib/python3.7/site-packages/airflow/example_dags/example_dynamic_task_mapping_with_no_taskflow_operators.py for tasks to queue
[2023-08-10T10:54:49.247+0000] {logging_mixin.py:150} INFO - [2023-08-10T10:54:49.247+0000] {dagbag.py:541} INFO - Filling up the DagBag from /home/airflow/.local/lib/python3.7/site-packages/airflow/example_dags/example_dynamic_task_mapping_with_no_taskflow_operators.py
[2023-08-10T10:54:49.253+0000] {processor.py:836} INFO - DAG(s) dict_keys(['example_dynamic_task_mapping_with_no_taskflow_operators']) retrieved from /home/airflow/.local/lib/python3.7/site-packages/airflow/example_dags/example_dynamic_task_mapping_with_no_taskflow_operators.py
[2023-08-10T10:54:49.269+0000] {logging_mixin.py:150} INFO - [2023-08-10T10:54:49.269+0000] {dag.py:2742} INFO - Sync 1 DAGs
[2023-08-10T10:54:49.282+0000] {logging_mixin.py:150} INFO - [2023-08-10T10:54:49.282+0000] {dag.py:3508} INFO - Setting next_dagrun for example_dynamic_task_mapping_with_no_taskflow_operators to 2023-08-09T10:54:49.282621+00:00, run_after=2023-08-10T10:54:49.282621+00:00
[2023-08-10T10:54:49.292+0000] {processor.py:179} INFO - Processing /home/airflow/.local/lib/python3.7/site-packages/airflow/example_dags/example_dynamic_task_mapping_with_no_taskflow_operators.py took 0.049 seconds
[2023-08-10T10:57:14.562+0000] {processor.py:157} INFO - Started process (PID=41) to work on /home/airflow/.local/lib/python3.7/site-packages/airflow/example_dags/example_dynamic_task_mapping_with_no_taskflow_operators.py
[2023-08-10T10:57:14.563+0000] {processor.py:826} INFO - Processing file /home/airflow/.local/lib/python3.7/site-packages/airflow/example_dags/example_dynamic_task_mapping_with_no_taskflow_operators.py for tasks to queue
[2023-08-10T10:57:14.564+0000] {logging_mixin.py:150} INFO - [2023-08-10T10:57:14.564+0000] {dagbag.py:541} INFO - Filling up the DagBag from /home/airflow/.local/lib/python3.7/site-packages/airflow/example_dags/example_dynamic_task_mapping_with_no_taskflow_operators.py
[2023-08-10T10:57:14.571+0000] {processor.py:836} INFO - DAG(s) dict_keys(['example_dynamic_task_mapping_with_no_taskflow_operators']) retrieved from /home/airflow/.local/lib/python3.7/site-packages/airflow/example_dags/example_dynamic_task_mapping_with_no_taskflow_operators.py
[2023-08-10T10:57:14.581+0000] {logging_mixin.py:150} INFO - [2023-08-10T10:57:14.581+0000] {dag.py:2742} INFO - Sync 1 DAGs
[2023-08-10T10:57:14.597+0000] {logging_mixin.py:150} INFO - [2023-08-10T10:57:14.596+0000] {dag.py:3508} INFO - Setting next_dagrun for example_dynamic_task_mapping_with_no_taskflow_operators to 2023-08-09T10:57:14.596761+00:00, run_after=2023-08-10T10:57:14.596761+00:00
[2023-08-10T10:57:14.609+0000] {processor.py:179} INFO - Processing /home/airflow/.local/lib/python3.7/site-packages/airflow/example_dags/example_dynamic_task_mapping_with_no_taskflow_operators.py took 0.049 seconds
[2023-08-10T10:57:45.096+0000] {processor.py:157} INFO - Started process (PID=100) to work on /home/airflow/.local/lib/python3.7/site-packages/airflow/example_dags/example_dynamic_task_mapping_with_no_taskflow_operators.py
[2023-08-10T10:57:45.097+0000] {processor.py:826} INFO - Processing file /home/airflow/.local/lib/python3.7/site-packages/airflow/example_dags/example_dynamic_task_mapping_with_no_taskflow_operators.py for tasks to queue
[2023-08-10T10:57:45.098+0000] {logging_mixin.py:150} INFO - [2023-08-10T10:57:45.098+0000] {dagbag.py:541} INFO - Filling up the DagBag from /home/airflow/.local/lib/python3.7/site-packages/airflow/example_dags/example_dynamic_task_mapping_with_no_taskflow_operators.py
[2023-08-10T10:57:45.104+0000] {processor.py:836} INFO - DAG(s) dict_keys(['example_dynamic_task_mapping_with_no_taskflow_operators']) retrieved from /home/airflow/.local/lib/python3.7/site-packages/airflow/example_dags/example_dynamic_task_mapping_with_no_taskflow_operators.py
[2023-08-10T10:57:45.121+0000] {logging_mixin.py:150} INFO - [2023-08-10T10:57:45.120+0000] {dag.py:2742} INFO - Sync 1 DAGs
[2023-08-10T10:57:45.136+0000] {logging_mixin.py:150} INFO - [2023-08-10T10:57:45.136+0000] {dag.py:3508} INFO - Setting next_dagrun for example_dynamic_task_mapping_with_no_taskflow_operators to 2023-08-09T10:57:45.135919+00:00, run_after=2023-08-10T10:57:45.135919+00:00
[2023-08-10T10:57:45.146+0000] {processor.py:179} INFO - Processing /home/airflow/.local/lib/python3.7/site-packages/airflow/example_dags/example_dynamic_task_mapping_with_no_taskflow_operators.py took 0.053 seconds
[2023-08-10T11:02:14.476+0000] {processor.py:157} INFO - Started process (PID=42) to work on /home/airflow/.local/lib/python3.7/site-packages/airflow/example_dags/example_dynamic_task_mapping_with_no_taskflow_operators.py
[2023-08-10T11:02:14.477+0000] {processor.py:826} INFO - Processing file /home/airflow/.local/lib/python3.7/site-packages/airflow/example_dags/example_dynamic_task_mapping_with_no_taskflow_operators.py for tasks to queue
[2023-08-10T11:02:14.477+0000] {logging_mixin.py:150} INFO - [2023-08-10T11:02:14.477+0000] {dagbag.py:541} INFO - Filling up the DagBag from /home/airflow/.local/lib/python3.7/site-packages/airflow/example_dags/example_dynamic_task_mapping_with_no_taskflow_operators.py
[2023-08-10T11:02:14.485+0000] {processor.py:836} INFO - DAG(s) dict_keys(['example_dynamic_task_mapping_with_no_taskflow_operators']) retrieved from /home/airflow/.local/lib/python3.7/site-packages/airflow/example_dags/example_dynamic_task_mapping_with_no_taskflow_operators.py
[2023-08-10T11:02:14.495+0000] {logging_mixin.py:150} INFO - [2023-08-10T11:02:14.495+0000] {dag.py:2742} INFO - Sync 1 DAGs
[2023-08-10T11:02:14.509+0000] {logging_mixin.py:150} INFO - [2023-08-10T11:02:14.509+0000] {dag.py:3508} INFO - Setting next_dagrun for example_dynamic_task_mapping_with_no_taskflow_operators to 2023-08-09T11:02:14.509654+00:00, run_after=2023-08-10T11:02:14.509654+00:00
[2023-08-10T11:02:14.521+0000] {processor.py:179} INFO - Processing /home/airflow/.local/lib/python3.7/site-packages/airflow/example_dags/example_dynamic_task_mapping_with_no_taskflow_operators.py took 0.048 seconds
[2023-08-10T11:02:45.278+0000] {processor.py:157} INFO - Started process (PID=101) to work on /home/airflow/.local/lib/python3.7/site-packages/airflow/example_dags/example_dynamic_task_mapping_with_no_taskflow_operators.py
[2023-08-10T11:02:45.279+0000] {processor.py:826} INFO - Processing file /home/airflow/.local/lib/python3.7/site-packages/airflow/example_dags/example_dynamic_task_mapping_with_no_taskflow_operators.py for tasks to queue
[2023-08-10T11:02:45.280+0000] {logging_mixin.py:150} INFO - [2023-08-10T11:02:45.280+0000] {dagbag.py:541} INFO - Filling up the DagBag from /home/airflow/.local/lib/python3.7/site-packages/airflow/example_dags/example_dynamic_task_mapping_with_no_taskflow_operators.py
[2023-08-10T11:02:45.286+0000] {processor.py:836} INFO - DAG(s) dict_keys(['example_dynamic_task_mapping_with_no_taskflow_operators']) retrieved from /home/airflow/.local/lib/python3.7/site-packages/airflow/example_dags/example_dynamic_task_mapping_with_no_taskflow_operators.py
[2023-08-10T11:02:45.302+0000] {logging_mixin.py:150} INFO - [2023-08-10T11:02:45.302+0000] {dag.py:2742} INFO - Sync 1 DAGs
[2023-08-10T11:02:45.316+0000] {logging_mixin.py:150} INFO - [2023-08-10T11:02:45.316+0000] {dag.py:3508} INFO - Setting next_dagrun for example_dynamic_task_mapping_with_no_taskflow_operators to 2023-08-09T11:02:45.316161+00:00, run_after=2023-08-10T11:02:45.316161+00:00
[2023-08-10T11:02:45.326+0000] {processor.py:179} INFO - Processing /home/airflow/.local/lib/python3.7/site-packages/airflow/example_dags/example_dynamic_task_mapping_with_no_taskflow_operators.py took 0.050 seconds
[2023-08-10T11:03:15.529+0000] {processor.py:157} INFO - Started process (PID=160) to work on /home/airflow/.local/lib/python3.7/site-packages/airflow/example_dags/example_dynamic_task_mapping_with_no_taskflow_operators.py
[2023-08-10T11:03:15.530+0000] {processor.py:826} INFO - Processing file /home/airflow/.local/lib/python3.7/site-packages/airflow/example_dags/example_dynamic_task_mapping_with_no_taskflow_operators.py for tasks to queue
[2023-08-10T11:03:15.531+0000] {logging_mixin.py:150} INFO - [2023-08-10T11:03:15.530+0000] {dagbag.py:541} INFO - Filling up the DagBag from /home/airflow/.local/lib/python3.7/site-packages/airflow/example_dags/example_dynamic_task_mapping_with_no_taskflow_operators.py
[2023-08-10T11:03:15.536+0000] {processor.py:836} INFO - DAG(s) dict_keys(['example_dynamic_task_mapping_with_no_taskflow_operators']) retrieved from /home/airflow/.local/lib/python3.7/site-packages/airflow/example_dags/example_dynamic_task_mapping_with_no_taskflow_operators.py
[2023-08-10T11:03:15.552+0000] {logging_mixin.py:150} INFO - [2023-08-10T11:03:15.552+0000] {dag.py:2742} INFO - Sync 1 DAGs
[2023-08-10T11:03:15.566+0000] {logging_mixin.py:150} INFO - [2023-08-10T11:03:15.566+0000] {dag.py:3508} INFO - Setting next_dagrun for example_dynamic_task_mapping_with_no_taskflow_operators to 2023-08-09T11:03:15.566391+00:00, run_after=2023-08-10T11:03:15.566391+00:00
[2023-08-10T11:03:15.576+0000] {processor.py:179} INFO - Processing /home/airflow/.local/lib/python3.7/site-packages/airflow/example_dags/example_dynamic_task_mapping_with_no_taskflow_operators.py took 0.049 seconds
[2023-08-10T11:03:45.728+0000] {processor.py:157} INFO - Started process (PID=219) to work on /home/airflow/.local/lib/python3.7/site-packages/airflow/example_dags/example_dynamic_task_mapping_with_no_taskflow_operators.py
[2023-08-10T11:03:45.730+0000] {processor.py:826} INFO - Processing file /home/airflow/.local/lib/python3.7/site-packages/airflow/example_dags/example_dynamic_task_mapping_with_no_taskflow_operators.py for tasks to queue
[2023-08-10T11:03:45.731+0000] {logging_mixin.py:150} INFO - [2023-08-10T11:03:45.730+0000] {dagbag.py:541} INFO - Filling up the DagBag from /home/airflow/.local/lib/python3.7/site-packages/airflow/example_dags/example_dynamic_task_mapping_with_no_taskflow_operators.py
[2023-08-10T11:03:45.737+0000] {processor.py:836} INFO - DAG(s) dict_keys(['example_dynamic_task_mapping_with_no_taskflow_operators']) retrieved from /home/airflow/.local/lib/python3.7/site-packages/airflow/example_dags/example_dynamic_task_mapping_with_no_taskflow_operators.py
[2023-08-10T11:03:45.755+0000] {logging_mixin.py:150} INFO - [2023-08-10T11:03:45.755+0000] {dag.py:2742} INFO - Sync 1 DAGs
[2023-08-10T11:03:45.770+0000] {logging_mixin.py:150} INFO - [2023-08-10T11:03:45.769+0000] {dag.py:3508} INFO - Setting next_dagrun for example_dynamic_task_mapping_with_no_taskflow_operators to 2023-08-09T11:03:45.769702+00:00, run_after=2023-08-10T11:03:45.769702+00:00
[2023-08-10T11:03:45.778+0000] {processor.py:179} INFO - Processing /home/airflow/.local/lib/python3.7/site-packages/airflow/example_dags/example_dynamic_task_mapping_with_no_taskflow_operators.py took 0.053 seconds
[2023-08-10T11:04:15.836+0000] {processor.py:157} INFO - Started process (PID=278) to work on /home/airflow/.local/lib/python3.7/site-packages/airflow/example_dags/example_dynamic_task_mapping_with_no_taskflow_operators.py
[2023-08-10T11:04:15.837+0000] {processor.py:826} INFO - Processing file /home/airflow/.local/lib/python3.7/site-packages/airflow/example_dags/example_dynamic_task_mapping_with_no_taskflow_operators.py for tasks to queue
[2023-08-10T11:04:15.837+0000] {logging_mixin.py:150} INFO - [2023-08-10T11:04:15.837+0000] {dagbag.py:541} INFO - Filling up the DagBag from /home/airflow/.local/lib/python3.7/site-packages/airflow/example_dags/example_dynamic_task_mapping_with_no_taskflow_operators.py
[2023-08-10T11:04:15.843+0000] {processor.py:836} INFO - DAG(s) dict_keys(['example_dynamic_task_mapping_with_no_taskflow_operators']) retrieved from /home/airflow/.local/lib/python3.7/site-packages/airflow/example_dags/example_dynamic_task_mapping_with_no_taskflow_operators.py
[2023-08-10T11:04:15.858+0000] {logging_mixin.py:150} INFO - [2023-08-10T11:04:15.858+0000] {dag.py:2742} INFO - Sync 1 DAGs
[2023-08-10T11:04:15.872+0000] {logging_mixin.py:150} INFO - [2023-08-10T11:04:15.872+0000] {dag.py:3508} INFO - Setting next_dagrun for example_dynamic_task_mapping_with_no_taskflow_operators to 2023-08-09T11:04:15.872308+00:00, run_after=2023-08-10T11:04:15.872308+00:00
[2023-08-10T11:04:15.881+0000] {processor.py:179} INFO - Processing /home/airflow/.local/lib/python3.7/site-packages/airflow/example_dags/example_dynamic_task_mapping_with_no_taskflow_operators.py took 0.048 seconds
[2023-08-10T11:04:46.012+0000] {processor.py:157} INFO - Started process (PID=337) to work on /home/airflow/.local/lib/python3.7/site-packages/airflow/example_dags/example_dynamic_task_mapping_with_no_taskflow_operators.py
[2023-08-10T11:04:46.013+0000] {processor.py:826} INFO - Processing file /home/airflow/.local/lib/python3.7/site-packages/airflow/example_dags/example_dynamic_task_mapping_with_no_taskflow_operators.py for tasks to queue
[2023-08-10T11:04:46.014+0000] {logging_mixin.py:150} INFO - [2023-08-10T11:04:46.014+0000] {dagbag.py:541} INFO - Filling up the DagBag from /home/airflow/.local/lib/python3.7/site-packages/airflow/example_dags/example_dynamic_task_mapping_with_no_taskflow_operators.py
[2023-08-10T11:04:46.020+0000] {processor.py:836} INFO - DAG(s) dict_keys(['example_dynamic_task_mapping_with_no_taskflow_operators']) retrieved from /home/airflow/.local/lib/python3.7/site-packages/airflow/example_dags/example_dynamic_task_mapping_with_no_taskflow_operators.py
[2023-08-10T11:04:46.036+0000] {logging_mixin.py:150} INFO - [2023-08-10T11:04:46.036+0000] {dag.py:2742} INFO - Sync 1 DAGs
[2023-08-10T11:04:46.050+0000] {logging_mixin.py:150} INFO - [2023-08-10T11:04:46.050+0000] {dag.py:3508} INFO - Setting next_dagrun for example_dynamic_task_mapping_with_no_taskflow_operators to 2023-08-09T11:04:46.050247+00:00, run_after=2023-08-10T11:04:46.050247+00:00
[2023-08-10T11:04:46.059+0000] {processor.py:179} INFO - Processing /home/airflow/.local/lib/python3.7/site-packages/airflow/example_dags/example_dynamic_task_mapping_with_no_taskflow_operators.py took 0.050 seconds
