[2023-08-10T10:54:18.655+0000] {processor.py:157} INFO - Started process (PID=36) to work on /home/airflow/.local/lib/python3.7/site-packages/airflow/example_dags/example_complex.py
[2023-08-10T10:54:18.656+0000] {processor.py:826} INFO - Processing file /home/airflow/.local/lib/python3.7/site-packages/airflow/example_dags/example_complex.py for tasks to queue
[2023-08-10T10:54:18.657+0000] {logging_mixin.py:150} INFO - [2023-08-10T10:54:18.657+0000] {dagbag.py:541} INFO - Filling up the DagBag from /home/airflow/.local/lib/python3.7/site-packages/airflow/example_dags/example_complex.py
[2023-08-10T10:54:18.666+0000] {processor.py:836} INFO - DAG(s) dict_keys(['example_complex']) retrieved from /home/airflow/.local/lib/python3.7/site-packages/airflow/example_dags/example_complex.py
[2023-08-10T10:54:18.747+0000] {logging_mixin.py:150} INFO - [2023-08-10T10:54:18.747+0000] {manager.py:504} INFO - Created Permission View: can delete on DAG:example_complex
[2023-08-10T10:54:18.753+0000] {logging_mixin.py:150} INFO - [2023-08-10T10:54:18.753+0000] {manager.py:504} INFO - Created Permission View: can edit on DAG:example_complex
[2023-08-10T10:54:18.762+0000] {logging_mixin.py:150} INFO - [2023-08-10T10:54:18.762+0000] {manager.py:504} INFO - Created Permission View: can read on DAG:example_complex
[2023-08-10T10:54:18.770+0000] {logging_mixin.py:150} INFO - [2023-08-10T10:54:18.770+0000] {dag.py:2742} INFO - Sync 1 DAGs
[2023-08-10T10:54:18.777+0000] {logging_mixin.py:150} INFO - [2023-08-10T10:54:18.777+0000] {dag.py:2763} INFO - Creating ORM DAG for example_complex
[2023-08-10T10:54:18.783+0000] {logging_mixin.py:150} INFO - [2023-08-10T10:54:18.783+0000] {dag.py:3508} INFO - Setting next_dagrun for example_complex to None, run_after=None
[2023-08-10T10:54:18.794+0000] {processor.py:179} INFO - Processing /home/airflow/.local/lib/python3.7/site-packages/airflow/example_dags/example_complex.py took 0.141 seconds
[2023-08-10T10:54:48.837+0000] {processor.py:157} INFO - Started process (PID=95) to work on /home/airflow/.local/lib/python3.7/site-packages/airflow/example_dags/example_complex.py
[2023-08-10T10:54:48.838+0000] {processor.py:826} INFO - Processing file /home/airflow/.local/lib/python3.7/site-packages/airflow/example_dags/example_complex.py for tasks to queue
[2023-08-10T10:54:48.839+0000] {logging_mixin.py:150} INFO - [2023-08-10T10:54:48.839+0000] {dagbag.py:541} INFO - Filling up the DagBag from /home/airflow/.local/lib/python3.7/site-packages/airflow/example_dags/example_complex.py
[2023-08-10T10:54:48.846+0000] {processor.py:836} INFO - DAG(s) dict_keys(['example_complex']) retrieved from /home/airflow/.local/lib/python3.7/site-packages/airflow/example_dags/example_complex.py
[2023-08-10T10:54:48.868+0000] {logging_mixin.py:150} INFO - [2023-08-10T10:54:48.867+0000] {dag.py:2742} INFO - Sync 1 DAGs
[2023-08-10T10:54:48.881+0000] {logging_mixin.py:150} INFO - [2023-08-10T10:54:48.881+0000] {dag.py:3508} INFO - Setting next_dagrun for example_complex to None, run_after=None
[2023-08-10T10:54:48.892+0000] {processor.py:179} INFO - Processing /home/airflow/.local/lib/python3.7/site-packages/airflow/example_dags/example_complex.py took 0.058 seconds
[2023-08-10T10:57:14.360+0000] {processor.py:157} INFO - Started process (PID=35) to work on /home/airflow/.local/lib/python3.7/site-packages/airflow/example_dags/example_complex.py
[2023-08-10T10:57:14.361+0000] {processor.py:826} INFO - Processing file /home/airflow/.local/lib/python3.7/site-packages/airflow/example_dags/example_complex.py for tasks to queue
[2023-08-10T10:57:14.362+0000] {logging_mixin.py:150} INFO - [2023-08-10T10:57:14.362+0000] {dagbag.py:541} INFO - Filling up the DagBag from /home/airflow/.local/lib/python3.7/site-packages/airflow/example_dags/example_complex.py
[2023-08-10T10:57:14.371+0000] {processor.py:836} INFO - DAG(s) dict_keys(['example_complex']) retrieved from /home/airflow/.local/lib/python3.7/site-packages/airflow/example_dags/example_complex.py
[2023-08-10T10:57:14.383+0000] {logging_mixin.py:150} INFO - [2023-08-10T10:57:14.383+0000] {dag.py:2742} INFO - Sync 1 DAGs
[2023-08-10T10:57:14.398+0000] {logging_mixin.py:150} INFO - [2023-08-10T10:57:14.398+0000] {dag.py:3508} INFO - Setting next_dagrun for example_complex to None, run_after=None
[2023-08-10T10:57:14.410+0000] {processor.py:179} INFO - Processing /home/airflow/.local/lib/python3.7/site-packages/airflow/example_dags/example_complex.py took 0.052 seconds
[2023-08-10T10:57:44.801+0000] {processor.py:157} INFO - Started process (PID=94) to work on /home/airflow/.local/lib/python3.7/site-packages/airflow/example_dags/example_complex.py
[2023-08-10T10:57:44.805+0000] {processor.py:826} INFO - Processing file /home/airflow/.local/lib/python3.7/site-packages/airflow/example_dags/example_complex.py for tasks to queue
[2023-08-10T10:57:44.807+0000] {logging_mixin.py:150} INFO - [2023-08-10T10:57:44.806+0000] {dagbag.py:541} INFO - Filling up the DagBag from /home/airflow/.local/lib/python3.7/site-packages/airflow/example_dags/example_complex.py
[2023-08-10T10:57:44.824+0000] {processor.py:836} INFO - DAG(s) dict_keys(['example_complex']) retrieved from /home/airflow/.local/lib/python3.7/site-packages/airflow/example_dags/example_complex.py
[2023-08-10T10:57:44.853+0000] {logging_mixin.py:150} INFO - [2023-08-10T10:57:44.852+0000] {dag.py:2742} INFO - Sync 1 DAGs
[2023-08-10T10:57:44.871+0000] {logging_mixin.py:150} INFO - [2023-08-10T10:57:44.871+0000] {dag.py:3508} INFO - Setting next_dagrun for example_complex to None, run_after=None
[2023-08-10T10:57:44.887+0000] {processor.py:179} INFO - Processing /home/airflow/.local/lib/python3.7/site-packages/airflow/example_dags/example_complex.py took 0.091 seconds
[2023-08-10T10:58:15.304+0000] {processor.py:157} INFO - Started process (PID=153) to work on /home/airflow/.local/lib/python3.7/site-packages/airflow/example_dags/example_complex.py
[2023-08-10T10:58:15.307+0000] {processor.py:826} INFO - Processing file /home/airflow/.local/lib/python3.7/site-packages/airflow/example_dags/example_complex.py for tasks to queue
[2023-08-10T10:58:15.309+0000] {logging_mixin.py:150} INFO - [2023-08-10T10:58:15.308+0000] {dagbag.py:541} INFO - Filling up the DagBag from /home/airflow/.local/lib/python3.7/site-packages/airflow/example_dags/example_complex.py
[2023-08-10T10:58:15.319+0000] {processor.py:836} INFO - DAG(s) dict_keys(['example_complex']) retrieved from /home/airflow/.local/lib/python3.7/site-packages/airflow/example_dags/example_complex.py
[2023-08-10T10:58:15.361+0000] {logging_mixin.py:150} INFO - [2023-08-10T10:58:15.360+0000] {dag.py:2742} INFO - Sync 1 DAGs
[2023-08-10T10:58:15.386+0000] {logging_mixin.py:150} INFO - [2023-08-10T10:58:15.386+0000] {dag.py:3508} INFO - Setting next_dagrun for example_complex to None, run_after=None
[2023-08-10T10:58:15.400+0000] {processor.py:179} INFO - Processing /home/airflow/.local/lib/python3.7/site-packages/airflow/example_dags/example_complex.py took 0.099 seconds
[2023-08-10T11:02:14.248+0000] {processor.py:157} INFO - Started process (PID=36) to work on /home/airflow/.local/lib/python3.7/site-packages/airflow/example_dags/example_complex.py
[2023-08-10T11:02:14.252+0000] {processor.py:826} INFO - Processing file /home/airflow/.local/lib/python3.7/site-packages/airflow/example_dags/example_complex.py for tasks to queue
[2023-08-10T11:02:14.253+0000] {logging_mixin.py:150} INFO - [2023-08-10T11:02:14.253+0000] {dagbag.py:541} INFO - Filling up the DagBag from /home/airflow/.local/lib/python3.7/site-packages/airflow/example_dags/example_complex.py
[2023-08-10T11:02:14.265+0000] {processor.py:836} INFO - DAG(s) dict_keys(['example_complex']) retrieved from /home/airflow/.local/lib/python3.7/site-packages/airflow/example_dags/example_complex.py
[2023-08-10T11:02:14.279+0000] {logging_mixin.py:150} INFO - [2023-08-10T11:02:14.279+0000] {dag.py:2742} INFO - Sync 1 DAGs
[2023-08-10T11:02:14.300+0000] {logging_mixin.py:150} INFO - [2023-08-10T11:02:14.293+0000] {dag.py:3508} INFO - Setting next_dagrun for example_complex to None, run_after=None
[2023-08-10T11:02:14.312+0000] {processor.py:179} INFO - Processing /home/airflow/.local/lib/python3.7/site-packages/airflow/example_dags/example_complex.py took 0.067 seconds
[2023-08-10T11:02:45.029+0000] {processor.py:157} INFO - Started process (PID=95) to work on /home/airflow/.local/lib/python3.7/site-packages/airflow/example_dags/example_complex.py
[2023-08-10T11:02:45.030+0000] {processor.py:826} INFO - Processing file /home/airflow/.local/lib/python3.7/site-packages/airflow/example_dags/example_complex.py for tasks to queue
[2023-08-10T11:02:45.031+0000] {logging_mixin.py:150} INFO - [2023-08-10T11:02:45.030+0000] {dagbag.py:541} INFO - Filling up the DagBag from /home/airflow/.local/lib/python3.7/site-packages/airflow/example_dags/example_complex.py
[2023-08-10T11:02:45.038+0000] {processor.py:836} INFO - DAG(s) dict_keys(['example_complex']) retrieved from /home/airflow/.local/lib/python3.7/site-packages/airflow/example_dags/example_complex.py
[2023-08-10T11:02:45.060+0000] {logging_mixin.py:150} INFO - [2023-08-10T11:02:45.060+0000] {dag.py:2742} INFO - Sync 1 DAGs
[2023-08-10T11:02:45.074+0000] {logging_mixin.py:150} INFO - [2023-08-10T11:02:45.074+0000] {dag.py:3508} INFO - Setting next_dagrun for example_complex to None, run_after=None
[2023-08-10T11:02:45.083+0000] {processor.py:179} INFO - Processing /home/airflow/.local/lib/python3.7/site-packages/airflow/example_dags/example_complex.py took 0.057 seconds
[2023-08-10T11:03:15.292+0000] {processor.py:157} INFO - Started process (PID=154) to work on /home/airflow/.local/lib/python3.7/site-packages/airflow/example_dags/example_complex.py
[2023-08-10T11:03:15.292+0000] {processor.py:826} INFO - Processing file /home/airflow/.local/lib/python3.7/site-packages/airflow/example_dags/example_complex.py for tasks to queue
[2023-08-10T11:03:15.293+0000] {logging_mixin.py:150} INFO - [2023-08-10T11:03:15.293+0000] {dagbag.py:541} INFO - Filling up the DagBag from /home/airflow/.local/lib/python3.7/site-packages/airflow/example_dags/example_complex.py
[2023-08-10T11:03:15.300+0000] {processor.py:836} INFO - DAG(s) dict_keys(['example_complex']) retrieved from /home/airflow/.local/lib/python3.7/site-packages/airflow/example_dags/example_complex.py
[2023-08-10T11:03:15.321+0000] {logging_mixin.py:150} INFO - [2023-08-10T11:03:15.321+0000] {dag.py:2742} INFO - Sync 1 DAGs
[2023-08-10T11:03:15.335+0000] {logging_mixin.py:150} INFO - [2023-08-10T11:03:15.335+0000] {dag.py:3508} INFO - Setting next_dagrun for example_complex to None, run_after=None
[2023-08-10T11:03:15.344+0000] {processor.py:179} INFO - Processing /home/airflow/.local/lib/python3.7/site-packages/airflow/example_dags/example_complex.py took 0.055 seconds
[2023-08-10T11:03:45.469+0000] {processor.py:157} INFO - Started process (PID=213) to work on /home/airflow/.local/lib/python3.7/site-packages/airflow/example_dags/example_complex.py
[2023-08-10T11:03:45.470+0000] {processor.py:826} INFO - Processing file /home/airflow/.local/lib/python3.7/site-packages/airflow/example_dags/example_complex.py for tasks to queue
[2023-08-10T11:03:45.470+0000] {logging_mixin.py:150} INFO - [2023-08-10T11:03:45.470+0000] {dagbag.py:541} INFO - Filling up the DagBag from /home/airflow/.local/lib/python3.7/site-packages/airflow/example_dags/example_complex.py
[2023-08-10T11:03:45.478+0000] {processor.py:836} INFO - DAG(s) dict_keys(['example_complex']) retrieved from /home/airflow/.local/lib/python3.7/site-packages/airflow/example_dags/example_complex.py
[2023-08-10T11:03:45.499+0000] {logging_mixin.py:150} INFO - [2023-08-10T11:03:45.499+0000] {dag.py:2742} INFO - Sync 1 DAGs
[2023-08-10T11:03:45.513+0000] {logging_mixin.py:150} INFO - [2023-08-10T11:03:45.513+0000] {dag.py:3508} INFO - Setting next_dagrun for example_complex to None, run_after=None
[2023-08-10T11:03:45.524+0000] {processor.py:179} INFO - Processing /home/airflow/.local/lib/python3.7/site-packages/airflow/example_dags/example_complex.py took 0.057 seconds
[2023-08-10T11:04:15.579+0000] {processor.py:157} INFO - Started process (PID=272) to work on /home/airflow/.local/lib/python3.7/site-packages/airflow/example_dags/example_complex.py
[2023-08-10T11:04:15.580+0000] {processor.py:826} INFO - Processing file /home/airflow/.local/lib/python3.7/site-packages/airflow/example_dags/example_complex.py for tasks to queue
[2023-08-10T11:04:15.581+0000] {logging_mixin.py:150} INFO - [2023-08-10T11:04:15.581+0000] {dagbag.py:541} INFO - Filling up the DagBag from /home/airflow/.local/lib/python3.7/site-packages/airflow/example_dags/example_complex.py
[2023-08-10T11:04:15.588+0000] {processor.py:836} INFO - DAG(s) dict_keys(['example_complex']) retrieved from /home/airflow/.local/lib/python3.7/site-packages/airflow/example_dags/example_complex.py
[2023-08-10T11:04:15.609+0000] {logging_mixin.py:150} INFO - [2023-08-10T11:04:15.609+0000] {dag.py:2742} INFO - Sync 1 DAGs
[2023-08-10T11:04:15.623+0000] {logging_mixin.py:150} INFO - [2023-08-10T11:04:15.623+0000] {dag.py:3508} INFO - Setting next_dagrun for example_complex to None, run_after=None
[2023-08-10T11:04:15.633+0000] {processor.py:179} INFO - Processing /home/airflow/.local/lib/python3.7/site-packages/airflow/example_dags/example_complex.py took 0.056 seconds
[2023-08-10T11:04:45.742+0000] {processor.py:157} INFO - Started process (PID=331) to work on /home/airflow/.local/lib/python3.7/site-packages/airflow/example_dags/example_complex.py
[2023-08-10T11:04:45.743+0000] {processor.py:826} INFO - Processing file /home/airflow/.local/lib/python3.7/site-packages/airflow/example_dags/example_complex.py for tasks to queue
[2023-08-10T11:04:45.743+0000] {logging_mixin.py:150} INFO - [2023-08-10T11:04:45.743+0000] {dagbag.py:541} INFO - Filling up the DagBag from /home/airflow/.local/lib/python3.7/site-packages/airflow/example_dags/example_complex.py
[2023-08-10T11:04:45.751+0000] {processor.py:836} INFO - DAG(s) dict_keys(['example_complex']) retrieved from /home/airflow/.local/lib/python3.7/site-packages/airflow/example_dags/example_complex.py
[2023-08-10T11:04:45.773+0000] {logging_mixin.py:150} INFO - [2023-08-10T11:04:45.773+0000] {dag.py:2742} INFO - Sync 1 DAGs
[2023-08-10T11:04:45.788+0000] {logging_mixin.py:150} INFO - [2023-08-10T11:04:45.787+0000] {dag.py:3508} INFO - Setting next_dagrun for example_complex to None, run_after=None
[2023-08-10T11:04:45.799+0000] {processor.py:179} INFO - Processing /home/airflow/.local/lib/python3.7/site-packages/airflow/example_dags/example_complex.py took 0.059 seconds
