[2023-08-10T10:54:22.036+0000] {processor.py:157} INFO - Started process (PID=65) to work on /home/airflow/.local/lib/python3.7/site-packages/airflow/example_dags/example_latest_only.py
[2023-08-10T10:54:22.037+0000] {processor.py:826} INFO - Processing file /home/airflow/.local/lib/python3.7/site-packages/airflow/example_dags/example_latest_only.py for tasks to queue
[2023-08-10T10:54:22.038+0000] {logging_mixin.py:150} INFO - [2023-08-10T10:54:22.037+0000] {dagbag.py:541} INFO - Filling up the DagBag from /home/airflow/.local/lib/python3.7/site-packages/airflow/example_dags/example_latest_only.py
[2023-08-10T10:54:22.043+0000] {processor.py:836} INFO - DAG(s) dict_keys(['latest_only']) retrieved from /home/airflow/.local/lib/python3.7/site-packages/airflow/example_dags/example_latest_only.py
[2023-08-10T10:54:22.102+0000] {logging_mixin.py:150} INFO - [2023-08-10T10:54:22.102+0000] {manager.py:504} INFO - Created Permission View: can delete on DAG:latest_only
[2023-08-10T10:54:22.107+0000] {logging_mixin.py:150} INFO - [2023-08-10T10:54:22.107+0000] {manager.py:504} INFO - Created Permission View: can edit on DAG:latest_only
[2023-08-10T10:54:22.110+0000] {logging_mixin.py:150} INFO - [2023-08-10T10:54:22.110+0000] {manager.py:504} INFO - Created Permission View: can read on DAG:latest_only
[2023-08-10T10:54:22.118+0000] {logging_mixin.py:150} INFO - [2023-08-10T10:54:22.118+0000] {dag.py:2742} INFO - Sync 1 DAGs
[2023-08-10T10:54:22.124+0000] {logging_mixin.py:150} INFO - [2023-08-10T10:54:22.124+0000] {dag.py:2763} INFO - Creating ORM DAG for latest_only
[2023-08-10T10:54:22.130+0000] {logging_mixin.py:150} INFO - [2023-08-10T10:54:22.129+0000] {dag.py:3508} INFO - Setting next_dagrun for latest_only to 2023-08-10T06:54:22.129756+00:00, run_after=2023-08-10T10:54:22.129756+00:00
[2023-08-10T10:54:22.138+0000] {processor.py:179} INFO - Processing /home/airflow/.local/lib/python3.7/site-packages/airflow/example_dags/example_latest_only.py took 0.105 seconds
[2023-08-10T10:54:52.220+0000] {processor.py:157} INFO - Started process (PID=124) to work on /home/airflow/.local/lib/python3.7/site-packages/airflow/example_dags/example_latest_only.py
[2023-08-10T10:54:52.221+0000] {processor.py:826} INFO - Processing file /home/airflow/.local/lib/python3.7/site-packages/airflow/example_dags/example_latest_only.py for tasks to queue
[2023-08-10T10:54:52.221+0000] {logging_mixin.py:150} INFO - [2023-08-10T10:54:52.221+0000] {dagbag.py:541} INFO - Filling up the DagBag from /home/airflow/.local/lib/python3.7/site-packages/airflow/example_dags/example_latest_only.py
[2023-08-10T10:54:52.226+0000] {processor.py:836} INFO - DAG(s) dict_keys(['latest_only']) retrieved from /home/airflow/.local/lib/python3.7/site-packages/airflow/example_dags/example_latest_only.py
[2023-08-10T10:54:52.243+0000] {logging_mixin.py:150} INFO - [2023-08-10T10:54:52.243+0000] {dag.py:2742} INFO - Sync 1 DAGs
[2023-08-10T10:54:52.257+0000] {logging_mixin.py:150} INFO - [2023-08-10T10:54:52.257+0000] {dag.py:3508} INFO - Setting next_dagrun for latest_only to 2023-08-10T06:54:52.257310+00:00, run_after=2023-08-10T10:54:52.257310+00:00
[2023-08-10T10:54:52.267+0000] {processor.py:179} INFO - Processing /home/airflow/.local/lib/python3.7/site-packages/airflow/example_dags/example_latest_only.py took 0.050 seconds
[2023-08-10T10:57:16.088+0000] {processor.py:157} INFO - Started process (PID=64) to work on /home/airflow/.local/lib/python3.7/site-packages/airflow/example_dags/example_latest_only.py
[2023-08-10T10:57:16.090+0000] {processor.py:826} INFO - Processing file /home/airflow/.local/lib/python3.7/site-packages/airflow/example_dags/example_latest_only.py for tasks to queue
[2023-08-10T10:57:16.091+0000] {logging_mixin.py:150} INFO - [2023-08-10T10:57:16.091+0000] {dagbag.py:541} INFO - Filling up the DagBag from /home/airflow/.local/lib/python3.7/site-packages/airflow/example_dags/example_latest_only.py
[2023-08-10T10:57:16.097+0000] {processor.py:836} INFO - DAG(s) dict_keys(['latest_only']) retrieved from /home/airflow/.local/lib/python3.7/site-packages/airflow/example_dags/example_latest_only.py
[2023-08-10T10:57:16.142+0000] {logging_mixin.py:150} INFO - [2023-08-10T10:57:16.142+0000] {dag.py:2742} INFO - Sync 1 DAGs
[2023-08-10T10:57:16.169+0000] {logging_mixin.py:150} INFO - [2023-08-10T10:57:16.169+0000] {dag.py:3508} INFO - Setting next_dagrun for latest_only to 2023-08-10T06:57:16.169266+00:00, run_after=2023-08-10T10:57:16.169266+00:00
[2023-08-10T10:57:16.185+0000] {processor.py:179} INFO - Processing /home/airflow/.local/lib/python3.7/site-packages/airflow/example_dags/example_latest_only.py took 0.100 seconds
[2023-08-10T10:57:47.197+0000] {processor.py:157} INFO - Started process (PID=123) to work on /home/airflow/.local/lib/python3.7/site-packages/airflow/example_dags/example_latest_only.py
[2023-08-10T10:57:47.198+0000] {processor.py:826} INFO - Processing file /home/airflow/.local/lib/python3.7/site-packages/airflow/example_dags/example_latest_only.py for tasks to queue
[2023-08-10T10:57:47.199+0000] {logging_mixin.py:150} INFO - [2023-08-10T10:57:47.198+0000] {dagbag.py:541} INFO - Filling up the DagBag from /home/airflow/.local/lib/python3.7/site-packages/airflow/example_dags/example_latest_only.py
[2023-08-10T10:57:47.203+0000] {processor.py:836} INFO - DAG(s) dict_keys(['latest_only']) retrieved from /home/airflow/.local/lib/python3.7/site-packages/airflow/example_dags/example_latest_only.py
[2023-08-10T10:57:47.220+0000] {logging_mixin.py:150} INFO - [2023-08-10T10:57:47.220+0000] {dag.py:2742} INFO - Sync 1 DAGs
[2023-08-10T10:57:47.236+0000] {logging_mixin.py:150} INFO - [2023-08-10T10:57:47.235+0000] {dag.py:3508} INFO - Setting next_dagrun for latest_only to 2023-08-10T06:57:47.235754+00:00, run_after=2023-08-10T10:57:47.235754+00:00
[2023-08-10T10:57:47.245+0000] {processor.py:179} INFO - Processing /home/airflow/.local/lib/python3.7/site-packages/airflow/example_dags/example_latest_only.py took 0.052 seconds
[2023-08-10T11:02:16.084+0000] {processor.py:157} INFO - Started process (PID=65) to work on /home/airflow/.local/lib/python3.7/site-packages/airflow/example_dags/example_latest_only.py
[2023-08-10T11:02:16.085+0000] {processor.py:826} INFO - Processing file /home/airflow/.local/lib/python3.7/site-packages/airflow/example_dags/example_latest_only.py for tasks to queue
[2023-08-10T11:02:16.086+0000] {logging_mixin.py:150} INFO - [2023-08-10T11:02:16.086+0000] {dagbag.py:541} INFO - Filling up the DagBag from /home/airflow/.local/lib/python3.7/site-packages/airflow/example_dags/example_latest_only.py
[2023-08-10T11:02:16.092+0000] {processor.py:836} INFO - DAG(s) dict_keys(['latest_only']) retrieved from /home/airflow/.local/lib/python3.7/site-packages/airflow/example_dags/example_latest_only.py
[2023-08-10T11:02:16.107+0000] {logging_mixin.py:150} INFO - [2023-08-10T11:02:16.107+0000] {dag.py:2742} INFO - Sync 1 DAGs
[2023-08-10T11:02:16.134+0000] {logging_mixin.py:150} INFO - [2023-08-10T11:02:16.134+0000] {dag.py:3508} INFO - Setting next_dagrun for latest_only to 2023-08-10T07:02:16.133557+00:00, run_after=2023-08-10T11:02:16.133557+00:00
[2023-08-10T11:02:16.149+0000] {processor.py:179} INFO - Processing /home/airflow/.local/lib/python3.7/site-packages/airflow/example_dags/example_latest_only.py took 0.068 seconds
[2023-08-10T11:02:46.256+0000] {processor.py:157} INFO - Started process (PID=124) to work on /home/airflow/.local/lib/python3.7/site-packages/airflow/example_dags/example_latest_only.py
[2023-08-10T11:02:46.257+0000] {processor.py:826} INFO - Processing file /home/airflow/.local/lib/python3.7/site-packages/airflow/example_dags/example_latest_only.py for tasks to queue
[2023-08-10T11:02:46.258+0000] {logging_mixin.py:150} INFO - [2023-08-10T11:02:46.258+0000] {dagbag.py:541} INFO - Filling up the DagBag from /home/airflow/.local/lib/python3.7/site-packages/airflow/example_dags/example_latest_only.py
[2023-08-10T11:02:46.263+0000] {processor.py:836} INFO - DAG(s) dict_keys(['latest_only']) retrieved from /home/airflow/.local/lib/python3.7/site-packages/airflow/example_dags/example_latest_only.py
[2023-08-10T11:02:46.279+0000] {logging_mixin.py:150} INFO - [2023-08-10T11:02:46.279+0000] {dag.py:2742} INFO - Sync 1 DAGs
[2023-08-10T11:02:46.294+0000] {logging_mixin.py:150} INFO - [2023-08-10T11:02:46.294+0000] {dag.py:3508} INFO - Setting next_dagrun for latest_only to 2023-08-10T07:02:46.293822+00:00, run_after=2023-08-10T11:02:46.293822+00:00
[2023-08-10T11:02:46.303+0000] {processor.py:179} INFO - Processing /home/airflow/.local/lib/python3.7/site-packages/airflow/example_dags/example_latest_only.py took 0.049 seconds
[2023-08-10T11:03:16.570+0000] {processor.py:157} INFO - Started process (PID=183) to work on /home/airflow/.local/lib/python3.7/site-packages/airflow/example_dags/example_latest_only.py
[2023-08-10T11:03:16.571+0000] {processor.py:826} INFO - Processing file /home/airflow/.local/lib/python3.7/site-packages/airflow/example_dags/example_latest_only.py for tasks to queue
[2023-08-10T11:03:16.571+0000] {logging_mixin.py:150} INFO - [2023-08-10T11:03:16.571+0000] {dagbag.py:541} INFO - Filling up the DagBag from /home/airflow/.local/lib/python3.7/site-packages/airflow/example_dags/example_latest_only.py
[2023-08-10T11:03:16.576+0000] {processor.py:836} INFO - DAG(s) dict_keys(['latest_only']) retrieved from /home/airflow/.local/lib/python3.7/site-packages/airflow/example_dags/example_latest_only.py
[2023-08-10T11:03:16.594+0000] {logging_mixin.py:150} INFO - [2023-08-10T11:03:16.594+0000] {dag.py:2742} INFO - Sync 1 DAGs
[2023-08-10T11:03:16.608+0000] {logging_mixin.py:150} INFO - [2023-08-10T11:03:16.608+0000] {dag.py:3508} INFO - Setting next_dagrun for latest_only to 2023-08-10T07:03:16.608499+00:00, run_after=2023-08-10T11:03:16.608499+00:00
[2023-08-10T11:03:16.619+0000] {processor.py:179} INFO - Processing /home/airflow/.local/lib/python3.7/site-packages/airflow/example_dags/example_latest_only.py took 0.052 seconds
[2023-08-10T11:03:47.721+0000] {processor.py:157} INFO - Started process (PID=242) to work on /home/airflow/.local/lib/python3.7/site-packages/airflow/example_dags/example_latest_only.py
[2023-08-10T11:03:47.722+0000] {processor.py:826} INFO - Processing file /home/airflow/.local/lib/python3.7/site-packages/airflow/example_dags/example_latest_only.py for tasks to queue
[2023-08-10T11:03:47.723+0000] {logging_mixin.py:150} INFO - [2023-08-10T11:03:47.723+0000] {dagbag.py:541} INFO - Filling up the DagBag from /home/airflow/.local/lib/python3.7/site-packages/airflow/example_dags/example_latest_only.py
[2023-08-10T11:03:47.727+0000] {processor.py:836} INFO - DAG(s) dict_keys(['latest_only']) retrieved from /home/airflow/.local/lib/python3.7/site-packages/airflow/example_dags/example_latest_only.py
[2023-08-10T11:03:47.745+0000] {logging_mixin.py:150} INFO - [2023-08-10T11:03:47.745+0000] {dag.py:2742} INFO - Sync 1 DAGs
[2023-08-10T11:03:47.759+0000] {logging_mixin.py:150} INFO - [2023-08-10T11:03:47.759+0000] {dag.py:3508} INFO - Setting next_dagrun for latest_only to 2023-08-10T07:03:47.759069+00:00, run_after=2023-08-10T11:03:47.759069+00:00
[2023-08-10T11:03:47.769+0000] {processor.py:179} INFO - Processing /home/airflow/.local/lib/python3.7/site-packages/airflow/example_dags/example_latest_only.py took 0.050 seconds
[2023-08-10T11:04:17.894+0000] {processor.py:157} INFO - Started process (PID=301) to work on /home/airflow/.local/lib/python3.7/site-packages/airflow/example_dags/example_latest_only.py
[2023-08-10T11:04:17.895+0000] {processor.py:826} INFO - Processing file /home/airflow/.local/lib/python3.7/site-packages/airflow/example_dags/example_latest_only.py for tasks to queue
[2023-08-10T11:04:17.896+0000] {logging_mixin.py:150} INFO - [2023-08-10T11:04:17.895+0000] {dagbag.py:541} INFO - Filling up the DagBag from /home/airflow/.local/lib/python3.7/site-packages/airflow/example_dags/example_latest_only.py
[2023-08-10T11:04:17.900+0000] {processor.py:836} INFO - DAG(s) dict_keys(['latest_only']) retrieved from /home/airflow/.local/lib/python3.7/site-packages/airflow/example_dags/example_latest_only.py
[2023-08-10T11:04:17.918+0000] {logging_mixin.py:150} INFO - [2023-08-10T11:04:17.918+0000] {dag.py:2742} INFO - Sync 1 DAGs
[2023-08-10T11:04:17.932+0000] {logging_mixin.py:150} INFO - [2023-08-10T11:04:17.932+0000] {dag.py:3508} INFO - Setting next_dagrun for latest_only to 2023-08-10T07:04:17.932435+00:00, run_after=2023-08-10T11:04:17.932435+00:00
[2023-08-10T11:04:17.943+0000] {processor.py:179} INFO - Processing /home/airflow/.local/lib/python3.7/site-packages/airflow/example_dags/example_latest_only.py took 0.052 seconds
[2023-08-10T11:04:49.107+0000] {processor.py:157} INFO - Started process (PID=360) to work on /home/airflow/.local/lib/python3.7/site-packages/airflow/example_dags/example_latest_only.py
[2023-08-10T11:04:49.108+0000] {processor.py:826} INFO - Processing file /home/airflow/.local/lib/python3.7/site-packages/airflow/example_dags/example_latest_only.py for tasks to queue
[2023-08-10T11:04:49.109+0000] {logging_mixin.py:150} INFO - [2023-08-10T11:04:49.109+0000] {dagbag.py:541} INFO - Filling up the DagBag from /home/airflow/.local/lib/python3.7/site-packages/airflow/example_dags/example_latest_only.py
[2023-08-10T11:04:49.114+0000] {processor.py:836} INFO - DAG(s) dict_keys(['latest_only']) retrieved from /home/airflow/.local/lib/python3.7/site-packages/airflow/example_dags/example_latest_only.py
[2023-08-10T11:04:49.131+0000] {logging_mixin.py:150} INFO - [2023-08-10T11:04:49.131+0000] {dag.py:2742} INFO - Sync 1 DAGs
[2023-08-10T11:04:49.145+0000] {logging_mixin.py:150} INFO - [2023-08-10T11:04:49.145+0000] {dag.py:3508} INFO - Setting next_dagrun for latest_only to 2023-08-10T07:04:49.145326+00:00, run_after=2023-08-10T11:04:49.145326+00:00
[2023-08-10T11:04:49.155+0000] {processor.py:179} INFO - Processing /home/airflow/.local/lib/python3.7/site-packages/airflow/example_dags/example_latest_only.py took 0.050 seconds
