[2023-08-10T10:54:18.818+0000] {processor.py:157} INFO - Started process (PID=38) to work on /home/airflow/.local/lib/python3.7/site-packages/airflow/example_dags/example_branch_operator_decorator.py
[2023-08-10T10:54:18.819+0000] {processor.py:826} INFO - Processing file /home/airflow/.local/lib/python3.7/site-packages/airflow/example_dags/example_branch_operator_decorator.py for tasks to queue
[2023-08-10T10:54:18.820+0000] {logging_mixin.py:150} INFO - [2023-08-10T10:54:18.820+0000] {dagbag.py:541} INFO - Filling up the DagBag from /home/airflow/.local/lib/python3.7/site-packages/airflow/example_dags/example_branch_operator_decorator.py
[2023-08-10T10:54:18.829+0000] {processor.py:836} INFO - DAG(s) dict_keys(['example_branch_python_operator_decorator']) retrieved from /home/airflow/.local/lib/python3.7/site-packages/airflow/example_dags/example_branch_operator_decorator.py
[2023-08-10T10:54:18.898+0000] {logging_mixin.py:150} INFO - [2023-08-10T10:54:18.898+0000] {manager.py:504} INFO - Created Permission View: can delete on DAG:example_branch_python_operator_decorator
[2023-08-10T10:54:18.904+0000] {logging_mixin.py:150} INFO - [2023-08-10T10:54:18.904+0000] {manager.py:504} INFO - Created Permission View: can edit on DAG:example_branch_python_operator_decorator
[2023-08-10T10:54:18.907+0000] {logging_mixin.py:150} INFO - [2023-08-10T10:54:18.907+0000] {manager.py:504} INFO - Created Permission View: can read on DAG:example_branch_python_operator_decorator
[2023-08-10T10:54:18.915+0000] {logging_mixin.py:150} INFO - [2023-08-10T10:54:18.915+0000] {dag.py:2742} INFO - Sync 1 DAGs
[2023-08-10T10:54:18.921+0000] {logging_mixin.py:150} INFO - [2023-08-10T10:54:18.921+0000] {dag.py:2763} INFO - Creating ORM DAG for example_branch_python_operator_decorator
[2023-08-10T10:54:18.928+0000] {logging_mixin.py:150} INFO - [2023-08-10T10:54:18.928+0000] {dag.py:3508} INFO - Setting next_dagrun for example_branch_python_operator_decorator to 2023-08-09T00:00:00+00:00, run_after=2023-08-10T00:00:00+00:00
[2023-08-10T10:54:18.938+0000] {processor.py:179} INFO - Processing /home/airflow/.local/lib/python3.7/site-packages/airflow/example_dags/example_branch_operator_decorator.py took 0.123 seconds
[2023-08-10T10:54:49.040+0000] {processor.py:157} INFO - Started process (PID=97) to work on /home/airflow/.local/lib/python3.7/site-packages/airflow/example_dags/example_branch_operator_decorator.py
[2023-08-10T10:54:49.041+0000] {processor.py:826} INFO - Processing file /home/airflow/.local/lib/python3.7/site-packages/airflow/example_dags/example_branch_operator_decorator.py for tasks to queue
[2023-08-10T10:54:49.042+0000] {logging_mixin.py:150} INFO - [2023-08-10T10:54:49.042+0000] {dagbag.py:541} INFO - Filling up the DagBag from /home/airflow/.local/lib/python3.7/site-packages/airflow/example_dags/example_branch_operator_decorator.py
[2023-08-10T10:54:49.049+0000] {processor.py:836} INFO - DAG(s) dict_keys(['example_branch_python_operator_decorator']) retrieved from /home/airflow/.local/lib/python3.7/site-packages/airflow/example_dags/example_branch_operator_decorator.py
[2023-08-10T10:54:49.067+0000] {logging_mixin.py:150} INFO - [2023-08-10T10:54:49.067+0000] {dag.py:2742} INFO - Sync 1 DAGs
[2023-08-10T10:54:49.081+0000] {logging_mixin.py:150} INFO - [2023-08-10T10:54:49.081+0000] {dag.py:3508} INFO - Setting next_dagrun for example_branch_python_operator_decorator to 2023-08-09T00:00:00+00:00, run_after=2023-08-10T00:00:00+00:00
[2023-08-10T10:54:49.090+0000] {processor.py:179} INFO - Processing /home/airflow/.local/lib/python3.7/site-packages/airflow/example_dags/example_branch_operator_decorator.py took 0.053 seconds
[2023-08-10T10:57:14.428+0000] {processor.py:157} INFO - Started process (PID=37) to work on /home/airflow/.local/lib/python3.7/site-packages/airflow/example_dags/example_branch_operator_decorator.py
[2023-08-10T10:57:14.429+0000] {processor.py:826} INFO - Processing file /home/airflow/.local/lib/python3.7/site-packages/airflow/example_dags/example_branch_operator_decorator.py for tasks to queue
[2023-08-10T10:57:14.430+0000] {logging_mixin.py:150} INFO - [2023-08-10T10:57:14.429+0000] {dagbag.py:541} INFO - Filling up the DagBag from /home/airflow/.local/lib/python3.7/site-packages/airflow/example_dags/example_branch_operator_decorator.py
[2023-08-10T10:57:14.438+0000] {processor.py:836} INFO - DAG(s) dict_keys(['example_branch_python_operator_decorator']) retrieved from /home/airflow/.local/lib/python3.7/site-packages/airflow/example_dags/example_branch_operator_decorator.py
[2023-08-10T10:57:14.448+0000] {logging_mixin.py:150} INFO - [2023-08-10T10:57:14.448+0000] {dag.py:2742} INFO - Sync 1 DAGs
[2023-08-10T10:57:14.464+0000] {logging_mixin.py:150} INFO - [2023-08-10T10:57:14.464+0000] {dag.py:3508} INFO - Setting next_dagrun for example_branch_python_operator_decorator to 2023-08-09T00:00:00+00:00, run_after=2023-08-10T00:00:00+00:00
[2023-08-10T10:57:14.474+0000] {processor.py:179} INFO - Processing /home/airflow/.local/lib/python3.7/site-packages/airflow/example_dags/example_branch_operator_decorator.py took 0.049 seconds
[2023-08-10T10:57:44.911+0000] {processor.py:157} INFO - Started process (PID=96) to work on /home/airflow/.local/lib/python3.7/site-packages/airflow/example_dags/example_branch_operator_decorator.py
[2023-08-10T10:57:44.912+0000] {processor.py:826} INFO - Processing file /home/airflow/.local/lib/python3.7/site-packages/airflow/example_dags/example_branch_operator_decorator.py for tasks to queue
[2023-08-10T10:57:44.913+0000] {logging_mixin.py:150} INFO - [2023-08-10T10:57:44.913+0000] {dagbag.py:541} INFO - Filling up the DagBag from /home/airflow/.local/lib/python3.7/site-packages/airflow/example_dags/example_branch_operator_decorator.py
[2023-08-10T10:57:44.921+0000] {processor.py:836} INFO - DAG(s) dict_keys(['example_branch_python_operator_decorator']) retrieved from /home/airflow/.local/lib/python3.7/site-packages/airflow/example_dags/example_branch_operator_decorator.py
[2023-08-10T10:57:44.941+0000] {logging_mixin.py:150} INFO - [2023-08-10T10:57:44.941+0000] {dag.py:2742} INFO - Sync 1 DAGs
[2023-08-10T10:57:44.958+0000] {logging_mixin.py:150} INFO - [2023-08-10T10:57:44.958+0000] {dag.py:3508} INFO - Setting next_dagrun for example_branch_python_operator_decorator to 2023-08-09T00:00:00+00:00, run_after=2023-08-10T00:00:00+00:00
[2023-08-10T10:57:44.968+0000] {processor.py:179} INFO - Processing /home/airflow/.local/lib/python3.7/site-packages/airflow/example_dags/example_branch_operator_decorator.py took 0.060 seconds
[2023-08-10T10:58:15.454+0000] {processor.py:157} INFO - Started process (PID=155) to work on /home/airflow/.local/lib/python3.7/site-packages/airflow/example_dags/example_branch_operator_decorator.py
[2023-08-10T10:58:15.463+0000] {processor.py:826} INFO - Processing file /home/airflow/.local/lib/python3.7/site-packages/airflow/example_dags/example_branch_operator_decorator.py for tasks to queue
[2023-08-10T10:58:15.464+0000] {logging_mixin.py:150} INFO - [2023-08-10T10:58:15.464+0000] {dagbag.py:541} INFO - Filling up the DagBag from /home/airflow/.local/lib/python3.7/site-packages/airflow/example_dags/example_branch_operator_decorator.py
[2023-08-10T10:58:15.480+0000] {processor.py:836} INFO - DAG(s) dict_keys(['example_branch_python_operator_decorator']) retrieved from /home/airflow/.local/lib/python3.7/site-packages/airflow/example_dags/example_branch_operator_decorator.py
[2023-08-10T10:58:15.510+0000] {logging_mixin.py:150} INFO - [2023-08-10T10:58:15.510+0000] {dag.py:2742} INFO - Sync 1 DAGs
[2023-08-10T10:58:15.563+0000] {logging_mixin.py:150} INFO - [2023-08-10T10:58:15.563+0000] {dag.py:3508} INFO - Setting next_dagrun for example_branch_python_operator_decorator to 2023-08-09T00:00:00+00:00, run_after=2023-08-10T00:00:00+00:00
[2023-08-10T10:58:16.285+0000] {logging_mixin.py:150} INFO - [2023-08-10T10:58:16.285+0000] {process_utils.py:258} INFO - Waiting up to 5 seconds for processes to exit...
[2023-08-10T11:02:14.334+0000] {processor.py:157} INFO - Started process (PID=38) to work on /home/airflow/.local/lib/python3.7/site-packages/airflow/example_dags/example_branch_operator_decorator.py
[2023-08-10T11:02:14.336+0000] {processor.py:826} INFO - Processing file /home/airflow/.local/lib/python3.7/site-packages/airflow/example_dags/example_branch_operator_decorator.py for tasks to queue
[2023-08-10T11:02:14.337+0000] {logging_mixin.py:150} INFO - [2023-08-10T11:02:14.336+0000] {dagbag.py:541} INFO - Filling up the DagBag from /home/airflow/.local/lib/python3.7/site-packages/airflow/example_dags/example_branch_operator_decorator.py
[2023-08-10T11:02:14.345+0000] {processor.py:836} INFO - DAG(s) dict_keys(['example_branch_python_operator_decorator']) retrieved from /home/airflow/.local/lib/python3.7/site-packages/airflow/example_dags/example_branch_operator_decorator.py
[2023-08-10T11:02:14.355+0000] {logging_mixin.py:150} INFO - [2023-08-10T11:02:14.355+0000] {dag.py:2742} INFO - Sync 1 DAGs
[2023-08-10T11:02:14.371+0000] {logging_mixin.py:150} INFO - [2023-08-10T11:02:14.371+0000] {dag.py:3508} INFO - Setting next_dagrun for example_branch_python_operator_decorator to 2023-08-09T00:00:00+00:00, run_after=2023-08-10T00:00:00+00:00
[2023-08-10T11:02:14.382+0000] {processor.py:179} INFO - Processing /home/airflow/.local/lib/python3.7/site-packages/airflow/example_dags/example_branch_operator_decorator.py took 0.050 seconds
[2023-08-10T11:02:45.101+0000] {processor.py:157} INFO - Started process (PID=97) to work on /home/airflow/.local/lib/python3.7/site-packages/airflow/example_dags/example_branch_operator_decorator.py
[2023-08-10T11:02:45.102+0000] {processor.py:826} INFO - Processing file /home/airflow/.local/lib/python3.7/site-packages/airflow/example_dags/example_branch_operator_decorator.py for tasks to queue
[2023-08-10T11:02:45.103+0000] {logging_mixin.py:150} INFO - [2023-08-10T11:02:45.103+0000] {dagbag.py:541} INFO - Filling up the DagBag from /home/airflow/.local/lib/python3.7/site-packages/airflow/example_dags/example_branch_operator_decorator.py
[2023-08-10T11:02:45.110+0000] {processor.py:836} INFO - DAG(s) dict_keys(['example_branch_python_operator_decorator']) retrieved from /home/airflow/.local/lib/python3.7/site-packages/airflow/example_dags/example_branch_operator_decorator.py
[2023-08-10T11:02:45.127+0000] {logging_mixin.py:150} INFO - [2023-08-10T11:02:45.127+0000] {dag.py:2742} INFO - Sync 1 DAGs
[2023-08-10T11:02:45.142+0000] {logging_mixin.py:150} INFO - [2023-08-10T11:02:45.142+0000] {dag.py:3508} INFO - Setting next_dagrun for example_branch_python_operator_decorator to 2023-08-09T00:00:00+00:00, run_after=2023-08-10T00:00:00+00:00
[2023-08-10T11:02:45.151+0000] {processor.py:179} INFO - Processing /home/airflow/.local/lib/python3.7/site-packages/airflow/example_dags/example_branch_operator_decorator.py took 0.052 seconds
[2023-08-10T11:03:15.363+0000] {processor.py:157} INFO - Started process (PID=156) to work on /home/airflow/.local/lib/python3.7/site-packages/airflow/example_dags/example_branch_operator_decorator.py
[2023-08-10T11:03:15.364+0000] {processor.py:826} INFO - Processing file /home/airflow/.local/lib/python3.7/site-packages/airflow/example_dags/example_branch_operator_decorator.py for tasks to queue
[2023-08-10T11:03:15.365+0000] {logging_mixin.py:150} INFO - [2023-08-10T11:03:15.365+0000] {dagbag.py:541} INFO - Filling up the DagBag from /home/airflow/.local/lib/python3.7/site-packages/airflow/example_dags/example_branch_operator_decorator.py
[2023-08-10T11:03:15.372+0000] {processor.py:836} INFO - DAG(s) dict_keys(['example_branch_python_operator_decorator']) retrieved from /home/airflow/.local/lib/python3.7/site-packages/airflow/example_dags/example_branch_operator_decorator.py
[2023-08-10T11:03:15.389+0000] {logging_mixin.py:150} INFO - [2023-08-10T11:03:15.389+0000] {dag.py:2742} INFO - Sync 1 DAGs
[2023-08-10T11:03:15.403+0000] {logging_mixin.py:150} INFO - [2023-08-10T11:03:15.403+0000] {dag.py:3508} INFO - Setting next_dagrun for example_branch_python_operator_decorator to 2023-08-09T00:00:00+00:00, run_after=2023-08-10T00:00:00+00:00
[2023-08-10T11:03:15.413+0000] {processor.py:179} INFO - Processing /home/airflow/.local/lib/python3.7/site-packages/airflow/example_dags/example_branch_operator_decorator.py took 0.052 seconds
[2023-08-10T11:03:45.543+0000] {processor.py:157} INFO - Started process (PID=215) to work on /home/airflow/.local/lib/python3.7/site-packages/airflow/example_dags/example_branch_operator_decorator.py
[2023-08-10T11:03:45.544+0000] {processor.py:826} INFO - Processing file /home/airflow/.local/lib/python3.7/site-packages/airflow/example_dags/example_branch_operator_decorator.py for tasks to queue
[2023-08-10T11:03:45.545+0000] {logging_mixin.py:150} INFO - [2023-08-10T11:03:45.545+0000] {dagbag.py:541} INFO - Filling up the DagBag from /home/airflow/.local/lib/python3.7/site-packages/airflow/example_dags/example_branch_operator_decorator.py
[2023-08-10T11:03:45.552+0000] {processor.py:836} INFO - DAG(s) dict_keys(['example_branch_python_operator_decorator']) retrieved from /home/airflow/.local/lib/python3.7/site-packages/airflow/example_dags/example_branch_operator_decorator.py
[2023-08-10T11:03:45.571+0000] {logging_mixin.py:150} INFO - [2023-08-10T11:03:45.571+0000] {dag.py:2742} INFO - Sync 1 DAGs
[2023-08-10T11:03:45.585+0000] {logging_mixin.py:150} INFO - [2023-08-10T11:03:45.585+0000] {dag.py:3508} INFO - Setting next_dagrun for example_branch_python_operator_decorator to 2023-08-09T00:00:00+00:00, run_after=2023-08-10T00:00:00+00:00
[2023-08-10T11:03:45.595+0000] {processor.py:179} INFO - Processing /home/airflow/.local/lib/python3.7/site-packages/airflow/example_dags/example_branch_operator_decorator.py took 0.055 seconds
[2023-08-10T11:04:15.629+0000] {processor.py:157} INFO - Started process (PID=273) to work on /home/airflow/.local/lib/python3.7/site-packages/airflow/example_dags/example_branch_operator_decorator.py
[2023-08-10T11:04:15.629+0000] {processor.py:826} INFO - Processing file /home/airflow/.local/lib/python3.7/site-packages/airflow/example_dags/example_branch_operator_decorator.py for tasks to queue
[2023-08-10T11:04:15.630+0000] {logging_mixin.py:150} INFO - [2023-08-10T11:04:15.630+0000] {dagbag.py:541} INFO - Filling up the DagBag from /home/airflow/.local/lib/python3.7/site-packages/airflow/example_dags/example_branch_operator_decorator.py
[2023-08-10T11:04:15.637+0000] {processor.py:836} INFO - DAG(s) dict_keys(['example_branch_python_operator_decorator']) retrieved from /home/airflow/.local/lib/python3.7/site-packages/airflow/example_dags/example_branch_operator_decorator.py
[2023-08-10T11:04:15.655+0000] {logging_mixin.py:150} INFO - [2023-08-10T11:04:15.655+0000] {dag.py:2742} INFO - Sync 1 DAGs
[2023-08-10T11:04:15.670+0000] {logging_mixin.py:150} INFO - [2023-08-10T11:04:15.670+0000] {dag.py:3508} INFO - Setting next_dagrun for example_branch_python_operator_decorator to 2023-08-09T00:00:00+00:00, run_after=2023-08-10T00:00:00+00:00
[2023-08-10T11:04:15.679+0000] {processor.py:179} INFO - Processing /home/airflow/.local/lib/python3.7/site-packages/airflow/example_dags/example_branch_operator_decorator.py took 0.053 seconds
[2023-08-10T11:04:45.795+0000] {processor.py:157} INFO - Started process (PID=332) to work on /home/airflow/.local/lib/python3.7/site-packages/airflow/example_dags/example_branch_operator_decorator.py
[2023-08-10T11:04:45.797+0000] {processor.py:826} INFO - Processing file /home/airflow/.local/lib/python3.7/site-packages/airflow/example_dags/example_branch_operator_decorator.py for tasks to queue
[2023-08-10T11:04:45.797+0000] {logging_mixin.py:150} INFO - [2023-08-10T11:04:45.797+0000] {dagbag.py:541} INFO - Filling up the DagBag from /home/airflow/.local/lib/python3.7/site-packages/airflow/example_dags/example_branch_operator_decorator.py
[2023-08-10T11:04:45.804+0000] {processor.py:836} INFO - DAG(s) dict_keys(['example_branch_python_operator_decorator']) retrieved from /home/airflow/.local/lib/python3.7/site-packages/airflow/example_dags/example_branch_operator_decorator.py
[2023-08-10T11:04:45.823+0000] {logging_mixin.py:150} INFO - [2023-08-10T11:04:45.823+0000] {dag.py:2742} INFO - Sync 1 DAGs
[2023-08-10T11:04:45.837+0000] {logging_mixin.py:150} INFO - [2023-08-10T11:04:45.837+0000] {dag.py:3508} INFO - Setting next_dagrun for example_branch_python_operator_decorator to 2023-08-09T00:00:00+00:00, run_after=2023-08-10T00:00:00+00:00
[2023-08-10T11:04:45.847+0000] {processor.py:179} INFO - Processing /home/airflow/.local/lib/python3.7/site-packages/airflow/example_dags/example_branch_operator_decorator.py took 0.054 seconds
