[2023-08-10T10:54:19.322+0000] {processor.py:157} INFO - Started process (PID=45) to work on /home/airflow/.local/lib/python3.7/site-packages/airflow/example_dags/example_skip_dag.py
[2023-08-10T10:54:19.323+0000] {processor.py:826} INFO - Processing file /home/airflow/.local/lib/python3.7/site-packages/airflow/example_dags/example_skip_dag.py for tasks to queue
[2023-08-10T10:54:19.324+0000] {logging_mixin.py:150} INFO - [2023-08-10T10:54:19.324+0000] {dagbag.py:541} INFO - Filling up the DagBag from /home/airflow/.local/lib/python3.7/site-packages/airflow/example_dags/example_skip_dag.py
[2023-08-10T10:54:19.332+0000] {processor.py:836} INFO - DAG(s) dict_keys(['example_skip_dag']) retrieved from /home/airflow/.local/lib/python3.7/site-packages/airflow/example_dags/example_skip_dag.py
[2023-08-10T10:54:19.398+0000] {logging_mixin.py:150} INFO - [2023-08-10T10:54:19.398+0000] {manager.py:504} INFO - Created Permission View: can delete on DAG:example_skip_dag
[2023-08-10T10:54:19.404+0000] {logging_mixin.py:150} INFO - [2023-08-10T10:54:19.404+0000] {manager.py:504} INFO - Created Permission View: can edit on DAG:example_skip_dag
[2023-08-10T10:54:19.407+0000] {logging_mixin.py:150} INFO - [2023-08-10T10:54:19.407+0000] {manager.py:504} INFO - Created Permission View: can read on DAG:example_skip_dag
[2023-08-10T10:54:19.415+0000] {logging_mixin.py:150} INFO - [2023-08-10T10:54:19.415+0000] {dag.py:2742} INFO - Sync 1 DAGs
[2023-08-10T10:54:19.422+0000] {logging_mixin.py:150} INFO - [2023-08-10T10:54:19.422+0000] {dag.py:2763} INFO - Creating ORM DAG for example_skip_dag
[2023-08-10T10:54:19.428+0000] {logging_mixin.py:150} INFO - [2023-08-10T10:54:19.427+0000] {dag.py:3508} INFO - Setting next_dagrun for example_skip_dag to 2023-08-09T10:54:19.427689+00:00, run_after=2023-08-10T10:54:19.427689+00:00
[2023-08-10T10:54:19.439+0000] {processor.py:179} INFO - Processing /home/airflow/.local/lib/python3.7/site-packages/airflow/example_dags/example_skip_dag.py took 0.120 seconds
[2023-08-10T10:54:50.323+0000] {processor.py:157} INFO - Started process (PID=104) to work on /home/airflow/.local/lib/python3.7/site-packages/airflow/example_dags/example_skip_dag.py
[2023-08-10T10:54:50.324+0000] {processor.py:826} INFO - Processing file /home/airflow/.local/lib/python3.7/site-packages/airflow/example_dags/example_skip_dag.py for tasks to queue
[2023-08-10T10:54:50.325+0000] {logging_mixin.py:150} INFO - [2023-08-10T10:54:50.324+0000] {dagbag.py:541} INFO - Filling up the DagBag from /home/airflow/.local/lib/python3.7/site-packages/airflow/example_dags/example_skip_dag.py
[2023-08-10T10:54:50.330+0000] {processor.py:836} INFO - DAG(s) dict_keys(['example_skip_dag']) retrieved from /home/airflow/.local/lib/python3.7/site-packages/airflow/example_dags/example_skip_dag.py
[2023-08-10T10:54:50.346+0000] {logging_mixin.py:150} INFO - [2023-08-10T10:54:50.346+0000] {dag.py:2742} INFO - Sync 1 DAGs
[2023-08-10T10:54:50.360+0000] {logging_mixin.py:150} INFO - [2023-08-10T10:54:50.360+0000] {dag.py:3508} INFO - Setting next_dagrun for example_skip_dag to 2023-08-09T10:54:50.359935+00:00, run_after=2023-08-10T10:54:50.359935+00:00
[2023-08-10T10:54:50.370+0000] {processor.py:179} INFO - Processing /home/airflow/.local/lib/python3.7/site-packages/airflow/example_dags/example_skip_dag.py took 0.049 seconds
[2023-08-10T10:57:14.696+0000] {processor.py:157} INFO - Started process (PID=44) to work on /home/airflow/.local/lib/python3.7/site-packages/airflow/example_dags/example_skip_dag.py
[2023-08-10T10:57:14.697+0000] {processor.py:826} INFO - Processing file /home/airflow/.local/lib/python3.7/site-packages/airflow/example_dags/example_skip_dag.py for tasks to queue
[2023-08-10T10:57:14.698+0000] {logging_mixin.py:150} INFO - [2023-08-10T10:57:14.698+0000] {dagbag.py:541} INFO - Filling up the DagBag from /home/airflow/.local/lib/python3.7/site-packages/airflow/example_dags/example_skip_dag.py
[2023-08-10T10:57:14.705+0000] {processor.py:836} INFO - DAG(s) dict_keys(['example_skip_dag']) retrieved from /home/airflow/.local/lib/python3.7/site-packages/airflow/example_dags/example_skip_dag.py
[2023-08-10T10:57:14.715+0000] {logging_mixin.py:150} INFO - [2023-08-10T10:57:14.715+0000] {dag.py:2742} INFO - Sync 1 DAGs
[2023-08-10T10:57:14.729+0000] {logging_mixin.py:150} INFO - [2023-08-10T10:57:14.729+0000] {dag.py:3508} INFO - Setting next_dagrun for example_skip_dag to 2023-08-09T10:57:14.729131+00:00, run_after=2023-08-10T10:57:14.729131+00:00
[2023-08-10T10:57:14.740+0000] {processor.py:179} INFO - Processing /home/airflow/.local/lib/python3.7/site-packages/airflow/example_dags/example_skip_dag.py took 0.046 seconds
[2023-08-10T10:57:45.230+0000] {processor.py:157} INFO - Started process (PID=103) to work on /home/airflow/.local/lib/python3.7/site-packages/airflow/example_dags/example_skip_dag.py
[2023-08-10T10:57:45.231+0000] {processor.py:826} INFO - Processing file /home/airflow/.local/lib/python3.7/site-packages/airflow/example_dags/example_skip_dag.py for tasks to queue
[2023-08-10T10:57:45.232+0000] {logging_mixin.py:150} INFO - [2023-08-10T10:57:45.232+0000] {dagbag.py:541} INFO - Filling up the DagBag from /home/airflow/.local/lib/python3.7/site-packages/airflow/example_dags/example_skip_dag.py
[2023-08-10T10:57:45.238+0000] {processor.py:836} INFO - DAG(s) dict_keys(['example_skip_dag']) retrieved from /home/airflow/.local/lib/python3.7/site-packages/airflow/example_dags/example_skip_dag.py
[2023-08-10T10:57:45.255+0000] {logging_mixin.py:150} INFO - [2023-08-10T10:57:45.255+0000] {dag.py:2742} INFO - Sync 1 DAGs
[2023-08-10T10:57:45.269+0000] {logging_mixin.py:150} INFO - [2023-08-10T10:57:45.269+0000] {dag.py:3508} INFO - Setting next_dagrun for example_skip_dag to 2023-08-09T10:57:45.269434+00:00, run_after=2023-08-10T10:57:45.269434+00:00
[2023-08-10T10:57:45.279+0000] {processor.py:179} INFO - Processing /home/airflow/.local/lib/python3.7/site-packages/airflow/example_dags/example_skip_dag.py took 0.052 seconds
[2023-08-10T11:02:14.600+0000] {processor.py:157} INFO - Started process (PID=45) to work on /home/airflow/.local/lib/python3.7/site-packages/airflow/example_dags/example_skip_dag.py
[2023-08-10T11:02:14.601+0000] {processor.py:826} INFO - Processing file /home/airflow/.local/lib/python3.7/site-packages/airflow/example_dags/example_skip_dag.py for tasks to queue
[2023-08-10T11:02:14.602+0000] {logging_mixin.py:150} INFO - [2023-08-10T11:02:14.601+0000] {dagbag.py:541} INFO - Filling up the DagBag from /home/airflow/.local/lib/python3.7/site-packages/airflow/example_dags/example_skip_dag.py
[2023-08-10T11:02:14.608+0000] {processor.py:836} INFO - DAG(s) dict_keys(['example_skip_dag']) retrieved from /home/airflow/.local/lib/python3.7/site-packages/airflow/example_dags/example_skip_dag.py
[2023-08-10T11:02:14.619+0000] {logging_mixin.py:150} INFO - [2023-08-10T11:02:14.619+0000] {dag.py:2742} INFO - Sync 1 DAGs
[2023-08-10T11:02:14.635+0000] {logging_mixin.py:150} INFO - [2023-08-10T11:02:14.635+0000] {dag.py:3508} INFO - Setting next_dagrun for example_skip_dag to 2023-08-09T11:02:14.635011+00:00, run_after=2023-08-10T11:02:14.635011+00:00
[2023-08-10T11:02:14.645+0000] {processor.py:179} INFO - Processing /home/airflow/.local/lib/python3.7/site-packages/airflow/example_dags/example_skip_dag.py took 0.047 seconds
[2023-08-10T11:02:45.409+0000] {processor.py:157} INFO - Started process (PID=104) to work on /home/airflow/.local/lib/python3.7/site-packages/airflow/example_dags/example_skip_dag.py
[2023-08-10T11:02:45.410+0000] {processor.py:826} INFO - Processing file /home/airflow/.local/lib/python3.7/site-packages/airflow/example_dags/example_skip_dag.py for tasks to queue
[2023-08-10T11:02:45.411+0000] {logging_mixin.py:150} INFO - [2023-08-10T11:02:45.411+0000] {dagbag.py:541} INFO - Filling up the DagBag from /home/airflow/.local/lib/python3.7/site-packages/airflow/example_dags/example_skip_dag.py
[2023-08-10T11:02:45.416+0000] {processor.py:836} INFO - DAG(s) dict_keys(['example_skip_dag']) retrieved from /home/airflow/.local/lib/python3.7/site-packages/airflow/example_dags/example_skip_dag.py
[2023-08-10T11:02:45.432+0000] {logging_mixin.py:150} INFO - [2023-08-10T11:02:45.432+0000] {dag.py:2742} INFO - Sync 1 DAGs
[2023-08-10T11:02:45.447+0000] {logging_mixin.py:150} INFO - [2023-08-10T11:02:45.446+0000] {dag.py:3508} INFO - Setting next_dagrun for example_skip_dag to 2023-08-09T11:02:45.446763+00:00, run_after=2023-08-10T11:02:45.446763+00:00
[2023-08-10T11:02:45.456+0000] {processor.py:179} INFO - Processing /home/airflow/.local/lib/python3.7/site-packages/airflow/example_dags/example_skip_dag.py took 0.050 seconds
[2023-08-10T11:03:15.633+0000] {processor.py:157} INFO - Started process (PID=163) to work on /home/airflow/.local/lib/python3.7/site-packages/airflow/example_dags/example_skip_dag.py
[2023-08-10T11:03:15.634+0000] {processor.py:826} INFO - Processing file /home/airflow/.local/lib/python3.7/site-packages/airflow/example_dags/example_skip_dag.py for tasks to queue
[2023-08-10T11:03:15.635+0000] {logging_mixin.py:150} INFO - [2023-08-10T11:03:15.635+0000] {dagbag.py:541} INFO - Filling up the DagBag from /home/airflow/.local/lib/python3.7/site-packages/airflow/example_dags/example_skip_dag.py
[2023-08-10T11:03:15.641+0000] {processor.py:836} INFO - DAG(s) dict_keys(['example_skip_dag']) retrieved from /home/airflow/.local/lib/python3.7/site-packages/airflow/example_dags/example_skip_dag.py
[2023-08-10T11:03:15.658+0000] {logging_mixin.py:150} INFO - [2023-08-10T11:03:15.658+0000] {dag.py:2742} INFO - Sync 1 DAGs
[2023-08-10T11:03:15.673+0000] {logging_mixin.py:150} INFO - [2023-08-10T11:03:15.673+0000] {dag.py:3508} INFO - Setting next_dagrun for example_skip_dag to 2023-08-09T11:03:15.673255+00:00, run_after=2023-08-10T11:03:15.673255+00:00
[2023-08-10T11:03:15.683+0000] {processor.py:179} INFO - Processing /home/airflow/.local/lib/python3.7/site-packages/airflow/example_dags/example_skip_dag.py took 0.053 seconds
[2023-08-10T11:03:45.827+0000] {processor.py:157} INFO - Started process (PID=222) to work on /home/airflow/.local/lib/python3.7/site-packages/airflow/example_dags/example_skip_dag.py
[2023-08-10T11:03:45.828+0000] {processor.py:826} INFO - Processing file /home/airflow/.local/lib/python3.7/site-packages/airflow/example_dags/example_skip_dag.py for tasks to queue
[2023-08-10T11:03:45.829+0000] {logging_mixin.py:150} INFO - [2023-08-10T11:03:45.828+0000] {dagbag.py:541} INFO - Filling up the DagBag from /home/airflow/.local/lib/python3.7/site-packages/airflow/example_dags/example_skip_dag.py
[2023-08-10T11:03:45.834+0000] {processor.py:836} INFO - DAG(s) dict_keys(['example_skip_dag']) retrieved from /home/airflow/.local/lib/python3.7/site-packages/airflow/example_dags/example_skip_dag.py
[2023-08-10T11:03:45.851+0000] {logging_mixin.py:150} INFO - [2023-08-10T11:03:45.851+0000] {dag.py:2742} INFO - Sync 1 DAGs
[2023-08-10T11:03:45.866+0000] {logging_mixin.py:150} INFO - [2023-08-10T11:03:45.866+0000] {dag.py:3508} INFO - Setting next_dagrun for example_skip_dag to 2023-08-09T11:03:45.865980+00:00, run_after=2023-08-10T11:03:45.865980+00:00
[2023-08-10T11:03:45.876+0000] {processor.py:179} INFO - Processing /home/airflow/.local/lib/python3.7/site-packages/airflow/example_dags/example_skip_dag.py took 0.052 seconds
[2023-08-10T11:04:15.972+0000] {processor.py:157} INFO - Started process (PID=281) to work on /home/airflow/.local/lib/python3.7/site-packages/airflow/example_dags/example_skip_dag.py
[2023-08-10T11:04:15.972+0000] {processor.py:826} INFO - Processing file /home/airflow/.local/lib/python3.7/site-packages/airflow/example_dags/example_skip_dag.py for tasks to queue
[2023-08-10T11:04:15.973+0000] {logging_mixin.py:150} INFO - [2023-08-10T11:04:15.973+0000] {dagbag.py:541} INFO - Filling up the DagBag from /home/airflow/.local/lib/python3.7/site-packages/airflow/example_dags/example_skip_dag.py
[2023-08-10T11:04:15.978+0000] {processor.py:836} INFO - DAG(s) dict_keys(['example_skip_dag']) retrieved from /home/airflow/.local/lib/python3.7/site-packages/airflow/example_dags/example_skip_dag.py
[2023-08-10T11:04:15.994+0000] {logging_mixin.py:150} INFO - [2023-08-10T11:04:15.994+0000] {dag.py:2742} INFO - Sync 1 DAGs
[2023-08-10T11:04:16.008+0000] {logging_mixin.py:150} INFO - [2023-08-10T11:04:16.008+0000] {dag.py:3508} INFO - Setting next_dagrun for example_skip_dag to 2023-08-09T11:04:16.008070+00:00, run_after=2023-08-10T11:04:16.008070+00:00
[2023-08-10T11:04:16.018+0000] {processor.py:179} INFO - Processing /home/airflow/.local/lib/python3.7/site-packages/airflow/example_dags/example_skip_dag.py took 0.049 seconds
[2023-08-10T11:04:46.150+0000] {processor.py:157} INFO - Started process (PID=340) to work on /home/airflow/.local/lib/python3.7/site-packages/airflow/example_dags/example_skip_dag.py
[2023-08-10T11:04:46.150+0000] {processor.py:826} INFO - Processing file /home/airflow/.local/lib/python3.7/site-packages/airflow/example_dags/example_skip_dag.py for tasks to queue
[2023-08-10T11:04:46.151+0000] {logging_mixin.py:150} INFO - [2023-08-10T11:04:46.151+0000] {dagbag.py:541} INFO - Filling up the DagBag from /home/airflow/.local/lib/python3.7/site-packages/airflow/example_dags/example_skip_dag.py
[2023-08-10T11:04:46.156+0000] {processor.py:836} INFO - DAG(s) dict_keys(['example_skip_dag']) retrieved from /home/airflow/.local/lib/python3.7/site-packages/airflow/example_dags/example_skip_dag.py
[2023-08-10T11:04:46.172+0000] {logging_mixin.py:150} INFO - [2023-08-10T11:04:46.172+0000] {dag.py:2742} INFO - Sync 1 DAGs
[2023-08-10T11:04:46.185+0000] {logging_mixin.py:150} INFO - [2023-08-10T11:04:46.185+0000] {dag.py:3508} INFO - Setting next_dagrun for example_skip_dag to 2023-08-09T11:04:46.185742+00:00, run_after=2023-08-10T11:04:46.185742+00:00
[2023-08-10T11:04:46.196+0000] {processor.py:179} INFO - Processing /home/airflow/.local/lib/python3.7/site-packages/airflow/example_dags/example_skip_dag.py took 0.049 seconds
