[2023-08-10T10:54:19.568+0000] {processor.py:157} INFO - Started process (PID=49) to work on /home/airflow/.local/lib/python3.7/site-packages/airflow/example_dags/example_branch_labels.py
[2023-08-10T10:54:19.569+0000] {processor.py:826} INFO - Processing file /home/airflow/.local/lib/python3.7/site-packages/airflow/example_dags/example_branch_labels.py for tasks to queue
[2023-08-10T10:54:19.570+0000] {logging_mixin.py:150} INFO - [2023-08-10T10:54:19.570+0000] {dagbag.py:541} INFO - Filling up the DagBag from /home/airflow/.local/lib/python3.7/site-packages/airflow/example_dags/example_branch_labels.py
[2023-08-10T10:54:19.579+0000] {processor.py:836} INFO - DAG(s) dict_keys(['example_branch_labels']) retrieved from /home/airflow/.local/lib/python3.7/site-packages/airflow/example_dags/example_branch_labels.py
[2023-08-10T10:54:19.676+0000] {logging_mixin.py:150} INFO - [2023-08-10T10:54:19.676+0000] {manager.py:504} INFO - Created Permission View: can delete on DAG:example_branch_labels
[2023-08-10T10:54:19.685+0000] {logging_mixin.py:150} INFO - [2023-08-10T10:54:19.685+0000] {manager.py:504} INFO - Created Permission View: can edit on DAG:example_branch_labels
[2023-08-10T10:54:19.690+0000] {logging_mixin.py:150} INFO - [2023-08-10T10:54:19.690+0000] {manager.py:504} INFO - Created Permission View: can read on DAG:example_branch_labels
[2023-08-10T10:54:19.699+0000] {logging_mixin.py:150} INFO - [2023-08-10T10:54:19.699+0000] {dag.py:2742} INFO - Sync 1 DAGs
[2023-08-10T10:54:19.707+0000] {logging_mixin.py:150} INFO - [2023-08-10T10:54:19.707+0000] {dag.py:2763} INFO - Creating ORM DAG for example_branch_labels
[2023-08-10T10:54:19.715+0000] {logging_mixin.py:150} INFO - [2023-08-10T10:54:19.715+0000] {dag.py:3508} INFO - Setting next_dagrun for example_branch_labels to 2023-08-09T00:00:00+00:00, run_after=2023-08-10T00:00:00+00:00
[2023-08-10T10:54:19.727+0000] {processor.py:179} INFO - Processing /home/airflow/.local/lib/python3.7/site-packages/airflow/example_dags/example_branch_labels.py took 0.162 seconds
[2023-08-10T10:54:50.421+0000] {processor.py:157} INFO - Started process (PID=107) to work on /home/airflow/.local/lib/python3.7/site-packages/airflow/example_dags/example_branch_labels.py
[2023-08-10T10:54:50.422+0000] {processor.py:826} INFO - Processing file /home/airflow/.local/lib/python3.7/site-packages/airflow/example_dags/example_branch_labels.py for tasks to queue
[2023-08-10T10:54:50.423+0000] {logging_mixin.py:150} INFO - [2023-08-10T10:54:50.423+0000] {dagbag.py:541} INFO - Filling up the DagBag from /home/airflow/.local/lib/python3.7/site-packages/airflow/example_dags/example_branch_labels.py
[2023-08-10T10:54:50.429+0000] {processor.py:836} INFO - DAG(s) dict_keys(['example_branch_labels']) retrieved from /home/airflow/.local/lib/python3.7/site-packages/airflow/example_dags/example_branch_labels.py
[2023-08-10T10:54:50.446+0000] {logging_mixin.py:150} INFO - [2023-08-10T10:54:50.446+0000] {dag.py:2742} INFO - Sync 1 DAGs
[2023-08-10T10:54:50.460+0000] {logging_mixin.py:150} INFO - [2023-08-10T10:54:50.460+0000] {dag.py:3508} INFO - Setting next_dagrun for example_branch_labels to 2023-08-09T00:00:00+00:00, run_after=2023-08-10T00:00:00+00:00
[2023-08-10T10:54:50.469+0000] {processor.py:179} INFO - Processing /home/airflow/.local/lib/python3.7/site-packages/airflow/example_dags/example_branch_labels.py took 0.050 seconds
[2023-08-10T10:57:14.870+0000] {processor.py:157} INFO - Started process (PID=48) to work on /home/airflow/.local/lib/python3.7/site-packages/airflow/example_dags/example_branch_labels.py
[2023-08-10T10:57:14.871+0000] {processor.py:826} INFO - Processing file /home/airflow/.local/lib/python3.7/site-packages/airflow/example_dags/example_branch_labels.py for tasks to queue
[2023-08-10T10:57:14.872+0000] {logging_mixin.py:150} INFO - [2023-08-10T10:57:14.872+0000] {dagbag.py:541} INFO - Filling up the DagBag from /home/airflow/.local/lib/python3.7/site-packages/airflow/example_dags/example_branch_labels.py
[2023-08-10T10:57:14.879+0000] {processor.py:836} INFO - DAG(s) dict_keys(['example_branch_labels']) retrieved from /home/airflow/.local/lib/python3.7/site-packages/airflow/example_dags/example_branch_labels.py
[2023-08-10T10:57:14.898+0000] {logging_mixin.py:150} INFO - [2023-08-10T10:57:14.898+0000] {dag.py:2742} INFO - Sync 1 DAGs
[2023-08-10T10:57:14.915+0000] {logging_mixin.py:150} INFO - [2023-08-10T10:57:14.915+0000] {dag.py:3508} INFO - Setting next_dagrun for example_branch_labels to 2023-08-09T00:00:00+00:00, run_after=2023-08-10T00:00:00+00:00
[2023-08-10T10:57:14.926+0000] {processor.py:179} INFO - Processing /home/airflow/.local/lib/python3.7/site-packages/airflow/example_dags/example_branch_labels.py took 0.058 seconds
[2023-08-10T10:57:45.326+0000] {processor.py:157} INFO - Started process (PID=106) to work on /home/airflow/.local/lib/python3.7/site-packages/airflow/example_dags/example_branch_labels.py
[2023-08-10T10:57:45.327+0000] {processor.py:826} INFO - Processing file /home/airflow/.local/lib/python3.7/site-packages/airflow/example_dags/example_branch_labels.py for tasks to queue
[2023-08-10T10:57:45.328+0000] {logging_mixin.py:150} INFO - [2023-08-10T10:57:45.328+0000] {dagbag.py:541} INFO - Filling up the DagBag from /home/airflow/.local/lib/python3.7/site-packages/airflow/example_dags/example_branch_labels.py
[2023-08-10T10:57:45.334+0000] {processor.py:836} INFO - DAG(s) dict_keys(['example_branch_labels']) retrieved from /home/airflow/.local/lib/python3.7/site-packages/airflow/example_dags/example_branch_labels.py
[2023-08-10T10:57:45.353+0000] {logging_mixin.py:150} INFO - [2023-08-10T10:57:45.353+0000] {dag.py:2742} INFO - Sync 1 DAGs
[2023-08-10T10:57:45.368+0000] {logging_mixin.py:150} INFO - [2023-08-10T10:57:45.368+0000] {dag.py:3508} INFO - Setting next_dagrun for example_branch_labels to 2023-08-09T00:00:00+00:00, run_after=2023-08-10T00:00:00+00:00
[2023-08-10T10:57:45.378+0000] {processor.py:179} INFO - Processing /home/airflow/.local/lib/python3.7/site-packages/airflow/example_dags/example_branch_labels.py took 0.054 seconds
[2023-08-10T11:02:14.700+0000] {processor.py:157} INFO - Started process (PID=49) to work on /home/airflow/.local/lib/python3.7/site-packages/airflow/example_dags/example_branch_labels.py
[2023-08-10T11:02:14.701+0000] {processor.py:826} INFO - Processing file /home/airflow/.local/lib/python3.7/site-packages/airflow/example_dags/example_branch_labels.py for tasks to queue
[2023-08-10T11:02:14.702+0000] {logging_mixin.py:150} INFO - [2023-08-10T11:02:14.702+0000] {dagbag.py:541} INFO - Filling up the DagBag from /home/airflow/.local/lib/python3.7/site-packages/airflow/example_dags/example_branch_labels.py
[2023-08-10T11:02:14.709+0000] {processor.py:836} INFO - DAG(s) dict_keys(['example_branch_labels']) retrieved from /home/airflow/.local/lib/python3.7/site-packages/airflow/example_dags/example_branch_labels.py
[2023-08-10T11:02:14.724+0000] {logging_mixin.py:150} INFO - [2023-08-10T11:02:14.724+0000] {dag.py:2742} INFO - Sync 1 DAGs
[2023-08-10T11:02:14.741+0000] {logging_mixin.py:150} INFO - [2023-08-10T11:02:14.741+0000] {dag.py:3508} INFO - Setting next_dagrun for example_branch_labels to 2023-08-09T00:00:00+00:00, run_after=2023-08-10T00:00:00+00:00
[2023-08-10T11:02:14.751+0000] {processor.py:179} INFO - Processing /home/airflow/.local/lib/python3.7/site-packages/airflow/example_dags/example_branch_labels.py took 0.053 seconds
[2023-08-10T11:02:45.491+0000] {processor.py:157} INFO - Started process (PID=107) to work on /home/airflow/.local/lib/python3.7/site-packages/airflow/example_dags/example_branch_labels.py
[2023-08-10T11:02:45.492+0000] {processor.py:826} INFO - Processing file /home/airflow/.local/lib/python3.7/site-packages/airflow/example_dags/example_branch_labels.py for tasks to queue
[2023-08-10T11:02:45.493+0000] {logging_mixin.py:150} INFO - [2023-08-10T11:02:45.493+0000] {dagbag.py:541} INFO - Filling up the DagBag from /home/airflow/.local/lib/python3.7/site-packages/airflow/example_dags/example_branch_labels.py
[2023-08-10T11:02:45.499+0000] {processor.py:836} INFO - DAG(s) dict_keys(['example_branch_labels']) retrieved from /home/airflow/.local/lib/python3.7/site-packages/airflow/example_dags/example_branch_labels.py
[2023-08-10T11:02:45.516+0000] {logging_mixin.py:150} INFO - [2023-08-10T11:02:45.516+0000] {dag.py:2742} INFO - Sync 1 DAGs
[2023-08-10T11:02:45.531+0000] {logging_mixin.py:150} INFO - [2023-08-10T11:02:45.531+0000] {dag.py:3508} INFO - Setting next_dagrun for example_branch_labels to 2023-08-09T00:00:00+00:00, run_after=2023-08-10T00:00:00+00:00
[2023-08-10T11:02:45.540+0000] {processor.py:179} INFO - Processing /home/airflow/.local/lib/python3.7/site-packages/airflow/example_dags/example_branch_labels.py took 0.052 seconds
[2023-08-10T11:03:15.731+0000] {processor.py:157} INFO - Started process (PID=166) to work on /home/airflow/.local/lib/python3.7/site-packages/airflow/example_dags/example_branch_labels.py
[2023-08-10T11:03:15.732+0000] {processor.py:826} INFO - Processing file /home/airflow/.local/lib/python3.7/site-packages/airflow/example_dags/example_branch_labels.py for tasks to queue
[2023-08-10T11:03:15.733+0000] {logging_mixin.py:150} INFO - [2023-08-10T11:03:15.733+0000] {dagbag.py:541} INFO - Filling up the DagBag from /home/airflow/.local/lib/python3.7/site-packages/airflow/example_dags/example_branch_labels.py
[2023-08-10T11:03:15.738+0000] {processor.py:836} INFO - DAG(s) dict_keys(['example_branch_labels']) retrieved from /home/airflow/.local/lib/python3.7/site-packages/airflow/example_dags/example_branch_labels.py
[2023-08-10T11:03:15.756+0000] {logging_mixin.py:150} INFO - [2023-08-10T11:03:15.756+0000] {dag.py:2742} INFO - Sync 1 DAGs
[2023-08-10T11:03:15.770+0000] {logging_mixin.py:150} INFO - [2023-08-10T11:03:15.770+0000] {dag.py:3508} INFO - Setting next_dagrun for example_branch_labels to 2023-08-09T00:00:00+00:00, run_after=2023-08-10T00:00:00+00:00
[2023-08-10T11:03:15.779+0000] {processor.py:179} INFO - Processing /home/airflow/.local/lib/python3.7/site-packages/airflow/example_dags/example_branch_labels.py took 0.050 seconds
[2023-08-10T11:03:45.926+0000] {processor.py:157} INFO - Started process (PID=225) to work on /home/airflow/.local/lib/python3.7/site-packages/airflow/example_dags/example_branch_labels.py
[2023-08-10T11:03:45.927+0000] {processor.py:826} INFO - Processing file /home/airflow/.local/lib/python3.7/site-packages/airflow/example_dags/example_branch_labels.py for tasks to queue
[2023-08-10T11:03:45.928+0000] {logging_mixin.py:150} INFO - [2023-08-10T11:03:45.928+0000] {dagbag.py:541} INFO - Filling up the DagBag from /home/airflow/.local/lib/python3.7/site-packages/airflow/example_dags/example_branch_labels.py
[2023-08-10T11:03:45.934+0000] {processor.py:836} INFO - DAG(s) dict_keys(['example_branch_labels']) retrieved from /home/airflow/.local/lib/python3.7/site-packages/airflow/example_dags/example_branch_labels.py
[2023-08-10T11:03:45.951+0000] {logging_mixin.py:150} INFO - [2023-08-10T11:03:45.951+0000] {dag.py:2742} INFO - Sync 1 DAGs
[2023-08-10T11:03:45.965+0000] {logging_mixin.py:150} INFO - [2023-08-10T11:03:45.965+0000] {dag.py:3508} INFO - Setting next_dagrun for example_branch_labels to 2023-08-09T00:00:00+00:00, run_after=2023-08-10T00:00:00+00:00
[2023-08-10T11:03:45.975+0000] {processor.py:179} INFO - Processing /home/airflow/.local/lib/python3.7/site-packages/airflow/example_dags/example_branch_labels.py took 0.051 seconds
[2023-08-10T11:04:16.132+0000] {processor.py:157} INFO - Started process (PID=284) to work on /home/airflow/.local/lib/python3.7/site-packages/airflow/example_dags/example_branch_labels.py
[2023-08-10T11:04:16.133+0000] {processor.py:826} INFO - Processing file /home/airflow/.local/lib/python3.7/site-packages/airflow/example_dags/example_branch_labels.py for tasks to queue
[2023-08-10T11:04:16.134+0000] {logging_mixin.py:150} INFO - [2023-08-10T11:04:16.134+0000] {dagbag.py:541} INFO - Filling up the DagBag from /home/airflow/.local/lib/python3.7/site-packages/airflow/example_dags/example_branch_labels.py
[2023-08-10T11:04:16.139+0000] {processor.py:836} INFO - DAG(s) dict_keys(['example_branch_labels']) retrieved from /home/airflow/.local/lib/python3.7/site-packages/airflow/example_dags/example_branch_labels.py
[2023-08-10T11:04:16.157+0000] {logging_mixin.py:150} INFO - [2023-08-10T11:04:16.156+0000] {dag.py:2742} INFO - Sync 1 DAGs
[2023-08-10T11:04:16.171+0000] {logging_mixin.py:150} INFO - [2023-08-10T11:04:16.171+0000] {dag.py:3508} INFO - Setting next_dagrun for example_branch_labels to 2023-08-09T00:00:00+00:00, run_after=2023-08-10T00:00:00+00:00
[2023-08-10T11:04:16.180+0000] {processor.py:179} INFO - Processing /home/airflow/.local/lib/python3.7/site-packages/airflow/example_dags/example_branch_labels.py took 0.050 seconds
[2023-08-10T11:04:46.285+0000] {processor.py:157} INFO - Started process (PID=343) to work on /home/airflow/.local/lib/python3.7/site-packages/airflow/example_dags/example_branch_labels.py
[2023-08-10T11:04:46.286+0000] {processor.py:826} INFO - Processing file /home/airflow/.local/lib/python3.7/site-packages/airflow/example_dags/example_branch_labels.py for tasks to queue
[2023-08-10T11:04:46.287+0000] {logging_mixin.py:150} INFO - [2023-08-10T11:04:46.286+0000] {dagbag.py:541} INFO - Filling up the DagBag from /home/airflow/.local/lib/python3.7/site-packages/airflow/example_dags/example_branch_labels.py
[2023-08-10T11:04:46.292+0000] {processor.py:836} INFO - DAG(s) dict_keys(['example_branch_labels']) retrieved from /home/airflow/.local/lib/python3.7/site-packages/airflow/example_dags/example_branch_labels.py
[2023-08-10T11:04:46.311+0000] {logging_mixin.py:150} INFO - [2023-08-10T11:04:46.311+0000] {dag.py:2742} INFO - Sync 1 DAGs
[2023-08-10T11:04:46.327+0000] {logging_mixin.py:150} INFO - [2023-08-10T11:04:46.327+0000] {dag.py:3508} INFO - Setting next_dagrun for example_branch_labels to 2023-08-09T00:00:00+00:00, run_after=2023-08-10T00:00:00+00:00
[2023-08-10T11:04:46.336+0000] {processor.py:179} INFO - Processing /home/airflow/.local/lib/python3.7/site-packages/airflow/example_dags/example_branch_labels.py took 0.054 seconds
