[2023-08-10T10:54:18.469+0000] {processor.py:157} INFO - Started process (PID=34) to work on /home/airflow/.local/lib/python3.7/site-packages/airflow/example_dags/example_external_task_marker_dag.py
[2023-08-10T10:54:18.470+0000] {processor.py:826} INFO - Processing file /home/airflow/.local/lib/python3.7/site-packages/airflow/example_dags/example_external_task_marker_dag.py for tasks to queue
[2023-08-10T10:54:18.471+0000] {logging_mixin.py:150} INFO - [2023-08-10T10:54:18.470+0000] {dagbag.py:541} INFO - Filling up the DagBag from /home/airflow/.local/lib/python3.7/site-packages/airflow/example_dags/example_external_task_marker_dag.py
[2023-08-10T10:54:18.477+0000] {processor.py:836} INFO - DAG(s) dict_keys(['example_external_task_marker_child', 'example_external_task_marker_parent']) retrieved from /home/airflow/.local/lib/python3.7/site-packages/airflow/example_dags/example_external_task_marker_dag.py
[2023-08-10T10:54:18.561+0000] {logging_mixin.py:150} INFO - [2023-08-10T10:54:18.561+0000] {manager.py:504} INFO - Created Permission View: can delete on DAG:example_external_task_marker_child
[2023-08-10T10:54:18.571+0000] {logging_mixin.py:150} INFO - [2023-08-10T10:54:18.571+0000] {manager.py:504} INFO - Created Permission View: can edit on DAG:example_external_task_marker_child
[2023-08-10T10:54:18.577+0000] {logging_mixin.py:150} INFO - [2023-08-10T10:54:18.577+0000] {manager.py:504} INFO - Created Permission View: can read on DAG:example_external_task_marker_child
[2023-08-10T10:54:18.592+0000] {logging_mixin.py:150} INFO - [2023-08-10T10:54:18.591+0000] {manager.py:504} INFO - Created Permission View: can delete on DAG:example_external_task_marker_parent
[2023-08-10T10:54:18.596+0000] {logging_mixin.py:150} INFO - [2023-08-10T10:54:18.596+0000] {manager.py:504} INFO - Created Permission View: can edit on DAG:example_external_task_marker_parent
[2023-08-10T10:54:18.599+0000] {logging_mixin.py:150} INFO - [2023-08-10T10:54:18.599+0000] {manager.py:504} INFO - Created Permission View: can read on DAG:example_external_task_marker_parent
[2023-08-10T10:54:18.603+0000] {logging_mixin.py:150} INFO - [2023-08-10T10:54:18.603+0000] {dag.py:2742} INFO - Sync 2 DAGs
[2023-08-10T10:54:18.610+0000] {logging_mixin.py:150} INFO - [2023-08-10T10:54:18.610+0000] {dag.py:2763} INFO - Creating ORM DAG for example_external_task_marker_parent
[2023-08-10T10:54:18.611+0000] {logging_mixin.py:150} INFO - [2023-08-10T10:54:18.611+0000] {dag.py:2763} INFO - Creating ORM DAG for example_external_task_marker_child
[2023-08-10T10:54:18.617+0000] {logging_mixin.py:150} INFO - [2023-08-10T10:54:18.617+0000] {dag.py:3508} INFO - Setting next_dagrun for example_external_task_marker_child to None, run_after=None
[2023-08-10T10:54:18.618+0000] {logging_mixin.py:150} INFO - [2023-08-10T10:54:18.618+0000] {dag.py:3508} INFO - Setting next_dagrun for example_external_task_marker_parent to None, run_after=None
[2023-08-10T10:54:18.629+0000] {processor.py:179} INFO - Processing /home/airflow/.local/lib/python3.7/site-packages/airflow/example_dags/example_external_task_marker_dag.py took 0.163 seconds
[2023-08-10T10:54:48.722+0000] {processor.py:157} INFO - Started process (PID=93) to work on /home/airflow/.local/lib/python3.7/site-packages/airflow/example_dags/example_external_task_marker_dag.py
[2023-08-10T10:54:48.724+0000] {processor.py:826} INFO - Processing file /home/airflow/.local/lib/python3.7/site-packages/airflow/example_dags/example_external_task_marker_dag.py for tasks to queue
[2023-08-10T10:54:48.725+0000] {logging_mixin.py:150} INFO - [2023-08-10T10:54:48.724+0000] {dagbag.py:541} INFO - Filling up the DagBag from /home/airflow/.local/lib/python3.7/site-packages/airflow/example_dags/example_external_task_marker_dag.py
[2023-08-10T10:54:48.731+0000] {processor.py:836} INFO - DAG(s) dict_keys(['example_external_task_marker_child', 'example_external_task_marker_parent']) retrieved from /home/airflow/.local/lib/python3.7/site-packages/airflow/example_dags/example_external_task_marker_dag.py
[2023-08-10T10:54:48.754+0000] {logging_mixin.py:150} INFO - [2023-08-10T10:54:48.754+0000] {dag.py:2742} INFO - Sync 2 DAGs
[2023-08-10T10:54:48.769+0000] {logging_mixin.py:150} INFO - [2023-08-10T10:54:48.769+0000] {dag.py:3508} INFO - Setting next_dagrun for example_external_task_marker_child to None, run_after=None
[2023-08-10T10:54:48.771+0000] {logging_mixin.py:150} INFO - [2023-08-10T10:54:48.771+0000] {dag.py:3508} INFO - Setting next_dagrun for example_external_task_marker_parent to None, run_after=None
[2023-08-10T10:54:48.779+0000] {processor.py:179} INFO - Processing /home/airflow/.local/lib/python3.7/site-packages/airflow/example_dags/example_external_task_marker_dag.py took 0.060 seconds
[2023-08-10T10:57:14.204+0000] {processor.py:157} INFO - Started process (PID=33) to work on /home/airflow/.local/lib/python3.7/site-packages/airflow/example_dags/example_external_task_marker_dag.py
[2023-08-10T10:57:14.206+0000] {processor.py:826} INFO - Processing file /home/airflow/.local/lib/python3.7/site-packages/airflow/example_dags/example_external_task_marker_dag.py for tasks to queue
[2023-08-10T10:57:14.207+0000] {logging_mixin.py:150} INFO - [2023-08-10T10:57:14.207+0000] {dagbag.py:541} INFO - Filling up the DagBag from /home/airflow/.local/lib/python3.7/site-packages/airflow/example_dags/example_external_task_marker_dag.py
[2023-08-10T10:57:14.213+0000] {processor.py:836} INFO - DAG(s) dict_keys(['example_external_task_marker_parent', 'example_external_task_marker_child']) retrieved from /home/airflow/.local/lib/python3.7/site-packages/airflow/example_dags/example_external_task_marker_dag.py
[2023-08-10T10:57:14.229+0000] {logging_mixin.py:150} INFO - [2023-08-10T10:57:14.229+0000] {dag.py:2742} INFO - Sync 2 DAGs
[2023-08-10T10:57:14.248+0000] {logging_mixin.py:150} INFO - [2023-08-10T10:57:14.248+0000] {dag.py:3508} INFO - Setting next_dagrun for example_external_task_marker_child to None, run_after=None
[2023-08-10T10:57:14.252+0000] {logging_mixin.py:150} INFO - [2023-08-10T10:57:14.252+0000] {dag.py:3508} INFO - Setting next_dagrun for example_external_task_marker_parent to None, run_after=None
[2023-08-10T10:57:14.272+0000] {processor.py:179} INFO - Processing /home/airflow/.local/lib/python3.7/site-packages/airflow/example_dags/example_external_task_marker_dag.py took 0.071 seconds
[2023-08-10T10:57:44.708+0000] {processor.py:157} INFO - Started process (PID=92) to work on /home/airflow/.local/lib/python3.7/site-packages/airflow/example_dags/example_external_task_marker_dag.py
[2023-08-10T10:57:44.709+0000] {processor.py:826} INFO - Processing file /home/airflow/.local/lib/python3.7/site-packages/airflow/example_dags/example_external_task_marker_dag.py for tasks to queue
[2023-08-10T10:57:44.710+0000] {logging_mixin.py:150} INFO - [2023-08-10T10:57:44.710+0000] {dagbag.py:541} INFO - Filling up the DagBag from /home/airflow/.local/lib/python3.7/site-packages/airflow/example_dags/example_external_task_marker_dag.py
[2023-08-10T10:57:44.715+0000] {processor.py:836} INFO - DAG(s) dict_keys(['example_external_task_marker_parent', 'example_external_task_marker_child']) retrieved from /home/airflow/.local/lib/python3.7/site-packages/airflow/example_dags/example_external_task_marker_dag.py
[2023-08-10T10:57:44.737+0000] {logging_mixin.py:150} INFO - [2023-08-10T10:57:44.737+0000] {dag.py:2742} INFO - Sync 2 DAGs
[2023-08-10T10:57:44.751+0000] {logging_mixin.py:150} INFO - [2023-08-10T10:57:44.751+0000] {dag.py:3508} INFO - Setting next_dagrun for example_external_task_marker_child to None, run_after=None
[2023-08-10T10:57:44.754+0000] {logging_mixin.py:150} INFO - [2023-08-10T10:57:44.754+0000] {dag.py:3508} INFO - Setting next_dagrun for example_external_task_marker_parent to None, run_after=None
[2023-08-10T10:57:44.769+0000] {processor.py:179} INFO - Processing /home/airflow/.local/lib/python3.7/site-packages/airflow/example_dags/example_external_task_marker_dag.py took 0.064 seconds
[2023-08-10T10:58:15.168+0000] {processor.py:157} INFO - Started process (PID=151) to work on /home/airflow/.local/lib/python3.7/site-packages/airflow/example_dags/example_external_task_marker_dag.py
[2023-08-10T10:58:15.170+0000] {processor.py:826} INFO - Processing file /home/airflow/.local/lib/python3.7/site-packages/airflow/example_dags/example_external_task_marker_dag.py for tasks to queue
[2023-08-10T10:58:15.171+0000] {logging_mixin.py:150} INFO - [2023-08-10T10:58:15.171+0000] {dagbag.py:541} INFO - Filling up the DagBag from /home/airflow/.local/lib/python3.7/site-packages/airflow/example_dags/example_external_task_marker_dag.py
[2023-08-10T10:58:15.178+0000] {processor.py:836} INFO - DAG(s) dict_keys(['example_external_task_marker_parent', 'example_external_task_marker_child']) retrieved from /home/airflow/.local/lib/python3.7/site-packages/airflow/example_dags/example_external_task_marker_dag.py
[2023-08-10T10:58:15.209+0000] {logging_mixin.py:150} INFO - [2023-08-10T10:58:15.209+0000] {dag.py:2742} INFO - Sync 2 DAGs
[2023-08-10T10:58:15.231+0000] {logging_mixin.py:150} INFO - [2023-08-10T10:58:15.231+0000] {dag.py:3508} INFO - Setting next_dagrun for example_external_task_marker_child to None, run_after=None
[2023-08-10T10:58:15.234+0000] {logging_mixin.py:150} INFO - [2023-08-10T10:58:15.234+0000] {dag.py:3508} INFO - Setting next_dagrun for example_external_task_marker_parent to None, run_after=None
[2023-08-10T10:58:15.256+0000] {processor.py:179} INFO - Processing /home/airflow/.local/lib/python3.7/site-packages/airflow/example_dags/example_external_task_marker_dag.py took 0.095 seconds
[2023-08-10T11:02:14.171+0000] {processor.py:157} INFO - Started process (PID=34) to work on /home/airflow/.local/lib/python3.7/site-packages/airflow/example_dags/example_external_task_marker_dag.py
[2023-08-10T11:02:14.172+0000] {processor.py:826} INFO - Processing file /home/airflow/.local/lib/python3.7/site-packages/airflow/example_dags/example_external_task_marker_dag.py for tasks to queue
[2023-08-10T11:02:14.173+0000] {logging_mixin.py:150} INFO - [2023-08-10T11:02:14.172+0000] {dagbag.py:541} INFO - Filling up the DagBag from /home/airflow/.local/lib/python3.7/site-packages/airflow/example_dags/example_external_task_marker_dag.py
[2023-08-10T11:02:14.179+0000] {processor.py:836} INFO - DAG(s) dict_keys(['example_external_task_marker_child', 'example_external_task_marker_parent']) retrieved from /home/airflow/.local/lib/python3.7/site-packages/airflow/example_dags/example_external_task_marker_dag.py
[2023-08-10T11:02:14.190+0000] {logging_mixin.py:150} INFO - [2023-08-10T11:02:14.190+0000] {dag.py:2742} INFO - Sync 2 DAGs
[2023-08-10T11:02:14.207+0000] {logging_mixin.py:150} INFO - [2023-08-10T11:02:14.207+0000] {dag.py:3508} INFO - Setting next_dagrun for example_external_task_marker_child to None, run_after=None
[2023-08-10T11:02:14.209+0000] {logging_mixin.py:150} INFO - [2023-08-10T11:02:14.209+0000] {dag.py:3508} INFO - Setting next_dagrun for example_external_task_marker_parent to None, run_after=None
[2023-08-10T11:02:14.217+0000] {processor.py:179} INFO - Processing /home/airflow/.local/lib/python3.7/site-packages/airflow/example_dags/example_external_task_marker_dag.py took 0.049 seconds
[2023-08-10T11:02:44.959+0000] {processor.py:157} INFO - Started process (PID=93) to work on /home/airflow/.local/lib/python3.7/site-packages/airflow/example_dags/example_external_task_marker_dag.py
[2023-08-10T11:02:44.960+0000] {processor.py:826} INFO - Processing file /home/airflow/.local/lib/python3.7/site-packages/airflow/example_dags/example_external_task_marker_dag.py for tasks to queue
[2023-08-10T11:02:44.961+0000] {logging_mixin.py:150} INFO - [2023-08-10T11:02:44.961+0000] {dagbag.py:541} INFO - Filling up the DagBag from /home/airflow/.local/lib/python3.7/site-packages/airflow/example_dags/example_external_task_marker_dag.py
[2023-08-10T11:02:44.965+0000] {processor.py:836} INFO - DAG(s) dict_keys(['example_external_task_marker_child', 'example_external_task_marker_parent']) retrieved from /home/airflow/.local/lib/python3.7/site-packages/airflow/example_dags/example_external_task_marker_dag.py
[2023-08-10T11:02:44.984+0000] {logging_mixin.py:150} INFO - [2023-08-10T11:02:44.984+0000] {dag.py:2742} INFO - Sync 2 DAGs
[2023-08-10T11:02:44.998+0000] {logging_mixin.py:150} INFO - [2023-08-10T11:02:44.998+0000] {dag.py:3508} INFO - Setting next_dagrun for example_external_task_marker_child to None, run_after=None
[2023-08-10T11:02:45.001+0000] {logging_mixin.py:150} INFO - [2023-08-10T11:02:45.001+0000] {dag.py:3508} INFO - Setting next_dagrun for example_external_task_marker_parent to None, run_after=None
[2023-08-10T11:02:45.010+0000] {processor.py:179} INFO - Processing /home/airflow/.local/lib/python3.7/site-packages/airflow/example_dags/example_external_task_marker_dag.py took 0.053 seconds
[2023-08-10T11:03:15.222+0000] {processor.py:157} INFO - Started process (PID=152) to work on /home/airflow/.local/lib/python3.7/site-packages/airflow/example_dags/example_external_task_marker_dag.py
[2023-08-10T11:03:15.223+0000] {processor.py:826} INFO - Processing file /home/airflow/.local/lib/python3.7/site-packages/airflow/example_dags/example_external_task_marker_dag.py for tasks to queue
[2023-08-10T11:03:15.224+0000] {logging_mixin.py:150} INFO - [2023-08-10T11:03:15.223+0000] {dagbag.py:541} INFO - Filling up the DagBag from /home/airflow/.local/lib/python3.7/site-packages/airflow/example_dags/example_external_task_marker_dag.py
[2023-08-10T11:03:15.228+0000] {processor.py:836} INFO - DAG(s) dict_keys(['example_external_task_marker_child', 'example_external_task_marker_parent']) retrieved from /home/airflow/.local/lib/python3.7/site-packages/airflow/example_dags/example_external_task_marker_dag.py
[2023-08-10T11:03:15.248+0000] {logging_mixin.py:150} INFO - [2023-08-10T11:03:15.248+0000] {dag.py:2742} INFO - Sync 2 DAGs
[2023-08-10T11:03:15.261+0000] {logging_mixin.py:150} INFO - [2023-08-10T11:03:15.261+0000] {dag.py:3508} INFO - Setting next_dagrun for example_external_task_marker_child to None, run_after=None
[2023-08-10T11:03:15.264+0000] {logging_mixin.py:150} INFO - [2023-08-10T11:03:15.264+0000] {dag.py:3508} INFO - Setting next_dagrun for example_external_task_marker_parent to None, run_after=None
[2023-08-10T11:03:15.272+0000] {processor.py:179} INFO - Processing /home/airflow/.local/lib/python3.7/site-packages/airflow/example_dags/example_external_task_marker_dag.py took 0.053 seconds
[2023-08-10T11:03:45.395+0000] {processor.py:157} INFO - Started process (PID=211) to work on /home/airflow/.local/lib/python3.7/site-packages/airflow/example_dags/example_external_task_marker_dag.py
[2023-08-10T11:03:45.396+0000] {processor.py:826} INFO - Processing file /home/airflow/.local/lib/python3.7/site-packages/airflow/example_dags/example_external_task_marker_dag.py for tasks to queue
[2023-08-10T11:03:45.397+0000] {logging_mixin.py:150} INFO - [2023-08-10T11:03:45.396+0000] {dagbag.py:541} INFO - Filling up the DagBag from /home/airflow/.local/lib/python3.7/site-packages/airflow/example_dags/example_external_task_marker_dag.py
[2023-08-10T11:03:45.401+0000] {processor.py:836} INFO - DAG(s) dict_keys(['example_external_task_marker_parent', 'example_external_task_marker_child']) retrieved from /home/airflow/.local/lib/python3.7/site-packages/airflow/example_dags/example_external_task_marker_dag.py
[2023-08-10T11:03:45.423+0000] {logging_mixin.py:150} INFO - [2023-08-10T11:03:45.423+0000] {dag.py:2742} INFO - Sync 2 DAGs
[2023-08-10T11:03:45.437+0000] {logging_mixin.py:150} INFO - [2023-08-10T11:03:45.437+0000] {dag.py:3508} INFO - Setting next_dagrun for example_external_task_marker_child to None, run_after=None
[2023-08-10T11:03:45.439+0000] {logging_mixin.py:150} INFO - [2023-08-10T11:03:45.439+0000] {dag.py:3508} INFO - Setting next_dagrun for example_external_task_marker_parent to None, run_after=None
[2023-08-10T11:03:45.449+0000] {processor.py:179} INFO - Processing /home/airflow/.local/lib/python3.7/site-packages/airflow/example_dags/example_external_task_marker_dag.py took 0.057 seconds
[2023-08-10T11:04:15.508+0000] {processor.py:157} INFO - Started process (PID=270) to work on /home/airflow/.local/lib/python3.7/site-packages/airflow/example_dags/example_external_task_marker_dag.py
[2023-08-10T11:04:15.509+0000] {processor.py:826} INFO - Processing file /home/airflow/.local/lib/python3.7/site-packages/airflow/example_dags/example_external_task_marker_dag.py for tasks to queue
[2023-08-10T11:04:15.511+0000] {logging_mixin.py:150} INFO - [2023-08-10T11:04:15.510+0000] {dagbag.py:541} INFO - Filling up the DagBag from /home/airflow/.local/lib/python3.7/site-packages/airflow/example_dags/example_external_task_marker_dag.py
[2023-08-10T11:04:15.515+0000] {processor.py:836} INFO - DAG(s) dict_keys(['example_external_task_marker_parent', 'example_external_task_marker_child']) retrieved from /home/airflow/.local/lib/python3.7/site-packages/airflow/example_dags/example_external_task_marker_dag.py
[2023-08-10T11:04:15.534+0000] {logging_mixin.py:150} INFO - [2023-08-10T11:04:15.534+0000] {dag.py:2742} INFO - Sync 2 DAGs
[2023-08-10T11:04:15.548+0000] {logging_mixin.py:150} INFO - [2023-08-10T11:04:15.548+0000] {dag.py:3508} INFO - Setting next_dagrun for example_external_task_marker_child to None, run_after=None
[2023-08-10T11:04:15.550+0000] {logging_mixin.py:150} INFO - [2023-08-10T11:04:15.550+0000] {dag.py:3508} INFO - Setting next_dagrun for example_external_task_marker_parent to None, run_after=None
[2023-08-10T11:04:15.558+0000] {processor.py:179} INFO - Processing /home/airflow/.local/lib/python3.7/site-packages/airflow/example_dags/example_external_task_marker_dag.py took 0.052 seconds
[2023-08-10T11:04:45.668+0000] {processor.py:157} INFO - Started process (PID=329) to work on /home/airflow/.local/lib/python3.7/site-packages/airflow/example_dags/example_external_task_marker_dag.py
[2023-08-10T11:04:45.669+0000] {processor.py:826} INFO - Processing file /home/airflow/.local/lib/python3.7/site-packages/airflow/example_dags/example_external_task_marker_dag.py for tasks to queue
[2023-08-10T11:04:45.670+0000] {logging_mixin.py:150} INFO - [2023-08-10T11:04:45.670+0000] {dagbag.py:541} INFO - Filling up the DagBag from /home/airflow/.local/lib/python3.7/site-packages/airflow/example_dags/example_external_task_marker_dag.py
[2023-08-10T11:04:45.675+0000] {processor.py:836} INFO - DAG(s) dict_keys(['example_external_task_marker_child', 'example_external_task_marker_parent']) retrieved from /home/airflow/.local/lib/python3.7/site-packages/airflow/example_dags/example_external_task_marker_dag.py
[2023-08-10T11:04:45.696+0000] {logging_mixin.py:150} INFO - [2023-08-10T11:04:45.696+0000] {dag.py:2742} INFO - Sync 2 DAGs
[2023-08-10T11:04:45.710+0000] {logging_mixin.py:150} INFO - [2023-08-10T11:04:45.710+0000] {dag.py:3508} INFO - Setting next_dagrun for example_external_task_marker_child to None, run_after=None
[2023-08-10T11:04:45.712+0000] {logging_mixin.py:150} INFO - [2023-08-10T11:04:45.712+0000] {dag.py:3508} INFO - Setting next_dagrun for example_external_task_marker_parent to None, run_after=None
[2023-08-10T11:04:45.721+0000] {processor.py:179} INFO - Processing /home/airflow/.local/lib/python3.7/site-packages/airflow/example_dags/example_external_task_marker_dag.py took 0.055 seconds
