[2023-08-10T10:54:22.173+0000] {processor.py:157} INFO - Started process (PID=68) to work on /home/airflow/.local/lib/python3.7/site-packages/airflow/example_dags/example_short_circuit_operator.py
[2023-08-10T10:54:22.174+0000] {processor.py:826} INFO - Processing file /home/airflow/.local/lib/python3.7/site-packages/airflow/example_dags/example_short_circuit_operator.py for tasks to queue
[2023-08-10T10:54:22.175+0000] {logging_mixin.py:150} INFO - [2023-08-10T10:54:22.175+0000] {dagbag.py:541} INFO - Filling up the DagBag from /home/airflow/.local/lib/python3.7/site-packages/airflow/example_dags/example_short_circuit_operator.py
[2023-08-10T10:54:22.181+0000] {processor.py:836} INFO - DAG(s) dict_keys(['example_short_circuit_operator']) retrieved from /home/airflow/.local/lib/python3.7/site-packages/airflow/example_dags/example_short_circuit_operator.py
[2023-08-10T10:54:22.240+0000] {logging_mixin.py:150} INFO - [2023-08-10T10:54:22.240+0000] {manager.py:504} INFO - Created Permission View: can delete on DAG:example_short_circuit_operator
[2023-08-10T10:54:22.246+0000] {logging_mixin.py:150} INFO - [2023-08-10T10:54:22.246+0000] {manager.py:504} INFO - Created Permission View: can edit on DAG:example_short_circuit_operator
[2023-08-10T10:54:22.250+0000] {logging_mixin.py:150} INFO - [2023-08-10T10:54:22.250+0000] {manager.py:504} INFO - Created Permission View: can read on DAG:example_short_circuit_operator
[2023-08-10T10:54:22.258+0000] {logging_mixin.py:150} INFO - [2023-08-10T10:54:22.258+0000] {dag.py:2742} INFO - Sync 1 DAGs
[2023-08-10T10:54:22.265+0000] {logging_mixin.py:150} INFO - [2023-08-10T10:54:22.264+0000] {dag.py:2763} INFO - Creating ORM DAG for example_short_circuit_operator
[2023-08-10T10:54:22.271+0000] {logging_mixin.py:150} INFO - [2023-08-10T10:54:22.271+0000] {dag.py:3508} INFO - Setting next_dagrun for example_short_circuit_operator to 2023-08-09T10:54:22.270822+00:00, run_after=2023-08-10T10:54:22.270822+00:00
[2023-08-10T10:54:22.282+0000] {processor.py:179} INFO - Processing /home/airflow/.local/lib/python3.7/site-packages/airflow/example_dags/example_short_circuit_operator.py took 0.112 seconds
[2023-08-10T10:54:52.335+0000] {processor.py:157} INFO - Started process (PID=127) to work on /home/airflow/.local/lib/python3.7/site-packages/airflow/example_dags/example_short_circuit_operator.py
[2023-08-10T10:54:52.336+0000] {processor.py:826} INFO - Processing file /home/airflow/.local/lib/python3.7/site-packages/airflow/example_dags/example_short_circuit_operator.py for tasks to queue
[2023-08-10T10:54:52.337+0000] {logging_mixin.py:150} INFO - [2023-08-10T10:54:52.337+0000] {dagbag.py:541} INFO - Filling up the DagBag from /home/airflow/.local/lib/python3.7/site-packages/airflow/example_dags/example_short_circuit_operator.py
[2023-08-10T10:54:52.342+0000] {processor.py:836} INFO - DAG(s) dict_keys(['example_short_circuit_operator']) retrieved from /home/airflow/.local/lib/python3.7/site-packages/airflow/example_dags/example_short_circuit_operator.py
[2023-08-10T10:54:52.359+0000] {logging_mixin.py:150} INFO - [2023-08-10T10:54:52.359+0000] {dag.py:2742} INFO - Sync 1 DAGs
[2023-08-10T10:54:52.373+0000] {logging_mixin.py:150} INFO - [2023-08-10T10:54:52.373+0000] {dag.py:3508} INFO - Setting next_dagrun for example_short_circuit_operator to 2023-08-09T10:54:52.373012+00:00, run_after=2023-08-10T10:54:52.373012+00:00
[2023-08-10T10:54:52.383+0000] {processor.py:179} INFO - Processing /home/airflow/.local/lib/python3.7/site-packages/airflow/example_dags/example_short_circuit_operator.py took 0.050 seconds
[2023-08-10T10:57:16.295+0000] {processor.py:157} INFO - Started process (PID=67) to work on /home/airflow/.local/lib/python3.7/site-packages/airflow/example_dags/example_short_circuit_operator.py
[2023-08-10T10:57:16.298+0000] {processor.py:826} INFO - Processing file /home/airflow/.local/lib/python3.7/site-packages/airflow/example_dags/example_short_circuit_operator.py for tasks to queue
[2023-08-10T10:57:16.299+0000] {logging_mixin.py:150} INFO - [2023-08-10T10:57:16.299+0000] {dagbag.py:541} INFO - Filling up the DagBag from /home/airflow/.local/lib/python3.7/site-packages/airflow/example_dags/example_short_circuit_operator.py
[2023-08-10T10:57:16.318+0000] {processor.py:836} INFO - DAG(s) dict_keys(['example_short_circuit_operator']) retrieved from /home/airflow/.local/lib/python3.7/site-packages/airflow/example_dags/example_short_circuit_operator.py
[2023-08-10T10:57:16.338+0000] {logging_mixin.py:150} INFO - [2023-08-10T10:57:16.338+0000] {dag.py:2742} INFO - Sync 1 DAGs
[2023-08-10T10:57:16.359+0000] {logging_mixin.py:150} INFO - [2023-08-10T10:57:16.359+0000] {dag.py:3508} INFO - Setting next_dagrun for example_short_circuit_operator to 2023-08-09T10:57:16.359559+00:00, run_after=2023-08-10T10:57:16.359559+00:00
[2023-08-10T10:57:16.370+0000] {processor.py:179} INFO - Processing /home/airflow/.local/lib/python3.7/site-packages/airflow/example_dags/example_short_circuit_operator.py took 0.080 seconds
[2023-08-10T10:57:47.311+0000] {processor.py:157} INFO - Started process (PID=126) to work on /home/airflow/.local/lib/python3.7/site-packages/airflow/example_dags/example_short_circuit_operator.py
[2023-08-10T10:57:47.313+0000] {processor.py:826} INFO - Processing file /home/airflow/.local/lib/python3.7/site-packages/airflow/example_dags/example_short_circuit_operator.py for tasks to queue
[2023-08-10T10:57:47.313+0000] {logging_mixin.py:150} INFO - [2023-08-10T10:57:47.313+0000] {dagbag.py:541} INFO - Filling up the DagBag from /home/airflow/.local/lib/python3.7/site-packages/airflow/example_dags/example_short_circuit_operator.py
[2023-08-10T10:57:47.320+0000] {processor.py:836} INFO - DAG(s) dict_keys(['example_short_circuit_operator']) retrieved from /home/airflow/.local/lib/python3.7/site-packages/airflow/example_dags/example_short_circuit_operator.py
[2023-08-10T10:57:47.339+0000] {logging_mixin.py:150} INFO - [2023-08-10T10:57:47.339+0000] {dag.py:2742} INFO - Sync 1 DAGs
[2023-08-10T10:57:47.353+0000] {logging_mixin.py:150} INFO - [2023-08-10T10:57:47.353+0000] {dag.py:3508} INFO - Setting next_dagrun for example_short_circuit_operator to 2023-08-09T10:57:47.353086+00:00, run_after=2023-08-10T10:57:47.353086+00:00
[2023-08-10T10:57:47.364+0000] {processor.py:179} INFO - Processing /home/airflow/.local/lib/python3.7/site-packages/airflow/example_dags/example_short_circuit_operator.py took 0.056 seconds
[2023-08-10T11:02:16.259+0000] {processor.py:157} INFO - Started process (PID=68) to work on /home/airflow/.local/lib/python3.7/site-packages/airflow/example_dags/example_short_circuit_operator.py
[2023-08-10T11:02:16.260+0000] {processor.py:826} INFO - Processing file /home/airflow/.local/lib/python3.7/site-packages/airflow/example_dags/example_short_circuit_operator.py for tasks to queue
[2023-08-10T11:02:16.261+0000] {logging_mixin.py:150} INFO - [2023-08-10T11:02:16.261+0000] {dagbag.py:541} INFO - Filling up the DagBag from /home/airflow/.local/lib/python3.7/site-packages/airflow/example_dags/example_short_circuit_operator.py
[2023-08-10T11:02:16.269+0000] {processor.py:836} INFO - DAG(s) dict_keys(['example_short_circuit_operator']) retrieved from /home/airflow/.local/lib/python3.7/site-packages/airflow/example_dags/example_short_circuit_operator.py
[2023-08-10T11:02:16.282+0000] {logging_mixin.py:150} INFO - [2023-08-10T11:02:16.282+0000] {dag.py:2742} INFO - Sync 1 DAGs
[2023-08-10T11:02:16.301+0000] {logging_mixin.py:150} INFO - [2023-08-10T11:02:16.301+0000] {dag.py:3508} INFO - Setting next_dagrun for example_short_circuit_operator to 2023-08-09T11:02:16.301419+00:00, run_after=2023-08-10T11:02:16.301419+00:00
[2023-08-10T11:02:16.327+0000] {processor.py:179} INFO - Processing /home/airflow/.local/lib/python3.7/site-packages/airflow/example_dags/example_short_circuit_operator.py took 0.070 seconds
[2023-08-10T11:02:46.367+0000] {processor.py:157} INFO - Started process (PID=127) to work on /home/airflow/.local/lib/python3.7/site-packages/airflow/example_dags/example_short_circuit_operator.py
[2023-08-10T11:02:46.368+0000] {processor.py:826} INFO - Processing file /home/airflow/.local/lib/python3.7/site-packages/airflow/example_dags/example_short_circuit_operator.py for tasks to queue
[2023-08-10T11:02:46.369+0000] {logging_mixin.py:150} INFO - [2023-08-10T11:02:46.369+0000] {dagbag.py:541} INFO - Filling up the DagBag from /home/airflow/.local/lib/python3.7/site-packages/airflow/example_dags/example_short_circuit_operator.py
[2023-08-10T11:02:46.375+0000] {processor.py:836} INFO - DAG(s) dict_keys(['example_short_circuit_operator']) retrieved from /home/airflow/.local/lib/python3.7/site-packages/airflow/example_dags/example_short_circuit_operator.py
[2023-08-10T11:02:46.393+0000] {logging_mixin.py:150} INFO - [2023-08-10T11:02:46.392+0000] {dag.py:2742} INFO - Sync 1 DAGs
[2023-08-10T11:02:46.406+0000] {logging_mixin.py:150} INFO - [2023-08-10T11:02:46.406+0000] {dag.py:3508} INFO - Setting next_dagrun for example_short_circuit_operator to 2023-08-09T11:02:46.406212+00:00, run_after=2023-08-10T11:02:46.406212+00:00
[2023-08-10T11:02:46.416+0000] {processor.py:179} INFO - Processing /home/airflow/.local/lib/python3.7/site-packages/airflow/example_dags/example_short_circuit_operator.py took 0.051 seconds
[2023-08-10T11:03:16.722+0000] {processor.py:157} INFO - Started process (PID=186) to work on /home/airflow/.local/lib/python3.7/site-packages/airflow/example_dags/example_short_circuit_operator.py
[2023-08-10T11:03:16.722+0000] {processor.py:826} INFO - Processing file /home/airflow/.local/lib/python3.7/site-packages/airflow/example_dags/example_short_circuit_operator.py for tasks to queue
[2023-08-10T11:03:16.723+0000] {logging_mixin.py:150} INFO - [2023-08-10T11:03:16.723+0000] {dagbag.py:541} INFO - Filling up the DagBag from /home/airflow/.local/lib/python3.7/site-packages/airflow/example_dags/example_short_circuit_operator.py
[2023-08-10T11:03:16.729+0000] {processor.py:836} INFO - DAG(s) dict_keys(['example_short_circuit_operator']) retrieved from /home/airflow/.local/lib/python3.7/site-packages/airflow/example_dags/example_short_circuit_operator.py
[2023-08-10T11:03:16.747+0000] {logging_mixin.py:150} INFO - [2023-08-10T11:03:16.747+0000] {dag.py:2742} INFO - Sync 1 DAGs
[2023-08-10T11:03:16.761+0000] {logging_mixin.py:150} INFO - [2023-08-10T11:03:16.761+0000] {dag.py:3508} INFO - Setting next_dagrun for example_short_circuit_operator to 2023-08-09T11:03:16.761418+00:00, run_after=2023-08-10T11:03:16.761418+00:00
[2023-08-10T11:03:16.771+0000] {processor.py:179} INFO - Processing /home/airflow/.local/lib/python3.7/site-packages/airflow/example_dags/example_short_circuit_operator.py took 0.052 seconds
[2023-08-10T11:03:47.836+0000] {processor.py:157} INFO - Started process (PID=245) to work on /home/airflow/.local/lib/python3.7/site-packages/airflow/example_dags/example_short_circuit_operator.py
[2023-08-10T11:03:47.837+0000] {processor.py:826} INFO - Processing file /home/airflow/.local/lib/python3.7/site-packages/airflow/example_dags/example_short_circuit_operator.py for tasks to queue
[2023-08-10T11:03:47.838+0000] {logging_mixin.py:150} INFO - [2023-08-10T11:03:47.838+0000] {dagbag.py:541} INFO - Filling up the DagBag from /home/airflow/.local/lib/python3.7/site-packages/airflow/example_dags/example_short_circuit_operator.py
[2023-08-10T11:03:47.844+0000] {processor.py:836} INFO - DAG(s) dict_keys(['example_short_circuit_operator']) retrieved from /home/airflow/.local/lib/python3.7/site-packages/airflow/example_dags/example_short_circuit_operator.py
[2023-08-10T11:03:47.861+0000] {logging_mixin.py:150} INFO - [2023-08-10T11:03:47.861+0000] {dag.py:2742} INFO - Sync 1 DAGs
[2023-08-10T11:03:47.875+0000] {logging_mixin.py:150} INFO - [2023-08-10T11:03:47.875+0000] {dag.py:3508} INFO - Setting next_dagrun for example_short_circuit_operator to 2023-08-09T11:03:47.875381+00:00, run_after=2023-08-10T11:03:47.875381+00:00
[2023-08-10T11:03:47.885+0000] {processor.py:179} INFO - Processing /home/airflow/.local/lib/python3.7/site-packages/airflow/example_dags/example_short_circuit_operator.py took 0.052 seconds
[2023-08-10T11:04:18.032+0000] {processor.py:157} INFO - Started process (PID=304) to work on /home/airflow/.local/lib/python3.7/site-packages/airflow/example_dags/example_short_circuit_operator.py
[2023-08-10T11:04:18.033+0000] {processor.py:826} INFO - Processing file /home/airflow/.local/lib/python3.7/site-packages/airflow/example_dags/example_short_circuit_operator.py for tasks to queue
[2023-08-10T11:04:18.034+0000] {logging_mixin.py:150} INFO - [2023-08-10T11:04:18.033+0000] {dagbag.py:541} INFO - Filling up the DagBag from /home/airflow/.local/lib/python3.7/site-packages/airflow/example_dags/example_short_circuit_operator.py
[2023-08-10T11:04:18.040+0000] {processor.py:836} INFO - DAG(s) dict_keys(['example_short_circuit_operator']) retrieved from /home/airflow/.local/lib/python3.7/site-packages/airflow/example_dags/example_short_circuit_operator.py
[2023-08-10T11:04:18.058+0000] {logging_mixin.py:150} INFO - [2023-08-10T11:04:18.058+0000] {dag.py:2742} INFO - Sync 1 DAGs
[2023-08-10T11:04:18.072+0000] {logging_mixin.py:150} INFO - [2023-08-10T11:04:18.072+0000] {dag.py:3508} INFO - Setting next_dagrun for example_short_circuit_operator to 2023-08-09T11:04:18.072500+00:00, run_after=2023-08-10T11:04:18.072500+00:00
[2023-08-10T11:04:18.082+0000] {processor.py:179} INFO - Processing /home/airflow/.local/lib/python3.7/site-packages/airflow/example_dags/example_short_circuit_operator.py took 0.053 seconds
[2023-08-10T11:04:49.243+0000] {processor.py:157} INFO - Started process (PID=363) to work on /home/airflow/.local/lib/python3.7/site-packages/airflow/example_dags/example_short_circuit_operator.py
[2023-08-10T11:04:49.244+0000] {processor.py:826} INFO - Processing file /home/airflow/.local/lib/python3.7/site-packages/airflow/example_dags/example_short_circuit_operator.py for tasks to queue
[2023-08-10T11:04:49.245+0000] {logging_mixin.py:150} INFO - [2023-08-10T11:04:49.245+0000] {dagbag.py:541} INFO - Filling up the DagBag from /home/airflow/.local/lib/python3.7/site-packages/airflow/example_dags/example_short_circuit_operator.py
[2023-08-10T11:04:49.251+0000] {processor.py:836} INFO - DAG(s) dict_keys(['example_short_circuit_operator']) retrieved from /home/airflow/.local/lib/python3.7/site-packages/airflow/example_dags/example_short_circuit_operator.py
[2023-08-10T11:04:49.269+0000] {logging_mixin.py:150} INFO - [2023-08-10T11:04:49.269+0000] {dag.py:2742} INFO - Sync 1 DAGs
[2023-08-10T11:04:49.284+0000] {logging_mixin.py:150} INFO - [2023-08-10T11:04:49.284+0000] {dag.py:3508} INFO - Setting next_dagrun for example_short_circuit_operator to 2023-08-09T11:04:49.284036+00:00, run_after=2023-08-10T11:04:49.284036+00:00
[2023-08-10T11:04:49.294+0000] {processor.py:179} INFO - Processing /home/airflow/.local/lib/python3.7/site-packages/airflow/example_dags/example_short_circuit_operator.py took 0.053 seconds
