[2023-08-10T10:54:19.957+0000] {processor.py:157} INFO - Started process (PID=51) to work on /home/airflow/.local/lib/python3.7/site-packages/airflow/example_dags/example_xcom.py
[2023-08-10T10:54:19.959+0000] {processor.py:826} INFO - Processing file /home/airflow/.local/lib/python3.7/site-packages/airflow/example_dags/example_xcom.py for tasks to queue
[2023-08-10T10:54:19.960+0000] {logging_mixin.py:150} INFO - [2023-08-10T10:54:19.960+0000] {dagbag.py:541} INFO - Filling up the DagBag from /home/airflow/.local/lib/python3.7/site-packages/airflow/example_dags/example_xcom.py
[2023-08-10T10:54:19.971+0000] {processor.py:836} INFO - DAG(s) dict_keys(['example_xcom']) retrieved from /home/airflow/.local/lib/python3.7/site-packages/airflow/example_dags/example_xcom.py
[2023-08-10T10:54:20.060+0000] {logging_mixin.py:150} INFO - [2023-08-10T10:54:20.060+0000] {manager.py:504} INFO - Created Permission View: can delete on DAG:example_xcom
[2023-08-10T10:54:20.067+0000] {logging_mixin.py:150} INFO - [2023-08-10T10:54:20.067+0000] {manager.py:504} INFO - Created Permission View: can edit on DAG:example_xcom
[2023-08-10T10:54:20.072+0000] {logging_mixin.py:150} INFO - [2023-08-10T10:54:20.072+0000] {manager.py:504} INFO - Created Permission View: can read on DAG:example_xcom
[2023-08-10T10:54:20.082+0000] {logging_mixin.py:150} INFO - [2023-08-10T10:54:20.082+0000] {dag.py:2742} INFO - Sync 1 DAGs
[2023-08-10T10:54:20.093+0000] {logging_mixin.py:150} INFO - [2023-08-10T10:54:20.093+0000] {dag.py:2763} INFO - Creating ORM DAG for example_xcom
[2023-08-10T10:54:20.102+0000] {logging_mixin.py:150} INFO - [2023-08-10T10:54:20.101+0000] {dag.py:3508} INFO - Setting next_dagrun for example_xcom to 2021-01-01T00:00:00+00:00, run_after=2021-01-01T00:00:00+00:00
[2023-08-10T10:54:20.112+0000] {processor.py:179} INFO - Processing /home/airflow/.local/lib/python3.7/site-packages/airflow/example_dags/example_xcom.py took 0.161 seconds
[2023-08-10T10:54:50.490+0000] {processor.py:157} INFO - Started process (PID=109) to work on /home/airflow/.local/lib/python3.7/site-packages/airflow/example_dags/example_xcom.py
[2023-08-10T10:54:50.491+0000] {processor.py:826} INFO - Processing file /home/airflow/.local/lib/python3.7/site-packages/airflow/example_dags/example_xcom.py for tasks to queue
[2023-08-10T10:54:50.491+0000] {logging_mixin.py:150} INFO - [2023-08-10T10:54:50.491+0000] {dagbag.py:541} INFO - Filling up the DagBag from /home/airflow/.local/lib/python3.7/site-packages/airflow/example_dags/example_xcom.py
[2023-08-10T10:54:50.497+0000] {processor.py:836} INFO - DAG(s) dict_keys(['example_xcom']) retrieved from /home/airflow/.local/lib/python3.7/site-packages/airflow/example_dags/example_xcom.py
[2023-08-10T10:54:50.514+0000] {logging_mixin.py:150} INFO - [2023-08-10T10:54:50.514+0000] {dag.py:2742} INFO - Sync 1 DAGs
[2023-08-10T10:54:50.529+0000] {logging_mixin.py:150} INFO - [2023-08-10T10:54:50.529+0000] {dag.py:3508} INFO - Setting next_dagrun for example_xcom to 2021-01-01T00:00:00+00:00, run_after=2021-01-01T00:00:00+00:00
[2023-08-10T10:54:50.538+0000] {processor.py:179} INFO - Processing /home/airflow/.local/lib/python3.7/site-packages/airflow/example_dags/example_xcom.py took 0.052 seconds
[2023-08-10T10:57:15.018+0000] {processor.py:157} INFO - Started process (PID=50) to work on /home/airflow/.local/lib/python3.7/site-packages/airflow/example_dags/example_xcom.py
[2023-08-10T10:57:15.020+0000] {processor.py:826} INFO - Processing file /home/airflow/.local/lib/python3.7/site-packages/airflow/example_dags/example_xcom.py for tasks to queue
[2023-08-10T10:57:15.021+0000] {logging_mixin.py:150} INFO - [2023-08-10T10:57:15.021+0000] {dagbag.py:541} INFO - Filling up the DagBag from /home/airflow/.local/lib/python3.7/site-packages/airflow/example_dags/example_xcom.py
[2023-08-10T10:57:15.030+0000] {processor.py:836} INFO - DAG(s) dict_keys(['example_xcom']) retrieved from /home/airflow/.local/lib/python3.7/site-packages/airflow/example_dags/example_xcom.py
[2023-08-10T10:57:15.063+0000] {logging_mixin.py:150} INFO - [2023-08-10T10:57:15.063+0000] {dag.py:2742} INFO - Sync 1 DAGs
[2023-08-10T10:57:15.090+0000] {logging_mixin.py:150} INFO - [2023-08-10T10:57:15.090+0000] {dag.py:3508} INFO - Setting next_dagrun for example_xcom to 2021-01-01T00:00:00+00:00, run_after=2021-01-01T00:00:00+00:00
[2023-08-10T10:57:15.105+0000] {processor.py:179} INFO - Processing /home/airflow/.local/lib/python3.7/site-packages/airflow/example_dags/example_xcom.py took 0.091 seconds
[2023-08-10T10:57:45.461+0000] {processor.py:157} INFO - Started process (PID=108) to work on /home/airflow/.local/lib/python3.7/site-packages/airflow/example_dags/example_xcom.py
[2023-08-10T10:57:45.462+0000] {processor.py:826} INFO - Processing file /home/airflow/.local/lib/python3.7/site-packages/airflow/example_dags/example_xcom.py for tasks to queue
[2023-08-10T10:57:45.463+0000] {logging_mixin.py:150} INFO - [2023-08-10T10:57:45.463+0000] {dagbag.py:541} INFO - Filling up the DagBag from /home/airflow/.local/lib/python3.7/site-packages/airflow/example_dags/example_xcom.py
[2023-08-10T10:57:45.469+0000] {processor.py:836} INFO - DAG(s) dict_keys(['example_xcom']) retrieved from /home/airflow/.local/lib/python3.7/site-packages/airflow/example_dags/example_xcom.py
[2023-08-10T10:57:45.485+0000] {logging_mixin.py:150} INFO - [2023-08-10T10:57:45.485+0000] {dag.py:2742} INFO - Sync 1 DAGs
[2023-08-10T10:57:45.500+0000] {logging_mixin.py:150} INFO - [2023-08-10T10:57:45.499+0000] {dag.py:3508} INFO - Setting next_dagrun for example_xcom to 2021-01-01T00:00:00+00:00, run_after=2021-01-01T00:00:00+00:00
[2023-08-10T10:57:45.508+0000] {processor.py:179} INFO - Processing /home/airflow/.local/lib/python3.7/site-packages/airflow/example_dags/example_xcom.py took 0.049 seconds
[2023-08-10T11:02:14.841+0000] {processor.py:157} INFO - Started process (PID=51) to work on /home/airflow/.local/lib/python3.7/site-packages/airflow/example_dags/example_xcom.py
[2023-08-10T11:02:14.842+0000] {processor.py:826} INFO - Processing file /home/airflow/.local/lib/python3.7/site-packages/airflow/example_dags/example_xcom.py for tasks to queue
[2023-08-10T11:02:14.843+0000] {logging_mixin.py:150} INFO - [2023-08-10T11:02:14.842+0000] {dagbag.py:541} INFO - Filling up the DagBag from /home/airflow/.local/lib/python3.7/site-packages/airflow/example_dags/example_xcom.py
[2023-08-10T11:02:14.849+0000] {processor.py:836} INFO - DAG(s) dict_keys(['example_xcom']) retrieved from /home/airflow/.local/lib/python3.7/site-packages/airflow/example_dags/example_xcom.py
[2023-08-10T11:02:14.859+0000] {logging_mixin.py:150} INFO - [2023-08-10T11:02:14.859+0000] {dag.py:2742} INFO - Sync 1 DAGs
[2023-08-10T11:02:14.874+0000] {logging_mixin.py:150} INFO - [2023-08-10T11:02:14.873+0000] {dag.py:3508} INFO - Setting next_dagrun for example_xcom to 2021-01-01T00:00:00+00:00, run_after=2021-01-01T00:00:00+00:00
[2023-08-10T11:02:14.883+0000] {processor.py:179} INFO - Processing /home/airflow/.local/lib/python3.7/site-packages/airflow/example_dags/example_xcom.py took 0.044 seconds
[2023-08-10T11:02:45.572+0000] {processor.py:157} INFO - Started process (PID=110) to work on /home/airflow/.local/lib/python3.7/site-packages/airflow/example_dags/example_xcom.py
[2023-08-10T11:02:45.573+0000] {processor.py:826} INFO - Processing file /home/airflow/.local/lib/python3.7/site-packages/airflow/example_dags/example_xcom.py for tasks to queue
[2023-08-10T11:02:45.574+0000] {logging_mixin.py:150} INFO - [2023-08-10T11:02:45.573+0000] {dagbag.py:541} INFO - Filling up the DagBag from /home/airflow/.local/lib/python3.7/site-packages/airflow/example_dags/example_xcom.py
[2023-08-10T11:02:45.579+0000] {processor.py:836} INFO - DAG(s) dict_keys(['example_xcom']) retrieved from /home/airflow/.local/lib/python3.7/site-packages/airflow/example_dags/example_xcom.py
[2023-08-10T11:02:45.595+0000] {logging_mixin.py:150} INFO - [2023-08-10T11:02:45.595+0000] {dag.py:2742} INFO - Sync 1 DAGs
[2023-08-10T11:02:45.609+0000] {logging_mixin.py:150} INFO - [2023-08-10T11:02:45.609+0000] {dag.py:3508} INFO - Setting next_dagrun for example_xcom to 2021-01-01T00:00:00+00:00, run_after=2021-01-01T00:00:00+00:00
[2023-08-10T11:02:45.619+0000] {processor.py:179} INFO - Processing /home/airflow/.local/lib/python3.7/site-packages/airflow/example_dags/example_xcom.py took 0.049 seconds
[2023-08-10T11:03:15.801+0000] {processor.py:157} INFO - Started process (PID=168) to work on /home/airflow/.local/lib/python3.7/site-packages/airflow/example_dags/example_xcom.py
[2023-08-10T11:03:15.802+0000] {processor.py:826} INFO - Processing file /home/airflow/.local/lib/python3.7/site-packages/airflow/example_dags/example_xcom.py for tasks to queue
[2023-08-10T11:03:15.803+0000] {logging_mixin.py:150} INFO - [2023-08-10T11:03:15.803+0000] {dagbag.py:541} INFO - Filling up the DagBag from /home/airflow/.local/lib/python3.7/site-packages/airflow/example_dags/example_xcom.py
[2023-08-10T11:03:15.808+0000] {processor.py:836} INFO - DAG(s) dict_keys(['example_xcom']) retrieved from /home/airflow/.local/lib/python3.7/site-packages/airflow/example_dags/example_xcom.py
[2023-08-10T11:03:15.825+0000] {logging_mixin.py:150} INFO - [2023-08-10T11:03:15.825+0000] {dag.py:2742} INFO - Sync 1 DAGs
[2023-08-10T11:03:15.839+0000] {logging_mixin.py:150} INFO - [2023-08-10T11:03:15.839+0000] {dag.py:3508} INFO - Setting next_dagrun for example_xcom to 2021-01-01T00:00:00+00:00, run_after=2021-01-01T00:00:00+00:00
[2023-08-10T11:03:15.848+0000] {processor.py:179} INFO - Processing /home/airflow/.local/lib/python3.7/site-packages/airflow/example_dags/example_xcom.py took 0.050 seconds
[2023-08-10T11:03:45.994+0000] {processor.py:157} INFO - Started process (PID=227) to work on /home/airflow/.local/lib/python3.7/site-packages/airflow/example_dags/example_xcom.py
[2023-08-10T11:03:45.994+0000] {processor.py:826} INFO - Processing file /home/airflow/.local/lib/python3.7/site-packages/airflow/example_dags/example_xcom.py for tasks to queue
[2023-08-10T11:03:45.995+0000] {logging_mixin.py:150} INFO - [2023-08-10T11:03:45.995+0000] {dagbag.py:541} INFO - Filling up the DagBag from /home/airflow/.local/lib/python3.7/site-packages/airflow/example_dags/example_xcom.py
[2023-08-10T11:03:46.000+0000] {processor.py:836} INFO - DAG(s) dict_keys(['example_xcom']) retrieved from /home/airflow/.local/lib/python3.7/site-packages/airflow/example_dags/example_xcom.py
[2023-08-10T11:03:46.018+0000] {logging_mixin.py:150} INFO - [2023-08-10T11:03:46.018+0000] {dag.py:2742} INFO - Sync 1 DAGs
[2023-08-10T11:03:46.032+0000] {logging_mixin.py:150} INFO - [2023-08-10T11:03:46.031+0000] {dag.py:3508} INFO - Setting next_dagrun for example_xcom to 2021-01-01T00:00:00+00:00, run_after=2021-01-01T00:00:00+00:00
[2023-08-10T11:03:46.041+0000] {processor.py:179} INFO - Processing /home/airflow/.local/lib/python3.7/site-packages/airflow/example_dags/example_xcom.py took 0.050 seconds
[2023-08-10T11:04:16.198+0000] {processor.py:157} INFO - Started process (PID=286) to work on /home/airflow/.local/lib/python3.7/site-packages/airflow/example_dags/example_xcom.py
[2023-08-10T11:04:16.199+0000] {processor.py:826} INFO - Processing file /home/airflow/.local/lib/python3.7/site-packages/airflow/example_dags/example_xcom.py for tasks to queue
[2023-08-10T11:04:16.200+0000] {logging_mixin.py:150} INFO - [2023-08-10T11:04:16.200+0000] {dagbag.py:541} INFO - Filling up the DagBag from /home/airflow/.local/lib/python3.7/site-packages/airflow/example_dags/example_xcom.py
[2023-08-10T11:04:16.205+0000] {processor.py:836} INFO - DAG(s) dict_keys(['example_xcom']) retrieved from /home/airflow/.local/lib/python3.7/site-packages/airflow/example_dags/example_xcom.py
[2023-08-10T11:04:16.222+0000] {logging_mixin.py:150} INFO - [2023-08-10T11:04:16.222+0000] {dag.py:2742} INFO - Sync 1 DAGs
[2023-08-10T11:04:16.235+0000] {logging_mixin.py:150} INFO - [2023-08-10T11:04:16.235+0000] {dag.py:3508} INFO - Setting next_dagrun for example_xcom to 2021-01-01T00:00:00+00:00, run_after=2021-01-01T00:00:00+00:00
[2023-08-10T11:04:16.245+0000] {processor.py:179} INFO - Processing /home/airflow/.local/lib/python3.7/site-packages/airflow/example_dags/example_xcom.py took 0.049 seconds
[2023-08-10T11:04:46.357+0000] {processor.py:157} INFO - Started process (PID=345) to work on /home/airflow/.local/lib/python3.7/site-packages/airflow/example_dags/example_xcom.py
[2023-08-10T11:04:46.358+0000] {processor.py:826} INFO - Processing file /home/airflow/.local/lib/python3.7/site-packages/airflow/example_dags/example_xcom.py for tasks to queue
[2023-08-10T11:04:46.359+0000] {logging_mixin.py:150} INFO - [2023-08-10T11:04:46.358+0000] {dagbag.py:541} INFO - Filling up the DagBag from /home/airflow/.local/lib/python3.7/site-packages/airflow/example_dags/example_xcom.py
[2023-08-10T11:04:46.364+0000] {processor.py:836} INFO - DAG(s) dict_keys(['example_xcom']) retrieved from /home/airflow/.local/lib/python3.7/site-packages/airflow/example_dags/example_xcom.py
[2023-08-10T11:04:46.382+0000] {logging_mixin.py:150} INFO - [2023-08-10T11:04:46.382+0000] {dag.py:2742} INFO - Sync 1 DAGs
[2023-08-10T11:04:46.398+0000] {logging_mixin.py:150} INFO - [2023-08-10T11:04:46.398+0000] {dag.py:3508} INFO - Setting next_dagrun for example_xcom to 2021-01-01T00:00:00+00:00, run_after=2021-01-01T00:00:00+00:00
[2023-08-10T11:04:46.408+0000] {processor.py:179} INFO - Processing /home/airflow/.local/lib/python3.7/site-packages/airflow/example_dags/example_xcom.py took 0.054 seconds
