[2023-08-10T10:54:18.961+0000] {processor.py:157} INFO - Started process (PID=40) to work on /home/airflow/.local/lib/python3.7/site-packages/airflow/example_dags/example_task_group_decorator.py
[2023-08-10T10:54:18.962+0000] {processor.py:826} INFO - Processing file /home/airflow/.local/lib/python3.7/site-packages/airflow/example_dags/example_task_group_decorator.py for tasks to queue
[2023-08-10T10:54:18.963+0000] {logging_mixin.py:150} INFO - [2023-08-10T10:54:18.963+0000] {dagbag.py:541} INFO - Filling up the DagBag from /home/airflow/.local/lib/python3.7/site-packages/airflow/example_dags/example_task_group_decorator.py
[2023-08-10T10:54:18.973+0000] {processor.py:836} INFO - DAG(s) dict_keys(['example_task_group_decorator']) retrieved from /home/airflow/.local/lib/python3.7/site-packages/airflow/example_dags/example_task_group_decorator.py
[2023-08-10T10:54:19.039+0000] {logging_mixin.py:150} INFO - [2023-08-10T10:54:19.039+0000] {manager.py:504} INFO - Created Permission View: can delete on DAG:example_task_group_decorator
[2023-08-10T10:54:19.045+0000] {logging_mixin.py:150} INFO - [2023-08-10T10:54:19.045+0000] {manager.py:504} INFO - Created Permission View: can edit on DAG:example_task_group_decorator
[2023-08-10T10:54:19.048+0000] {logging_mixin.py:150} INFO - [2023-08-10T10:54:19.048+0000] {manager.py:504} INFO - Created Permission View: can read on DAG:example_task_group_decorator
[2023-08-10T10:54:19.056+0000] {logging_mixin.py:150} INFO - [2023-08-10T10:54:19.056+0000] {dag.py:2742} INFO - Sync 1 DAGs
[2023-08-10T10:54:19.062+0000] {logging_mixin.py:150} INFO - [2023-08-10T10:54:19.062+0000] {dag.py:2763} INFO - Creating ORM DAG for example_task_group_decorator
[2023-08-10T10:54:19.069+0000] {logging_mixin.py:150} INFO - [2023-08-10T10:54:19.068+0000] {dag.py:3508} INFO - Setting next_dagrun for example_task_group_decorator to 2023-08-09T10:54:19.068741+00:00, run_after=2023-08-10T10:54:19.068741+00:00
[2023-08-10T10:54:19.080+0000] {processor.py:179} INFO - Processing /home/airflow/.local/lib/python3.7/site-packages/airflow/example_dags/example_task_group_decorator.py took 0.122 seconds
[2023-08-10T10:54:49.108+0000] {processor.py:157} INFO - Started process (PID=99) to work on /home/airflow/.local/lib/python3.7/site-packages/airflow/example_dags/example_task_group_decorator.py
[2023-08-10T10:54:49.109+0000] {processor.py:826} INFO - Processing file /home/airflow/.local/lib/python3.7/site-packages/airflow/example_dags/example_task_group_decorator.py for tasks to queue
[2023-08-10T10:54:49.109+0000] {logging_mixin.py:150} INFO - [2023-08-10T10:54:49.109+0000] {dagbag.py:541} INFO - Filling up the DagBag from /home/airflow/.local/lib/python3.7/site-packages/airflow/example_dags/example_task_group_decorator.py
[2023-08-10T10:54:49.119+0000] {processor.py:836} INFO - DAG(s) dict_keys(['example_task_group_decorator']) retrieved from /home/airflow/.local/lib/python3.7/site-packages/airflow/example_dags/example_task_group_decorator.py
[2023-08-10T10:54:49.136+0000] {logging_mixin.py:150} INFO - [2023-08-10T10:54:49.136+0000] {dag.py:2742} INFO - Sync 1 DAGs
[2023-08-10T10:54:49.151+0000] {logging_mixin.py:150} INFO - [2023-08-10T10:54:49.150+0000] {dag.py:3508} INFO - Setting next_dagrun for example_task_group_decorator to 2023-08-09T10:54:49.150745+00:00, run_after=2023-08-10T10:54:49.150745+00:00
[2023-08-10T10:54:49.161+0000] {processor.py:179} INFO - Processing /home/airflow/.local/lib/python3.7/site-packages/airflow/example_dags/example_task_group_decorator.py took 0.055 seconds
[2023-08-10T10:57:14.493+0000] {processor.py:157} INFO - Started process (PID=39) to work on /home/airflow/.local/lib/python3.7/site-packages/airflow/example_dags/example_task_group_decorator.py
[2023-08-10T10:57:14.494+0000] {processor.py:826} INFO - Processing file /home/airflow/.local/lib/python3.7/site-packages/airflow/example_dags/example_task_group_decorator.py for tasks to queue
[2023-08-10T10:57:14.494+0000] {logging_mixin.py:150} INFO - [2023-08-10T10:57:14.494+0000] {dagbag.py:541} INFO - Filling up the DagBag from /home/airflow/.local/lib/python3.7/site-packages/airflow/example_dags/example_task_group_decorator.py
[2023-08-10T10:57:14.505+0000] {processor.py:836} INFO - DAG(s) dict_keys(['example_task_group_decorator']) retrieved from /home/airflow/.local/lib/python3.7/site-packages/airflow/example_dags/example_task_group_decorator.py
[2023-08-10T10:57:14.516+0000] {logging_mixin.py:150} INFO - [2023-08-10T10:57:14.516+0000] {dag.py:2742} INFO - Sync 1 DAGs
[2023-08-10T10:57:14.530+0000] {logging_mixin.py:150} INFO - [2023-08-10T10:57:14.530+0000] {dag.py:3508} INFO - Setting next_dagrun for example_task_group_decorator to 2023-08-09T10:57:14.530354+00:00, run_after=2023-08-10T10:57:14.530354+00:00
[2023-08-10T10:57:14.540+0000] {processor.py:179} INFO - Processing /home/airflow/.local/lib/python3.7/site-packages/airflow/example_dags/example_task_group_decorator.py took 0.050 seconds
[2023-08-10T10:57:45.019+0000] {processor.py:157} INFO - Started process (PID=98) to work on /home/airflow/.local/lib/python3.7/site-packages/airflow/example_dags/example_task_group_decorator.py
[2023-08-10T10:57:45.020+0000] {processor.py:826} INFO - Processing file /home/airflow/.local/lib/python3.7/site-packages/airflow/example_dags/example_task_group_decorator.py for tasks to queue
[2023-08-10T10:57:45.021+0000] {logging_mixin.py:150} INFO - [2023-08-10T10:57:45.020+0000] {dagbag.py:541} INFO - Filling up the DagBag from /home/airflow/.local/lib/python3.7/site-packages/airflow/example_dags/example_task_group_decorator.py
[2023-08-10T10:57:45.031+0000] {processor.py:836} INFO - DAG(s) dict_keys(['example_task_group_decorator']) retrieved from /home/airflow/.local/lib/python3.7/site-packages/airflow/example_dags/example_task_group_decorator.py
[2023-08-10T10:57:45.049+0000] {logging_mixin.py:150} INFO - [2023-08-10T10:57:45.049+0000] {dag.py:2742} INFO - Sync 1 DAGs
[2023-08-10T10:57:45.065+0000] {logging_mixin.py:150} INFO - [2023-08-10T10:57:45.065+0000] {dag.py:3508} INFO - Setting next_dagrun for example_task_group_decorator to 2023-08-09T10:57:45.065524+00:00, run_after=2023-08-10T10:57:45.065524+00:00
[2023-08-10T10:57:45.075+0000] {processor.py:179} INFO - Processing /home/airflow/.local/lib/python3.7/site-packages/airflow/example_dags/example_task_group_decorator.py took 0.060 seconds
[2023-08-10T11:02:14.404+0000] {processor.py:157} INFO - Started process (PID=40) to work on /home/airflow/.local/lib/python3.7/site-packages/airflow/example_dags/example_task_group_decorator.py
[2023-08-10T11:02:14.405+0000] {processor.py:826} INFO - Processing file /home/airflow/.local/lib/python3.7/site-packages/airflow/example_dags/example_task_group_decorator.py for tasks to queue
[2023-08-10T11:02:14.406+0000] {logging_mixin.py:150} INFO - [2023-08-10T11:02:14.405+0000] {dagbag.py:541} INFO - Filling up the DagBag from /home/airflow/.local/lib/python3.7/site-packages/airflow/example_dags/example_task_group_decorator.py
[2023-08-10T11:02:14.418+0000] {processor.py:836} INFO - DAG(s) dict_keys(['example_task_group_decorator']) retrieved from /home/airflow/.local/lib/python3.7/site-packages/airflow/example_dags/example_task_group_decorator.py
[2023-08-10T11:02:14.430+0000] {logging_mixin.py:150} INFO - [2023-08-10T11:02:14.430+0000] {dag.py:2742} INFO - Sync 1 DAGs
[2023-08-10T11:02:14.445+0000] {logging_mixin.py:150} INFO - [2023-08-10T11:02:14.445+0000] {dag.py:3508} INFO - Setting next_dagrun for example_task_group_decorator to 2023-08-09T11:02:14.445210+00:00, run_after=2023-08-10T11:02:14.445210+00:00
[2023-08-10T11:02:14.456+0000] {processor.py:179} INFO - Processing /home/airflow/.local/lib/python3.7/site-packages/airflow/example_dags/example_task_group_decorator.py took 0.055 seconds
[2023-08-10T11:02:45.204+0000] {processor.py:157} INFO - Started process (PID=99) to work on /home/airflow/.local/lib/python3.7/site-packages/airflow/example_dags/example_task_group_decorator.py
[2023-08-10T11:02:45.205+0000] {processor.py:826} INFO - Processing file /home/airflow/.local/lib/python3.7/site-packages/airflow/example_dags/example_task_group_decorator.py for tasks to queue
[2023-08-10T11:02:45.207+0000] {logging_mixin.py:150} INFO - [2023-08-10T11:02:45.206+0000] {dagbag.py:541} INFO - Filling up the DagBag from /home/airflow/.local/lib/python3.7/site-packages/airflow/example_dags/example_task_group_decorator.py
[2023-08-10T11:02:45.217+0000] {processor.py:836} INFO - DAG(s) dict_keys(['example_task_group_decorator']) retrieved from /home/airflow/.local/lib/python3.7/site-packages/airflow/example_dags/example_task_group_decorator.py
[2023-08-10T11:02:45.236+0000] {logging_mixin.py:150} INFO - [2023-08-10T11:02:45.236+0000] {dag.py:2742} INFO - Sync 1 DAGs
[2023-08-10T11:02:45.250+0000] {logging_mixin.py:150} INFO - [2023-08-10T11:02:45.250+0000] {dag.py:3508} INFO - Setting next_dagrun for example_task_group_decorator to 2023-08-09T11:02:45.250075+00:00, run_after=2023-08-10T11:02:45.250075+00:00
[2023-08-10T11:02:45.259+0000] {processor.py:179} INFO - Processing /home/airflow/.local/lib/python3.7/site-packages/airflow/example_dags/example_task_group_decorator.py took 0.057 seconds
[2023-08-10T11:03:15.457+0000] {processor.py:157} INFO - Started process (PID=158) to work on /home/airflow/.local/lib/python3.7/site-packages/airflow/example_dags/example_task_group_decorator.py
[2023-08-10T11:03:15.458+0000] {processor.py:826} INFO - Processing file /home/airflow/.local/lib/python3.7/site-packages/airflow/example_dags/example_task_group_decorator.py for tasks to queue
[2023-08-10T11:03:15.459+0000] {logging_mixin.py:150} INFO - [2023-08-10T11:03:15.458+0000] {dagbag.py:541} INFO - Filling up the DagBag from /home/airflow/.local/lib/python3.7/site-packages/airflow/example_dags/example_task_group_decorator.py
[2023-08-10T11:03:15.468+0000] {processor.py:836} INFO - DAG(s) dict_keys(['example_task_group_decorator']) retrieved from /home/airflow/.local/lib/python3.7/site-packages/airflow/example_dags/example_task_group_decorator.py
[2023-08-10T11:03:15.486+0000] {logging_mixin.py:150} INFO - [2023-08-10T11:03:15.486+0000] {dag.py:2742} INFO - Sync 1 DAGs
[2023-08-10T11:03:15.500+0000] {logging_mixin.py:150} INFO - [2023-08-10T11:03:15.500+0000] {dag.py:3508} INFO - Setting next_dagrun for example_task_group_decorator to 2023-08-09T11:03:15.500624+00:00, run_after=2023-08-10T11:03:15.500624+00:00
[2023-08-10T11:03:15.510+0000] {processor.py:179} INFO - Processing /home/airflow/.local/lib/python3.7/site-packages/airflow/example_dags/example_task_group_decorator.py took 0.056 seconds
[2023-08-10T11:03:45.645+0000] {processor.py:157} INFO - Started process (PID=217) to work on /home/airflow/.local/lib/python3.7/site-packages/airflow/example_dags/example_task_group_decorator.py
[2023-08-10T11:03:45.646+0000] {processor.py:826} INFO - Processing file /home/airflow/.local/lib/python3.7/site-packages/airflow/example_dags/example_task_group_decorator.py for tasks to queue
[2023-08-10T11:03:45.647+0000] {logging_mixin.py:150} INFO - [2023-08-10T11:03:45.647+0000] {dagbag.py:541} INFO - Filling up the DagBag from /home/airflow/.local/lib/python3.7/site-packages/airflow/example_dags/example_task_group_decorator.py
[2023-08-10T11:03:45.657+0000] {processor.py:836} INFO - DAG(s) dict_keys(['example_task_group_decorator']) retrieved from /home/airflow/.local/lib/python3.7/site-packages/airflow/example_dags/example_task_group_decorator.py
[2023-08-10T11:03:45.676+0000] {logging_mixin.py:150} INFO - [2023-08-10T11:03:45.676+0000] {dag.py:2742} INFO - Sync 1 DAGs
[2023-08-10T11:03:45.691+0000] {logging_mixin.py:150} INFO - [2023-08-10T11:03:45.691+0000] {dag.py:3508} INFO - Setting next_dagrun for example_task_group_decorator to 2023-08-09T11:03:45.691632+00:00, run_after=2023-08-10T11:03:45.691632+00:00
[2023-08-10T11:03:45.704+0000] {processor.py:179} INFO - Processing /home/airflow/.local/lib/python3.7/site-packages/airflow/example_dags/example_task_group_decorator.py took 0.061 seconds
[2023-08-10T11:04:15.762+0000] {processor.py:157} INFO - Started process (PID=276) to work on /home/airflow/.local/lib/python3.7/site-packages/airflow/example_dags/example_task_group_decorator.py
[2023-08-10T11:04:15.763+0000] {processor.py:826} INFO - Processing file /home/airflow/.local/lib/python3.7/site-packages/airflow/example_dags/example_task_group_decorator.py for tasks to queue
[2023-08-10T11:04:15.764+0000] {logging_mixin.py:150} INFO - [2023-08-10T11:04:15.764+0000] {dagbag.py:541} INFO - Filling up the DagBag from /home/airflow/.local/lib/python3.7/site-packages/airflow/example_dags/example_task_group_decorator.py
[2023-08-10T11:04:15.773+0000] {processor.py:836} INFO - DAG(s) dict_keys(['example_task_group_decorator']) retrieved from /home/airflow/.local/lib/python3.7/site-packages/airflow/example_dags/example_task_group_decorator.py
[2023-08-10T11:04:15.792+0000] {logging_mixin.py:150} INFO - [2023-08-10T11:04:15.791+0000] {dag.py:2742} INFO - Sync 1 DAGs
[2023-08-10T11:04:15.806+0000] {logging_mixin.py:150} INFO - [2023-08-10T11:04:15.806+0000] {dag.py:3508} INFO - Setting next_dagrun for example_task_group_decorator to 2023-08-09T11:04:15.805989+00:00, run_after=2023-08-10T11:04:15.805989+00:00
[2023-08-10T11:04:15.815+0000] {processor.py:179} INFO - Processing /home/airflow/.local/lib/python3.7/site-packages/airflow/example_dags/example_task_group_decorator.py took 0.055 seconds
[2023-08-10T11:04:45.936+0000] {processor.py:157} INFO - Started process (PID=335) to work on /home/airflow/.local/lib/python3.7/site-packages/airflow/example_dags/example_task_group_decorator.py
[2023-08-10T11:04:45.937+0000] {processor.py:826} INFO - Processing file /home/airflow/.local/lib/python3.7/site-packages/airflow/example_dags/example_task_group_decorator.py for tasks to queue
[2023-08-10T11:04:45.938+0000] {logging_mixin.py:150} INFO - [2023-08-10T11:04:45.937+0000] {dagbag.py:541} INFO - Filling up the DagBag from /home/airflow/.local/lib/python3.7/site-packages/airflow/example_dags/example_task_group_decorator.py
[2023-08-10T11:04:45.946+0000] {processor.py:836} INFO - DAG(s) dict_keys(['example_task_group_decorator']) retrieved from /home/airflow/.local/lib/python3.7/site-packages/airflow/example_dags/example_task_group_decorator.py
[2023-08-10T11:04:45.966+0000] {logging_mixin.py:150} INFO - [2023-08-10T11:04:45.966+0000] {dag.py:2742} INFO - Sync 1 DAGs
[2023-08-10T11:04:45.981+0000] {logging_mixin.py:150} INFO - [2023-08-10T11:04:45.981+0000] {dag.py:3508} INFO - Setting next_dagrun for example_task_group_decorator to 2023-08-09T11:04:45.981063+00:00, run_after=2023-08-10T11:04:45.981063+00:00
[2023-08-10T11:04:45.991+0000] {processor.py:179} INFO - Processing /home/airflow/.local/lib/python3.7/site-packages/airflow/example_dags/example_task_group_decorator.py took 0.058 seconds
