[2023-08-10T10:54:18.754+0000] {processor.py:157} INFO - Started process (PID=37) to work on /home/airflow/.local/lib/python3.7/site-packages/airflow/example_dags/example_dag_decorator.py
[2023-08-10T10:54:18.755+0000] {processor.py:826} INFO - Processing file /home/airflow/.local/lib/python3.7/site-packages/airflow/example_dags/example_dag_decorator.py for tasks to queue
[2023-08-10T10:54:18.755+0000] {logging_mixin.py:150} INFO - [2023-08-10T10:54:18.755+0000] {dagbag.py:541} INFO - Filling up the DagBag from /home/airflow/.local/lib/python3.7/site-packages/airflow/example_dags/example_dag_decorator.py
[2023-08-10T10:54:18.770+0000] {processor.py:836} INFO - DAG(s) dict_keys(['example_dag_decorator']) retrieved from /home/airflow/.local/lib/python3.7/site-packages/airflow/example_dags/example_dag_decorator.py
[2023-08-10T10:54:18.836+0000] {logging_mixin.py:150} INFO - [2023-08-10T10:54:18.836+0000] {manager.py:504} INFO - Created Permission View: can delete on DAG:example_dag_decorator
[2023-08-10T10:54:18.842+0000] {logging_mixin.py:150} INFO - [2023-08-10T10:54:18.842+0000] {manager.py:504} INFO - Created Permission View: can edit on DAG:example_dag_decorator
[2023-08-10T10:54:18.845+0000] {logging_mixin.py:150} INFO - [2023-08-10T10:54:18.845+0000] {manager.py:504} INFO - Created Permission View: can read on DAG:example_dag_decorator
[2023-08-10T10:54:18.853+0000] {logging_mixin.py:150} INFO - [2023-08-10T10:54:18.853+0000] {dag.py:2742} INFO - Sync 1 DAGs
[2023-08-10T10:54:18.862+0000] {logging_mixin.py:150} INFO - [2023-08-10T10:54:18.862+0000] {dag.py:2763} INFO - Creating ORM DAG for example_dag_decorator
[2023-08-10T10:54:18.868+0000] {logging_mixin.py:150} INFO - [2023-08-10T10:54:18.868+0000] {dag.py:3508} INFO - Setting next_dagrun for example_dag_decorator to None, run_after=None
[2023-08-10T10:54:18.879+0000] {processor.py:179} INFO - Processing /home/airflow/.local/lib/python3.7/site-packages/airflow/example_dags/example_dag_decorator.py took 0.128 seconds
[2023-08-10T10:54:48.912+0000] {processor.py:157} INFO - Started process (PID=96) to work on /home/airflow/.local/lib/python3.7/site-packages/airflow/example_dags/example_dag_decorator.py
[2023-08-10T10:54:48.914+0000] {processor.py:826} INFO - Processing file /home/airflow/.local/lib/python3.7/site-packages/airflow/example_dags/example_dag_decorator.py for tasks to queue
[2023-08-10T10:54:48.914+0000] {logging_mixin.py:150} INFO - [2023-08-10T10:54:48.914+0000] {dagbag.py:541} INFO - Filling up the DagBag from /home/airflow/.local/lib/python3.7/site-packages/airflow/example_dags/example_dag_decorator.py
[2023-08-10T10:54:48.926+0000] {processor.py:836} INFO - DAG(s) dict_keys(['example_dag_decorator']) retrieved from /home/airflow/.local/lib/python3.7/site-packages/airflow/example_dags/example_dag_decorator.py
[2023-08-10T10:54:48.996+0000] {logging_mixin.py:150} INFO - [2023-08-10T10:54:48.996+0000] {dag.py:2742} INFO - Sync 1 DAGs
[2023-08-10T10:54:49.009+0000] {logging_mixin.py:150} INFO - [2023-08-10T10:54:49.009+0000] {dag.py:3508} INFO - Setting next_dagrun for example_dag_decorator to None, run_after=None
[2023-08-10T10:54:49.020+0000] {processor.py:179} INFO - Processing /home/airflow/.local/lib/python3.7/site-packages/airflow/example_dags/example_dag_decorator.py took 0.110 seconds
[2023-08-10T10:57:14.365+0000] {processor.py:157} INFO - Started process (PID=36) to work on /home/airflow/.local/lib/python3.7/site-packages/airflow/example_dags/example_dag_decorator.py
[2023-08-10T10:57:14.366+0000] {processor.py:826} INFO - Processing file /home/airflow/.local/lib/python3.7/site-packages/airflow/example_dags/example_dag_decorator.py for tasks to queue
[2023-08-10T10:57:14.367+0000] {logging_mixin.py:150} INFO - [2023-08-10T10:57:14.367+0000] {dagbag.py:541} INFO - Filling up the DagBag from /home/airflow/.local/lib/python3.7/site-packages/airflow/example_dags/example_dag_decorator.py
[2023-08-10T10:57:14.380+0000] {processor.py:836} INFO - DAG(s) dict_keys(['example_dag_decorator']) retrieved from /home/airflow/.local/lib/python3.7/site-packages/airflow/example_dags/example_dag_decorator.py
[2023-08-10T10:57:14.391+0000] {logging_mixin.py:150} INFO - [2023-08-10T10:57:14.391+0000] {dag.py:2742} INFO - Sync 1 DAGs
[2023-08-10T10:57:14.406+0000] {logging_mixin.py:150} INFO - [2023-08-10T10:57:14.405+0000] {dag.py:3508} INFO - Setting next_dagrun for example_dag_decorator to None, run_after=None
[2023-08-10T10:57:14.415+0000] {processor.py:179} INFO - Processing /home/airflow/.local/lib/python3.7/site-packages/airflow/example_dags/example_dag_decorator.py took 0.052 seconds
[2023-08-10T10:57:44.852+0000] {processor.py:157} INFO - Started process (PID=95) to work on /home/airflow/.local/lib/python3.7/site-packages/airflow/example_dags/example_dag_decorator.py
[2023-08-10T10:57:44.854+0000] {processor.py:826} INFO - Processing file /home/airflow/.local/lib/python3.7/site-packages/airflow/example_dags/example_dag_decorator.py for tasks to queue
[2023-08-10T10:57:44.855+0000] {logging_mixin.py:150} INFO - [2023-08-10T10:57:44.855+0000] {dagbag.py:541} INFO - Filling up the DagBag from /home/airflow/.local/lib/python3.7/site-packages/airflow/example_dags/example_dag_decorator.py
[2023-08-10T10:57:44.870+0000] {processor.py:836} INFO - DAG(s) dict_keys(['example_dag_decorator']) retrieved from /home/airflow/.local/lib/python3.7/site-packages/airflow/example_dags/example_dag_decorator.py
[2023-08-10T10:57:44.971+0000] {logging_mixin.py:150} INFO - [2023-08-10T10:57:44.971+0000] {dag.py:2742} INFO - Sync 1 DAGs
[2023-08-10T10:57:44.986+0000] {logging_mixin.py:150} INFO - [2023-08-10T10:57:44.986+0000] {dag.py:3508} INFO - Setting next_dagrun for example_dag_decorator to None, run_after=None
[2023-08-10T10:57:44.996+0000] {processor.py:179} INFO - Processing /home/airflow/.local/lib/python3.7/site-packages/airflow/example_dags/example_dag_decorator.py took 0.147 seconds
[2023-08-10T10:58:15.336+0000] {processor.py:157} INFO - Started process (PID=154) to work on /home/airflow/.local/lib/python3.7/site-packages/airflow/example_dags/example_dag_decorator.py
[2023-08-10T10:58:15.338+0000] {processor.py:826} INFO - Processing file /home/airflow/.local/lib/python3.7/site-packages/airflow/example_dags/example_dag_decorator.py for tasks to queue
[2023-08-10T10:58:15.340+0000] {logging_mixin.py:150} INFO - [2023-08-10T10:58:15.339+0000] {dagbag.py:541} INFO - Filling up the DagBag from /home/airflow/.local/lib/python3.7/site-packages/airflow/example_dags/example_dag_decorator.py
[2023-08-10T10:58:15.357+0000] {processor.py:836} INFO - DAG(s) dict_keys(['example_dag_decorator']) retrieved from /home/airflow/.local/lib/python3.7/site-packages/airflow/example_dags/example_dag_decorator.py
[2023-08-10T10:58:15.516+0000] {logging_mixin.py:150} INFO - [2023-08-10T10:58:15.516+0000] {dag.py:2742} INFO - Sync 1 DAGs
[2023-08-10T10:58:15.549+0000] {logging_mixin.py:150} INFO - [2023-08-10T10:58:15.549+0000] {dag.py:3508} INFO - Setting next_dagrun for example_dag_decorator to None, run_after=None
[2023-08-10T10:58:16.256+0000] {logging_mixin.py:150} INFO - [2023-08-10T10:58:16.243+0000] {process_utils.py:258} INFO - Waiting up to 5 seconds for processes to exit...
[2023-08-10T11:02:14.320+0000] {processor.py:157} INFO - Started process (PID=37) to work on /home/airflow/.local/lib/python3.7/site-packages/airflow/example_dags/example_dag_decorator.py
[2023-08-10T11:02:14.322+0000] {processor.py:826} INFO - Processing file /home/airflow/.local/lib/python3.7/site-packages/airflow/example_dags/example_dag_decorator.py for tasks to queue
[2023-08-10T11:02:14.323+0000] {logging_mixin.py:150} INFO - [2023-08-10T11:02:14.322+0000] {dagbag.py:541} INFO - Filling up the DagBag from /home/airflow/.local/lib/python3.7/site-packages/airflow/example_dags/example_dag_decorator.py
[2023-08-10T11:02:14.337+0000] {processor.py:836} INFO - DAG(s) dict_keys(['example_dag_decorator']) retrieved from /home/airflow/.local/lib/python3.7/site-packages/airflow/example_dags/example_dag_decorator.py
[2023-08-10T11:02:14.348+0000] {logging_mixin.py:150} INFO - [2023-08-10T11:02:14.347+0000] {dag.py:2742} INFO - Sync 1 DAGs
[2023-08-10T11:02:14.364+0000] {logging_mixin.py:150} INFO - [2023-08-10T11:02:14.363+0000] {dag.py:3508} INFO - Setting next_dagrun for example_dag_decorator to None, run_after=None
[2023-08-10T11:02:14.375+0000] {processor.py:179} INFO - Processing /home/airflow/.local/lib/python3.7/site-packages/airflow/example_dags/example_dag_decorator.py took 0.058 seconds
[2023-08-10T11:02:45.072+0000] {processor.py:157} INFO - Started process (PID=96) to work on /home/airflow/.local/lib/python3.7/site-packages/airflow/example_dags/example_dag_decorator.py
[2023-08-10T11:02:45.072+0000] {processor.py:826} INFO - Processing file /home/airflow/.local/lib/python3.7/site-packages/airflow/example_dags/example_dag_decorator.py for tasks to queue
[2023-08-10T11:02:45.073+0000] {logging_mixin.py:150} INFO - [2023-08-10T11:02:45.073+0000] {dagbag.py:541} INFO - Filling up the DagBag from /home/airflow/.local/lib/python3.7/site-packages/airflow/example_dags/example_dag_decorator.py
[2023-08-10T11:02:45.084+0000] {processor.py:836} INFO - DAG(s) dict_keys(['example_dag_decorator']) retrieved from /home/airflow/.local/lib/python3.7/site-packages/airflow/example_dags/example_dag_decorator.py
[2023-08-10T11:02:45.162+0000] {logging_mixin.py:150} INFO - [2023-08-10T11:02:45.162+0000] {dag.py:2742} INFO - Sync 1 DAGs
[2023-08-10T11:02:45.175+0000] {logging_mixin.py:150} INFO - [2023-08-10T11:02:45.175+0000] {dag.py:3508} INFO - Setting next_dagrun for example_dag_decorator to None, run_after=None
[2023-08-10T11:02:45.184+0000] {processor.py:179} INFO - Processing /home/airflow/.local/lib/python3.7/site-packages/airflow/example_dags/example_dag_decorator.py took 0.115 seconds
[2023-08-10T11:03:15.339+0000] {processor.py:157} INFO - Started process (PID=155) to work on /home/airflow/.local/lib/python3.7/site-packages/airflow/example_dags/example_dag_decorator.py
[2023-08-10T11:03:15.340+0000] {processor.py:826} INFO - Processing file /home/airflow/.local/lib/python3.7/site-packages/airflow/example_dags/example_dag_decorator.py for tasks to queue
[2023-08-10T11:03:15.341+0000] {logging_mixin.py:150} INFO - [2023-08-10T11:03:15.341+0000] {dagbag.py:541} INFO - Filling up the DagBag from /home/airflow/.local/lib/python3.7/site-packages/airflow/example_dags/example_dag_decorator.py
[2023-08-10T11:03:15.351+0000] {processor.py:836} INFO - DAG(s) dict_keys(['example_dag_decorator']) retrieved from /home/airflow/.local/lib/python3.7/site-packages/airflow/example_dags/example_dag_decorator.py
[2023-08-10T11:03:15.415+0000] {logging_mixin.py:150} INFO - [2023-08-10T11:03:15.415+0000] {dag.py:2742} INFO - Sync 1 DAGs
[2023-08-10T11:03:15.427+0000] {logging_mixin.py:150} INFO - [2023-08-10T11:03:15.427+0000] {dag.py:3508} INFO - Setting next_dagrun for example_dag_decorator to None, run_after=None
[2023-08-10T11:03:15.437+0000] {processor.py:179} INFO - Processing /home/airflow/.local/lib/python3.7/site-packages/airflow/example_dags/example_dag_decorator.py took 0.101 seconds
[2023-08-10T11:03:45.520+0000] {processor.py:157} INFO - Started process (PID=214) to work on /home/airflow/.local/lib/python3.7/site-packages/airflow/example_dags/example_dag_decorator.py
[2023-08-10T11:03:45.521+0000] {processor.py:826} INFO - Processing file /home/airflow/.local/lib/python3.7/site-packages/airflow/example_dags/example_dag_decorator.py for tasks to queue
[2023-08-10T11:03:45.522+0000] {logging_mixin.py:150} INFO - [2023-08-10T11:03:45.521+0000] {dagbag.py:541} INFO - Filling up the DagBag from /home/airflow/.local/lib/python3.7/site-packages/airflow/example_dags/example_dag_decorator.py
[2023-08-10T11:03:45.532+0000] {processor.py:836} INFO - DAG(s) dict_keys(['example_dag_decorator']) retrieved from /home/airflow/.local/lib/python3.7/site-packages/airflow/example_dags/example_dag_decorator.py
[2023-08-10T11:03:45.599+0000] {logging_mixin.py:150} INFO - [2023-08-10T11:03:45.599+0000] {dag.py:2742} INFO - Sync 1 DAGs
[2023-08-10T11:03:45.612+0000] {logging_mixin.py:150} INFO - [2023-08-10T11:03:45.612+0000] {dag.py:3508} INFO - Setting next_dagrun for example_dag_decorator to None, run_after=None
[2023-08-10T11:03:45.624+0000] {processor.py:179} INFO - Processing /home/airflow/.local/lib/python3.7/site-packages/airflow/example_dags/example_dag_decorator.py took 0.107 seconds
[2023-08-10T11:04:15.652+0000] {processor.py:157} INFO - Started process (PID=274) to work on /home/airflow/.local/lib/python3.7/site-packages/airflow/example_dags/example_dag_decorator.py
[2023-08-10T11:04:15.653+0000] {processor.py:826} INFO - Processing file /home/airflow/.local/lib/python3.7/site-packages/airflow/example_dags/example_dag_decorator.py for tasks to queue
[2023-08-10T11:04:15.653+0000] {logging_mixin.py:150} INFO - [2023-08-10T11:04:15.653+0000] {dagbag.py:541} INFO - Filling up the DagBag from /home/airflow/.local/lib/python3.7/site-packages/airflow/example_dags/example_dag_decorator.py
[2023-08-10T11:04:15.663+0000] {processor.py:836} INFO - DAG(s) dict_keys(['example_dag_decorator']) retrieved from /home/airflow/.local/lib/python3.7/site-packages/airflow/example_dags/example_dag_decorator.py
[2023-08-10T11:04:15.728+0000] {logging_mixin.py:150} INFO - [2023-08-10T11:04:15.728+0000] {dag.py:2742} INFO - Sync 1 DAGs
[2023-08-10T11:04:15.739+0000] {logging_mixin.py:150} INFO - [2023-08-10T11:04:15.739+0000] {dag.py:3508} INFO - Setting next_dagrun for example_dag_decorator to None, run_after=None
[2023-08-10T11:04:15.749+0000] {processor.py:179} INFO - Processing /home/airflow/.local/lib/python3.7/site-packages/airflow/example_dags/example_dag_decorator.py took 0.100 seconds
[2023-08-10T11:04:45.818+0000] {processor.py:157} INFO - Started process (PID=333) to work on /home/airflow/.local/lib/python3.7/site-packages/airflow/example_dags/example_dag_decorator.py
[2023-08-10T11:04:45.819+0000] {processor.py:826} INFO - Processing file /home/airflow/.local/lib/python3.7/site-packages/airflow/example_dags/example_dag_decorator.py for tasks to queue
[2023-08-10T11:04:45.820+0000] {logging_mixin.py:150} INFO - [2023-08-10T11:04:45.820+0000] {dagbag.py:541} INFO - Filling up the DagBag from /home/airflow/.local/lib/python3.7/site-packages/airflow/example_dags/example_dag_decorator.py
[2023-08-10T11:04:45.830+0000] {processor.py:836} INFO - DAG(s) dict_keys(['example_dag_decorator']) retrieved from /home/airflow/.local/lib/python3.7/site-packages/airflow/example_dags/example_dag_decorator.py
[2023-08-10T11:04:45.897+0000] {logging_mixin.py:150} INFO - [2023-08-10T11:04:45.896+0000] {dag.py:2742} INFO - Sync 1 DAGs
[2023-08-10T11:04:45.909+0000] {logging_mixin.py:150} INFO - [2023-08-10T11:04:45.909+0000] {dag.py:3508} INFO - Setting next_dagrun for example_dag_decorator to None, run_after=None
[2023-08-10T11:04:45.920+0000] {processor.py:179} INFO - Processing /home/airflow/.local/lib/python3.7/site-packages/airflow/example_dags/example_dag_decorator.py took 0.104 seconds
