[2023-08-10T10:54:20.138+0000] {processor.py:157} INFO - Started process (PID=52) to work on /home/airflow/.local/lib/python3.7/site-packages/airflow/example_dags/tutorial_dag.py
[2023-08-10T10:54:20.139+0000] {processor.py:826} INFO - Processing file /home/airflow/.local/lib/python3.7/site-packages/airflow/example_dags/tutorial_dag.py for tasks to queue
[2023-08-10T10:54:20.140+0000] {logging_mixin.py:150} INFO - [2023-08-10T10:54:20.140+0000] {dagbag.py:541} INFO - Filling up the DagBag from /home/airflow/.local/lib/python3.7/site-packages/airflow/example_dags/tutorial_dag.py
[2023-08-10T10:54:20.149+0000] {processor.py:836} INFO - DAG(s) dict_keys(['tutorial_dag']) retrieved from /home/airflow/.local/lib/python3.7/site-packages/airflow/example_dags/tutorial_dag.py
[2023-08-10T10:54:20.243+0000] {logging_mixin.py:150} INFO - [2023-08-10T10:54:20.242+0000] {manager.py:504} INFO - Created Permission View: can delete on DAG:tutorial_dag
[2023-08-10T10:54:20.249+0000] {logging_mixin.py:150} INFO - [2023-08-10T10:54:20.249+0000] {manager.py:504} INFO - Created Permission View: can edit on DAG:tutorial_dag
[2023-08-10T10:54:20.253+0000] {logging_mixin.py:150} INFO - [2023-08-10T10:54:20.253+0000] {manager.py:504} INFO - Created Permission View: can read on DAG:tutorial_dag
[2023-08-10T10:54:20.263+0000] {logging_mixin.py:150} INFO - [2023-08-10T10:54:20.263+0000] {dag.py:2742} INFO - Sync 1 DAGs
[2023-08-10T10:54:20.272+0000] {logging_mixin.py:150} INFO - [2023-08-10T10:54:20.272+0000] {dag.py:2763} INFO - Creating ORM DAG for tutorial_dag
[2023-08-10T10:54:20.280+0000] {logging_mixin.py:150} INFO - [2023-08-10T10:54:20.280+0000] {dag.py:3508} INFO - Setting next_dagrun for tutorial_dag to None, run_after=None
[2023-08-10T10:54:20.294+0000] {processor.py:179} INFO - Processing /home/airflow/.local/lib/python3.7/site-packages/airflow/example_dags/tutorial_dag.py took 0.160 seconds
[2023-08-10T10:54:50.560+0000] {processor.py:157} INFO - Started process (PID=111) to work on /home/airflow/.local/lib/python3.7/site-packages/airflow/example_dags/tutorial_dag.py
[2023-08-10T10:54:50.561+0000] {processor.py:826} INFO - Processing file /home/airflow/.local/lib/python3.7/site-packages/airflow/example_dags/tutorial_dag.py for tasks to queue
[2023-08-10T10:54:50.562+0000] {logging_mixin.py:150} INFO - [2023-08-10T10:54:50.561+0000] {dagbag.py:541} INFO - Filling up the DagBag from /home/airflow/.local/lib/python3.7/site-packages/airflow/example_dags/tutorial_dag.py
[2023-08-10T10:54:50.566+0000] {processor.py:836} INFO - DAG(s) dict_keys(['tutorial_dag']) retrieved from /home/airflow/.local/lib/python3.7/site-packages/airflow/example_dags/tutorial_dag.py
[2023-08-10T10:54:50.582+0000] {logging_mixin.py:150} INFO - [2023-08-10T10:54:50.582+0000] {dag.py:2742} INFO - Sync 1 DAGs
[2023-08-10T10:54:50.597+0000] {logging_mixin.py:150} INFO - [2023-08-10T10:54:50.597+0000] {dag.py:3508} INFO - Setting next_dagrun for tutorial_dag to None, run_after=None
[2023-08-10T10:54:50.607+0000] {processor.py:179} INFO - Processing /home/airflow/.local/lib/python3.7/site-packages/airflow/example_dags/tutorial_dag.py took 0.050 seconds
[2023-08-10T10:57:15.133+0000] {processor.py:157} INFO - Started process (PID=51) to work on /home/airflow/.local/lib/python3.7/site-packages/airflow/example_dags/tutorial_dag.py
[2023-08-10T10:57:15.135+0000] {processor.py:826} INFO - Processing file /home/airflow/.local/lib/python3.7/site-packages/airflow/example_dags/tutorial_dag.py for tasks to queue
[2023-08-10T10:57:15.136+0000] {logging_mixin.py:150} INFO - [2023-08-10T10:57:15.136+0000] {dagbag.py:541} INFO - Filling up the DagBag from /home/airflow/.local/lib/python3.7/site-packages/airflow/example_dags/tutorial_dag.py
[2023-08-10T10:57:15.145+0000] {processor.py:836} INFO - DAG(s) dict_keys(['tutorial_dag']) retrieved from /home/airflow/.local/lib/python3.7/site-packages/airflow/example_dags/tutorial_dag.py
[2023-08-10T10:57:15.164+0000] {logging_mixin.py:150} INFO - [2023-08-10T10:57:15.164+0000] {dag.py:2742} INFO - Sync 1 DAGs
[2023-08-10T10:57:15.192+0000] {logging_mixin.py:150} INFO - [2023-08-10T10:57:15.191+0000] {dag.py:3508} INFO - Setting next_dagrun for tutorial_dag to None, run_after=None
[2023-08-10T10:57:15.211+0000] {processor.py:179} INFO - Processing /home/airflow/.local/lib/python3.7/site-packages/airflow/example_dags/tutorial_dag.py took 0.082 seconds
[2023-08-10T10:57:45.464+0000] {processor.py:157} INFO - Started process (PID=109) to work on /home/airflow/.local/lib/python3.7/site-packages/airflow/example_dags/tutorial_dag.py
[2023-08-10T10:57:45.465+0000] {processor.py:826} INFO - Processing file /home/airflow/.local/lib/python3.7/site-packages/airflow/example_dags/tutorial_dag.py for tasks to queue
[2023-08-10T10:57:45.466+0000] {logging_mixin.py:150} INFO - [2023-08-10T10:57:45.466+0000] {dagbag.py:541} INFO - Filling up the DagBag from /home/airflow/.local/lib/python3.7/site-packages/airflow/example_dags/tutorial_dag.py
[2023-08-10T10:57:45.470+0000] {processor.py:836} INFO - DAG(s) dict_keys(['tutorial_dag']) retrieved from /home/airflow/.local/lib/python3.7/site-packages/airflow/example_dags/tutorial_dag.py
[2023-08-10T10:57:45.485+0000] {logging_mixin.py:150} INFO - [2023-08-10T10:57:45.485+0000] {dag.py:2742} INFO - Sync 1 DAGs
[2023-08-10T10:57:45.499+0000] {logging_mixin.py:150} INFO - [2023-08-10T10:57:45.499+0000] {dag.py:3508} INFO - Setting next_dagrun for tutorial_dag to None, run_after=None
[2023-08-10T10:57:45.509+0000] {processor.py:179} INFO - Processing /home/airflow/.local/lib/python3.7/site-packages/airflow/example_dags/tutorial_dag.py took 0.047 seconds
[2023-08-10T11:02:14.902+0000] {processor.py:157} INFO - Started process (PID=52) to work on /home/airflow/.local/lib/python3.7/site-packages/airflow/example_dags/tutorial_dag.py
[2023-08-10T11:02:14.903+0000] {processor.py:826} INFO - Processing file /home/airflow/.local/lib/python3.7/site-packages/airflow/example_dags/tutorial_dag.py for tasks to queue
[2023-08-10T11:02:14.904+0000] {logging_mixin.py:150} INFO - [2023-08-10T11:02:14.903+0000] {dagbag.py:541} INFO - Filling up the DagBag from /home/airflow/.local/lib/python3.7/site-packages/airflow/example_dags/tutorial_dag.py
[2023-08-10T11:02:14.910+0000] {processor.py:836} INFO - DAG(s) dict_keys(['tutorial_dag']) retrieved from /home/airflow/.local/lib/python3.7/site-packages/airflow/example_dags/tutorial_dag.py
[2023-08-10T11:02:14.920+0000] {logging_mixin.py:150} INFO - [2023-08-10T11:02:14.920+0000] {dag.py:2742} INFO - Sync 1 DAGs
[2023-08-10T11:02:14.941+0000] {logging_mixin.py:150} INFO - [2023-08-10T11:02:14.941+0000] {dag.py:3508} INFO - Setting next_dagrun for tutorial_dag to None, run_after=None
[2023-08-10T11:02:14.951+0000] {processor.py:179} INFO - Processing /home/airflow/.local/lib/python3.7/site-packages/airflow/example_dags/tutorial_dag.py took 0.053 seconds
[2023-08-10T11:02:45.637+0000] {processor.py:157} INFO - Started process (PID=111) to work on /home/airflow/.local/lib/python3.7/site-packages/airflow/example_dags/tutorial_dag.py
[2023-08-10T11:02:45.638+0000] {processor.py:826} INFO - Processing file /home/airflow/.local/lib/python3.7/site-packages/airflow/example_dags/tutorial_dag.py for tasks to queue
[2023-08-10T11:02:45.639+0000] {logging_mixin.py:150} INFO - [2023-08-10T11:02:45.638+0000] {dagbag.py:541} INFO - Filling up the DagBag from /home/airflow/.local/lib/python3.7/site-packages/airflow/example_dags/tutorial_dag.py
[2023-08-10T11:02:45.643+0000] {processor.py:836} INFO - DAG(s) dict_keys(['tutorial_dag']) retrieved from /home/airflow/.local/lib/python3.7/site-packages/airflow/example_dags/tutorial_dag.py
[2023-08-10T11:02:45.660+0000] {logging_mixin.py:150} INFO - [2023-08-10T11:02:45.659+0000] {dag.py:2742} INFO - Sync 1 DAGs
[2023-08-10T11:02:45.674+0000] {logging_mixin.py:150} INFO - [2023-08-10T11:02:45.674+0000] {dag.py:3508} INFO - Setting next_dagrun for tutorial_dag to None, run_after=None
[2023-08-10T11:02:45.684+0000] {processor.py:179} INFO - Processing /home/airflow/.local/lib/python3.7/site-packages/airflow/example_dags/tutorial_dag.py took 0.049 seconds
[2023-08-10T11:03:15.869+0000] {processor.py:157} INFO - Started process (PID=169) to work on /home/airflow/.local/lib/python3.7/site-packages/airflow/example_dags/tutorial_dag.py
[2023-08-10T11:03:15.870+0000] {processor.py:826} INFO - Processing file /home/airflow/.local/lib/python3.7/site-packages/airflow/example_dags/tutorial_dag.py for tasks to queue
[2023-08-10T11:03:15.871+0000] {logging_mixin.py:150} INFO - [2023-08-10T11:03:15.871+0000] {dagbag.py:541} INFO - Filling up the DagBag from /home/airflow/.local/lib/python3.7/site-packages/airflow/example_dags/tutorial_dag.py
[2023-08-10T11:03:15.875+0000] {processor.py:836} INFO - DAG(s) dict_keys(['tutorial_dag']) retrieved from /home/airflow/.local/lib/python3.7/site-packages/airflow/example_dags/tutorial_dag.py
[2023-08-10T11:03:15.892+0000] {logging_mixin.py:150} INFO - [2023-08-10T11:03:15.892+0000] {dag.py:2742} INFO - Sync 1 DAGs
[2023-08-10T11:03:15.905+0000] {logging_mixin.py:150} INFO - [2023-08-10T11:03:15.905+0000] {dag.py:3508} INFO - Setting next_dagrun for tutorial_dag to None, run_after=None
[2023-08-10T11:03:15.915+0000] {processor.py:179} INFO - Processing /home/airflow/.local/lib/python3.7/site-packages/airflow/example_dags/tutorial_dag.py took 0.049 seconds
[2023-08-10T11:03:46.006+0000] {processor.py:157} INFO - Started process (PID=228) to work on /home/airflow/.local/lib/python3.7/site-packages/airflow/example_dags/tutorial_dag.py
[2023-08-10T11:03:46.007+0000] {processor.py:826} INFO - Processing file /home/airflow/.local/lib/python3.7/site-packages/airflow/example_dags/tutorial_dag.py for tasks to queue
[2023-08-10T11:03:46.008+0000] {logging_mixin.py:150} INFO - [2023-08-10T11:03:46.008+0000] {dagbag.py:541} INFO - Filling up the DagBag from /home/airflow/.local/lib/python3.7/site-packages/airflow/example_dags/tutorial_dag.py
[2023-08-10T11:03:46.012+0000] {processor.py:836} INFO - DAG(s) dict_keys(['tutorial_dag']) retrieved from /home/airflow/.local/lib/python3.7/site-packages/airflow/example_dags/tutorial_dag.py
[2023-08-10T11:03:46.028+0000] {logging_mixin.py:150} INFO - [2023-08-10T11:03:46.028+0000] {dag.py:2742} INFO - Sync 1 DAGs
[2023-08-10T11:03:46.042+0000] {logging_mixin.py:150} INFO - [2023-08-10T11:03:46.042+0000] {dag.py:3508} INFO - Setting next_dagrun for tutorial_dag to None, run_after=None
[2023-08-10T11:03:46.051+0000] {processor.py:179} INFO - Processing /home/airflow/.local/lib/python3.7/site-packages/airflow/example_dags/tutorial_dag.py took 0.047 seconds
[2023-08-10T11:04:16.262+0000] {processor.py:157} INFO - Started process (PID=287) to work on /home/airflow/.local/lib/python3.7/site-packages/airflow/example_dags/tutorial_dag.py
[2023-08-10T11:04:16.263+0000] {processor.py:826} INFO - Processing file /home/airflow/.local/lib/python3.7/site-packages/airflow/example_dags/tutorial_dag.py for tasks to queue
[2023-08-10T11:04:16.264+0000] {logging_mixin.py:150} INFO - [2023-08-10T11:04:16.264+0000] {dagbag.py:541} INFO - Filling up the DagBag from /home/airflow/.local/lib/python3.7/site-packages/airflow/example_dags/tutorial_dag.py
[2023-08-10T11:04:16.268+0000] {processor.py:836} INFO - DAG(s) dict_keys(['tutorial_dag']) retrieved from /home/airflow/.local/lib/python3.7/site-packages/airflow/example_dags/tutorial_dag.py
[2023-08-10T11:04:16.285+0000] {logging_mixin.py:150} INFO - [2023-08-10T11:04:16.284+0000] {dag.py:2742} INFO - Sync 1 DAGs
[2023-08-10T11:04:16.298+0000] {logging_mixin.py:150} INFO - [2023-08-10T11:04:16.298+0000] {dag.py:3508} INFO - Setting next_dagrun for tutorial_dag to None, run_after=None
[2023-08-10T11:04:16.307+0000] {processor.py:179} INFO - Processing /home/airflow/.local/lib/python3.7/site-packages/airflow/example_dags/tutorial_dag.py took 0.048 seconds
[2023-08-10T11:04:46.384+0000] {processor.py:157} INFO - Started process (PID=346) to work on /home/airflow/.local/lib/python3.7/site-packages/airflow/example_dags/tutorial_dag.py
[2023-08-10T11:04:46.385+0000] {processor.py:826} INFO - Processing file /home/airflow/.local/lib/python3.7/site-packages/airflow/example_dags/tutorial_dag.py for tasks to queue
[2023-08-10T11:04:46.386+0000] {logging_mixin.py:150} INFO - [2023-08-10T11:04:46.385+0000] {dagbag.py:541} INFO - Filling up the DagBag from /home/airflow/.local/lib/python3.7/site-packages/airflow/example_dags/tutorial_dag.py
[2023-08-10T11:04:46.390+0000] {processor.py:836} INFO - DAG(s) dict_keys(['tutorial_dag']) retrieved from /home/airflow/.local/lib/python3.7/site-packages/airflow/example_dags/tutorial_dag.py
[2023-08-10T11:04:46.408+0000] {logging_mixin.py:150} INFO - [2023-08-10T11:04:46.408+0000] {dag.py:2742} INFO - Sync 1 DAGs
[2023-08-10T11:04:46.426+0000] {logging_mixin.py:150} INFO - [2023-08-10T11:04:46.426+0000] {dag.py:3508} INFO - Setting next_dagrun for tutorial_dag to None, run_after=None
[2023-08-10T11:04:46.436+0000] {processor.py:179} INFO - Processing /home/airflow/.local/lib/python3.7/site-packages/airflow/example_dags/tutorial_dag.py took 0.055 seconds
