[2023-08-10T10:54:18.186+0000] {processor.py:157} INFO - Started process (PID=31) to work on /opt/airflow/dags/example.py
[2023-08-10T10:54:18.188+0000] {processor.py:826} INFO - Processing file /opt/airflow/dags/example.py for tasks to queue
[2023-08-10T10:54:18.190+0000] {logging_mixin.py:150} INFO - [2023-08-10T10:54:18.190+0000] {dagbag.py:541} INFO - Filling up the DagBag from /opt/airflow/dags/example.py
[2023-08-10T10:54:18.223+0000] {processor.py:836} INFO - DAG(s) dict_keys(['example']) retrieved from /opt/airflow/dags/example.py
[2023-08-10T10:54:18.398+0000] {logging_mixin.py:150} INFO - [2023-08-10T10:54:18.398+0000] {manager.py:504} INFO - Created Permission View: can delete on DAG:example
[2023-08-10T10:54:18.404+0000] {logging_mixin.py:150} INFO - [2023-08-10T10:54:18.404+0000] {manager.py:504} INFO - Created Permission View: can edit on DAG:example
[2023-08-10T10:54:18.407+0000] {logging_mixin.py:150} INFO - [2023-08-10T10:54:18.407+0000] {manager.py:504} INFO - Created Permission View: can read on DAG:example
[2023-08-10T10:54:18.416+0000] {logging_mixin.py:150} INFO - [2023-08-10T10:54:18.416+0000] {dag.py:2742} INFO - Sync 1 DAGs
[2023-08-10T10:54:18.423+0000] {logging_mixin.py:150} INFO - [2023-08-10T10:54:18.423+0000] {dag.py:2763} INFO - Creating ORM DAG for example
[2023-08-10T10:54:18.430+0000] {logging_mixin.py:150} INFO - [2023-08-10T10:54:18.430+0000] {dag.py:3508} INFO - Setting next_dagrun for example to 2023-08-06T15:00:00+00:00, run_after=2023-08-06T15:30:00+00:00
[2023-08-10T10:54:18.444+0000] {processor.py:179} INFO - Processing /opt/airflow/dags/example.py took 0.264 seconds
[2023-08-10T10:54:48.634+0000] {processor.py:157} INFO - Started process (PID=90) to work on /opt/airflow/dags/example.py
[2023-08-10T10:54:48.635+0000] {processor.py:826} INFO - Processing file /opt/airflow/dags/example.py for tasks to queue
[2023-08-10T10:54:48.636+0000] {logging_mixin.py:150} INFO - [2023-08-10T10:54:48.635+0000] {dagbag.py:541} INFO - Filling up the DagBag from /opt/airflow/dags/example.py
[2023-08-10T10:54:48.647+0000] {processor.py:836} INFO - DAG(s) dict_keys(['example']) retrieved from /opt/airflow/dags/example.py
[2023-08-10T10:54:48.666+0000] {logging_mixin.py:150} INFO - [2023-08-10T10:54:48.666+0000] {dag.py:2742} INFO - Sync 1 DAGs
[2023-08-10T10:54:48.699+0000] {processor.py:179} INFO - Processing /opt/airflow/dags/example.py took 0.069 seconds
[2023-08-10T10:57:14.071+0000] {processor.py:157} INFO - Started process (PID=30) to work on /opt/airflow/dags/example.py
[2023-08-10T10:57:14.072+0000] {processor.py:826} INFO - Processing file /opt/airflow/dags/example.py for tasks to queue
[2023-08-10T10:57:14.073+0000] {logging_mixin.py:150} INFO - [2023-08-10T10:57:14.073+0000] {dagbag.py:541} INFO - Filling up the DagBag from /opt/airflow/dags/example.py
[2023-08-10T10:57:14.098+0000] {processor.py:836} INFO - DAG(s) dict_keys(['example']) retrieved from /opt/airflow/dags/example.py
[2023-08-10T10:57:14.237+0000] {logging_mixin.py:150} INFO - [2023-08-10T10:57:14.237+0000] {dag.py:2742} INFO - Sync 1 DAGs
[2023-08-10T10:57:14.266+0000] {processor.py:179} INFO - Processing /opt/airflow/dags/example.py took 0.198 seconds
[2023-08-10T10:57:44.555+0000] {processor.py:157} INFO - Started process (PID=89) to work on /opt/airflow/dags/example.py
[2023-08-10T10:57:44.556+0000] {processor.py:826} INFO - Processing file /opt/airflow/dags/example.py for tasks to queue
[2023-08-10T10:57:44.558+0000] {logging_mixin.py:150} INFO - [2023-08-10T10:57:44.557+0000] {dagbag.py:541} INFO - Filling up the DagBag from /opt/airflow/dags/example.py
[2023-08-10T10:57:44.572+0000] {processor.py:836} INFO - DAG(s) dict_keys(['example']) retrieved from /opt/airflow/dags/example.py
[2023-08-10T10:57:44.612+0000] {logging_mixin.py:150} INFO - [2023-08-10T10:57:44.611+0000] {dag.py:2742} INFO - Sync 1 DAGs
[2023-08-10T10:57:44.678+0000] {processor.py:179} INFO - Processing /opt/airflow/dags/example.py took 0.126 seconds
[2023-08-10T10:58:14.900+0000] {processor.py:157} INFO - Started process (PID=148) to work on /opt/airflow/dags/example.py
[2023-08-10T10:58:14.906+0000] {processor.py:826} INFO - Processing file /opt/airflow/dags/example.py for tasks to queue
[2023-08-10T10:58:14.908+0000] {logging_mixin.py:150} INFO - [2023-08-10T10:58:14.908+0000] {dagbag.py:541} INFO - Filling up the DagBag from /opt/airflow/dags/example.py
[2023-08-10T10:58:14.936+0000] {processor.py:836} INFO - DAG(s) dict_keys(['example']) retrieved from /opt/airflow/dags/example.py
[2023-08-10T10:58:15.009+0000] {logging_mixin.py:150} INFO - [2023-08-10T10:58:15.008+0000] {dag.py:2742} INFO - Sync 1 DAGs
[2023-08-10T10:58:15.064+0000] {logging_mixin.py:150} INFO - [2023-08-10T10:58:15.064+0000] {dag.py:3508} INFO - Setting next_dagrun for example to 2023-08-06T18:00:00+00:00, run_after=2023-08-06T18:30:00+00:00
[2023-08-10T10:58:15.113+0000] {processor.py:179} INFO - Processing /opt/airflow/dags/example.py took 0.224 seconds
[2023-08-10T11:02:14.002+0000] {processor.py:157} INFO - Started process (PID=31) to work on /opt/airflow/dags/example.py
[2023-08-10T11:02:14.006+0000] {processor.py:826} INFO - Processing file /opt/airflow/dags/example.py for tasks to queue
[2023-08-10T11:02:14.008+0000] {logging_mixin.py:150} INFO - [2023-08-10T11:02:14.008+0000] {dagbag.py:541} INFO - Filling up the DagBag from /opt/airflow/dags/example.py
[2023-08-10T11:02:14.025+0000] {processor.py:836} INFO - DAG(s) dict_keys(['example']) retrieved from /opt/airflow/dags/example.py
[2023-08-10T11:02:14.154+0000] {logging_mixin.py:150} INFO - [2023-08-10T11:02:14.154+0000] {dag.py:2742} INFO - Sync 1 DAGs
[2023-08-10T11:02:14.172+0000] {logging_mixin.py:150} INFO - [2023-08-10T11:02:14.172+0000] {dag.py:3508} INFO - Setting next_dagrun for example to 2023-08-06T18:00:00+00:00, run_after=2023-08-06T18:30:00+00:00
[2023-08-10T11:02:14.184+0000] {processor.py:179} INFO - Processing /opt/airflow/dags/example.py took 0.187 seconds
[2023-08-10T11:02:44.867+0000] {processor.py:157} INFO - Started process (PID=90) to work on /opt/airflow/dags/example.py
[2023-08-10T11:02:44.869+0000] {processor.py:826} INFO - Processing file /opt/airflow/dags/example.py for tasks to queue
[2023-08-10T11:02:44.871+0000] {logging_mixin.py:150} INFO - [2023-08-10T11:02:44.870+0000] {dagbag.py:541} INFO - Filling up the DagBag from /opt/airflow/dags/example.py
[2023-08-10T11:02:44.886+0000] {processor.py:836} INFO - DAG(s) dict_keys(['example']) retrieved from /opt/airflow/dags/example.py
[2023-08-10T11:02:44.909+0000] {logging_mixin.py:150} INFO - [2023-08-10T11:02:44.909+0000] {dag.py:2742} INFO - Sync 1 DAGs
[2023-08-10T11:02:44.930+0000] {logging_mixin.py:150} INFO - [2023-08-10T11:02:44.929+0000] {dag.py:3508} INFO - Setting next_dagrun for example to 2023-08-06T18:00:00+00:00, run_after=2023-08-06T18:30:00+00:00
[2023-08-10T11:02:44.940+0000] {processor.py:179} INFO - Processing /opt/airflow/dags/example.py took 0.080 seconds
[2023-08-10T11:03:15.138+0000] {processor.py:157} INFO - Started process (PID=149) to work on /opt/airflow/dags/example.py
[2023-08-10T11:03:15.139+0000] {processor.py:826} INFO - Processing file /opt/airflow/dags/example.py for tasks to queue
[2023-08-10T11:03:15.141+0000] {logging_mixin.py:150} INFO - [2023-08-10T11:03:15.141+0000] {dagbag.py:541} INFO - Filling up the DagBag from /opt/airflow/dags/example.py
[2023-08-10T11:03:15.155+0000] {processor.py:836} INFO - DAG(s) dict_keys(['example']) retrieved from /opt/airflow/dags/example.py
[2023-08-10T11:03:15.176+0000] {logging_mixin.py:150} INFO - [2023-08-10T11:03:15.176+0000] {dag.py:2742} INFO - Sync 1 DAGs
[2023-08-10T11:03:15.192+0000] {logging_mixin.py:150} INFO - [2023-08-10T11:03:15.192+0000] {dag.py:3508} INFO - Setting next_dagrun for example to 2023-08-06T18:00:00+00:00, run_after=2023-08-06T18:30:00+00:00
[2023-08-10T11:03:15.202+0000] {processor.py:179} INFO - Processing /opt/airflow/dags/example.py took 0.071 seconds
[2023-08-10T11:03:45.304+0000] {processor.py:157} INFO - Started process (PID=208) to work on /opt/airflow/dags/example.py
[2023-08-10T11:03:45.306+0000] {processor.py:826} INFO - Processing file /opt/airflow/dags/example.py for tasks to queue
[2023-08-10T11:03:45.308+0000] {logging_mixin.py:150} INFO - [2023-08-10T11:03:45.308+0000] {dagbag.py:541} INFO - Filling up the DagBag from /opt/airflow/dags/example.py
[2023-08-10T11:03:45.323+0000] {processor.py:836} INFO - DAG(s) dict_keys(['example']) retrieved from /opt/airflow/dags/example.py
[2023-08-10T11:03:45.346+0000] {logging_mixin.py:150} INFO - [2023-08-10T11:03:45.346+0000] {dag.py:2742} INFO - Sync 1 DAGs
[2023-08-10T11:03:45.364+0000] {logging_mixin.py:150} INFO - [2023-08-10T11:03:45.364+0000] {dag.py:3508} INFO - Setting next_dagrun for example to 2023-08-06T18:00:00+00:00, run_after=2023-08-06T18:30:00+00:00
[2023-08-10T11:03:45.374+0000] {processor.py:179} INFO - Processing /opt/airflow/dags/example.py took 0.076 seconds
[2023-08-10T11:04:15.430+0000] {processor.py:157} INFO - Started process (PID=267) to work on /opt/airflow/dags/example.py
[2023-08-10T11:04:15.432+0000] {processor.py:826} INFO - Processing file /opt/airflow/dags/example.py for tasks to queue
[2023-08-10T11:04:15.433+0000] {logging_mixin.py:150} INFO - [2023-08-10T11:04:15.433+0000] {dagbag.py:541} INFO - Filling up the DagBag from /opt/airflow/dags/example.py
[2023-08-10T11:04:15.446+0000] {processor.py:836} INFO - DAG(s) dict_keys(['example']) retrieved from /opt/airflow/dags/example.py
[2023-08-10T11:04:15.465+0000] {logging_mixin.py:150} INFO - [2023-08-10T11:04:15.465+0000] {dag.py:2742} INFO - Sync 1 DAGs
[2023-08-10T11:04:15.481+0000] {logging_mixin.py:150} INFO - [2023-08-10T11:04:15.481+0000] {dag.py:3508} INFO - Setting next_dagrun for example to 2023-08-06T18:00:00+00:00, run_after=2023-08-06T18:30:00+00:00
[2023-08-10T11:04:15.490+0000] {processor.py:179} INFO - Processing /opt/airflow/dags/example.py took 0.064 seconds
[2023-08-10T11:04:45.593+0000] {processor.py:157} INFO - Started process (PID=326) to work on /opt/airflow/dags/example.py
[2023-08-10T11:04:45.594+0000] {processor.py:826} INFO - Processing file /opt/airflow/dags/example.py for tasks to queue
[2023-08-10T11:04:45.595+0000] {logging_mixin.py:150} INFO - [2023-08-10T11:04:45.595+0000] {dagbag.py:541} INFO - Filling up the DagBag from /opt/airflow/dags/example.py
[2023-08-10T11:04:45.605+0000] {processor.py:836} INFO - DAG(s) dict_keys(['example']) retrieved from /opt/airflow/dags/example.py
[2023-08-10T11:04:45.623+0000] {logging_mixin.py:150} INFO - [2023-08-10T11:04:45.623+0000] {dag.py:2742} INFO - Sync 1 DAGs
[2023-08-10T11:04:45.638+0000] {logging_mixin.py:150} INFO - [2023-08-10T11:04:45.638+0000] {dag.py:3508} INFO - Setting next_dagrun for example to 2023-08-06T18:00:00+00:00, run_after=2023-08-06T18:30:00+00:00
[2023-08-10T11:04:45.649+0000] {processor.py:179} INFO - Processing /opt/airflow/dags/example.py took 0.060 seconds
